[2024-12-20 14:15:46.366] [info]  (SqliteServer) Child process running on 36703
[2024-12-20 14:15:46.522] [info]  (SqliteServer)         stdout: 14:15:46.516 › Websocket listening on 36703...

[2024-12-20 14:15:46.523] [info]  (SqliteServer)         stdout: 14:15:46.519 › Setting up up server listeners with auth (402602)...
14:15:46.520             › Server up and running

[2024-12-20 14:15:47.764] [info]  (SqliteServer)         stdout: 14:15:47.763             › Listening to 1 MessagePort(s) for renderer 5 (https://www.notion.so/quick-search)

[2024-12-20 14:15:59.690] [info]  (SqliteServer)         stdout: 14:15:59.689             › Listening to 1 MessagePort(s) for renderer 1 (https://www.notion.so/)

[2024-12-20 14:16:01.469] [info]  (SqliteServer)         stdout: 14:16:01.468             › Listening to 1 MessagePort(s) for renderer 7 (https://www.notion.so/blank)

[2024-12-25 23:21:43.991] [info]  (SqliteServer) Child process running on 46635
[2024-12-25 23:21:44.143] [info]  (SqliteServer)         stdout: 23:21:44.136 › Websocket listening on 46635...

[2024-12-25 23:21:44.144] [info]  (SqliteServer)         stdout: 23:21:44.139 › Setting up up server listeners with auth (ba043c)...
23:21:44.140             › Server up and running

[2024-12-25 23:21:44.685] [info]  (SqliteServer)         stdout: 23:21:44.684             › Listening to 1 MessagePort(s) for renderer 1 (https://www.notion.so/?pvs=3)

[2024-12-25 23:21:45.141] [info]  (SqliteServer)         stdout: 23:21:45.140             › Listening to 1 MessagePort(s) for renderer 5 (https://www.notion.so/quick-search)

[2024-12-25 23:21:54.635] [info]  (SqliteServer)         stdout: 23:21:54.634             › Listening to 1 MessagePort(s) for renderer 7 (https://www.notion.so/blank)

[2024-12-25 23:21:58.243] [info]  (SqliteServer)         stdout: 23:21:58.242             › Listening to 1 MessagePort(s) for renderer 1 (https://www.notion.so/oauth2callback?state=eyJjYWxsYmFja1R5cGUiOiJuYXRpdmVyZWRpcmVjdCIsImVuY3J5cHRlZFRva2VuIjoidjAyOmxvZ2luX3dpdGhfZ29vZ2xlOl92N1NQZUFsWmxGTmg0bTN6M0w2UXRHZDNBTlg0Nzc3ZkJGelJkTVZHdjIxZTJVaGlXWXZzb05Ea2g0dEVwUUdNdGRuNl9sNElGZ1ItUDN1ajQ5RjY4N3F3MFBJVzdKeWdaVlBydEV3emgtRnlGT083ZzR0dFc4enoyUmlSVEdtOHlrRCJ9&code=4%2F0AanRRrsvRZ6Jz0fwn4DbzfMpJzdYWc9O7RywrUE6VqaB85c1C4JJZnzUVIBKVZa5s963PQ&scope=email%20profile%20openid%20https%3A%2F%2Fwww.googleapis.com%2Fauth%2Fuserinfo.profile%20https%3A%2F%2Fwww.googleapis.com%2Fauth%2Fuserinfo.email&authuser=0&prompt=none&di=)

[2024-12-25 23:22:00.428] [info]  (SqliteServer)         stdout: 23:22:00.427             › Listening to 1 MessagePort(s) for renderer 5 (https://www.notion.so/quick-search)

[2024-12-25 23:22:32.523] [info]  (SqliteServer)         stdout: 23:22:32.522             › Listening to 1 MessagePort(s) for renderer 5 (https://www.notion.so/quick-search)

[2024-12-25 23:22:32.899] [info]  (SqliteServer)         stdout: 23:22:32.898             › Listening to 1 MessagePort(s) for renderer 1 (https://www.notion.so/Task-Manger-10e56480d76480bf9c76cff8e6adcfa2)

[2024-12-25 23:22:33.469] [info]  (SqliteServer)         stdout: 23:22:33.467             › Listening to 1 MessagePort(s) for renderer 7 (https://www.notion.so/blank)

[2024-12-26 01:10:15.042] [info]  (SqliteServer)         Killing child process
[2024-12-26 02:13:15.945] [info]  (SqliteServer) Child process running on 44113
[2024-12-26 02:13:16.104] [info]  (SqliteServer)         stdout: 02:13:16.098 › Websocket listening on 44113...

[2024-12-26 02:13:16.105] [info]  (SqliteServer)         stdout: 02:13:16.102 › Setting up up server listeners with auth (5221f2)...
02:13:16.102             › Server up and running

[2024-12-26 02:13:16.971] [info]  (SqliteServer)         stdout: 02:13:16.970             › Listening to 1 MessagePort(s) for renderer 5 (https://www.notion.so/quick-search)

[2024-12-26 02:13:16.977] [info]  (SqliteServer)         stdout: 02:13:16.977             › Listening to 1 MessagePort(s) for renderer 1 (https://www.notion.so/Task-Manger-10e56480d76480bf9c76cff8e6adcfa2?pvs=3)

[2024-12-26 02:13:26.637] [info]  (SqliteServer)         stdout: 02:13:26.636             › Listening to 1 MessagePort(s) for renderer 7 (https://www.notion.so/blank)

[2024-12-26 16:48:49.632] [info]  (SqliteServer) Child process running on 35001
[2024-12-26 16:48:49.789] [info]  (SqliteServer)         stdout: 16:48:49.783 › Websocket listening on 35001...

[2024-12-26 16:48:49.790] [info]  (SqliteServer)         stdout: 16:48:49.788 › Setting up up server listeners with auth (1ca450)...
16:48:49.788             › Server up and running

[2024-12-26 16:48:50.577] [info]  (SqliteServer)         stdout: 16:48:50.577             › Listening to 1 MessagePort(s) for renderer 5 (https://www.notion.so/quick-search)

[2024-12-26 16:48:50.585] [info]  (SqliteServer)         stdout: 16:48:50.584             › Listening to 1 MessagePort(s) for renderer 1 (https://www.notion.so/Dashboard-10e56480d764802c8972f4c2540da098?pvs=3)

[2024-12-26 16:49:00.703] [info]  (SqliteServer)         stdout: 16:49:00.702             › Listening to 1 MessagePort(s) for renderer 7 (https://www.notion.so/blank)

[2024-12-26 16:53:09.294] [info]  (SqliteServer)         Killing child process
[2024-12-26 23:12:40.561] [info]  (SqliteServer) Child process running on 39641
[2024-12-26 23:12:40.746] [info]  (SqliteServer)         stdout: 23:12:40.734 › Websocket listening on 39641...

[2024-12-26 23:12:40.749] [info]  (SqliteServer)         stdout: 23:12:40.741 › Setting up up server listeners with auth (c54076)...
23:12:40.742             › Server up and running

[2024-12-26 23:12:41.674] [info]  (SqliteServer)         stdout: 23:12:41.673             › Listening to 1 MessagePort(s) for renderer 1 (https://www.notion.so/Linux-CMD-13c56480d76480b7836ef6591f19b41b?p=16656480d76480d79848db70bca9fe36&pm=s&pvs=3)

[2024-12-26 23:12:41.676] [info]  (SqliteServer)         stdout: 23:12:41.673             › Listening to 1 MessagePort(s) for renderer 5 (https://www.notion.so/quick-search)

[2024-12-26 23:12:51.184] [info]  (SqliteServer)         stdout: 23:12:51.183             › Listening to 1 MessagePort(s) for renderer 7 (https://www.notion.so/blank)

[2024-12-26 23:19:04.277] [info]  (SqliteServer)         Killing child process
[2024-12-27 13:23:00.442] [info]  (SqliteServer) Child process running on 37133
[2024-12-27 13:23:00.833] [info]  (SqliteServer)         stdout: 13:23:00.817 › Websocket listening on 37133...

[2024-12-27 13:23:00.836] [info]  (SqliteServer)         stdout: 13:23:00.828 › Setting up up server listeners with auth (c61cda)...
13:23:00.829             › Server up and running

[2024-12-27 13:23:01.700] [info]  (SqliteServer)         stdout: 13:23:01.697             › Listening to 1 MessagePort(s) for renderer 5 (https://www.notion.so/quick-search)

[2024-12-27 13:23:01.867] [info]  (SqliteServer)         stdout: 13:23:01.865             › Listening to 1 MessagePort(s) for renderer 1 (https://www.notion.so/Linux-CMD-13c56480d76480b7836ef6591f19b41b?p=16656480d76480d79848db70bca9fe36&pm=s&pvs=3)

[2024-12-27 13:23:11.429] [info]  (SqliteServer)         stdout: 13:23:11.428             › Listening to 1 MessagePort(s) for renderer 7 (https://www.notion.so/blank)

[2024-12-27 13:29:50.369] [info]  (SqliteServer)         Killing child process
[2024-12-27 12:05:17.273] [info]  (SqliteServer) Child process running on 37743
[2024-12-27 12:05:17.426] [info]  (SqliteServer)         stdout: 12:05:17.418 › Websocket listening on 37743...

[2024-12-27 12:05:17.427] [info]  (SqliteServer)         stdout: 12:05:17.421 › Setting up up server listeners with auth (efee6c)...
12:05:17.422             › Server up and running

[2024-12-27 12:05:18.077] [info]  (SqliteServer)         stdout: 12:05:18.077             › Listening to 1 MessagePort(s) for renderer 1 (https://www.notion.so/Linux-CMD-13c56480d76480b7836ef6591f19b41b?p=16656480d76480d79848db70bca9fe36&pm=s&pvs=3)

[2024-12-27 12:05:18.123] [info]  (SqliteServer)         stdout: 12:05:18.122             › Listening to 1 MessagePort(s) for renderer 5 (https://www.notion.so/quick-search)

[2024-12-27 12:05:27.896] [info]  (SqliteServer)         stdout: 12:05:27.895             › Listening to 1 MessagePort(s) for renderer 7 (https://www.notion.so/blank)

[2024-12-27 12:12:18.890] [info]  (SqliteServer)         Killing child process
[2024-12-27 12:29:04.091] [info]  (SqliteServer) Child process running on 46497
[2024-12-27 12:29:04.239] [info]  (SqliteServer)         stdout: 12:29:04.231 › Websocket listening on 46497...

[2024-12-27 12:29:04.240] [info]  (SqliteServer)         stdout: 12:29:04.235 › Setting up up server listeners with auth (e57ac2)...
12:29:04.235             › Server up and running

[2024-12-27 12:29:07.036] [info]  (SqliteServer)         stdout: 12:29:07.035             › Listening to 1 MessagePort(s) for renderer 5 (https://www.notion.so/quick-search)

[2024-12-27 12:29:07.044] [info]  (SqliteServer)         stdout: 12:29:07.043             › Listening to 1 MessagePort(s) for renderer 1 (https://www.notion.so/Linux-CMD-13c56480d76480b7836ef6591f19b41b?p=16956480d7648085b2bfc47f3db8bafc&pm=s&pvs=3)

[2024-12-27 12:29:14.816] [info]  (SqliteServer)         stdout: 12:29:14.816             › Listening to 1 MessagePort(s) for renderer 7 (https://www.notion.so/blank)

[2024-12-27 12:51:38.606] [info]  (SqliteServer)         Killing child process
[2024-12-28 08:23:12.746] [info]  (SqliteServer) Child process running on 44731
[2024-12-28 08:23:12.935] [info]  (SqliteServer)         stdout: 08:23:12.925 › Websocket listening on 44731...

[2024-12-28 08:23:12.938] [info]  (SqliteServer)         stdout: 08:23:12.929 › Setting up up server listeners with auth (da351f)...
08:23:12.931             › Server up and running

[2024-12-28 08:23:13.622] [info]  (SqliteServer)         stdout: 08:23:13.621             › Listening to 1 MessagePort(s) for renderer 5 (https://www.notion.so/quick-search)

[2024-12-28 08:23:13.740] [info]  (SqliteServer)         stdout: 08:23:13.739             › Listening to 1 MessagePort(s) for renderer 1 (https://www.notion.so/Linux-CMD-13c56480d76480b7836ef6591f19b41b?pvs=3)

[2024-12-28 08:23:23.489] [info]  (SqliteServer)         stdout: 08:23:23.488             › Listening to 1 MessagePort(s) for renderer 7 (https://www.notion.so/blank)

[2024-12-28 08:30:33.537] [info]  (SqliteServer)         Killing child process
[2024-12-28 12:46:30.607] [info]  (SqliteServer) Child process running on 38467
[2024-12-28 12:46:30.761] [info]  (SqliteServer)         stdout: 12:46:30.755 › Websocket listening on 38467...

[2024-12-28 12:46:30.762] [info]  (SqliteServer)         stdout: 12:46:30.758 › Setting up up server listeners with auth (533674)...
12:46:30.759             › Server up and running

[2024-12-28 12:46:31.385] [info]  (SqliteServer)         stdout: 12:46:31.383             › Listening to 1 MessagePort(s) for renderer 5 (https://www.notion.so/quick-search)

[2024-12-28 12:46:31.459] [info]  (SqliteServer)         stdout: 12:46:31.459             › Listening to 1 MessagePort(s) for renderer 1 (https://www.notion.so/Linux-CMD-13c56480d76480b7836ef6591f19b41b?p=16956480d7648085b2bfc47f3db8bafc&pm=s&pvs=3)

[2024-12-28 12:46:41.252] [info]  (SqliteServer)         stdout: 12:46:41.251             › Listening to 1 MessagePort(s) for renderer 7 (https://www.notion.so/blank)

[2024-12-28 13:12:41.569] [info]  (SqliteServer)         Killing child process
[2024-12-28 14:15:13.520] [info]  (SqliteServer) Child process running on 36135
[2024-12-28 14:15:13.699] [info]  (SqliteServer)         stdout: 14:15:13.690 › Websocket listening on 36135...

[2024-12-28 14:15:13.700] [info]  (SqliteServer)         stdout: 14:15:13.693 › Setting up up server listeners with auth (19e8b9)...
14:15:13.694             › Server up and running

[2024-12-28 14:15:14.380] [info]  (SqliteServer)         stdout: 14:15:14.379             › Listening to 1 MessagePort(s) for renderer 1 (https://www.notion.so/16a56480d76480748c2fee112ea05874?showMoveTo=true&saveParent=true&pvs=3)

[2024-12-28 14:15:14.390] [info]  (SqliteServer)         stdout: 14:15:14.388             › Listening to 1 MessagePort(s) for renderer 5 (https://www.notion.so/quick-search)

[2024-12-28 14:15:24.189] [info]  (SqliteServer)         stdout: 14:15:24.189             › Listening to 1 MessagePort(s) for renderer 7 (https://www.notion.so/blank)

[2024-12-28 15:21:06.168] [info]  (SqliteServer)         stdout: 15:21:06.167             › Listening to 1 MessagePort(s) for renderer 8 (https://www.notion.so/blank)

[2024-12-28 15:21:06.488] [info]  (SqliteServer)         stdout: 15:21:06.487             › Listening to 1 MessagePort(s) for renderer 9 (https://www.notion.so/To-add-multifunction-16656480d76480d3b282c52b3a8002c8?pvs=25)

[2024-12-28 15:21:08.588] [info]  (SqliteServer)         stdout: 15:21:08.587             › Listening to 1 MessagePort(s) for renderer 10 (https://www.notion.so/blank)

[2024-12-30 17:19:00.929] [info]  (SqliteServer) Child process running on 35695
[2024-12-30 17:19:01.088] [info]  (SqliteServer)         stdout: 17:19:01.081 › Websocket listening on 35695...

[2024-12-30 17:19:01.089] [info]  (SqliteServer)         stdout: 17:19:01.085 › Setting up up server listeners with auth (9e84f0)...
17:19:01.086             › Server up and running

[2024-12-30 17:19:01.906] [info]  (SqliteServer)         stdout: 17:19:01.902             › Listening to 1 MessagePort(s) for renderer 8 (https://www.notion.so/quick-search)

[2024-12-30 17:19:01.912] [info]  (SqliteServer)         stdout: 17:19:01.911             › Listening to 1 MessagePort(s) for renderer 1 (https://www.notion.so/Linux-CMD-13c56480d76480b7836ef6591f19b41b?p=16656480d76480d79848db70bca9fe36&pm=s&pvs=3)

[2024-12-30 17:19:01.948] [info]  (SqliteServer)         stdout: 17:19:01.947             › Listening to 1 MessagePort(s) for renderer 4 (https://www.notion.so/Drivers-16956480d7648085b2bfc47f3db8bafc?pvs=3)

[2024-12-30 17:19:02.307] [info]  (SqliteServer)         stdout: 17:19:02.306             › Listening to 1 MessagePort(s) for renderer 5 (https://www.notion.so/To-add-multifunction-16656480d76480d3b282c52b3a8002c8?pvs=3)

[2024-12-30 17:19:04.003] [info]  (SqliteServer)         stdout: 17:19:04.002             › Listening to 1 MessagePort(s) for renderer 6 (https://www.notion.so/Drivers-16956480d7648085b2bfc47f3db8bafc?pvs=3)

[2024-12-30 17:19:11.553] [info]  (SqliteServer)         stdout: 17:19:11.552             › Listening to 1 MessagePort(s) for renderer 10 (https://www.notion.so/blank)

[2024-12-30 17:22:53.682] [info]  (SqliteServer)         Killing child process
[2024-12-31 20:52:27.139] [info]  (SqliteServer) Child process running on 39591
[2024-12-31 20:52:27.299] [info]  (SqliteServer)         stdout: 20:52:27.291 › Websocket listening on 39591...

[2024-12-31 20:52:27.300] [info]  (SqliteServer)         stdout: 20:52:27.294 › Setting up up server listeners with auth (083baa)...
20:52:27.295             › Server up and running

[2024-12-31 20:52:31.224] [info]  (SqliteServer)         stdout: 20:52:31.222             › Listening to 1 MessagePort(s) for renderer 8 (https://www.notion.so/quick-search)

[2024-12-31 20:52:31.250] [info]  (SqliteServer)         stdout: 20:52:31.248             › Listening to 1 MessagePort(s) for renderer 1 (https://www.notion.so/Linux-CMD-13c56480d76480b7836ef6591f19b41b?p=16656480d76480d79848db70bca9fe36&pm=s&pvs=3)

[2024-12-31 20:52:31.320] [info]  (SqliteServer)         stdout: 20:52:31.319             › Listening to 1 MessagePort(s) for renderer 4 (https://www.notion.so/Drivers-16956480d7648085b2bfc47f3db8bafc?pvs=3)

[2024-12-31 20:52:31.342] [info]  (SqliteServer)         stdout: 20:52:31.341             › Listening to 1 MessagePort(s) for renderer 5 (https://www.notion.so/To-add-multifunction-16656480d76480d3b282c52b3a8002c8?pvs=3)

[2024-12-31 20:52:31.649] [info]  (SqliteServer)         stdout: 20:52:31.648             › Listening to 1 MessagePort(s) for renderer 6 (https://www.notion.so/Drivers-16956480d7648085b2bfc47f3db8bafc?pvs=3)

[2024-12-31 20:52:37.782] [info]  (SqliteServer)         stdout: 20:52:37.781             › Listening to 1 MessagePort(s) for renderer 10 (https://www.notion.so/blank)

[2025-01-01 19:43:35.994] [info]  (SqliteServer) Child process running on 39465
[2025-01-01 19:43:36.147] [info]  (SqliteServer)         stdout: 19:43:36.139 › Websocket listening on 39465...

[2025-01-01 19:43:36.148] [info]  (SqliteServer)         stdout: 19:43:36.143 › Setting up up server listeners with auth (871786)...
19:43:36.144             › Server up and running

[2025-01-01 19:43:36.961] [info]  (SqliteServer)         stdout: 19:43:36.960             › Listening to 1 MessagePort(s) for renderer 1 (https://www.notion.so/Linux-CMD-13c56480d76480b7836ef6591f19b41b?p=16656480d76480d79848db70bca9fe36&pm=s&pvs=3)

[2025-01-01 19:43:36.968] [info]  (SqliteServer)         stdout: 19:43:36.967             › Listening to 1 MessagePort(s) for renderer 8 (https://www.notion.so/quick-search)

[2025-01-01 19:43:36.978] [info]  (SqliteServer)         stdout: 19:43:36.977             › Listening to 1 MessagePort(s) for renderer 4 (https://www.notion.so/Drivers-16956480d7648085b2bfc47f3db8bafc?pvs=3)

[2025-01-01 19:43:36.997] [info]  (SqliteServer)         stdout: 19:43:36.996             › Listening to 1 MessagePort(s) for renderer 5 (https://www.notion.so/To-add-multifunction-16656480d76480d3b282c52b3a8002c8?pvs=3)

[2025-01-01 19:43:38.934] [info]  (SqliteServer)         stdout: 19:43:38.933             › Listening to 1 MessagePort(s) for renderer 6 (https://www.notion.so/Drivers-16956480d7648085b2bfc47f3db8bafc?pvs=3)

[2025-01-01 19:43:46.653] [info]  (SqliteServer)         stdout: 19:43:46.652             › Listening to 1 MessagePort(s) for renderer 10 (https://www.notion.so/blank)

[2025-01-01 20:10:15.500] [info]  (SqliteServer)         Killing child process
[2025-01-03 22:11:56.201] [info]  (SqliteServer) Child process running on 43545
[2025-01-03 22:11:56.361] [info]  (SqliteServer)         stdout: 22:11:56.351 › Websocket listening on 43545...
22:11:56.355 › Setting up up server listeners with auth (f6e878)...
22:11:56.356             › Server up and running

[2025-01-03 22:11:57.515] [info]  (SqliteServer)         stdout: 22:11:57.512             › Listening to 1 MessagePort(s) for renderer 5 (https://www.notion.so/To-add-multifunction-16656480d76480d3b282c52b3a8002c8?pvs=3)

[2025-01-03 22:11:57.519] [info]  (SqliteServer)         stdout: 22:11:57.513             › Listening to 1 MessagePort(s) for renderer 1 (https://www.notion.so/Linux-CMD-13c56480d76480b7836ef6591f19b41b?p=16956480d7648085b2bfc47f3db8bafc&pm=s&pvs=3)

[2025-01-03 22:11:57.522] [info]  (SqliteServer)         stdout: 22:11:57.518             › Listening to 1 MessagePort(s) for renderer 8 (https://www.notion.so/quick-search)
22:11:57.521             › Listening to 1 MessagePort(s) for renderer 4 (https://www.notion.so/Drivers-16956480d7648085b2bfc47f3db8bafc?pvs=3)

[2025-01-03 22:11:57.879] [info]  (SqliteServer)         stdout: 22:11:57.878             › Listening to 1 MessagePort(s) for renderer 6 (https://www.notion.so/Drivers-16956480d7648085b2bfc47f3db8bafc?pvs=3)

[2025-01-03 22:12:06.985] [info]  (SqliteServer)         stdout: 22:12:06.984             › Listening to 1 MessagePort(s) for renderer 10 (https://www.notion.so/blank)

[2025-01-03 22:12:13.426] [info]  (SqliteServer)         Killing child process
[2025-01-03 23:04:36.691] [info]  (SqliteServer) Child process running on 35135
[2025-01-03 23:04:36.843] [info]  (SqliteServer)         stdout: 23:04:36.837 › Websocket listening on 35135...

[2025-01-03 23:04:36.844] [info]  (SqliteServer)         stdout: 23:04:36.842 › Setting up up server listeners with auth (688879)...
23:04:36.842             › Server up and running

[2025-01-03 23:04:37.859] [info]  (SqliteServer)         stdout: 23:04:37.858             › Listening to 1 MessagePort(s) for renderer 1 (https://www.notion.so/Linux-CMD-13c56480d76480b7836ef6591f19b41b?p=16956480d7648085b2bfc47f3db8bafc&pm=s&pvs=3)

[2025-01-03 23:04:37.931] [info]  (SqliteServer)         stdout: 23:04:37.930             › Listening to 1 MessagePort(s) for renderer 8 (https://www.notion.so/quick-search)

[2025-01-03 23:04:37.936] [info]  (SqliteServer)         stdout: 23:04:37.936             › Listening to 1 MessagePort(s) for renderer 4 (https://www.notion.so/Drivers-16956480d7648085b2bfc47f3db8bafc?pvs=3)

[2025-01-03 23:04:37.978] [info]  (SqliteServer)         stdout: 23:04:37.977             › Listening to 1 MessagePort(s) for renderer 5 (https://www.notion.so/To-add-multifunction-16656480d76480d3b282c52b3a8002c8?pvs=3)

[2025-01-03 23:04:40.084] [info]  (SqliteServer)         stdout: 23:04:40.084             › Listening to 1 MessagePort(s) for renderer 6 (https://www.notion.so/Drivers-16956480d7648085b2bfc47f3db8bafc?pvs=3)

[2025-01-03 23:04:47.555] [info]  (SqliteServer)         stdout: 23:04:47.554             › Listening to 1 MessagePort(s) for renderer 10 (https://www.notion.so/blank)

[2025-01-03 23:07:45.307] [info]  (SqliteServer)         Killing child process
[2025-01-03 23:29:57.731] [info]  (SqliteServer) Child process running on 34437
[2025-01-03 23:29:58.120] [info]  (SqliteServer)         stdout: 23:29:58.099 › Websocket listening on 34437...

[2025-01-03 23:29:58.123] [info]  (SqliteServer)         stdout: 23:29:58.110 › Setting up up server listeners with auth (93adc8)...
23:29:58.111             › Server up and running

[2025-01-03 23:29:59.328] [info]  (SqliteServer)         stdout: 23:29:59.323             › Listening to 1 MessagePort(s) for renderer 8 (https://www.notion.so/quick-search)

[2025-01-03 23:29:59.998] [info]  (SqliteServer)         stdout: 23:29:59.996             › Listening to 1 MessagePort(s) for renderer 1 (https://www.notion.so/Linux-CMD-13c56480d76480b7836ef6591f19b41b?p=16956480d7648085b2bfc47f3db8bafc&pm=s&pvs=3)

[2025-01-03 23:30:00.177] [info]  (SqliteServer)         stdout: 23:30:00.174             › Listening to 1 MessagePort(s) for renderer 5 (https://www.notion.so/To-add-multifunction-16656480d76480d3b282c52b3a8002c8?pvs=3)

[2025-01-03 23:30:00.728] [info]  (SqliteServer)         stdout: 23:30:00.727             › Listening to 1 MessagePort(s) for renderer 4 (https://www.notion.so/Drivers-16956480d7648085b2bfc47f3db8bafc?pvs=3)

[2025-01-03 23:30:01.028] [info]  (SqliteServer)         stdout: 23:30:01.025             › Listening to 1 MessagePort(s) for renderer 6 (https://www.notion.so/Drivers-16956480d7648085b2bfc47f3db8bafc?pvs=3)

[2025-01-03 23:30:09.684] [info]  (SqliteServer)         stdout: 23:30:09.682             › Listening to 1 MessagePort(s) for renderer 10 (https://www.notion.so/blank)

[2025-01-03 23:32:23.241] [info]  (SqliteServer)         Killing child process
[2025-01-04 03:11:21.824] [info]  (SqliteServer) Child process running on 33327
[2025-01-04 03:11:22.229] [info]  (SqliteServer)         stdout: 03:11:22.200 › Websocket listening on 33327...

[2025-01-04 03:11:22.237] [info]  (SqliteServer)         stdout: 03:11:22.214 › Setting up up server listeners with auth (4f5e97)...
03:11:22.215             › Server up and running

[2025-01-04 03:11:23.872] [info]  (SqliteServer)         stdout: 03:11:23.870             › Listening to 1 MessagePort(s) for renderer 8 (https://www.notion.so/quick-search)

[2025-01-04 03:11:23.888] [info]  (SqliteServer)         stdout: 03:11:23.883             › Listening to 1 MessagePort(s) for renderer 1 (https://www.notion.so/Linux-CMD-13c56480d76480b7836ef6591f19b41b?p=16956480d7648085b2bfc47f3db8bafc&pm=s&pvs=3)

[2025-01-04 03:11:24.274] [info]  (SqliteServer)         stdout: 03:11:24.273             › Listening to 1 MessagePort(s) for renderer 6 (https://www.notion.so/Drivers-16956480d7648085b2bfc47f3db8bafc?pvs=3)

[2025-01-04 03:11:24.298] [info]  (SqliteServer)         stdout: 03:11:24.297             › Listening to 1 MessagePort(s) for renderer 5 (https://www.notion.so/To-add-multifunction-16656480d76480d3b282c52b3a8002c8?pvs=3)

[2025-01-04 03:11:24.686] [info]  (SqliteServer)         stdout: 03:11:24.685             › Listening to 1 MessagePort(s) for renderer 4 (https://www.notion.so/Drivers-16956480d7648085b2bfc47f3db8bafc?pvs=3)

[2025-01-04 03:11:34.059] [info]  (SqliteServer)         stdout: 03:11:34.055             › Listening to 1 MessagePort(s) for renderer 10 (https://www.notion.so/blank)

