2025-01-05 00:52:32.652 [info] Reading sessions from keychain...
2025-01-05 00:52:32.652 [info] Getting sessions for all scopes...
2025-01-05 00:52:32.652 [info] Getting sessions for all scopes...
2025-01-05 00:52:32.652 [info] Got 0 sessions for ...
2025-01-05 00:52:32.652 [info] Got 0 sessions for ...
2025-01-05 00:52:32.712 [info] Getting sessions for all scopes...
2025-01-05 00:52:32.712 [info] Got 0 sessions for ...
2025-01-05 00:52:32.713 [info] Getting sessions for all scopes...
2025-01-05 00:52:32.713 [info] Got 0 sessions for ...
2025-01-05 00:52:32.714 [info] Getting sessions for all scopes...
2025-01-05 00:52:32.714 [info] Got 0 sessions for ...
2025-01-05 00:52:32.714 [info] Getting sessions for all scopes...
2025-01-05 00:52:32.714 [info] Got 0 sessions for ...
2025-01-05 00:52:32.715 [info] Getting sessions for all scopes...
2025-01-05 00:52:32.715 [info] Got 0 sessions for ...
2025-01-05 00:52:33.791 [info] Getting sessions for all scopes...
2025-01-05 00:52:33.791 [info] Got 0 sessions for ...
2025-01-05 00:53:38.594 [info] Getting sessions for user:email...
2025-01-05 00:53:38.594 [info] Got 0 sessions for user:email...
2025-01-05 00:53:41.825 [info] Logging in with 'any' account...
2025-01-05 00:53:41.825 [info] Logging in for the following scopes: user:email
2025-01-05 00:53:41.869 [info] Trying without local server... (user:email)
2025-01-05 00:53:57.543 [info] Exchanging code for token...
2025-01-05 00:53:57.940 [info] Token exchange success!
2025-01-05 00:53:57.942 [info] Getting user info...
2025-01-05 00:53:58.352 [info] Got account info!
2025-01-05 00:53:58.353 [info] Storing 1 sessions...
2025-01-05 00:54:05.013 [info] Reading sessions from keychain...
2025-01-05 00:54:05.013 [info] Stored 1 sessions!
2025-01-05 00:54:05.013 [info] Login success!
2025-01-05 00:54:05.108 [info] Getting sessions for all scopes...
2025-01-05 00:54:05.109 [info] Got stored sessions!
2025-01-05 00:54:05.109 [info] Got 1 verified sessions.
2025-01-05 00:54:05.109 [info] Got 1 sessions for ...
2025-01-05 00:55:42.554 [info] Getting sessions for read:org,user:email...
2025-01-05 00:55:42.554 [info] Got 0 sessions for read:org,user:email...
2025-01-05 00:55:42.559 [info] Getting sessions for read:org,user:email...
2025-01-05 00:55:42.559 [info] Got 0 sessions for read:org,user:email...
2025-01-05 00:55:44.795 [info] Logging in with 'any' account...
2025-01-05 00:55:44.795 [info] Logging in for the following scopes: read:org user:email
2025-01-05 00:55:44.801 [info] Trying without local server... (read:org user:email)
2025-01-05 00:56:07.839 [error] User Cancelled
2025-01-05 00:56:09.905 [info] Trying with local server... (read:org user:email)
2025-01-05 00:56:52.308 [info] Getting sessions for codespace,read:user,repo,user:email...
2025-01-05 00:56:52.308 [info] Got 0 sessions for codespace,read:user,repo,user:email...
2025-01-05 00:56:52.363 [info] Getting sessions for codespace,read:user,repo,user:email...
2025-01-05 00:56:52.363 [info] Got 0 sessions for codespace,read:user,repo,user:email...
2025-01-05 00:56:52.742 [info] Getting sessions for codespace,read:user,repo,user:email...
2025-01-05 00:56:52.742 [info] Got 0 sessions for codespace,read:user,repo,user:email...
2025-01-05 00:56:59.003 [info] Logging in with 'any' account...
2025-01-05 00:56:59.003 [info] Logging in for the following scopes: codespace read:user repo user:email
2025-01-05 00:56:59.005 [info] Trying without local server... (codespace read:user repo user:email)
2025-01-05 00:57:11.127 [info] Exchanging code for token...
2025-01-05 00:57:11.526 [info] Token exchange success!
2025-01-05 00:57:11.527 [info] Getting user info...
2025-01-05 00:57:11.915 [info] Got account info!
2025-01-05 00:57:11.916 [info] Storing 2 sessions...
2025-01-05 00:57:11.920 [info] Reading sessions from keychain...
2025-01-05 00:57:11.920 [info] Stored 2 sessions!
2025-01-05 00:57:11.921 [info] Login success!
2025-01-05 00:57:11.922 [info] Getting sessions for all scopes...
2025-01-05 00:57:11.923 [info] Got stored sessions!
2025-01-05 00:57:11.923 [info] Got 2 verified sessions.
2025-01-05 00:57:11.923 [info] Got 2 sessions for ...
2025-01-05 00:57:11.924 [info] Getting sessions for all scopes...
2025-01-05 00:57:11.924 [info] Got 2 sessions for ...
2025-01-05 00:57:15.699 [info] Reading sessions from keychain...
2025-01-05 00:57:15.699 [info] Getting sessions for all scopes...
2025-01-05 00:57:15.699 [info] Getting sessions for all scopes...
2025-01-05 00:57:15.699 [info] Getting sessions for all scopes...
2025-01-05 00:57:15.699 [info] Got stored sessions!
2025-01-05 00:57:15.699 [info] Got 2 verified sessions.
2025-01-05 00:57:15.699 [info] Got 2 sessions for ...
2025-01-05 00:57:15.699 [info] Got 2 sessions for ...
2025-01-05 00:57:15.699 [info] Got 2 sessions for ...
2025-01-05 00:57:15.699 [info] Getting sessions for codespace,read:user,repo,user:email...
2025-01-05 00:57:15.699 [info] Got 1 sessions for codespace,read:user,repo,user:email...
2025-01-05 00:57:16.495 [info] Getting sessions for all scopes...
2025-01-05 00:57:16.495 [info] Got 2 sessions for ...
2025-01-05 01:00:07.743 [info] Getting sessions for all scopes...
2025-01-05 01:00:07.743 [info] Got 2 sessions for ...
2025-01-05 01:00:07.744 [info] Getting sessions for all scopes...
2025-01-05 01:00:07.744 [info] Got 2 sessions for ...
2025-01-05 01:00:07.744 [info] Getting sessions for all scopes...
2025-01-05 01:00:07.744 [info] Got 2 sessions for ...
2025-01-05 01:00:07.745 [info] Getting sessions for all scopes...
2025-01-05 01:00:07.745 [info] Got 2 sessions for ...
2025-01-05 01:00:08.832 [info] Getting sessions for read:org,user:email...
2025-01-05 01:00:08.832 [info] Got 0 sessions for read:org,user:email...
2025-01-05 01:00:09.483 [info] Getting sessions for all scopes...
2025-01-05 01:00:09.483 [info] Got 2 sessions for ...
2025-01-05 01:00:09.500 [info] Getting sessions for user:email...
2025-01-05 01:00:09.500 [info] Got 1 sessions for user:email...
2025-01-05 01:00:09.505 [info] Getting sessions for read:org,user:email...
2025-01-05 01:00:09.505 [info] Got 0 sessions for read:org,user:email...
2025-01-05 01:00:14.443 [info] Getting sessions for read:user,repo,user:email,workflow...
2025-01-05 01:00:14.443 [info] Got 0 sessions for read:user,repo,user:email,workflow...
2025-01-05 01:00:14.450 [info] Getting sessions for project,read:org,read:user,repo,user:email,workflow...
2025-01-05 01:00:14.450 [info] Got 0 sessions for project,read:org,read:user,repo,user:email,workflow...
2025-01-05 01:00:14.569 [info] Getting sessions for read:user,repo,user:email,workflow...
2025-01-05 01:00:14.569 [info] Got 0 sessions for read:user,repo,user:email,workflow...
2025-01-05 01:00:14.642 [info] Getting sessions for read:user,repo,user:email...
2025-01-05 01:00:14.642 [info] Got 0 sessions for read:user,repo,user:email...
2025-01-05 01:00:14.726 [info] Getting sessions for read:user,repo,user:email,workflow...
2025-01-05 01:00:14.726 [info] Got 0 sessions for read:user,repo,user:email,workflow...
2025-01-05 01:03:37.924 [info] Reading sessions from keychain...
2025-01-05 01:03:37.924 [info] Getting sessions for all scopes...
2025-01-05 01:03:37.924 [info] Getting sessions for all scopes...
2025-01-05 01:03:37.924 [info] Getting sessions for all scopes...
2025-01-05 01:03:37.924 [info] Got stored sessions!
2025-01-05 01:03:37.924 [info] Got 2 verified sessions.
2025-01-05 01:03:37.924 [info] Got 2 sessions for ...
2025-01-05 01:03:37.924 [info] Got 2 sessions for ...
2025-01-05 01:03:37.924 [info] Got 2 sessions for ...
2025-01-05 01:03:37.924 [info] Getting sessions for codespace,read:user,repo,user:email...
2025-01-05 01:03:37.924 [info] Got 1 sessions for codespace,read:user,repo,user:email...
2025-01-05 01:03:57.349 [info] Getting sessions for all scopes...
2025-01-05 01:03:57.349 [info] Got 2 sessions for ...
2025-01-05 01:03:57.349 [info] Getting sessions for all scopes...
2025-01-05 01:03:57.349 [info] Got 2 sessions for ...
2025-01-05 01:03:57.349 [info] Getting sessions for all scopes...
2025-01-05 01:03:57.349 [info] Got 2 sessions for ...
2025-01-05 01:03:57.349 [info] Getting sessions for all scopes...
2025-01-05 01:03:57.349 [info] Got 2 sessions for ...
