{"logTime": "1124/153327", "correlationVector":"ZNMx7Ut3GkVKDPkDk4d6hI.5","action":"Commit.Sessions", "result":"Success", "context":{"id":"6a31a413-2c31-4cca-ad31-94a9b509bcd3", "isDeleted":"true", "size":"0", "version":"1732461978557"}}
{"logTime": "1124/153327", "correlationVector":"ZNMx7Ut3GkVKDPkDk4d6hI.6","action":"Commit.Sessions", "result":"Success", "context":{"id":"b1486c8c-b436-4813-a62e-f80deb550303", "isDeleted":"true", "size":"0", "version":"1732461978558"}}
{"logTime": "1124/153327", "correlationVector":"ZNMx7Ut3GkVKDPkDk4d6hI.7","action":"Commit.Sessions", "result":"Success", "context":{"id":"c78d0151-3e80-4947-a848-3a85adaeceb5", "isDeleted":"true", "size":"0", "version":"1732461978559"}}
{"logTime": "1124/153327", "correlationVector":"ZNMx7Ut3GkVKDPkDk4d6hI.8","action":"Commit.Sessions", "result":"Success", "context":{"id":"cac84267-07a9-4fe2-a01f-12897baa374b", "isDeleted":"true", "size":"0", "version":"1732461978560"}}
{"logTime": "1124/153327", "correlationVector":"ZNMx7Ut3GkVKDPkDk4d6hI.9","action":"Commit.Sessions", "result":"Success", "context":{"id":"40b0fc1d-2da6-44b8-a9a7-2f6946bfbce2", "isDeleted":"true", "size":"0", "version":"1732461978563"}}
{"logTime": "1124/153327", "correlationVector":"ZNMx7Ut3GkVKDPkDk4d6hI.10","action":"Commit.Sessions", "result":"Success", "context":{"id":"8e9b369b-fdce-4e9c-9ea8-37830721b210", "isDeleted":"true", "size":"0", "version":"1732461978566"}}
{"logTime": "1124/153327", "correlationVector":"ZNMx7Ut3GkVKDPkDk4d6hI.11","action":"Commit.Sessions", "result":"Success", "context":{"id":"1c5b0cbe-f0da-4292-bcd0-2a0df21215a2", "isDeleted":"true", "size":"0", "version":"1732461978567"}}
{"logTime": "1124/153327", "correlationVector":"ZNMx7Ut3GkVKDPkDk4d6hI.12","action":"Commit.Sessions", "result":"Success", "context":{"id":"fe4c94ae-a011-419a-b497-89f6c921b10c", "isDeleted":"true", "size":"0", "version":"1732461978568"}}
{"logTime": "1124/153327", "correlationVector":"ZNMx7Ut3GkVKDPkDk4d6hI.13","action":"Commit.Sessions", "result":"Success", "context":{"id":"6acdb1b2-d51f-4e8a-ab1d-e983b2b32e95", "isDeleted":"true", "size":"0", "version":"1732455283252"}}
{"logTime": "1124/153327", "correlationVector":"ZNMx7Ut3GkVKDPkDk4d6hI.14","action":"Commit.Sessions", "result":"Success", "context":{"id":"c8fcf68f-8eb2-41b5-a49a-2ff5400fda05", "isDeleted":"true", "size":"0", "version":"1732461978571"}}
{"logTime": "1124/153327", "correlationVector":"ZNMx7Ut3GkVKDPkDk4d6hI.15","action":"Commit.Sessions", "result":"Success", "context":{"id":"2606a33d-3835-453d-a88b-9977a6fed96c", "isDeleted":"true", "size":"0", "version":"1732455283254"}}
{"logTime": "1124/153327", "correlationVector":"ZNMx7Ut3GkVKDPkDk4d6hI.16","action":"Commit.Sessions", "result":"Success", "context":{"id":"0d37121a-a87b-47a4-beb1-cc1c336e96e4", "isDeleted":"true", "size":"0", "version":"1732461980300"}}
{"logTime": "1124/153327", "correlationVector":"ZNMx7Ut3GkVKDPkDk4d6hI.17","action":"Commit.Sessions", "result":"Success", "context":{"id":"d1fd3c02-2b52-41ac-9f32-74ba0ba85246", "isDeleted":"true", "size":"0", "version":"1732461978575"}}
{"logTime": "1124/153327", "correlationVector":"ZNMx7Ut3GkVKDPkDk4d6hI.18","action":"Commit.Sessions", "result":"Success", "context":{"id":"b434da25-1fb7-43de-a978-e34400edc51b", "isDeleted":"true", "size":"0", "version":"1732455283257"}}
{"logTime": "1124/153327", "correlationVector":"ZNMx7Ut3GkVKDPkDk4d6hI.19","action":"Commit.Sessions", "result":"Success", "context":{"id":"dea4ef04-add9-4b9f-87b3-60fd6b7b124b", "isDeleted":"true", "size":"0", "version":"1732455283258"}}
{"logTime": "1124/153327", "correlationVector":"ZNMx7Ut3GkVKDPkDk4d6hI.20","action":"Commit.Sessions", "result":"Success", "context":{"id":"6de07c29-ccae-43b7-b7f1-d50f8d780bc5", "isDeleted":"true", "size":"0", "version":"1732461978577"}}
{"logTime": "1124/153327", "correlationVector":"ZNMx7Ut3GkVKDPkDk4d6hI.21","action":"Commit.Sessions", "result":"Success", "context":{"id":"061e2eea-c76a-4094-afb4-81e0963b69e5", "isDeleted":"true", "size":"0", "version":"1732461978579"}}
{"logTime": "1124/153327", "correlationVector":"ZNMx7Ut3GkVKDPkDk4d6hI.2","action":"Commit Response", "result":"Success", "context":Result: Success. cV=ZNMx7Ut3GkVKDPkDk4d6hI.0;server=GENERAL0100000T;cloudType=Consumer;environment=Prod_SoutheastAsia_000j;migrationStage=NotStarted}
{"logTime": "1124/153328", "correlationVector":"fV6lMq0mPRVAg04rnE++f3","action":"Commit Request", "result":"", "context":Item count: 20
Contributing types: Sessions}
{"logTime": "1124/153329", "correlationVector":"fV6lMq0mPRVAg04rnE++f3.1","action":"SyncServerConnectionManagerRequest", "result":"SYNC_SERVER_OK", "context":{"environment":"Prod_SoutheastAsia_000j", "migrationStage":"NotStarted", "server":"GENERAL0300000E"}}
{"logTime": "1124/153329", "correlationVector":"fV6lMq0mPRVAg04rnE++f3.2","action":"Commit Response", "result":"Success", "context":Result: Success. cV=fV6lMq0mPRVAg04rnE++f3.0;server=GENERAL0300000E;cloudType=Consumer;environment=Prod_SoutheastAsia_000j;migrationStage=NotStarted}
{"logTime": "1124/153428", "correlationVector":"Zzn1FpxD0Dmc05ltI3DSqQ","action":"Commit Request", "result":"", "context":Item count: 4
Contributing types: Sessions}
{"logTime": "1124/153429", "correlationVector":"Zzn1FpxD0Dmc05ltI3DSqQ.1","action":"SyncServerConnectionManagerRequest", "result":"SYNC_SERVER_OK", "context":{"environment":"Prod_SoutheastAsia_000j", "migrationStage":"NotStarted", "server":"GENERAL03000015"}}
{"logTime": "1124/153429", "correlationVector":"Zzn1FpxD0Dmc05ltI3DSqQ.2","action":"Commit Response", "result":"Success", "context":Result: Success. cV=Zzn1FpxD0Dmc05ltI3DSqQ.0;server=GENERAL03000015;cloudType=Consumer;environment=Prod_SoutheastAsia_000j;migrationStage=NotStarted}
{"logTime": "1124/153542", "correlationVector":"VKqd1CjqK3YNRULcNOSuWx","action":"Commit Request", "result":"", "context":Item count: 1
Contributing types: Sessions}
{"logTime": "1124/153542", "correlationVector":"VKqd1CjqK3YNRULcNOSuWx.1","action":"SyncServerConnectionManagerRequest", "result":"SYNC_SERVER_OK", "context":{"environment":"Prod_SoutheastAsia_000j", "migrationStage":"NotStarted", "server":"GENERAL0300002E"}}
{"logTime": "1124/153542", "correlationVector":"VKqd1CjqK3YNRULcNOSuWx.2","action":"Commit Response", "result":"Success", "context":Result: Success. cV=VKqd1CjqK3YNRULcNOSuWx.0;server=GENERAL0300002E;cloudType=Consumer;environment=Prod_SoutheastAsia_000j;migrationStage=NotStarted}
{"logTime": "1124/153753", "correlationVector":"wGjfQETmEHzCnj6WZd6/Fi","action":"Commit Request", "result":"", "context":Item count: 1
Contributing types: Sessions}
{"logTime": "1124/153753", "correlationVector":"wGjfQETmEHzCnj6WZd6/Fi.1","action":"SyncServerConnectionManagerRequest", "result":"SYNC_SERVER_OK", "context":{"environment":"Prod_SoutheastAsia_000j", "migrationStage":"NotStarted", "server":"GENERAL0100000B"}}
{"logTime": "1124/153753", "correlationVector":"wGjfQETmEHzCnj6WZd6/Fi.2","action":"Commit Response", "result":"Success", "context":Result: Success. cV=wGjfQETmEHzCnj6WZd6/Fi.0;server=GENERAL0100000B;cloudType=Consumer;environment=Prod_SoutheastAsia_000j;migrationStage=NotStarted}
{"logTime": "1124/154143", "correlationVector":"vfQYOW/TDT/CQZRnntW8Nw","action":"Commit Request", "result":"", "context":Item count: 1
Contributing types: Sessions}
{"logTime": "1124/154143", "correlationVector":"vfQYOW/TDT/CQZRnntW8Nw.1","action":"SyncServerConnectionManagerRequest", "result":"SYNC_SERVER_OK", "context":{"environment":"Prod_SoutheastAsia_000j", "migrationStage":"NotStarted", "server":"GENERAL01000003"}}
{"logTime": "1124/154143", "correlationVector":"vfQYOW/TDT/CQZRnntW8Nw.2","action":"Commit Response", "result":"Success", "context":Result: Success. cV=vfQYOW/TDT/CQZRnntW8Nw.0;server=GENERAL01000003;cloudType=Consumer;environment=Prod_SoutheastAsia_000j;migrationStage=NotStarted}
{"logTime": "1124/154243", "correlationVector":"W75ZHUnoDXDJpfidcOM1ur","action":"Commit Request", "result":"", "context":Item count: 1
Contributing types: Sessions}
{"logTime": "1124/154244", "correlationVector":"W75ZHUnoDXDJpfidcOM1ur.1","action":"SyncServerConnectionManagerRequest", "result":"SYNC_SERVER_OK", "context":{"environment":"Prod_SoutheastAsia_000j", "migrationStage":"NotStarted", "server":"GENERAL0100000T"}}
{"logTime": "1124/154244", "correlationVector":"W75ZHUnoDXDJpfidcOM1ur.2","action":"Commit Response", "result":"Success", "context":Result: Success. cV=W75ZHUnoDXDJpfidcOM1ur.0;server=GENERAL0100000T;cloudType=Consumer;environment=Prod_SoutheastAsia_000j;migrationStage=NotStarted}
{"logTime": "1124/154717", "correlationVector":"3MnuQ9VwBK/BIxfkgY2EaV","action":"Commit Request", "result":"", "context":Item count: 1
Contributing types: Sessions}
{"logTime": "1124/154718", "correlationVector":"3MnuQ9VwBK/BIxfkgY2EaV.1","action":"SyncServerConnectionManagerRequest", "result":"SYNC_SERVER_OK", "context":{"environment":"Prod_SoutheastAsia_000j", "migrationStage":"NotStarted", "server":"GENERAL01000005"}}
{"logTime": "1124/154718", "correlationVector":"3MnuQ9VwBK/BIxfkgY2EaV.2","action":"Commit Response", "result":"Success", "context":Result: Success. cV=3MnuQ9VwBK/BIxfkgY2EaV.0;server=GENERAL01000005;cloudType=Consumer;environment=Prod_SoutheastAsia_000j;migrationStage=NotStarted}
{"logTime": "1124/154856", "correlationVector":"2stHu1QhZSCpVBkBchI++l","action":"Commit Request", "result":"", "context":Item count: 1
Contributing types: Sessions}
{"logTime": "1124/154857", "correlationVector":"2stHu1QhZSCpVBkBchI++l.1","action":"SyncServerConnectionManagerRequest", "result":"SYNC_SERVER_OK", "context":{"environment":"Prod_SoutheastAsia_000j", "migrationStage":"NotStarted", "server":"GENERAL0300000U"}}
{"logTime": "1124/154857", "correlationVector":"2stHu1QhZSCpVBkBchI++l.2","action":"Commit Response", "result":"Success", "context":Result: Success. cV=2stHu1QhZSCpVBkBchI++l.0;server=GENERAL0300000U;cloudType=Consumer;environment=Prod_SoutheastAsia_000j;migrationStage=NotStarted}
{"logTime": "1124/154957", "correlationVector":"jdMXjDx2oEbYWqWd0RjRO1","action":"Commit Request", "result":"", "context":Item count: 1
Contributing types: Sessions}
{"logTime": "1124/154958", "correlationVector":"jdMXjDx2oEbYWqWd0RjRO1.1","action":"SyncServerConnectionManagerRequest", "result":"SYNC_SERVER_OK", "context":{"environment":"Prod_SoutheastAsia_000j", "migrationStage":"NotStarted", "server":"GENERAL0100001J"}}
{"logTime": "1124/154958", "correlationVector":"jdMXjDx2oEbYWqWd0RjRO1.2","action":"Commit Response", "result":"Success", "context":Result: Success. cV=jdMXjDx2oEbYWqWd0RjRO1.0;server=GENERAL0100001J;cloudType=Consumer;environment=Prod_SoutheastAsia_000j;migrationStage=NotStarted}
{"logTime": "1124/155302", "correlationVector":"fy4dglVosXytHQ9COomNMw","action":"Commit Request", "result":"", "context":Item count: 1
Contributing types: Sessions}
{"logTime": "1124/155302", "correlationVector":"fy4dglVosXytHQ9COomNMw.1","action":"SyncServerConnectionManagerRequest", "result":"SYNC_SERVER_OK", "context":{"environment":"Prod_SoutheastAsia_000j", "migrationStage":"NotStarted", "server":"GENERAL0100000B"}}
{"logTime": "1124/155302", "correlationVector":"fy4dglVosXytHQ9COomNMw.2","action":"Commit Response", "result":"Success", "context":Result: Success. cV=fy4dglVosXytHQ9COomNMw.0;server=GENERAL0100000B;cloudType=Consumer;environment=Prod_SoutheastAsia_000j;migrationStage=NotStarted}
{"logTime": "1124/155735", "correlationVector":"hFWZqlz3bB6/tunyqP8Prv","action":"Commit Request", "result":"", "context":Item count: 1
Contributing types: Sessions}
{"logTime": "1124/155736", "correlationVector":"hFWZqlz3bB6/tunyqP8Prv.1","action":"SyncServerConnectionManagerRequest", "result":"SYNC_SERVER_OK", "context":{"environment":"Prod_SoutheastAsia_000j", "migrationStage":"NotStarted", "server":"GENERAL0300000A"}}
{"logTime": "1124/155736", "correlationVector":"hFWZqlz3bB6/tunyqP8Prv.2","action":"Commit Response", "result":"Success", "context":Result: Success. cV=hFWZqlz3bB6/tunyqP8Prv.0;server=GENERAL0300000A;cloudType=Consumer;environment=Prod_SoutheastAsia_000j;migrationStage=NotStarted}
{"logTime": "1124/161108", "correlationVector":"2+/VEh8/2zFhu70HKR3ORJ","action":"Commit Request", "result":"", "context":Item count: 1
Contributing types: Sessions}
{"logTime": "1124/161109", "correlationVector":"2+/VEh8/2zFhu70HKR3ORJ.1","action":"SyncServerConnectionManagerRequest", "result":"SYNC_SERVER_OK", "context":{"environment":"Prod_SoutheastAsia_000j", "migrationStage":"NotStarted", "server":"GENERAL0100000Y"}}
{"logTime": "1124/161109", "correlationVector":"2+/VEh8/2zFhu70HKR3ORJ.2","action":"Commit Response", "result":"Success", "context":Result: Success. cV=2+/VEh8/2zFhu70HKR3ORJ.0;server=GENERAL0100000Y;cloudType=Consumer;environment=Prod_SoutheastAsia_000j;migrationStage=NotStarted}
{"logTime": "1124/161503", "correlationVector":"GMRt4k+ujc8GYQWkU/fL9r","action":"Commit Request", "result":"", "context":Item count: 1
Contributing types: Sessions}
{"logTime": "1124/161503", "correlationVector":"GMRt4k+ujc8GYQWkU/fL9r.1","action":"SyncServerConnectionManagerRequest", "result":"SYNC_SERVER_OK", "context":{"environment":"Prod_SoutheastAsia_000j", "migrationStage":"NotStarted", "server":"GENERAL0100000F"}}
{"logTime": "1124/161503", "correlationVector":"GMRt4k+ujc8GYQWkU/fL9r.2","action":"Commit Response", "result":"Success", "context":Result: Success. cV=GMRt4k+ujc8GYQWkU/fL9r.0;server=GENERAL0100000F;cloudType=Consumer;environment=Prod_SoutheastAsia_000j;migrationStage=NotStarted}
{"logTime": "1124/175009", "correlationVector":"sy+mQM3D13KmGozabb+SjJ","action":"Commit Request", "result":"", "context":Item count: 2
Contributing types: Sessions, Device Info}
{"logTime": "1124/175011", "correlationVector":"sy+mQM3D13KmGozabb+SjJ.1","action":"SyncServerConnectionManagerRequest", "result":"SYNC_SERVER_OK", "context":{"environment":"Prod_SoutheastAsia_000j", "migrationStage":"NotStarted", "server":"GENERAL0100000U"}}
{"logTime": "1124/175011", "correlationVector":"sy+mQM3D13KmGozabb+SjJ.2","action":"Commit Response", "result":"Success", "context":Result: Success. cV=sy+mQM3D13KmGozabb+SjJ.0;server=GENERAL0100000U;cloudType=Consumer;environment=Prod_SoutheastAsia_000j;migrationStage=NotStarted}
{"logTime": "1124/175139", "correlationVector":"+/mJfF+FplmQB2KeiPDbC0","action":"Commit Request", "result":"", "context":Item count: 1
Contributing types: Sessions}
{"logTime": "1124/175139", "correlationVector":"+/mJfF+FplmQB2KeiPDbC0.1","action":"SyncServerConnectionManagerRequest", "result":"SYNC_SERVER_OK", "context":{"environment":"Prod_SoutheastAsia_000j", "migrationStage":"NotStarted", "server":"GENERAL0300002R"}}
{"logTime": "1124/175139", "correlationVector":"+/mJfF+FplmQB2KeiPDbC0.2","action":"Commit Response", "result":"Success", "context":Result: Success. cV=+/mJfF+FplmQB2KeiPDbC0.0;server=GENERAL0300002R;cloudType=Consumer;environment=Prod_SoutheastAsia_000j;migrationStage=NotStarted}
{"logTime": "1124/175254", "correlationVector":"0PUT8iO+SOP5coSYtyPtu5","action":"Commit Request", "result":"", "context":Item count: 1
Contributing types: Sessions}
{"logTime": "1124/175254", "correlationVector":"0PUT8iO+SOP5coSYtyPtu5.1","action":"SyncServerConnectionManagerRequest", "result":"SYNC_SERVER_OK", "context":{"environment":"Prod_SoutheastAsia_000j", "migrationStage":"NotStarted", "server":"GENERAL0100001C"}}
{"logTime": "1124/175254", "correlationVector":"0PUT8iO+SOP5coSYtyPtu5.2","action":"Commit Response", "result":"Success", "context":Result: Success. cV=0PUT8iO+SOP5coSYtyPtu5.0;server=GENERAL0100001C;cloudType=Consumer;environment=Prod_SoutheastAsia_000j;migrationStage=NotStarted}
{"logTime": "1124/175359", "correlationVector":"+kXLyeqFPckbsO//HGc1h+","action":"Commit Request", "result":"", "context":Item count: 1
Contributing types: Sessions}
{"logTime": "1124/175400", "correlationVector":"+kXLyeqFPckbsO//HGc1h+.1","action":"SyncServerConnectionManagerRequest", "result":"SYNC_SERVER_OK", "context":{"environment":"Prod_SoutheastAsia_000j", "migrationStage":"NotStarted", "server":"GENERAL01000019"}}
{"logTime": "1124/175400", "correlationVector":"+kXLyeqFPckbsO//HGc1h+.2","action":"Commit Response", "result":"Success", "context":Result: Success. cV=+kXLyeqFPckbsO//HGc1h+.0;server=GENERAL01000019;cloudType=Consumer;environment=Prod_SoutheastAsia_000j;migrationStage=NotStarted}
{"logTime": "1124/175841", "correlationVector":"IMD2TRhjKktPPtmL0gYSMx","action":"Commit Request", "result":"", "context":Item count: 1
Contributing types: Sessions}
{"logTime": "1124/175841", "correlationVector":"IMD2TRhjKktPPtmL0gYSMx.1","action":"SyncServerConnectionManagerRequest", "result":"SYNC_SERVER_OK", "context":{"environment":"Prod_SoutheastAsia_000j", "migrationStage":"NotStarted", "server":"GENERAL0300000I"}}
{"logTime": "1124/175841", "correlationVector":"IMD2TRhjKktPPtmL0gYSMx.2","action":"Commit Response", "result":"Success", "context":Result: Success. cV=IMD2TRhjKktPPtmL0gYSMx.0;server=GENERAL0300000I;cloudType=Consumer;environment=Prod_SoutheastAsia_000j;migrationStage=NotStarted}
{"logTime": "1124/180344", "correlationVector":"3PZeV9fYsyn9QNULTvDjWg","action":"Commit Request", "result":"", "context":Item count: 13
Contributing types: Sessions}
{"logTime": "1124/180345", "correlationVector":"3PZeV9fYsyn9QNULTvDjWg.1","action":"SyncServerConnectionManagerRequest", "result":"SYNC_SERVER_OK", "context":{"environment":"Prod_SoutheastAsia_000j", "migrationStage":"NotStarted", "server":"GENERAL0300001Z"}}
{"logTime": "1124/180345", "correlationVector":"3PZeV9fYsyn9QNULTvDjWg.3","action":"Commit.Sessions", "result":"Success", "context":{"id":"24cf3316-05b3-4c7e-97ac-077d85538de0", "isDeleted":"true", "size":"0", "version":"1732462407722"}}
{"logTime": "1124/180345", "correlationVector":"3PZeV9fYsyn9QNULTvDjWg.4","action":"Commit.Sessions", "result":"Success", "context":{"id":"6a31a413-2c31-4cca-ad31-94a9b509bcd3", "isDeleted":"true", "size":"0", "version":"1732462407725"}}
{"logTime": "1124/180345", "correlationVector":"3PZeV9fYsyn9QNULTvDjWg.5","action":"Commit.Sessions", "result":"Success", "context":{"id":"b1486c8c-b436-4813-a62e-f80deb550303", "isDeleted":"true", "size":"0", "version":"1732462407726"}}
{"logTime": "1124/180345", "correlationVector":"3PZeV9fYsyn9QNULTvDjWg.6","action":"Commit.Sessions", "result":"Success", "context":{"id":"c78d0151-3e80-4947-a848-3a85adaeceb5", "isDeleted":"true", "size":"0", "version":"1732462407727"}}
{"logTime": "1124/180345", "correlationVector":"3PZeV9fYsyn9QNULTvDjWg.7","action":"Commit.Sessions", "result":"Success", "context":{"id":"5df7f844-4da6-4fba-8963-494e193b39db", "isDeleted":"true", "size":"0", "version":"1732462407729"}}
{"logTime": "1124/180345", "correlationVector":"3PZeV9fYsyn9QNULTvDjWg.8","action":"Commit.Sessions", "result":"Success", "context":{"id":"d4cd4a22-7919-45be-ab85-e064ffffae69", "isDeleted":"true", "size":"0", "version":"1732462407730"}}
{"logTime": "1124/180345", "correlationVector":"3PZeV9fYsyn9QNULTvDjWg.9","action":"Commit.Sessions", "result":"Success", "context":{"id":"fe4c94ae-a011-419a-b497-89f6c921b10c", "isDeleted":"true", "size":"0", "version":"1732462407731"}}
{"logTime": "1124/180345", "correlationVector":"3PZeV9fYsyn9QNULTvDjWg.2","action":"Commit Response", "result":"Success", "context":Result: Success. cV=3PZeV9fYsyn9QNULTvDjWg.0;server=GENERAL0300001Z;cloudType=Consumer;environment=Prod_SoutheastAsia_000j;migrationStage=NotStarted}
{"logTime": "1124/180345", "correlationVector":"3PZeV9fYsyn9QNULTvDjWg.10","action":"Commit.Sessions", "result":"Success", "context":{"id":"c8fcf68f-8eb2-41b5-a49a-2ff5400fda05", "isDeleted":"true", "size":"0", "version":"1732462407734"}}
{"logTime": "1124/180345", "correlationVector":"3PZeV9fYsyn9QNULTvDjWg.11","action":"Commit.Sessions", "result":"Success", "context":{"id":"d1fd3c02-2b52-41ac-9f32-74ba0ba85246", "isDeleted":"true", "size":"0", "version":"1732462407737"}}
{"logTime": "1124/180345", "correlationVector":"3PZeV9fYsyn9QNULTvDjWg.12","action":"Commit.Sessions", "result":"Success", "context":{"id":"6de07c29-ccae-43b7-b7f1-d50f8d780bc5", "isDeleted":"true", "size":"0", "version":"1732462407740"}}
{"logTime": "1124/180345", "correlationVector":"3PZeV9fYsyn9QNULTvDjWg.13","action":"Commit.Sessions", "result":"Success", "context":{"id":"061e2eea-c76a-4094-afb4-81e0963b69e5", "isDeleted":"true", "size":"0", "version":"1732462407741"}}
{"logTime": "1124/180452", "correlationVector":"Essl4FKjpIFJ8xlFFaIgf3","action":"Commit Request", "result":"", "context":Item count: 1
Contributing types: Sessions}
{"logTime": "1124/180452", "correlationVector":"Essl4FKjpIFJ8xlFFaIgf3.1","action":"SyncServerConnectionManagerRequest", "result":"SYNC_SERVER_OK", "context":{"environment":"Prod_SoutheastAsia_000j", "migrationStage":"NotStarted", "server":"GENERAL01000019"}}
{"logTime": "1124/180452", "correlationVector":"Essl4FKjpIFJ8xlFFaIgf3.2","action":"Commit Response", "result":"Success", "context":Result: Success. cV=Essl4FKjpIFJ8xlFFaIgf3.0;server=GENERAL01000019;cloudType=Consumer;environment=Prod_SoutheastAsia_000j;migrationStage=NotStarted}
{"logTime": "1124/180557", "correlationVector":"5APBbD+eOwpX+w/p1hhmla","action":"Commit Request", "result":"", "context":Item count: 2
Contributing types: Sessions}
{"logTime": "1124/180558", "correlationVector":"5APBbD+eOwpX+w/p1hhmla.1","action":"SyncServerConnectionManagerRequest", "result":"SYNC_SERVER_OK", "context":{"environment":"Prod_SoutheastAsia_000j", "migrationStage":"NotStarted", "server":"GENERAL03000015"}}
{"logTime": "1124/180558", "correlationVector":"5APBbD+eOwpX+w/p1hhmla.2","action":"Commit Response", "result":"Success", "context":Result: Success. cV=5APBbD+eOwpX+w/p1hhmla.0;server=GENERAL03000015;cloudType=Consumer;environment=Prod_SoutheastAsia_000j;migrationStage=NotStarted}
{"logTime": "1124/182446", "correlationVector":"FRyeLyZYau4gVUZ4CO27OP","action":"Commit Request", "result":"", "context":Item count: 4
Contributing types: Sessions}
{"logTime": "1124/182447", "correlationVector":"FRyeLyZYau4gVUZ4CO27OP.1","action":"SyncServerConnectionManagerRequest", "result":"SYNC_SERVER_OK", "context":{"environment":"Prod_SoutheastAsia_000j", "migrationStage":"NotStarted", "server":"GENERAL01000019"}}
{"logTime": "1124/182447", "correlationVector":"FRyeLyZYau4gVUZ4CO27OP.2","action":"Commit Response", "result":"Success", "context":Result: Success. cV=FRyeLyZYau4gVUZ4CO27OP.0;server=GENERAL01000019;cloudType=Consumer;environment=Prod_SoutheastAsia_000j;migrationStage=NotStarted}
{"logTime": "1124/182608", "correlationVector":"jSGn09r7LWk1kVNwrCd8Qe","action":"Commit Request", "result":"", "context":Item count: 1
Contributing types: Sessions}
{"logTime": "1124/182608", "correlationVector":"jSGn09r7LWk1kVNwrCd8Qe.1","action":"SyncServerConnectionManagerRequest", "result":"SYNC_SERVER_OK", "context":{"environment":"Prod_SoutheastAsia_000j", "migrationStage":"NotStarted", "server":"GENERAL0100000W"}}
{"logTime": "1124/182608", "correlationVector":"jSGn09r7LWk1kVNwrCd8Qe.2","action":"Commit Response", "result":"Success", "context":Result: Success. cV=jSGn09r7LWk1kVNwrCd8Qe.0;server=GENERAL0100000W;cloudType=Consumer;environment=Prod_SoutheastAsia_000j;migrationStage=NotStarted}
{"logTime": "1124/182934", "correlationVector":"ipkU2x6VpL1qvpXPqAIw8M","action":"Commit Request", "result":"", "context":Item count: 3
Contributing types: Sessions}
{"logTime": "1124/182935", "correlationVector":"ipkU2x6VpL1qvpXPqAIw8M.1","action":"SyncServerConnectionManagerRequest", "result":"SYNC_SERVER_OK", "context":{"environment":"Prod_SoutheastAsia_000j", "migrationStage":"NotStarted", "server":"GENERAL0100001K"}}
{"logTime": "1124/182935", "correlationVector":"ipkU2x6VpL1qvpXPqAIw8M.2","action":"Commit Response", "result":"Success", "context":Result: Success. cV=ipkU2x6VpL1qvpXPqAIw8M.0;server=GENERAL0100001K;cloudType=Consumer;environment=Prod_SoutheastAsia_000j;migrationStage=NotStarted}
{"logTime": "1124/183035", "correlationVector":"0o/dE7BcJpj+1n0DhukRgm","action":"Commit Request", "result":"", "context":Item count: 7
Contributing types: Sessions}
{"logTime": "1124/183036", "correlationVector":"0o/dE7BcJpj+1n0DhukRgm.1","action":"SyncServerConnectionManagerRequest", "result":"SYNC_SERVER_OK", "context":{"environment":"Prod_SoutheastAsia_000j", "migrationStage":"NotStarted", "server":"GENERAL0300001K"}}
{"logTime": "1124/183036", "correlationVector":"0o/dE7BcJpj+1n0DhukRgm.2","action":"Commit Response", "result":"Success", "context":Result: Success. cV=0o/dE7BcJpj+1n0DhukRgm.0;server=GENERAL0300001K;cloudType=Consumer;environment=Prod_SoutheastAsia_000j;migrationStage=NotStarted}
{"logTime": "1124/183151", "correlationVector":"mh2zTV5GvdU9P5jMPTvIoN","action":"Commit Request", "result":"", "context":Item count: 7
Contributing types: Sessions}
{"logTime": "1124/183152", "correlationVector":"mh2zTV5GvdU9P5jMPTvIoN.1","action":"SyncServerConnectionManagerRequest", "result":"SYNC_SERVER_OK", "context":{"environment":"Prod_SoutheastAsia_000j", "migrationStage":"NotStarted", "server":"GENERAL0100000O"}}
{"logTime": "1124/183152", "correlationVector":"mh2zTV5GvdU9P5jMPTvIoN.3","action":"Commit.Sessions", "result":"Success", "context":{"id":"766eb853-b6e8-47d4-b368-0fe77fca5dc7", "isDeleted":"true", "size":"0", "version":"1732473036049"}}
{"logTime": "1124/183152", "correlationVector":"mh2zTV5GvdU9P5jMPTvIoN.2","action":"Commit Response", "result":"Success", "context":Result: Success. cV=mh2zTV5GvdU9P5jMPTvIoN.0;server=GENERAL0100000O;cloudType=Consumer;environment=Prod_SoutheastAsia_000j;migrationStage=NotStarted}
{"logTime": "1124/183152", "correlationVector":"mh2zTV5GvdU9P5jMPTvIoN.4","action":"Commit.Sessions", "result":"Success", "context":{"id":"0cb046ac-a8b5-4a2f-b86a-558bd11f8417", "isDeleted":"true", "size":"0", "version":"1732473036050"}}
{"logTime": "1124/183340", "correlationVector":"6GfEjrNVhdHPjz2lr3os7l","action":"Commit Request", "result":"", "context":Item count: 6
Contributing types: Sessions}
{"logTime": "1124/183341", "correlationVector":"6GfEjrNVhdHPjz2lr3os7l.1","action":"SyncServerConnectionManagerRequest", "result":"SYNC_SERVER_OK", "context":{"environment":"Prod_SoutheastAsia_000j", "migrationStage":"NotStarted", "server":"GENERAL0100001E"}}
{"logTime": "1124/183341", "correlationVector":"6GfEjrNVhdHPjz2lr3os7l.3","action":"Commit.Sessions", "result":"Success", "context":{"id":"980b1caf-0172-40ee-bc31-adf3c3a08d68", "isDeleted":"true", "size":"0", "version":"1732473111937"}}
{"logTime": "1124/183341", "correlationVector":"6GfEjrNVhdHPjz2lr3os7l.2","action":"Commit Response", "result":"Success", "context":Result: Success. cV=6GfEjrNVhdHPjz2lr3os7l.0;server=GENERAL0100001E;cloudType=Consumer;environment=Prod_SoutheastAsia_000j;migrationStage=NotStarted}
{"logTime": "1124/183447", "correlationVector":"xQlvAPbOYYzFZqZDUgG4CR","action":"Commit Request", "result":"", "context":Item count: 4
Contributing types: Sessions}
{"logTime": "1124/183448", "correlationVector":"xQlvAPbOYYzFZqZDUgG4CR.1","action":"SyncServerConnectionManagerRequest", "result":"SYNC_SERVER_OK", "context":{"environment":"Prod_SoutheastAsia_000j", "migrationStage":"NotStarted", "server":"GENERAL03000025"}}
{"logTime": "1124/183448", "correlationVector":"xQlvAPbOYYzFZqZDUgG4CR.3","action":"Commit.Sessions", "result":"Success", "context":{"id":"b57bbd51-f048-489c-ba81-8b0e9bec8ae5", "isDeleted":"true", "size":"0", "version":"1732473220884"}}
{"logTime": "1124/183448", "correlationVector":"xQlvAPbOYYzFZqZDUgG4CR.2","action":"Commit Response", "result":"Success", "context":Result: Success. cV=xQlvAPbOYYzFZqZDUgG4CR.0;server=GENERAL03000025;cloudType=Consumer;environment=Prod_SoutheastAsia_000j;migrationStage=NotStarted}
{"logTime": "1124/183452", "correlationVector":"zZOFWsXFEbGu2rAqnXEK6G","action":"Poll GetUpdate request", "result":"", "context":cV=zZOFWsXFEbGu2rAqnXEK6G}
{"logTime": "1124/183453", "correlationVector":"zZOFWsXFEbGu2rAqnXEK6G.1","action":"SyncServerConnectionManagerRequest", "result":"SYNC_SERVER_OK", "context":{"environment":"Prod_SoutheastAsia_000j", "migrationStage":"NotStarted", "server":"GENERAL0300000H"}}
{"logTime": "1124/183453", "correlationVector":"zZOFWsXFEbGu2rAqnXEK6G.2","action":"GetUpdates", "result":"DeleteReceived", "context":{"id":"40b0fc1d-2da6-44b8-a9a7-2f6946bfbce2", "isDeleted:":"true", "version":"1732462406029"}}
{"logTime": "1124/183453", "correlationVector":"zZOFWsXFEbGu2rAqnXEK6G.3","action":"GetUpdates", "result":"DeleteReceived", "context":{"id":"8e9b369b-fdce-4e9c-9ea8-37830721b210", "isDeleted:":"true", "version":"1732462406030"}}
{"logTime": "1124/183453", "correlationVector":"zZOFWsXFEbGu2rAqnXEK6G.4","action":"GetUpdates", "result":"DeleteReceived", "context":{"id":"1c5b0cbe-f0da-4292-bcd0-2a0df21215a2", "isDeleted:":"true", "version":"1732462406031"}}
{"logTime": "1124/183453", "correlationVector":"zZOFWsXFEbGu2rAqnXEK6G.5","action":"GetUpdates", "result":"DeleteReceived", "context":{"id":"24cf3316-05b3-4c7e-97ac-077d85538de0", "isDeleted:":"true", "version":"1732471424691"}}
{"logTime": "1124/183453", "correlationVector":"zZOFWsXFEbGu2rAqnXEK6G.6","action":"GetUpdates", "result":"DeleteReceived", "context":{"id":"6a31a413-2c31-4cca-ad31-94a9b509bcd3", "isDeleted:":"true", "version":"1732471424693"}}
{"logTime": "1124/183453", "correlationVector":"zZOFWsXFEbGu2rAqnXEK6G.7","action":"GetUpdates", "result":"DeleteReceived", "context":{"id":"b1486c8c-b436-4813-a62e-f80deb550303", "isDeleted:":"true", "version":"1732471424694"}}
{"logTime": "1124/183453", "correlationVector":"zZOFWsXFEbGu2rAqnXEK6G.8","action":"GetUpdates", "result":"DeleteReceived", "context":{"id":"c78d0151-3e80-4947-a848-3a85adaeceb5", "isDeleted:":"true", "version":"1732471424695"}}
{"logTime": "1124/183453", "correlationVector":"zZOFWsXFEbGu2rAqnXEK6G.9","action":"GetUpdates", "result":"DeleteReceived", "context":{"id":"5df7f844-4da6-4fba-8963-494e193b39db", "isDeleted:":"true", "version":"1732471424696"}}
{"logTime": "1124/183453", "correlationVector":"zZOFWsXFEbGu2rAqnXEK6G.10","action":"GetUpdates", "result":"DeleteReceived", "context":{"id":"d4cd4a22-7919-45be-ab85-e064ffffae69", "isDeleted:":"true", "version":"1732471424697"}}
{"logTime": "1124/183453", "correlationVector":"zZOFWsXFEbGu2rAqnXEK6G.11","action":"GetUpdates", "result":"DeleteReceived", "context":{"id":"fe4c94ae-a011-419a-b497-89f6c921b10c", "isDeleted:":"true", "version":"1732471424698"}}
{"logTime": "1124/183453", "correlationVector":"zZOFWsXFEbGu2rAqnXEK6G.12","action":"GetUpdates", "result":"DeleteReceived", "context":{"id":"c8fcf68f-8eb2-41b5-a49a-2ff5400fda05", "isDeleted:":"true", "version":"1732471424700"}}
{"logTime": "1124/183453", "correlationVector":"zZOFWsXFEbGu2rAqnXEK6G.13","action":"GetUpdates", "result":"DeleteReceived", "context":{"id":"d1fd3c02-2b52-41ac-9f32-74ba0ba85246", "isDeleted:":"true", "version":"1732471424701"}}
{"logTime": "1124/183453", "correlationVector":"zZOFWsXFEbGu2rAqnXEK6G.14","action":"GetUpdates", "result":"DeleteReceived", "context":{"id":"6de07c29-ccae-43b7-b7f1-d50f8d780bc5", "isDeleted:":"true", "version":"1732471424702"}}
{"logTime": "1124/183453", "correlationVector":"zZOFWsXFEbGu2rAqnXEK6G.15","action":"GetUpdates", "result":"DeleteReceived", "context":{"id":"061e2eea-c76a-4094-afb4-81e0963b69e5", "isDeleted:":"true", "version":"1732471424703"}}
{"logTime": "1124/183453", "correlationVector":"zZOFWsXFEbGu2rAqnXEK6G.16","action":"GetUpdates", "result":"DeleteReceived", "context":{"id":"766eb853-b6e8-47d4-b368-0fe77fca5dc7", "isDeleted:":"true", "version":"1732473111935"}}
{"logTime": "1124/183453", "correlationVector":"zZOFWsXFEbGu2rAqnXEK6G.17","action":"GetUpdates", "result":"DeleteReceived", "context":{"id":"0cb046ac-a8b5-4a2f-b86a-558bd11f8417", "isDeleted:":"true", "version":"1732473111936"}}
{"logTime": "1124/183453", "correlationVector":"zZOFWsXFEbGu2rAqnXEK6G.18","action":"GetUpdates", "result":"DeleteReceived", "context":{"id":"980b1caf-0172-40ee-bc31-adf3c3a08d68", "isDeleted:":"true", "version":"1732473220885"}}
{"logTime": "1124/183453", "correlationVector":"zZOFWsXFEbGu2rAqnXEK6G.19","action":"GetUpdates", "result":"DeleteReceived", "context":{"id":"b57bbd51-f048-489c-ba81-8b0e9bec8ae5", "isDeleted:":"true", "version":"1732473287814"}}
{"logTime": "1124/183453", "correlationVector":"zZOFWsXFEbGu2rAqnXEK6G.20","action":"GetUpdates Response", "result":"Success", "context":Received 31 update(s). cV=zZOFWsXFEbGu2rAqnXEK6G.0;server=GENERAL0300000H;cloudType=Consumer;environment=Prod_SoutheastAsia_000j;migrationStage=NotStarted}
{"logTime": "1124/184030", "correlationVector":"Z9OrYFpjoCrMTV3rlrjH6s","action":"Commit Request", "result":"", "context":Item count: 1
Contributing types: Sessions}
{"logTime": "1124/184030", "correlationVector":"Z9OrYFpjoCrMTV3rlrjH6s.1","action":"SyncServerConnectionManagerRequest", "result":"SYNC_AUTH_ERROR", "context":{"environment":"Prod_SoutheastAsia_000j", "migrationStage":"NotStarted", "server":"GENERAL0100001E"}}
{"logTime": "1124/184030", "correlationVector":"Z9OrYFpjoCrMTV3rlrjH6s.2","action":"Commit Response", "result":"HTTP error (401)", "context":Result: HTTP error (401). cV=Z9OrYFpjoCrMTV3rlrjH6s.0;server=GENERAL0100001E;cloudType=Undetermined;environment=Prod_SoutheastAsia_000j;migrationStage=NotStarted}
{"logTime": "1124/184031", "correlationVector":"bgLfz0oFrSkzB16YFdXKtS","action":"Commit Request", "result":"", "context":Item count: 1
Contributing types: Sessions}
{"logTime": "1124/184032", "correlationVector":"bgLfz0oFrSkzB16YFdXKtS.1","action":"SyncServerConnectionManagerRequest", "result":"SYNC_SERVER_OK", "context":{"environment":"Prod_SoutheastAsia_000j", "migrationStage":"NotStarted", "server":"GENERAL01000008"}}
{"logTime": "1124/184032", "correlationVector":"bgLfz0oFrSkzB16YFdXKtS.2","action":"Commit Response", "result":"Success", "context":Result: Success. cV=bgLfz0oFrSkzB16YFdXKtS.0;server=GENERAL01000008;cloudType=Consumer;environment=Prod_SoutheastAsia_000j;migrationStage=NotStarted}
{"logTime": "1124/184115", "correlationVector":"apU39gPmHDSLG+AcKCFL+j","action":"Commit Request", "result":"", "context":Item count: 1
Contributing types: Sessions}
{"logTime": "1124/184116", "correlationVector":"apU39gPmHDSLG+AcKCFL+j.1","action":"SyncServerConnectionManagerRequest", "result":"SYNC_SERVER_OK", "context":{"environment":"Prod_SoutheastAsia_000j", "migrationStage":"NotStarted", "server":"GENERAL0300000J"}}
{"logTime": "1124/184116", "correlationVector":"apU39gPmHDSLG+AcKCFL+j.2","action":"Commit Response", "result":"Success", "context":Result: Success. cV=apU39gPmHDSLG+AcKCFL+j.0;server=GENERAL0300000J;cloudType=Consumer;environment=Prod_SoutheastAsia_000j;migrationStage=NotStarted}
{"logTime": "1124/184350", "correlationVector":"v7gDAx4TyKNcJzi9Mp2IVe","action":"Commit Request", "result":"", "context":Item count: 1
Contributing types: Sessions}
{"logTime": "1124/184351", "correlationVector":"v7gDAx4TyKNcJzi9Mp2IVe.1","action":"SyncServerConnectionManagerRequest", "result":"SYNC_SERVER_OK", "context":{"environment":"Prod_SoutheastAsia_000j", "migrationStage":"NotStarted", "server":"GENERAL0300002A"}}
{"logTime": "1124/184351", "correlationVector":"v7gDAx4TyKNcJzi9Mp2IVe.2","action":"Commit Response", "result":"Success", "context":Result: Success. cV=v7gDAx4TyKNcJzi9Mp2IVe.0;server=GENERAL0300002A;cloudType=Consumer;environment=Prod_SoutheastAsia_000j;migrationStage=NotStarted}
{"logTime": "1124/184507", "correlationVector":"NHQ9JczUbAzMYCv1RFOQzG","action":"Normal GetUpdate request", "result":"", "context":cV=NHQ9JczUbAzMYCv1RFOQzG
Nudged types: Sessions, Device Info
Refresh requested types: Bookmarks, Preferences, Passwords, Autofill Profiles, Autofill, Typed URLs, Extensions, Sessions, Extension settings, History Delete Directives, Device Info, User Consents, Send Tab To Self, Web Apps, Collection, Edge E Drop, Edge Hub App Usage, Edge Tab Group, Edge Wallet, Encryption Keys}
{"logTime": "1124/184507", "correlationVector":"NHQ9JczUbAzMYCv1RFOQzG.1","action":"SyncServerConnectionManagerRequest", "result":"SYNC_SERVER_OK", "context":{"environment":"Prod_SoutheastAsia_000j", "migrationStage":"NotStarted", "server":"GENERAL0100001C"}}
{"logTime": "1124/184507", "correlationVector":"NHQ9JczUbAzMYCv1RFOQzG.2","action":"GetUpdates Response", "result":"Success", "context":Received 2 update(s). cV=NHQ9JczUbAzMYCv1RFOQzG.0;server=GENERAL0100001C;cloudType=Consumer;environment=Prod_SoutheastAsia_000j;migrationStage=NotStarted}
{"logTime": "1124/184507", "correlationVector":"4NYk8fu46wB7vMywaP4lXS","action":"Commit Request", "result":"", "context":Item count: 13
Contributing types: Sessions, Device Info}
{"logTime": "1124/184509", "correlationVector":"4NYk8fu46wB7vMywaP4lXS.1","action":"SyncServerConnectionManagerRequest", "result":"SYNC_SERVER_OK", "context":{"environment":"Prod_SoutheastAsia_000j", "migrationStage":"NotStarted", "server":"GENERAL0100001L"}}
{"logTime": "1124/184509", "correlationVector":"4NYk8fu46wB7vMywaP4lXS.3","action":"Commit.Sessions", "result":"Success", "context":{"id":"6b54838e-4c1b-417a-acdd-e67736932bac", "isDeleted":"true", "size":"0", "version":"1732473220881"}}
{"logTime": "1124/184509", "correlationVector":"4NYk8fu46wB7vMywaP4lXS.4","action":"Commit.Sessions", "result":"Success", "context":{"id":"5c6d665d-c1c8-4aca-b393-4145f778a9c0", "isDeleted":"true", "size":"0", "version":"1732462407723"}}
{"logTime": "1124/184509", "correlationVector":"4NYk8fu46wB7vMywaP4lXS.5","action":"Commit.Sessions", "result":"Success", "context":{"id":"e05f9df2-7800-425a-860b-0a0467bb5345", "isDeleted":"true", "size":"0", "version":"1732473675617"}}
{"logTime": "1124/184509", "correlationVector":"4NYk8fu46wB7vMywaP4lXS.6","action":"Commit.Sessions", "result":"Success", "context":{"id":"cac84267-07a9-4fe2-a01f-12897baa374b", "isDeleted":"true", "size":"0", "version":"1732473831049"}}
{"logTime": "1124/184509", "correlationVector":"4NYk8fu46wB7vMywaP4lXS.7","action":"Commit.Sessions", "result":"Success", "context":{"id":"fe36d5bc-e62c-4da0-8198-8b2b2576072c", "isDeleted":"true", "size":"0", "version":"1732472768491"}}
{"logTime": "1124/184509", "correlationVector":"4NYk8fu46wB7vMywaP4lXS.2","action":"Commit Response", "result":"Success", "context":Result: Success. cV=4NYk8fu46wB7vMywaP4lXS.0;server=GENERAL0100001L;cloudType=Consumer;environment=Prod_SoutheastAsia_000j;migrationStage=NotStarted}
{"logTime": "1124/184509", "correlationVector":"4NYk8fu46wB7vMywaP4lXS.8","action":"Commit.Sessions", "result":"Success", "context":{"id":"6acdb1b2-d51f-4e8a-ab1d-e983b2b32e95", "isDeleted":"true", "size":"0", "version":"1732462468720"}}
{"logTime": "1124/184509", "correlationVector":"4NYk8fu46wB7vMywaP4lXS.9","action":"Commit.Sessions", "result":"Success", "context":{"id":"2606a33d-3835-453d-a88b-9977a6fed96c", "isDeleted":"true", "size":"0", "version":"1732462468721"}}
{"logTime": "1124/184509", "correlationVector":"4NYk8fu46wB7vMywaP4lXS.10","action":"Commit.Sessions", "result":"Success", "context":{"id":"0d37121a-a87b-47a4-beb1-cc1c336e96e4", "isDeleted":"true", "size":"0", "version":"1732462407736"}}
{"logTime": "1124/184509", "correlationVector":"4NYk8fu46wB7vMywaP4lXS.11","action":"Commit.Sessions", "result":"Success", "context":{"id":"b434da25-1fb7-43de-a978-e34400edc51b", "isDeleted":"true", "size":"0", "version":"1732462407738"}}
{"logTime": "1124/184509", "correlationVector":"4NYk8fu46wB7vMywaP4lXS.12","action":"Commit.Sessions", "result":"Success", "context":{"id":"dea4ef04-add9-4b9f-87b3-60fd6b7b124b", "isDeleted":"true", "size":"0", "version":"1732462468722"}}
{"logTime": "1124/184509", "correlationVector":"4NYk8fu46wB7vMywaP4lXS.13","action":"Commit.Sessions", "result":"Success", "context":{"id":"5ec96b39-e7c9-4724-be08-94396e5bea80", "isDeleted":"true", "size":"0", "version":"1732473287815"}}
{"logTime": "1124/184611", "correlationVector":"fBteIV6J8F35sz0U+ksZv4","action":"Commit Request", "result":"", "context":Item count: 12
Contributing types: Sessions}
{"logTime": "1124/184612", "correlationVector":"fBteIV6J8F35sz0U+ksZv4.1","action":"SyncServerConnectionManagerRequest", "result":"SYNC_SERVER_OK", "context":{"environment":"Prod_SoutheastAsia_000j", "migrationStage":"NotStarted", "server":"GENERAL0100000U"}}
{"logTime": "1124/184612", "correlationVector":"fBteIV6J8F35sz0U+ksZv4.2","action":"Commit Response", "result":"Success", "context":Result: Success. cV=fBteIV6J8F35sz0U+ksZv4.0;server=GENERAL0100000U;cloudType=Consumer;environment=Prod_SoutheastAsia_000j;migrationStage=NotStarted}
{"logTime": "1124/185332", "correlationVector":"BLHSV007bWkJC8ST+mHrl7","action":"Commit Request", "result":"", "context":Item count: 5
Contributing types: Sessions}
{"logTime": "1124/185332", "correlationVector":"BLHSV007bWkJC8ST+mHrl7.1","action":"SyncServerConnectionManagerRequest", "result":"SYNC_SERVER_OK", "context":{"environment":"Prod_SoutheastAsia_000j", "migrationStage":"NotStarted", "server":"GENERAL0300000J"}}
{"logTime": "1124/185332", "correlationVector":"BLHSV007bWkJC8ST+mHrl7.2","action":"Commit Response", "result":"Success", "context":Result: Success. cV=BLHSV007bWkJC8ST+mHrl7.0;server=GENERAL0300000J;cloudType=Consumer;environment=Prod_SoutheastAsia_000j;migrationStage=NotStarted}
{"logTime": "1124/185332", "correlationVector":"BLHSV007bWkJC8ST+mHrl7.3","action":"Commit.Sessions", "result":"Success", "context":{"id":"7128f258-e506-4a91-b757-7d93f69e2f9b", "isDeleted":"true", "size":"0", "version":"1732473971913"}}
{"logTime": "1124/185332", "correlationVector":"BLHSV007bWkJC8ST+mHrl7.4","action":"Commit.Sessions", "result":"Success", "context":{"id":"ea4c8090-a70e-4598-919a-bf4cfe8e434b", "isDeleted":"true", "size":"0", "version":"1732473971916"}}
{"logTime": "1124/185332", "correlationVector":"BLHSV007bWkJC8ST+mHrl7.5","action":"Commit.Sessions", "result":"Success", "context":{"id":"7de2c365-8383-49dc-b305-1ddf8668650c", "isDeleted":"true", "size":"0", "version":"1732473971924"}}
{"logTime": "1124/190320", "correlationVector":"SfIX+m+EJ2OSHb0+1THzUv","action":"Commit Request", "result":"", "context":Item count: 1
Contributing types: Device Info}
{"logTime": "1124/190322", "correlationVector":"SfIX+m+EJ2OSHb0+1THzUv.1","action":"SyncServerConnectionManagerRequest", "result":"SYNC_SERVER_OK", "context":{"environment":"Prod_SoutheastAsia_000j", "migrationStage":"NotStarted", "server":"GENERAL01000007"}}
{"logTime": "1124/190322", "correlationVector":"SfIX+m+EJ2OSHb0+1THzUv.2","action":"Commit Response", "result":"Success", "context":Result: Success. cV=SfIX+m+EJ2OSHb0+1THzUv.0;server=GENERAL01000007;cloudType=Consumer;environment=Prod_SoutheastAsia_000j;migrationStage=NotStarted}
{"logTime": "1124/193409", "correlationVector":"WRxGb27LZ/tvU84qo69GiO","action":"Commit Request", "result":"", "context":Item count: 1
Contributing types: Sessions}
{"logTime": "1124/193410", "correlationVector":"WRxGb27LZ/tvU84qo69GiO.1","action":"SyncServerConnectionManagerRequest", "result":"SYNC_SERVER_OK", "context":{"environment":"Prod_SoutheastAsia_000j", "migrationStage":"NotStarted", "server":"GENERAL0300000T"}}
{"logTime": "1124/193410", "correlationVector":"WRxGb27LZ/tvU84qo69GiO.2","action":"Commit Response", "result":"Success", "context":Result: Success. cV=WRxGb27LZ/tvU84qo69GiO.0;server=GENERAL0300000T;cloudType=Consumer;environment=Prod_SoutheastAsia_000j;migrationStage=NotStarted}
{"logTime": "1124/193808", "correlationVector":"7A9yOiLLw/mloKjt93kGJ3","action":"Commit Request", "result":"", "context":Item count: 1
Contributing types: Sessions}
{"logTime": "1124/193809", "correlationVector":"7A9yOiLLw/mloKjt93kGJ3.1","action":"SyncServerConnectionManagerRequest", "result":"SYNC_SERVER_OK", "context":{"environment":"Prod_SoutheastAsia_000j", "migrationStage":"NotStarted", "server":"GENERAL0100001E"}}
{"logTime": "1124/193809", "correlationVector":"7A9yOiLLw/mloKjt93kGJ3.2","action":"Commit Response", "result":"Success", "context":Result: Success. cV=7A9yOiLLw/mloKjt93kGJ3.0;server=GENERAL0100001E;cloudType=Consumer;environment=Prod_SoutheastAsia_000j;migrationStage=NotStarted}
{"logTime": "1124/193921", "correlationVector":"sCY5ExOjmnfb5wfrpqu/IU","action":"Commit Request", "result":"", "context":Item count: 1
Contributing types: Sessions}
{"logTime": "1124/193921", "correlationVector":"sCY5ExOjmnfb5wfrpqu/IU.1","action":"SyncServerConnectionManagerRequest", "result":"SYNC_SERVER_OK", "context":{"environment":"Prod_SoutheastAsia_000j", "migrationStage":"NotStarted", "server":"GENERAL0100001K"}}
{"logTime": "1124/193921", "correlationVector":"sCY5ExOjmnfb5wfrpqu/IU.2","action":"Commit Response", "result":"Success", "context":Result: Success. cV=sCY5ExOjmnfb5wfrpqu/IU.0;server=GENERAL0100001K;cloudType=Consumer;environment=Prod_SoutheastAsia_000j;migrationStage=NotStarted}
{"logTime": "1124/194119", "correlationVector":"5UrVqGipdQ+6SJhRFs4PkQ","action":"Commit Request", "result":"", "context":Item count: 1
Contributing types: Sessions}
{"logTime": "1124/194120", "correlationVector":"5UrVqGipdQ+6SJhRFs4PkQ.1","action":"SyncServerConnectionManagerRequest", "result":"SYNC_SERVER_OK", "context":{"environment":"Prod_SoutheastAsia_000j", "migrationStage":"NotStarted", "server":"GENERAL03000017"}}
{"logTime": "1124/194120", "correlationVector":"5UrVqGipdQ+6SJhRFs4PkQ.2","action":"Commit Response", "result":"Success", "context":Result: Success. cV=5UrVqGipdQ+6SJhRFs4PkQ.0;server=GENERAL03000017;cloudType=Consumer;environment=Prod_SoutheastAsia_000j;migrationStage=NotStarted}
{"logTime": "1124/194249", "correlationVector":"8r1iREKkrpL0jP+HLfLkdi","action":"Commit Request", "result":"", "context":Item count: 1
Contributing types: Sessions}
{"logTime": "1124/194250", "correlationVector":"8r1iREKkrpL0jP+HLfLkdi.1","action":"SyncServerConnectionManagerRequest", "result":"SYNC_SERVER_OK", "context":{"environment":"Prod_SoutheastAsia_000j", "migrationStage":"NotStarted", "server":"GENERAL01000008"}}
{"logTime": "1124/194250", "correlationVector":"8r1iREKkrpL0jP+HLfLkdi.2","action":"Commit Response", "result":"Success", "context":Result: Success. cV=8r1iREKkrpL0jP+HLfLkdi.0;server=GENERAL01000008;cloudType=Consumer;environment=Prod_SoutheastAsia_000j;migrationStage=NotStarted}
{"logTime": "1124/194351", "correlationVector":"zWrpD+3/iXy0Qxlo3PpyR4","action":"Commit Request", "result":"", "context":Item count: 1
Contributing types: Sessions}
{"logTime": "1124/194352", "correlationVector":"zWrpD+3/iXy0Qxlo3PpyR4.1","action":"SyncServerConnectionManagerRequest", "result":"SYNC_SERVER_OK", "context":{"environment":"Prod_SoutheastAsia_000j", "migrationStage":"NotStarted", "server":"GENERAL03000012"}}
{"logTime": "1124/194352", "correlationVector":"zWrpD+3/iXy0Qxlo3PpyR4.2","action":"Commit Response", "result":"Success", "context":Result: Success. cV=zWrpD+3/iXy0Qxlo3PpyR4.0;server=GENERAL03000012;cloudType=Consumer;environment=Prod_SoutheastAsia_000j;migrationStage=NotStarted}
{"logTime": "1124/194541", "correlationVector":"5uRySabTiiJAwXtC0yp7Bt","action":"Commit Request", "result":"", "context":Item count: 1
Contributing types: Sessions}
{"logTime": "1124/194541", "correlationVector":"5uRySabTiiJAwXtC0yp7Bt.1","action":"SyncServerConnectionManagerRequest", "result":"SYNC_SERVER_OK", "context":{"environment":"Prod_SoutheastAsia_000j", "migrationStage":"NotStarted", "server":"GENERAL0100000Y"}}
{"logTime": "1124/194541", "correlationVector":"5uRySabTiiJAwXtC0yp7Bt.2","action":"Commit Response", "result":"Success", "context":Result: Success. cV=5uRySabTiiJAwXtC0yp7Bt.0;server=GENERAL0100000Y;cloudType=Consumer;environment=Prod_SoutheastAsia_000j;migrationStage=NotStarted}
{"logTime": "1124/202419", "correlationVector":"gVKWqW7G1Cr7vwhPplc6vA","action":"Commit Request", "result":"", "context":Item count: 1
Contributing types: Sessions}
{"logTime": "1124/202420", "correlationVector":"gVKWqW7G1Cr7vwhPplc6vA.1","action":"SyncServerConnectionManagerRequest", "result":"SYNC_SERVER_OK", "context":{"environment":"Prod_SoutheastAsia_000j", "migrationStage":"NotStarted", "server":"GENERAL0300002A"}}
{"logTime": "1124/202420", "correlationVector":"gVKWqW7G1Cr7vwhPplc6vA.2","action":"Commit Response", "result":"Success", "context":Result: Success. cV=gVKWqW7G1Cr7vwhPplc6vA.0;server=GENERAL0300002A;cloudType=Consumer;environment=Prod_SoutheastAsia_000j;migrationStage=NotStarted}
{"logTime": "1124/205059", "correlationVector":"JOvtSnMIif+47EDj9+tDQm","action":"Commit Request", "result":"", "context":Item count: 1
Contributing types: Device Info}
{"logTime": "1124/205101", "correlationVector":"JOvtSnMIif+47EDj9+tDQm.1","action":"SyncServerConnectionManagerRequest", "result":"SYNC_SERVER_OK", "context":{"environment":"Prod_SoutheastAsia_000j", "migrationStage":"NotStarted", "server":"GENERAL01000011"}}
{"logTime": "1124/205101", "correlationVector":"JOvtSnMIif+47EDj9+tDQm.2","action":"Commit Response", "result":"Success", "context":Result: Success. cV=JOvtSnMIif+47EDj9+tDQm.0;server=GENERAL01000011;cloudType=Consumer;environment=Prod_SoutheastAsia_000j;migrationStage=NotStarted}
{"logTime": "1124/210324", "correlationVector":"GizSlRu7WkOWo23na3AKZN","action":"Commit Request", "result":"", "context":Item count: 1
Contributing types: Device Info}
{"logTime": "1124/210326", "correlationVector":"GizSlRu7WkOWo23na3AKZN.1","action":"SyncServerConnectionManagerRequest", "result":"SYNC_SERVER_OK", "context":{"environment":"Prod_SoutheastAsia_000j", "migrationStage":"NotStarted", "server":"GENERAL0300000A"}}
{"logTime": "1124/210326", "correlationVector":"GizSlRu7WkOWo23na3AKZN.2","action":"Commit Response", "result":"Success", "context":Result: Success. cV=GizSlRu7WkOWo23na3AKZN.0;server=GENERAL0300000A;cloudType=Consumer;environment=Prod_SoutheastAsia_000j;migrationStage=NotStarted}
{"logTime": "1124/210635", "correlationVector":"ORc5r3y6oe5vSA6896VUo7","action":"Commit Request", "result":"", "context":Item count: 1
Contributing types: Sessions}
{"logTime": "1124/210635", "correlationVector":"ORc5r3y6oe5vSA6896VUo7.1","action":"SyncServerConnectionManagerRequest", "result":"SYNC_SERVER_OK", "context":{"environment":"Prod_SoutheastAsia_000j", "migrationStage":"NotStarted", "server":"GENERAL01000000"}}
{"logTime": "1124/210635", "correlationVector":"ORc5r3y6oe5vSA6896VUo7.2","action":"Commit Response", "result":"Success", "context":Result: Success. cV=ORc5r3y6oe5vSA6896VUo7.0;server=GENERAL01000000;cloudType=Consumer;environment=Prod_SoutheastAsia_000j;migrationStage=NotStarted}
{"logTime": "1124/212854", "correlationVector":"+aL+KCHPprCmGWPq3H7bt5","action":"Commit Request", "result":"", "context":Item count: 1
Contributing types: Sessions}
{"logTime": "1124/212855", "correlationVector":"+aL+KCHPprCmGWPq3H7bt5.1","action":"SyncServerConnectionManagerRequest", "result":"SYNC_SERVER_OK", "context":{"environment":"Prod_SoutheastAsia_000j", "migrationStage":"NotStarted", "server":"GENERAL0300001V"}}
{"logTime": "1124/212855", "correlationVector":"+aL+KCHPprCmGWPq3H7bt5.2","action":"Commit Response", "result":"Success", "context":Result: Success. cV=+aL+KCHPprCmGWPq3H7bt5.0;server=GENERAL0300001V;cloudType=Consumer;environment=Prod_SoutheastAsia_000j;migrationStage=NotStarted}
{"logTime": "1124/212955", "correlationVector":"CdK/tisyy/OgVnv8iteCaX","action":"Commit Request", "result":"", "context":Item count: 3
Contributing types: Sessions}
{"logTime": "1124/212955", "correlationVector":"CdK/tisyy/OgVnv8iteCaX.1","action":"SyncServerConnectionManagerRequest", "result":"SYNC_SERVER_OK", "context":{"environment":"Prod_SoutheastAsia_000j", "migrationStage":"NotStarted", "server":"GENERAL0100000Y"}}
{"logTime": "1124/212955", "correlationVector":"CdK/tisyy/OgVnv8iteCaX.2","action":"Commit Response", "result":"Success", "context":Result: Success. cV=CdK/tisyy/OgVnv8iteCaX.0;server=GENERAL0100000Y;cloudType=Consumer;environment=Prod_SoutheastAsia_000j;migrationStage=NotStarted}
{"logTime": "1124/213101", "correlationVector":"vFrnVq93YqLeO/VbHvOsQ8","action":"Commit Request", "result":"", "context":Item count: 1
Contributing types: Sessions}
{"logTime": "1124/213102", "correlationVector":"vFrnVq93YqLeO/VbHvOsQ8.1","action":"SyncServerConnectionManagerRequest", "result":"SYNC_SERVER_OK", "context":{"environment":"Prod_SoutheastAsia_000j", "migrationStage":"NotStarted", "server":"GENERAL0300001L"}}
{"logTime": "1124/213102", "correlationVector":"vFrnVq93YqLeO/VbHvOsQ8.2","action":"Commit Response", "result":"Success", "context":Result: Success. cV=vFrnVq93YqLeO/VbHvOsQ8.0;server=GENERAL0300001L;cloudType=Consumer;environment=Prod_SoutheastAsia_000j;migrationStage=NotStarted}
{"logTime": "1124/213348", "correlationVector":"8RxB7PNHsWhHeyXULmS273","action":"Commit Request", "result":"", "context":Item count: 4
Contributing types: Sessions}
{"logTime": "1124/213349", "correlationVector":"8RxB7PNHsWhHeyXULmS273.1","action":"SyncServerConnectionManagerRequest", "result":"SYNC_SERVER_OK", "context":{"environment":"Prod_SoutheastAsia_000j", "migrationStage":"NotStarted", "server":"GENERAL0300002W"}}
{"logTime": "1124/213349", "correlationVector":"8RxB7PNHsWhHeyXULmS273.2","action":"Commit Response", "result":"Success", "context":Result: Success. cV=8RxB7PNHsWhHeyXULmS273.0;server=GENERAL0300002W;cloudType=Consumer;environment=Prod_SoutheastAsia_000j;migrationStage=NotStarted}
{"logTime": "1124/213539", "correlationVector":"Uu6kN/YVWV4MGxwES/llff","action":"Commit Request", "result":"", "context":Item count: 2
Contributing types: Sessions}
{"logTime": "1124/213540", "correlationVector":"Uu6kN/YVWV4MGxwES/llff.1","action":"SyncServerConnectionManagerRequest", "result":"SYNC_SERVER_OK", "context":{"environment":"Prod_SoutheastAsia_000j", "migrationStage":"NotStarted", "server":"GENERAL03000027"}}
{"logTime": "1124/213540", "correlationVector":"Uu6kN/YVWV4MGxwES/llff.2","action":"Commit Response", "result":"Success", "context":Result: Success. cV=Uu6kN/YVWV4MGxwES/llff.0;server=GENERAL03000027;cloudType=Consumer;environment=Prod_SoutheastAsia_000j;migrationStage=NotStarted}
{"logTime": "1124/213747", "correlationVector":"vmqcB4+EkgPa1Ya6qUh6zt","action":"Commit Request", "result":"", "context":Item count: 1
Contributing types: Sessions}
{"logTime": "1124/213747", "correlationVector":"vmqcB4+EkgPa1Ya6qUh6zt.1","action":"SyncServerConnectionManagerRequest", "result":"SYNC_SERVER_OK", "context":{"environment":"Prod_SoutheastAsia_000j", "migrationStage":"NotStarted", "server":"GENERAL0100001B"}}
{"logTime": "1124/213747", "correlationVector":"vmqcB4+EkgPa1Ya6qUh6zt.2","action":"Commit Response", "result":"Success", "context":Result: Success. cV=vmqcB4+EkgPa1Ya6qUh6zt.0;server=GENERAL0100001B;cloudType=Consumer;environment=Prod_SoutheastAsia_000j;migrationStage=NotStarted}
{"logTime": "1124/214344", "correlationVector":"RlpRxRG+uq0g8MAzZO1Wsn","action":"Commit Request", "result":"", "context":Item count: 1
Contributing types: Sessions}
{"logTime": "1124/214344", "correlationVector":"RlpRxRG+uq0g8MAzZO1Wsn.1","action":"SyncServerConnectionManagerRequest", "result":"SYNC_SERVER_OK", "context":{"environment":"Prod_SoutheastAsia_000j", "migrationStage":"NotStarted", "server":"GENERAL0100000X"}}
{"logTime": "1124/214344", "correlationVector":"RlpRxRG+uq0g8MAzZO1Wsn.2","action":"Commit Response", "result":"Success", "context":Result: Success. cV=RlpRxRG+uq0g8MAzZO1Wsn.0;server=GENERAL0100000X;cloudType=Consumer;environment=Prod_SoutheastAsia_000j;migrationStage=NotStarted}
{"logTime": "1124/214809", "correlationVector":"plaasUJvNh07vRyS+yZ3Y9","action":"Commit Request", "result":"", "context":Item count: 3
Contributing types: Sessions}
{"logTime": "1124/214815", "correlationVector":"plaasUJvNh07vRyS+yZ3Y9.1","action":"SyncServerConnectionManagerRequest", "result":"SYNC_SERVER_OK", "context":{"environment":"Prod_SoutheastAsia_000j", "migrationStage":"NotStarted", "server":"GENERAL0300000M"}}
{"logTime": "1124/214815", "correlationVector":"plaasUJvNh07vRyS+yZ3Y9.2","action":"Commit Response", "result":"Success", "context":Result: Success. cV=plaasUJvNh07vRyS+yZ3Y9.0;server=GENERAL0300000M;cloudType=Consumer;environment=Prod_SoutheastAsia_000j;migrationStage=NotStarted}
{"logTime": "1124/214951", "correlationVector":"f43ENXVO1dLQ3gY/lhdOGx","action":"Commit Request", "result":"", "context":Item count: 4
Contributing types: Sessions}
{"logTime": "1124/214951", "correlationVector":"f43ENXVO1dLQ3gY/lhdOGx.1","action":"SyncServerConnectionManagerRequest", "result":"SYNC_SERVER_OK", "context":{"environment":"Prod_SoutheastAsia_000j", "migrationStage":"NotStarted", "server":"GENERAL0100000O"}}
{"logTime": "1124/214951", "correlationVector":"f43ENXVO1dLQ3gY/lhdOGx.2","action":"Commit Response", "result":"Success", "context":Result: Success. cV=f43ENXVO1dLQ3gY/lhdOGx.0;server=GENERAL0100000O;cloudType=Consumer;environment=Prod_SoutheastAsia_000j;migrationStage=NotStarted}
{"logTime": "1124/215126", "correlationVector":"wcekwFP1XddEwoFN7ViZ0B","action":"Commit Request", "result":"", "context":Item count: 3
Contributing types: Sessions}
{"logTime": "1124/215127", "correlationVector":"wcekwFP1XddEwoFN7ViZ0B.1","action":"SyncServerConnectionManagerRequest", "result":"SYNC_SERVER_OK", "context":{"environment":"Prod_SoutheastAsia_000j", "migrationStage":"NotStarted", "server":"GENERAL0300000U"}}
{"logTime": "1124/215127", "correlationVector":"wcekwFP1XddEwoFN7ViZ0B.2","action":"Commit Response", "result":"Success", "context":Result: Success. cV=wcekwFP1XddEwoFN7ViZ0B.0;server=GENERAL0300000U;cloudType=Consumer;environment=Prod_SoutheastAsia_000j;migrationStage=NotStarted}
{"logTime": "1124/215237", "correlationVector":"RrL298XM31RfSDwtP8fEV1","action":"Commit Request", "result":"", "context":Item count: 2
Contributing types: Sessions}
{"logTime": "1124/215237", "correlationVector":"RrL298XM31RfSDwtP8fEV1.1","action":"SyncServerConnectionManagerRequest", "result":"SYNC_SERVER_OK", "context":{"environment":"Prod_SoutheastAsia_000j", "migrationStage":"NotStarted", "server":"GENERAL0100000N"}}
{"logTime": "1124/215237", "correlationVector":"RrL298XM31RfSDwtP8fEV1.2","action":"Commit Response", "result":"Success", "context":Result: Success. cV=RrL298XM31RfSDwtP8fEV1.0;server=GENERAL0100000N;cloudType=Consumer;environment=Prod_SoutheastAsia_000j;migrationStage=NotStarted}
{"logTime": "1124/215348", "correlationVector":"UKhXxSPF+XeCyjUMXmqqRs","action":"Commit Request", "result":"", "context":Item count: 5
Contributing types: Sessions}
{"logTime": "1124/215349", "correlationVector":"UKhXxSPF+XeCyjUMXmqqRs.1","action":"SyncServerConnectionManagerRequest", "result":"SYNC_SERVER_OK", "context":{"environment":"Prod_SoutheastAsia_000j", "migrationStage":"NotStarted", "server":"GENERAL0300000I"}}
{"logTime": "1124/215349", "correlationVector":"UKhXxSPF+XeCyjUMXmqqRs.2","action":"Commit Response", "result":"Success", "context":Result: Success. cV=UKhXxSPF+XeCyjUMXmqqRs.0;server=GENERAL0300000I;cloudType=Consumer;environment=Prod_SoutheastAsia_000j;migrationStage=NotStarted}
{"logTime": "1124/215457", "correlationVector":"xH/AA/UyD4uedEFjzxhTIe","action":"Commit Request", "result":"", "context":Item count: 3
Contributing types: Sessions}
{"logTime": "1124/215457", "correlationVector":"xH/AA/UyD4uedEFjzxhTIe.1","action":"SyncServerConnectionManagerRequest", "result":"SYNC_SERVER_OK", "context":{"environment":"Prod_SoutheastAsia_000j", "migrationStage":"NotStarted", "server":"GENERAL0100001E"}}
{"logTime": "1124/215457", "correlationVector":"xH/AA/UyD4uedEFjzxhTIe.3","action":"Commit.Sessions", "result":"Success", "context":{"id":"01ec266c-b125-4dc2-8c6a-e69851162532", "isDeleted":"true", "size":"0", "version":"1732485228903"}}
{"logTime": "1124/215457", "correlationVector":"xH/AA/UyD4uedEFjzxhTIe.4","action":"Commit.Sessions", "result":"Success", "context":{"id":"d3b5843e-2358-4266-a814-db37924d35a2", "isDeleted":"true", "size":"0", "version":"1732485228905"}}
{"logTime": "1124/215457", "correlationVector":"xH/AA/UyD4uedEFjzxhTIe.2","action":"Commit Response", "result":"Success", "context":Result: Success. cV=xH/AA/UyD4uedEFjzxhTIe.0;server=GENERAL0100001E;cloudType=Consumer;environment=Prod_SoutheastAsia_000j;migrationStage=NotStarted}
{"logTime": "1124/215559", "correlationVector":"AmI9QR2Acr/G+znocq/VSS","action":"Commit Request", "result":"", "context":Item count: 1
Contributing types: Sessions}
{"logTime": "1124/215600", "correlationVector":"AmI9QR2Acr/G+znocq/VSS.1","action":"SyncServerConnectionManagerRequest", "result":"SYNC_SERVER_OK", "context":{"environment":"Prod_SoutheastAsia_000j", "migrationStage":"NotStarted", "server":"GENERAL0100001B"}}
{"logTime": "1124/215600", "correlationVector":"AmI9QR2Acr/G+znocq/VSS.2","action":"Commit Response", "result":"Success", "context":Result: Success. cV=AmI9QR2Acr/G+znocq/VSS.0;server=GENERAL0100001B;cloudType=Consumer;environment=Prod_SoutheastAsia_000j;migrationStage=NotStarted}
{"logTime": "1124/215724", "correlationVector":"P+5Cc46EH1IyIQUpBD+9je","action":"Commit Request", "result":"", "context":Item count: 3
Contributing types: Sessions}
{"logTime": "1124/215724", "correlationVector":"P+5Cc46EH1IyIQUpBD+9je.1","action":"SyncServerConnectionManagerRequest", "result":"SYNC_SERVER_OK", "context":{"environment":"Prod_SoutheastAsia_000j", "migrationStage":"NotStarted", "server":"GENERAL0100000J"}}
{"logTime": "1124/215724", "correlationVector":"P+5Cc46EH1IyIQUpBD+9je.2","action":"Commit Response", "result":"Success", "context":Result: Success. cV=P+5Cc46EH1IyIQUpBD+9je.0;server=GENERAL0100000J;cloudType=Consumer;environment=Prod_SoutheastAsia_000j;migrationStage=NotStarted}
{"logTime": "1124/220010", "correlationVector":"tt04sljtUNp3bYQntFBsVg","action":"Commit Request", "result":"", "context":Item count: 3
Contributing types: Sessions}
{"logTime": "1124/220010", "correlationVector":"tt04sljtUNp3bYQntFBsVg.1","action":"SyncServerConnectionManagerRequest", "result":"SYNC_SERVER_OK", "context":{"environment":"Prod_SoutheastAsia_000j", "migrationStage":"NotStarted", "server":"GENERAL0300002W"}}
{"logTime": "1124/220010", "correlationVector":"tt04sljtUNp3bYQntFBsVg.2","action":"Commit Response", "result":"Success", "context":Result: Success. cV=tt04sljtUNp3bYQntFBsVg.0;server=GENERAL0300002W;cloudType=Consumer;environment=Prod_SoutheastAsia_000j;migrationStage=NotStarted}
{"logTime": "1124/220256", "correlationVector":"0O35bhUXkeB8rJgaxiHeNc","action":"Commit Request", "result":"", "context":Item count: 1
Contributing types: Sessions}
{"logTime": "1124/220257", "correlationVector":"0O35bhUXkeB8rJgaxiHeNc.1","action":"SyncServerConnectionManagerRequest", "result":"SYNC_SERVER_OK", "context":{"environment":"Prod_SoutheastAsia_000j", "migrationStage":"NotStarted", "server":"GENERAL0300002L"}}
{"logTime": "1124/220257", "correlationVector":"0O35bhUXkeB8rJgaxiHeNc.2","action":"Commit Response", "result":"Success", "context":Result: Success. cV=0O35bhUXkeB8rJgaxiHeNc.0;server=GENERAL0300002L;cloudType=Consumer;environment=Prod_SoutheastAsia_000j;migrationStage=NotStarted}
{"logTime": "1124/220405", "correlationVector":"DCqCE9jBtGu1NBhuUu5wCn","action":"Commit Request", "result":"", "context":Item count: 5
Contributing types: Sessions}
{"logTime": "1124/220406", "correlationVector":"DCqCE9jBtGu1NBhuUu5wCn.1","action":"SyncServerConnectionManagerRequest", "result":"SYNC_SERVER_OK", "context":{"environment":"Prod_SoutheastAsia_000j", "migrationStage":"NotStarted", "server":"GENERAL0100001J"}}
{"logTime": "1124/220406", "correlationVector":"DCqCE9jBtGu1NBhuUu5wCn.2","action":"Commit Response", "result":"Success", "context":Result: Success. cV=DCqCE9jBtGu1NBhuUu5wCn.0;server=GENERAL0100001J;cloudType=Consumer;environment=Prod_SoutheastAsia_000j;migrationStage=NotStarted}
{"logTime": "1124/220542", "correlationVector":"MKLLG61vlKWdyuJVl1/FyO","action":"Commit Request", "result":"", "context":Item count: 4
Contributing types: Sessions}
{"logTime": "1124/220542", "correlationVector":"MKLLG61vlKWdyuJVl1/FyO.1","action":"SyncServerConnectionManagerRequest", "result":"SYNC_SERVER_OK", "context":{"environment":"Prod_SoutheastAsia_000j", "migrationStage":"NotStarted", "server":"GENERAL01000007"}}
{"logTime": "1124/220542", "correlationVector":"MKLLG61vlKWdyuJVl1/FyO.2","action":"Commit Response", "result":"Success", "context":Result: Success. cV=MKLLG61vlKWdyuJVl1/FyO.0;server=GENERAL01000007;cloudType=Consumer;environment=Prod_SoutheastAsia_000j;migrationStage=NotStarted}
{"logTime": "1124/220642", "correlationVector":"rH/rWKdviCg0NPPeIpfz/W","action":"Commit Request", "result":"", "context":Item count: 2
Contributing types: Sessions}
{"logTime": "1124/220643", "correlationVector":"rH/rWKdviCg0NPPeIpfz/W.1","action":"SyncServerConnectionManagerRequest", "result":"SYNC_SERVER_OK", "context":{"environment":"Prod_SoutheastAsia_000j", "migrationStage":"NotStarted", "server":"GENERAL0300001L"}}
{"logTime": "1124/220643", "correlationVector":"rH/rWKdviCg0NPPeIpfz/W.3","action":"Commit.Sessions", "result":"Success", "context":{"id":"b5e2d2e8-69af-43dd-871c-7eae0724c0af", "isDeleted":"true", "size":"0", "version":"1732485942372"}}
{"logTime": "1124/220643", "correlationVector":"rH/rWKdviCg0NPPeIpfz/W.2","action":"Commit Response", "result":"Success", "context":Result: Success. cV=rH/rWKdviCg0NPPeIpfz/W.0;server=GENERAL0300001L;cloudType=Consumer;environment=Prod_SoutheastAsia_000j;migrationStage=NotStarted}
{"logTime": "1124/221134", "correlationVector":"YcJit4aw9riqY9Gfp7EQ0U","action":"Commit Request", "result":"", "context":Item count: 2
Contributing types: Sessions}
{"logTime": "1124/221135", "correlationVector":"YcJit4aw9riqY9Gfp7EQ0U.1","action":"SyncServerConnectionManagerRequest", "result":"SYNC_SERVER_OK", "context":{"environment":"Prod_SoutheastAsia_000j", "migrationStage":"NotStarted", "server":"GENERAL0100001J"}}
{"logTime": "1124/221135", "correlationVector":"YcJit4aw9riqY9Gfp7EQ0U.2","action":"Commit Response", "result":"Success", "context":Result: Success. cV=YcJit4aw9riqY9Gfp7EQ0U.0;server=GENERAL0100001J;cloudType=Consumer;environment=Prod_SoutheastAsia_000j;migrationStage=NotStarted}
{"logTime": "1124/221240", "correlationVector":"YY/ZWzgcb8E7m16YdCbQzd","action":"Commit Request", "result":"", "context":Item count: 1
Contributing types: Sessions}
{"logTime": "1124/221240", "correlationVector":"YY/ZWzgcb8E7m16YdCbQzd.1","action":"SyncServerConnectionManagerRequest", "result":"SYNC_SERVER_OK", "context":{"environment":"Prod_SoutheastAsia_000j", "migrationStage":"NotStarted", "server":"GENERAL0300002X"}}
{"logTime": "1124/221240", "correlationVector":"YY/ZWzgcb8E7m16YdCbQzd.2","action":"Commit Response", "result":"Success", "context":Result: Success. cV=YY/ZWzgcb8E7m16YdCbQzd.0;server=GENERAL0300002X;cloudType=Consumer;environment=Prod_SoutheastAsia_000j;migrationStage=NotStarted}
{"logTime": "1124/221451", "correlationVector":"nsj4Gh+jIEcdX1WLDt5E1S","action":"Commit Request", "result":"", "context":Item count: 1
Contributing types: Sessions}
{"logTime": "1124/221452", "correlationVector":"nsj4Gh+jIEcdX1WLDt5E1S.1","action":"SyncServerConnectionManagerRequest", "result":"SYNC_SERVER_OK", "context":{"environment":"Prod_SoutheastAsia_000j", "migrationStage":"NotStarted", "server":"GENERAL0300002E"}}
{"logTime": "1124/221452", "correlationVector":"nsj4Gh+jIEcdX1WLDt5E1S.2","action":"Commit Response", "result":"Success", "context":Result: Success. cV=nsj4Gh+jIEcdX1WLDt5E1S.0;server=GENERAL0300002E;cloudType=Consumer;environment=Prod_SoutheastAsia_000j;migrationStage=NotStarted}
{"logTime": "1124/221744", "correlationVector":"ScKM5Gw2sweMBTYJOBT3qP","action":"Commit Request", "result":"", "context":Item count: 1
Contributing types: Sessions}
{"logTime": "1124/221749", "correlationVector":"ScKM5Gw2sweMBTYJOBT3qP.1","action":"SyncServerConnectionManagerRequest", "result":"SYNC_SERVER_OK", "context":{"environment":"Prod_SoutheastAsia_000j", "migrationStage":"NotStarted", "server":"GENERAL03000025"}}
{"logTime": "1124/221749", "correlationVector":"ScKM5Gw2sweMBTYJOBT3qP.2","action":"Commit Response", "result":"Success", "context":Result: Success. cV=ScKM5Gw2sweMBTYJOBT3qP.0;server=GENERAL03000025;cloudType=Consumer;environment=Prod_SoutheastAsia_000j;migrationStage=NotStarted}
{"logTime": "1124/221932", "correlationVector":"6zTxpe9nUTIa0iucyU4KF1","action":"Commit Request", "result":"", "context":Item count: 3
Contributing types: Sessions}
{"logTime": "1124/221933", "correlationVector":"6zTxpe9nUTIa0iucyU4KF1.1","action":"SyncServerConnectionManagerRequest", "result":"SYNC_SERVER_OK", "context":{"environment":"Prod_SoutheastAsia_000j", "migrationStage":"NotStarted", "server":"GENERAL0100000U"}}
{"logTime": "1124/221933", "correlationVector":"6zTxpe9nUTIa0iucyU4KF1.2","action":"Commit Response", "result":"Success", "context":Result: Success. cV=6zTxpe9nUTIa0iucyU4KF1.0;server=GENERAL0100000U;cloudType=Consumer;environment=Prod_SoutheastAsia_000j;migrationStage=NotStarted}
{"logTime": "1124/222049", "correlationVector":"rG05i0ITrhNVzcQdpjOd0V","action":"Commit Request", "result":"", "context":Item count: 4
Contributing types: Sessions}
{"logTime": "1124/222050", "correlationVector":"rG05i0ITrhNVzcQdpjOd0V.1","action":"SyncServerConnectionManagerRequest", "result":"SYNC_SERVER_OK", "context":{"environment":"Prod_SoutheastAsia_000j", "migrationStage":"NotStarted", "server":"GENERAL03000001"}}
{"logTime": "1124/222050", "correlationVector":"rG05i0ITrhNVzcQdpjOd0V.2","action":"Commit Response", "result":"Success", "context":Result: Success. cV=rG05i0ITrhNVzcQdpjOd0V.0;server=GENERAL03000001;cloudType=Consumer;environment=Prod_SoutheastAsia_000j;migrationStage=NotStarted}
{"logTime": "1124/222154", "correlationVector":"ogpsa9IPi9St45ZmJsCvnu","action":"Commit Request", "result":"", "context":Item count: 4
Contributing types: Sessions}
{"logTime": "1124/222155", "correlationVector":"ogpsa9IPi9St45ZmJsCvnu.1","action":"SyncServerConnectionManagerRequest", "result":"SYNC_SERVER_OK", "context":{"environment":"Prod_SoutheastAsia_000j", "migrationStage":"NotStarted", "server":"GENERAL0300001Z"}}
{"logTime": "1124/222155", "correlationVector":"ogpsa9IPi9St45ZmJsCvnu.2","action":"Commit Response", "result":"Success", "context":Result: Success. cV=ogpsa9IPi9St45ZmJsCvnu.0;server=GENERAL0300001Z;cloudType=Consumer;environment=Prod_SoutheastAsia_000j;migrationStage=NotStarted}
{"logTime": "1124/222255", "correlationVector":"IlQ2AWiI9lfkp3vQY18w8W","action":"Commit Request", "result":"", "context":Item count: 1
Contributing types: Sessions}
{"logTime": "1124/222255", "correlationVector":"IlQ2AWiI9lfkp3vQY18w8W.1","action":"SyncServerConnectionManagerRequest", "result":"SYNC_SERVER_OK", "context":{"environment":"Prod_SoutheastAsia_000j", "migrationStage":"NotStarted", "server":"GENERAL01000012"}}
{"logTime": "1124/222255", "correlationVector":"IlQ2AWiI9lfkp3vQY18w8W.2","action":"Commit Response", "result":"Success", "context":Result: Success. cV=IlQ2AWiI9lfkp3vQY18w8W.0;server=GENERAL01000012;cloudType=Consumer;environment=Prod_SoutheastAsia_000j;migrationStage=NotStarted}
{"logTime": "1124/223941", "correlationVector":"PKQfz0UU+RyA46xmoYLDCi","action":"Commit Request", "result":"", "context":Item count: 2
Contributing types: Sessions}
{"logTime": "1124/223942", "correlationVector":"PKQfz0UU+RyA46xmoYLDCi.1","action":"SyncServerConnectionManagerRequest", "result":"SYNC_SERVER_OK", "context":{"environment":"Prod_SoutheastAsia_000j", "migrationStage":"NotStarted", "server":"GENERAL0300000U"}}
{"logTime": "1124/223942", "correlationVector":"PKQfz0UU+RyA46xmoYLDCi.2","action":"Commit Response", "result":"Success", "context":Result: Success. cV=PKQfz0UU+RyA46xmoYLDCi.0;server=GENERAL0300000U;cloudType=Consumer;environment=Prod_SoutheastAsia_000j;migrationStage=NotStarted}
{"logTime": "1124/224112", "correlationVector":"1hMeNY5J6rPxVKKx80WFir","action":"Commit Request", "result":"", "context":Item count: 4
Contributing types: Sessions}
{"logTime": "1124/224112", "correlationVector":"1hMeNY5J6rPxVKKx80WFir.1","action":"SyncServerConnectionManagerRequest", "result":"SYNC_SERVER_OK", "context":{"environment":"Prod_SoutheastAsia_000j", "migrationStage":"NotStarted", "server":"GENERAL01000012"}}
{"logTime": "1124/224112", "correlationVector":"1hMeNY5J6rPxVKKx80WFir.2","action":"Commit Response", "result":"Success", "context":Result: Success. cV=1hMeNY5J6rPxVKKx80WFir.0;server=GENERAL01000012;cloudType=Consumer;environment=Prod_SoutheastAsia_000j;migrationStage=NotStarted}
{"logTime": "1124/224329", "correlationVector":"qHv+zhPLy2hlHlBzA5fSIP","action":"Commit Request", "result":"", "context":Item count: 2
Contributing types: Sessions}
{"logTime": "1124/224330", "correlationVector":"qHv+zhPLy2hlHlBzA5fSIP.1","action":"SyncServerConnectionManagerRequest", "result":"SYNC_SERVER_OK", "context":{"environment":"Prod_SoutheastAsia_000j", "migrationStage":"NotStarted", "server":"GENERAL0100000B"}}
{"logTime": "1124/224330", "correlationVector":"qHv+zhPLy2hlHlBzA5fSIP.3","action":"Commit.Sessions", "result":"Success", "context":{"id":"c80e538c-31c8-4bfd-a103-c1d9f4271375", "isDeleted":"true", "size":"0", "version":"1732488072058"}}
{"logTime": "1124/224330", "correlationVector":"qHv+zhPLy2hlHlBzA5fSIP.2","action":"Commit Response", "result":"Success", "context":Result: Success. cV=qHv+zhPLy2hlHlBzA5fSIP.0;server=GENERAL0100000B;cloudType=Consumer;environment=Prod_SoutheastAsia_000j;migrationStage=NotStarted}
{"logTime": "1124/224536", "correlationVector":"60Pyu9FDfbcgPI9G1KU6VL","action":"Commit Request", "result":"", "context":Item count: 4
Contributing types: Sessions}
{"logTime": "1124/224536", "correlationVector":"60Pyu9FDfbcgPI9G1KU6VL.1","action":"SyncServerConnectionManagerRequest", "result":"SYNC_SERVER_OK", "context":{"environment":"Prod_SoutheastAsia_000j", "migrationStage":"NotStarted", "server":"GENERAL0300000I"}}
{"logTime": "1124/224536", "correlationVector":"60Pyu9FDfbcgPI9G1KU6VL.2","action":"Commit Response", "result":"Success", "context":Result: Success. cV=60Pyu9FDfbcgPI9G1KU6VL.0;server=GENERAL0300000I;cloudType=Consumer;environment=Prod_SoutheastAsia_000j;migrationStage=NotStarted}
{"logTime": "1124/224707", "correlationVector":"smVfCn5Yj+26tz7+wBPi76","action":"Commit Request", "result":"", "context":Item count: 2
Contributing types: Sessions}
{"logTime": "1124/224708", "correlationVector":"smVfCn5Yj+26tz7+wBPi76.1","action":"SyncServerConnectionManagerRequest", "result":"SYNC_SERVER_OK", "context":{"environment":"Prod_SoutheastAsia_000j", "migrationStage":"NotStarted", "server":"GENERAL0100000B"}}
{"logTime": "1124/224708", "correlationVector":"smVfCn5Yj+26tz7+wBPi76.3","action":"Commit.Sessions", "result":"Success", "context":{"id":"25db9a39-a689-4489-aed9-41c1810deb8c", "isDeleted":"true", "size":"0", "version":"1732488336395"}}
{"logTime": "1124/224708", "correlationVector":"smVfCn5Yj+26tz7+wBPi76.2","action":"Commit Response", "result":"Success", "context":Result: Success. cV=smVfCn5Yj+26tz7+wBPi76.0;server=GENERAL0100000B;cloudType=Consumer;environment=Prod_SoutheastAsia_000j;migrationStage=NotStarted}
{"logTime": "1124/224732", "correlationVector":"w29JhrOD41zbDjwS9Vuan7","action":"Commit Request", "result":"", "context":Item count: 1
Contributing types: Preferences}
{"logTime": "1124/224732", "correlationVector":"w29JhrOD41zbDjwS9Vuan7.1","action":"SyncServerConnectionManagerRequest", "result":"SYNC_SERVER_OK", "context":{"environment":"Prod_SoutheastAsia_000j", "migrationStage":"NotStarted", "server":"GENERAL0300001M"}}
{"logTime": "1124/224732", "correlationVector":"w29JhrOD41zbDjwS9Vuan7.2","action":"Commit Response", "result":"Success", "context":Result: Success. cV=w29JhrOD41zbDjwS9Vuan7.0;server=GENERAL0300001M;cloudType=Consumer;environment=Prod_SoutheastAsia_000j;migrationStage=NotStarted}
{"logTime": "1124/224923", "correlationVector":"MSsYSxZ+UBJUru3Q3zFUKF","action":"Commit Request", "result":"", "context":Item count: 1
Contributing types: Sessions}
{"logTime": "1124/224923", "correlationVector":"MSsYSxZ+UBJUru3Q3zFUKF.1","action":"SyncServerConnectionManagerRequest", "result":"SYNC_SERVER_OK", "context":{"environment":"Prod_SoutheastAsia_000j", "migrationStage":"NotStarted", "server":"GENERAL0300002E"}}
{"logTime": "1124/224923", "correlationVector":"MSsYSxZ+UBJUru3Q3zFUKF.2","action":"Commit Response", "result":"Success", "context":Result: Success. cV=MSsYSxZ+UBJUru3Q3zFUKF.0;server=GENERAL0300002E;cloudType=Consumer;environment=Prod_SoutheastAsia_000j;migrationStage=NotStarted}
{"logTime": "1124/225057", "correlationVector":"37Kpb5lnIjYRS7sQj20+Zv","action":"Commit Request", "result":"", "context":Item count: 4
Contributing types: Sessions, Device Info}
{"logTime": "1124/225058", "correlationVector":"37Kpb5lnIjYRS7sQj20+Zv.1","action":"SyncServerConnectionManagerRequest", "result":"SYNC_SERVER_OK", "context":{"environment":"Prod_SoutheastAsia_000j", "migrationStage":"NotStarted", "server":"GENERAL0300000E"}}
{"logTime": "1124/225058", "correlationVector":"37Kpb5lnIjYRS7sQj20+Zv.2","action":"Commit Response", "result":"Success", "context":Result: Success. cV=37Kpb5lnIjYRS7sQj20+Zv.0;server=GENERAL0300000E;cloudType=Consumer;environment=Prod_SoutheastAsia_000j;migrationStage=NotStarted}
{"logTime": "1124/225257", "correlationVector":"X5gnEoNQvqxiBtt3fznzGN","action":"Commit Request", "result":"", "context":Item count: 3
Contributing types: Sessions}
{"logTime": "1124/225257", "correlationVector":"X5gnEoNQvqxiBtt3fznzGN.1","action":"SyncServerConnectionManagerRequest", "result":"SYNC_SERVER_OK", "context":{"environment":"Prod_SoutheastAsia_000j", "migrationStage":"NotStarted", "server":"GENERAL01000004"}}
{"logTime": "1124/225257", "correlationVector":"X5gnEoNQvqxiBtt3fznzGN.2","action":"Commit Response", "result":"Success", "context":Result: Success. cV=X5gnEoNQvqxiBtt3fznzGN.0;server=GENERAL01000004;cloudType=Consumer;environment=Prod_SoutheastAsia_000j;migrationStage=NotStarted}
{"logTime": "1124/225407", "correlationVector":"cq725eUCO/jQYe/tg4CWJr","action":"Commit Request", "result":"", "context":Item count: 2
Contributing types: Sessions}
{"logTime": "1124/225407", "correlationVector":"cq725eUCO/jQYe/tg4CWJr.1","action":"SyncServerConnectionManagerRequest", "result":"SYNC_SERVER_OK", "context":{"environment":"Prod_SoutheastAsia_000j", "migrationStage":"NotStarted", "server":"GENERAL0100001L"}}
{"logTime": "1124/225407", "correlationVector":"cq725eUCO/jQYe/tg4CWJr.2","action":"Commit Response", "result":"Success", "context":Result: Success. cV=cq725eUCO/jQYe/tg4CWJr.0;server=GENERAL0100001L;cloudType=Consumer;environment=Prod_SoutheastAsia_000j;migrationStage=NotStarted}
{"logTime": "1124/225912", "correlationVector":"FtOKImWBOM0FatS+9z6Dpa","action":"Commit Request", "result":"", "context":Item count: 3
Contributing types: Sessions}
{"logTime": "1124/225912", "correlationVector":"FtOKImWBOM0FatS+9z6Dpa.1","action":"SyncServerConnectionManagerRequest", "result":"SYNC_SERVER_OK", "context":{"environment":"Prod_SoutheastAsia_000j", "migrationStage":"NotStarted", "server":"GENERAL0300001P"}}
{"logTime": "1124/225912", "correlationVector":"FtOKImWBOM0FatS+9z6Dpa.2","action":"Commit Response", "result":"Success", "context":Result: Success. cV=FtOKImWBOM0FatS+9z6Dpa.0;server=GENERAL0300001P;cloudType=Consumer;environment=Prod_SoutheastAsia_000j;migrationStage=NotStarted}
{"logTime": "1124/230023", "correlationVector":"TO0P88JJvcTxZKxsnLcokH","action":"Commit Request", "result":"", "context":Item count: 1
Contributing types: Sessions}
{"logTime": "1124/230024", "correlationVector":"TO0P88JJvcTxZKxsnLcokH.1","action":"SyncServerConnectionManagerRequest", "result":"SYNC_SERVER_OK", "context":{"environment":"Prod_SoutheastAsia_000j", "migrationStage":"NotStarted", "server":"GENERAL0300002E"}}
{"logTime": "1124/230024", "correlationVector":"TO0P88JJvcTxZKxsnLcokH.2","action":"Commit Response", "result":"Success", "context":Result: Success. cV=TO0P88JJvcTxZKxsnLcokH.0;server=GENERAL0300002E;cloudType=Consumer;environment=Prod_SoutheastAsia_000j;migrationStage=NotStarted}
{"logTime": "1124/230320", "correlationVector":"UuOMgKJspbbeKEd1/yN7XN","action":"Commit Request", "result":"", "context":Item count: 1
Contributing types: Device Info}
{"logTime": "1124/230322", "correlationVector":"UuOMgKJspbbeKEd1/yN7XN.1","action":"SyncServerConnectionManagerRequest", "result":"SYNC_SERVER_OK", "context":{"environment":"Prod_SoutheastAsia_000j", "migrationStage":"NotStarted", "server":"GENERAL01000000"}}
{"logTime": "1124/230322", "correlationVector":"UuOMgKJspbbeKEd1/yN7XN.2","action":"Commit Response", "result":"Success", "context":Result: Success. cV=UuOMgKJspbbeKEd1/yN7XN.0;server=GENERAL01000000;cloudType=Consumer;environment=Prod_SoutheastAsia_000j;migrationStage=NotStarted}
{"logTime": "1124/234904", "correlationVector":"A4x2he43exBXFD+fHd31tR","action":"Commit Request", "result":"", "context":Item count: 1
Contributing types: Device Info}
{"logTime": "1124/234904", "correlationVector":"A4x2he43exBXFD+fHd31tR","action":"SyncServerConnectionManagerRequest", "result":"CONNECTION_UNAVAILABLE", "context":{"error_type":"net_error_code", "error_value":"-21"}}
{"logTime": "1124/234904", "correlationVector":"mxqiDClyNw9ehDM9da0g/7.0","action":"Commit Response", "result":"Network error (ERR_NETWORK_CHANGED)", "context":Result: Network error (ERR_NETWORK_CHANGED). }
{"logTime": "1124/234908", "correlationVector":"pG1DvsX0rtp4BATrhzgDsY","action":"Commit Request", "result":"", "context":Item count: 1
Contributing types: Device Info}
{"logTime": "1124/234909", "correlationVector":"pG1DvsX0rtp4BATrhzgDsY.1","action":"SyncServerConnectionManagerRequest", "result":"SYNC_SERVER_OK", "context":{"environment":"Prod_SoutheastAsia_000j", "migrationStage":"NotStarted", "server":"GENERAL0300001P"}}
{"logTime": "1124/234909", "correlationVector":"pG1DvsX0rtp4BATrhzgDsY.2","action":"Commit Response", "result":"Success", "context":Result: Success. cV=pG1DvsX0rtp4BATrhzgDsY.0;server=GENERAL0300001P;cloudType=Consumer;environment=Prod_SoutheastAsia_000j;migrationStage=NotStarted}
{"logTime": "1124/234910", "correlationVector":"aaVmEYsoI5B/kh5kbdgLGQ","action":"Commit Request", "result":"", "context":Item count: 1
Contributing types: Device Info}
{"logTime": "1124/234911", "correlationVector":"aaVmEYsoI5B/kh5kbdgLGQ.1","action":"SyncServerConnectionManagerRequest", "result":"SYNC_SERVER_OK", "context":{"environment":"Prod_SoutheastAsia_000j", "migrationStage":"NotStarted", "server":"GENERAL0300001W"}}
{"logTime": "1124/234911", "correlationVector":"aaVmEYsoI5B/kh5kbdgLGQ.2","action":"Commit Response", "result":"Success", "context":Result: Success. cV=aaVmEYsoI5B/kh5kbdgLGQ.0;server=GENERAL0300001W;cloudType=Consumer;environment=Prod_SoutheastAsia_000j;migrationStage=NotStarted}
{"logTime": "1124/234930", "correlationVector":"3uONzbarFRxplRdaERM7gI","action":"Commit Request", "result":"", "context":Item count: 1
Contributing types: Device Info}
{"logTime": "1124/234931", "correlationVector":"3uONzbarFRxplRdaERM7gI.1","action":"SyncServerConnectionManagerRequest", "result":"SYNC_SERVER_OK", "context":{"environment":"Prod_SoutheastAsia_000j", "migrationStage":"NotStarted", "server":"GENERAL01000008"}}
{"logTime": "1124/234931", "correlationVector":"3uONzbarFRxplRdaERM7gI.2","action":"Commit Response", "result":"Success", "context":Result: Success. cV=3uONzbarFRxplRdaERM7gI.0;server=GENERAL01000008;cloudType=Consumer;environment=Prod_SoutheastAsia_000j;migrationStage=NotStarted}
{"logTime": "1124/234935", "correlationVector":"ZbvELwZpYAhl5XJHGHfwXO","action":"Commit Request", "result":"", "context":Item count: 1
Contributing types: Device Info}
{"logTime": "1124/234937", "correlationVector":"ZbvELwZpYAhl5XJHGHfwXO.1","action":"SyncServerConnectionManagerRequest", "result":"SYNC_SERVER_OK", "context":{"environment":"Prod_SoutheastAsia_000j", "migrationStage":"NotStarted", "server":"GENERAL0300001V"}}
{"logTime": "1124/234937", "correlationVector":"ZbvELwZpYAhl5XJHGHfwXO.2","action":"Commit Response", "result":"Success", "context":Result: Success. cV=ZbvELwZpYAhl5XJHGHfwXO.0;server=GENERAL0300001V;cloudType=Consumer;environment=Prod_SoutheastAsia_000j;migrationStage=NotStarted}
