2025-01-05 00:52:30.846 [warning] Via 'product.json#extensionEnabledApiProposals' extension 'ms-vscode.vscode-selfhost-test-provider' wants API proposal 'attributableCoverage' but that proposal DOES NOT EXIST. Likely, the proposal has been finalized (check 'vscode.d.ts') or was abandoned.
2025-01-05 00:52:30.878 [warning] Via 'product.json#extensionEnabledApiProposals' extension 'ms-python.python' wants API proposal 'contribIssueReporter' but that proposal DOES NOT EXIST. Likely, the proposal has been finalized (check 'vscode.d.ts') or was abandoned.
2025-01-05 00:52:30.878 [warning] Via 'product.json#extensionEnabledApiProposals' extension 'ms-python.debugpy' wants API proposal 'contribIssueReporter' but that proposal DOES NOT EXIST. Likely, the proposal has been finalized (check 'vscode.d.ts') or was abandoned.
2025-01-05 00:52:31.327 [info] Started local extension host with pid 501787.
2025-01-05 00:52:31.448 [info] Started initializing default profile extensions in extensions installation folder. file:///home/shri/.vscode/extensions
2025-01-05 00:52:31.716 [info] Completed initializing default profile extensions in extensions installation folder. file:///home/shri/.vscode/extensions
2025-01-05 00:52:32.306 [info] Settings Sync: Account status changed from uninitialized to unavailable
2025-01-05 00:52:38.385 [info] [perf] Render performance baseline is 41ms
2025-01-05 00:57:13.713 [warning] Via 'product.json#extensionEnabledApiProposals' extension 'ms-vscode.vscode-selfhost-test-provider' wants API proposal 'attributableCoverage' but that proposal DOES NOT EXIST. Likely, the proposal has been finalized (check 'vscode.d.ts') or was abandoned.
2025-01-05 00:57:13.714 [warning] Via 'product.json#extensionEnabledApiProposals' extension 'ms-python.python' wants API proposal 'contribIssueReporter' but that proposal DOES NOT EXIST. Likely, the proposal has been finalized (check 'vscode.d.ts') or was abandoned.
2025-01-05 00:57:13.715 [warning] Via 'product.json#extensionEnabledApiProposals' extension 'ms-python.debugpy' wants API proposal 'contribIssueReporter' but that proposal DOES NOT EXIST. Likely, the proposal has been finalized (check 'vscode.d.ts') or was abandoned.
2025-01-05 00:57:14.060 [info] Started local extension host with pid 511322.
2025-01-05 00:57:15.662 [warning] Authentication provider github was not declared in the Extension Manifest.
2025-01-05 00:57:16.303 [info] Invoking resolveAuthority(codespaces)...
2025-01-05 00:57:16.303 [info] [LocalProcess0][resolveAuthority(codespaces,1)][0ms] obtaining proxy...
2025-01-05 00:57:16.304 [info] [LocalProcess0][resolveAuthority(codespaces,1)][0ms] invoking...
2025-01-05 00:57:17.304 [info] [LocalProcess0][resolveAuthority(codespaces,1)][1000ms] waiting...
2025-01-05 00:57:18.304 [info] [LocalProcess0][resolveAuthority(codespaces,1)][2000ms] waiting...
2025-01-05 00:57:19.304 [info] [LocalProcess0][resolveAuthority(codespaces,1)][3000ms] waiting...
2025-01-05 00:57:20.304 [info] [LocalProcess0][resolveAuthority(codespaces,1)][4000ms] waiting...
2025-01-05 00:57:21.304 [info] [LocalProcess0][resolveAuthority(codespaces,1)][5000ms] waiting...
2025-01-05 00:57:22.304 [info] [LocalProcess0][resolveAuthority(codespaces,1)][6000ms] waiting...
2025-01-05 00:57:23.304 [info] [LocalProcess0][resolveAuthority(codespaces,1)][7000ms] waiting...
2025-01-05 00:57:24.304 [info] [LocalProcess0][resolveAuthority(codespaces,1)][8000ms] waiting...
2025-01-05 00:57:25.304 [info] [LocalProcess0][resolveAuthority(codespaces,1)][9000ms] waiting...
2025-01-05 00:57:26.304 [info] [LocalProcess0][resolveAuthority(codespaces,1)][10000ms] waiting...
2025-01-05 00:57:27.304 [info] [LocalProcess0][resolveAuthority(codespaces,1)][11000ms] waiting...
2025-01-05 00:57:28.304 [info] [LocalProcess0][resolveAuthority(codespaces,1)][12000ms] waiting...
2025-01-05 00:57:29.305 [info] [LocalProcess0][resolveAuthority(codespaces,1)][13000ms] waiting...
2025-01-05 00:57:30.304 [info] [LocalProcess0][resolveAuthority(codespaces,1)][14000ms] waiting...
2025-01-05 00:57:31.304 [info] [LocalProcess0][resolveAuthority(codespaces,1)][15000ms] waiting...
2025-01-05 00:57:32.304 [info] [LocalProcess0][resolveAuthority(codespaces,1)][16000ms] waiting...
2025-01-05 00:57:33.304 [info] [LocalProcess0][resolveAuthority(codespaces,1)][17000ms] waiting...
2025-01-05 00:57:34.304 [info] [LocalProcess0][resolveAuthority(codespaces,1)][18000ms] waiting...
2025-01-05 00:57:35.304 [info] [LocalProcess0][resolveAuthority(codespaces,1)][19000ms] waiting...
2025-01-05 00:57:36.304 [info] [LocalProcess0][resolveAuthority(codespaces,1)][20000ms] waiting...
2025-01-05 00:57:37.304 [info] [LocalProcess0][resolveAuthority(codespaces,1)][21000ms] waiting...
2025-01-05 00:57:38.304 [info] [LocalProcess0][resolveAuthority(codespaces,1)][22000ms] waiting...
2025-01-05 00:57:39.305 [info] [LocalProcess0][resolveAuthority(codespaces,1)][23000ms] waiting...
2025-01-05 00:57:40.304 [info] [LocalProcess0][resolveAuthority(codespaces,1)][24000ms] waiting...
2025-01-05 00:57:41.305 [info] [LocalProcess0][resolveAuthority(codespaces,1)][25000ms] waiting...
2025-01-05 00:57:42.304 [info] [LocalProcess0][resolveAuthority(codespaces,1)][26000ms] waiting...
2025-01-05 00:57:43.304 [info] [LocalProcess0][resolveAuthority(codespaces,1)][27000ms] waiting...
2025-01-05 00:57:44.305 [info] [LocalProcess0][resolveAuthority(codespaces,1)][28000ms] waiting...
2025-01-05 00:57:45.304 [info] [LocalProcess0][resolveAuthority(codespaces,1)][29000ms] waiting...
2025-01-05 00:57:46.304 [info] [LocalProcess0][resolveAuthority(codespaces,1)][30000ms] waiting...
2025-01-05 00:57:47.304 [info] [LocalProcess0][resolveAuthority(codespaces,1)][31000ms] waiting...
2025-01-05 00:57:48.304 [info] [LocalProcess0][resolveAuthority(codespaces,1)][32000ms] waiting...
2025-01-05 00:57:49.304 [info] [LocalProcess0][resolveAuthority(codespaces,1)][33000ms] waiting...
2025-01-05 00:57:50.304 [info] [LocalProcess0][resolveAuthority(codespaces,1)][34000ms] waiting...
2025-01-05 00:57:51.304 [info] [LocalProcess0][resolveAuthority(codespaces,1)][35000ms] waiting...
2025-01-05 00:57:52.304 [info] [LocalProcess0][resolveAuthority(codespaces,1)][36000ms] waiting...
2025-01-05 00:57:53.304 [info] [LocalProcess0][resolveAuthority(codespaces,1)][37000ms] waiting...
2025-01-05 00:57:54.304 [info] [LocalProcess0][resolveAuthority(codespaces,1)][38000ms] waiting...
2025-01-05 00:57:55.304 [info] [LocalProcess0][resolveAuthority(codespaces,1)][39000ms] waiting...
2025-01-05 00:57:56.305 [info] [LocalProcess0][resolveAuthority(codespaces,1)][40000ms] waiting...
2025-01-05 00:57:57.304 [info] [LocalProcess0][resolveAuthority(codespaces,1)][41000ms] waiting...
2025-01-05 00:57:58.304 [info] [LocalProcess0][resolveAuthority(codespaces,1)][42000ms] waiting...
2025-01-05 00:57:59.304 [info] [LocalProcess0][resolveAuthority(codespaces,1)][43000ms] waiting...
2025-01-05 00:58:00.304 [info] [LocalProcess0][resolveAuthority(codespaces,1)][44000ms] waiting...
2025-01-05 00:58:01.304 [info] [LocalProcess0][resolveAuthority(codespaces,1)][45000ms] waiting...
2025-01-05 00:58:02.304 [info] [LocalProcess0][resolveAuthority(codespaces,1)][46000ms] waiting...
2025-01-05 00:58:03.304 [info] [LocalProcess0][resolveAuthority(codespaces,1)][47000ms] waiting...
2025-01-05 00:58:04.304 [info] [LocalProcess0][resolveAuthority(codespaces,1)][48000ms] waiting...
2025-01-05 00:58:05.304 [info] [LocalProcess0][resolveAuthority(codespaces,1)][49000ms] waiting...
2025-01-05 00:58:06.304 [info] [LocalProcess0][resolveAuthority(codespaces,1)][50000ms] waiting...
2025-01-05 00:58:07.304 [info] [LocalProcess0][resolveAuthority(codespaces,1)][51000ms] waiting...
2025-01-05 00:58:08.304 [info] [LocalProcess0][resolveAuthority(codespaces,1)][52000ms] waiting...
2025-01-05 00:58:09.304 [info] [LocalProcess0][resolveAuthority(codespaces,1)][53000ms] waiting...
2025-01-05 00:58:10.304 [info] [LocalProcess0][resolveAuthority(codespaces,1)][54000ms] waiting...
2025-01-05 00:58:11.304 [info] [LocalProcess0][resolveAuthority(codespaces,1)][55000ms] waiting...
2025-01-05 00:58:12.304 [info] [LocalProcess0][resolveAuthority(codespaces,1)][56000ms] waiting...
2025-01-05 00:58:13.304 [info] [LocalProcess0][resolveAuthority(codespaces,1)][57000ms] waiting...
2025-01-05 00:58:14.304 [info] [LocalProcess0][resolveAuthority(codespaces,1)][58000ms] waiting...
2025-01-05 00:58:15.304 [info] [LocalProcess0][resolveAuthority(codespaces,1)][59000ms] waiting...
2025-01-05 00:58:16.304 [info] [LocalProcess0][resolveAuthority(codespaces,1)][60000ms] waiting...
2025-01-05 00:58:17.305 [info] [LocalProcess0][resolveAuthority(codespaces,1)][61000ms] waiting...
2025-01-05 00:58:18.304 [info] [LocalProcess0][resolveAuthority(codespaces,1)][62000ms] waiting...
2025-01-05 00:58:19.304 [info] [LocalProcess0][resolveAuthority(codespaces,1)][63000ms] waiting...
2025-01-05 00:58:20.304 [info] [LocalProcess0][resolveAuthority(codespaces,1)][64000ms] waiting...
2025-01-05 00:58:21.304 [info] [LocalProcess0][resolveAuthority(codespaces,1)][65000ms] waiting...
2025-01-05 00:58:22.304 [info] [LocalProcess0][resolveAuthority(codespaces,1)][66000ms] waiting...
2025-01-05 00:58:23.304 [info] [LocalProcess0][resolveAuthority(codespaces,1)][67000ms] waiting...
2025-01-05 00:58:24.304 [info] [LocalProcess0][resolveAuthority(codespaces,1)][68000ms] waiting...
2025-01-05 00:58:25.304 [info] [LocalProcess0][resolveAuthority(codespaces,1)][69000ms] waiting...
2025-01-05 00:58:26.304 [info] [LocalProcess0][resolveAuthority(codespaces,1)][70000ms] waiting...
2025-01-05 00:58:27.304 [info] [LocalProcess0][resolveAuthority(codespaces,1)][71000ms] waiting...
2025-01-05 00:58:28.304 [info] [LocalProcess0][resolveAuthority(codespaces,1)][72000ms] waiting...
2025-01-05 00:58:29.304 [info] [LocalProcess0][resolveAuthority(codespaces,1)][73000ms] waiting...
2025-01-05 00:58:30.304 [info] [LocalProcess0][resolveAuthority(codespaces,1)][74000ms] waiting...
2025-01-05 00:58:31.304 [info] [LocalProcess0][resolveAuthority(codespaces,1)][75000ms] waiting...
2025-01-05 00:58:32.304 [info] [LocalProcess0][resolveAuthority(codespaces,1)][76000ms] waiting...
2025-01-05 00:58:33.304 [info] [LocalProcess0][resolveAuthority(codespaces,1)][77000ms] waiting...
2025-01-05 00:58:34.304 [info] [LocalProcess0][resolveAuthority(codespaces,1)][78000ms] waiting...
2025-01-05 00:58:35.304 [info] [LocalProcess0][resolveAuthority(codespaces,1)][79000ms] waiting...
2025-01-05 00:58:36.304 [info] [LocalProcess0][resolveAuthority(codespaces,1)][80000ms] waiting...
2025-01-05 00:58:37.304 [info] [LocalProcess0][resolveAuthority(codespaces,1)][81000ms] waiting...
2025-01-05 00:58:38.304 [info] [LocalProcess0][resolveAuthority(codespaces,1)][82000ms] waiting...
2025-01-05 00:58:39.304 [info] [LocalProcess0][resolveAuthority(codespaces,1)][83000ms] waiting...
2025-01-05 00:58:40.304 [info] [LocalProcess0][resolveAuthority(codespaces,1)][84000ms] waiting...
2025-01-05 00:58:41.304 [info] [LocalProcess0][resolveAuthority(codespaces,1)][85000ms] waiting...
2025-01-05 00:58:42.304 [info] [LocalProcess0][resolveAuthority(codespaces,1)][86000ms] waiting...
2025-01-05 00:58:43.304 [info] [LocalProcess0][resolveAuthority(codespaces,1)][87000ms] waiting...
2025-01-05 00:58:44.304 [info] [LocalProcess0][resolveAuthority(codespaces,1)][88000ms] waiting...
2025-01-05 00:58:45.304 [info] [LocalProcess0][resolveAuthority(codespaces,1)][89000ms] waiting...
2025-01-05 00:58:46.304 [info] [LocalProcess0][resolveAuthority(codespaces,1)][90000ms] waiting...
2025-01-05 00:58:47.304 [info] [LocalProcess0][resolveAuthority(codespaces,1)][91000ms] waiting...
2025-01-05 00:58:48.304 [info] [LocalProcess0][resolveAuthority(codespaces,1)][92000ms] waiting...
2025-01-05 00:58:49.304 [info] [LocalProcess0][resolveAuthority(codespaces,1)][93000ms] waiting...
2025-01-05 00:58:50.304 [info] [LocalProcess0][resolveAuthority(codespaces,1)][94000ms] waiting...
2025-01-05 00:58:51.304 [info] [LocalProcess0][resolveAuthority(codespaces,1)][95000ms] waiting...
2025-01-05 00:58:52.304 [info] [LocalProcess0][resolveAuthority(codespaces,1)][96000ms] waiting...
2025-01-05 00:58:53.304 [info] [LocalProcess0][resolveAuthority(codespaces,1)][97000ms] waiting...
2025-01-05 00:58:54.304 [info] [LocalProcess0][resolveAuthority(codespaces,1)][98000ms] waiting...
2025-01-05 00:58:55.304 [info] [LocalProcess0][resolveAuthority(codespaces,1)][99000ms] waiting...
2025-01-05 00:58:56.304 [info] [LocalProcess0][resolveAuthority(codespaces,1)][100000ms] waiting...
2025-01-05 00:58:57.304 [info] [LocalProcess0][resolveAuthority(codespaces,1)][101000ms] waiting...
2025-01-05 00:58:58.304 [info] [LocalProcess0][resolveAuthority(codespaces,1)][102000ms] waiting...
2025-01-05 00:58:59.305 [info] [LocalProcess0][resolveAuthority(codespaces,1)][103000ms] waiting...
2025-01-05 00:59:00.304 [info] [LocalProcess0][resolveAuthority(codespaces,1)][104000ms] waiting...
2025-01-05 00:59:01.304 [info] [LocalProcess0][resolveAuthority(codespaces,1)][105000ms] waiting...
2025-01-05 00:59:02.305 [info] [LocalProcess0][resolveAuthority(codespaces,1)][106001ms] waiting...
2025-01-05 00:59:03.304 [info] [LocalProcess0][resolveAuthority(codespaces,1)][107000ms] waiting...
2025-01-05 00:59:04.304 [info] [LocalProcess0][resolveAuthority(codespaces,1)][108000ms] waiting...
2025-01-05 00:59:05.304 [info] [LocalProcess0][resolveAuthority(codespaces,1)][109000ms] waiting...
2025-01-05 00:59:06.304 [info] [LocalProcess0][resolveAuthority(codespaces,1)][110000ms] waiting...
2025-01-05 00:59:07.304 [info] [LocalProcess0][resolveAuthority(codespaces,1)][111000ms] waiting...
2025-01-05 00:59:08.304 [info] [LocalProcess0][resolveAuthority(codespaces,1)][112000ms] waiting...
2025-01-05 00:59:09.304 [info] [LocalProcess0][resolveAuthority(codespaces,1)][113000ms] waiting...
2025-01-05 00:59:10.305 [info] [LocalProcess0][resolveAuthority(codespaces,1)][114000ms] waiting...
2025-01-05 00:59:11.304 [info] [LocalProcess0][resolveAuthority(codespaces,1)][115000ms] waiting...
2025-01-05 00:59:12.304 [info] [LocalProcess0][resolveAuthority(codespaces,1)][116000ms] waiting...
2025-01-05 00:59:13.304 [info] [LocalProcess0][resolveAuthority(codespaces,1)][117000ms] waiting...
2025-01-05 00:59:14.304 [info] [LocalProcess0][resolveAuthority(codespaces,1)][118000ms] waiting...
2025-01-05 00:59:15.304 [info] [LocalProcess0][resolveAuthority(codespaces,1)][119000ms] waiting...
2025-01-05 00:59:16.304 [info] [LocalProcess0][resolveAuthority(codespaces,1)][120000ms] waiting...
2025-01-05 00:59:17.304 [info] [LocalProcess0][resolveAuthority(codespaces,1)][121000ms] waiting...
2025-01-05 00:59:18.304 [info] [LocalProcess0][resolveAuthority(codespaces,1)][122000ms] waiting...
2025-01-05 00:59:19.304 [info] [LocalProcess0][resolveAuthority(codespaces,1)][123000ms] waiting...
2025-01-05 00:59:20.304 [info] [LocalProcess0][resolveAuthority(codespaces,1)][124000ms] waiting...
2025-01-05 00:59:21.304 [info] [LocalProcess0][resolveAuthority(codespaces,1)][125000ms] waiting...
2025-01-05 00:59:22.304 [info] [LocalProcess0][resolveAuthority(codespaces,1)][126000ms] waiting...
2025-01-05 00:59:23.304 [info] [LocalProcess0][resolveAuthority(codespaces,1)][127000ms] waiting...
2025-01-05 00:59:24.304 [info] [LocalProcess0][resolveAuthority(codespaces,1)][128000ms] waiting...
2025-01-05 00:59:25.304 [info] [LocalProcess0][resolveAuthority(codespaces,1)][129000ms] waiting...
2025-01-05 00:59:26.304 [info] [LocalProcess0][resolveAuthority(codespaces,1)][130000ms] waiting...
2025-01-05 00:59:27.304 [info] [LocalProcess0][resolveAuthority(codespaces,1)][131000ms] waiting...
2025-01-05 00:59:28.304 [info] [LocalProcess0][resolveAuthority(codespaces,1)][132000ms] waiting...
2025-01-05 00:59:29.304 [info] [LocalProcess0][resolveAuthority(codespaces,1)][133000ms] waiting...
2025-01-05 00:59:30.304 [info] [LocalProcess0][resolveAuthority(codespaces,1)][134000ms] waiting...
2025-01-05 00:59:31.304 [info] [LocalProcess0][resolveAuthority(codespaces,1)][135000ms] waiting...
2025-01-05 00:59:32.304 [info] [LocalProcess0][resolveAuthority(codespaces,1)][136000ms] waiting...
2025-01-05 00:59:33.304 [info] [LocalProcess0][resolveAuthority(codespaces,1)][137000ms] waiting...
2025-01-05 00:59:34.304 [info] [LocalProcess0][resolveAuthority(codespaces,1)][138000ms] waiting...
2025-01-05 00:59:35.304 [info] [LocalProcess0][resolveAuthority(codespaces,1)][139000ms] waiting...
2025-01-05 00:59:36.304 [info] [LocalProcess0][resolveAuthority(codespaces,1)][140000ms] waiting...
2025-01-05 00:59:37.304 [info] [LocalProcess0][resolveAuthority(codespaces,1)][141000ms] waiting...
2025-01-05 00:59:38.304 [info] [LocalProcess0][resolveAuthority(codespaces,1)][142000ms] waiting...
2025-01-05 00:59:39.304 [info] [LocalProcess0][resolveAuthority(codespaces,1)][143000ms] waiting...
2025-01-05 00:59:40.305 [info] [LocalProcess0][resolveAuthority(codespaces,1)][144001ms] waiting...
2025-01-05 00:59:41.304 [info] [LocalProcess0][resolveAuthority(codespaces,1)][145000ms] waiting...
2025-01-05 00:59:42.304 [info] [LocalProcess0][resolveAuthority(codespaces,1)][146000ms] waiting...
2025-01-05 00:59:43.169 [info] [LocalProcess0][resolveAuthority(codespaces,1)][146866ms] returned WebSocket(127.0.0.1:41335)
2025-01-05 00:59:43.170 [info] resolveAuthority(codespaces) returned 'WebSocket(127.0.0.1:41335)' after 146867 ms
2025-01-05 00:59:43.173 [info] Creating a socket (renderer-Management-50c362c7-98ad-4b72-b557-2711004e09bb)...
2025-01-05 00:59:43.174 [info] Creating a socket (renderer-ExtensionHost-7655b520-f46a-4c24-b1a7-b698e5193e2e)...
2025-01-05 00:59:43.336 [info] Creating a socket (renderer-Management-50c362c7-98ad-4b72-b557-2711004e09bb) was successful after 163 ms.
2025-01-05 00:59:43.439 [info] Creating a socket (renderer-ExtensionHost-7655b520-f46a-4c24-b1a7-b698e5193e2e) was successful after 265 ms.
2025-01-05 01:00:08.284 [info] Settings Sync: Account status changed from uninitialized to unavailable
2025-01-05 01:00:09.048 [info] [perf] Render performance baseline is 41ms
2025-01-05 01:00:47.051 [error] [network] #14: https://marketplace.visualstudio.com/_apis/public/gallery/extensionquery - error POST Canceled
2025-01-05 01:01:46.717 [error] ENOENT: no such file or directory, open '/home/shri/.config/Code/User/globalStorage/vscodevim.vim/.registers': Error: ENOENT: no such file or directory, open '/home/shri/.config/Code/User/globalStorage/vscodevim.vim/.registers'
2025-01-05 01:01:49.758 [info] [remote-connection][Management   ][50c36…][reconnect] received socket close event (wasClean: false, code: 1006, reason: ).
2025-01-05 01:01:49.758 [error] {"isTrusted":true}
2025-01-05 01:01:49.759 [info] [remote-connection][Management   ][50c36…][reconnect] starting reconnecting loop. You can get more information with the trace log level.
2025-01-05 01:01:49.762 [info] [remote-connection][Management   ][50c36…][reconnect] resolving connection...
2025-01-05 01:01:49.763 [info] Invoking resolveAuthority(codespaces)...
2025-01-05 01:01:49.763 [info] [LocalProcess0][resolveAuthority(codespaces,2)][0ms] obtaining proxy...
2025-01-05 01:01:49.764 [info] [LocalProcess0][resolveAuthority(codespaces,2)][0ms] invoking...
2025-01-05 01:01:49.764 [info] [remote-connection][ExtensionHost][7655b…][reconnect] received socket close event (wasClean: false, code: 1006, reason: ).
2025-01-05 01:01:49.765 [error] {"isTrusted":true}
2025-01-05 01:01:49.765 [info] [remote-connection][ExtensionHost][7655b…][reconnect] starting reconnecting loop. You can get more information with the trace log level.
2025-01-05 01:01:49.766 [info] [remote-connection][ExtensionHost][7655b…][reconnect] resolving connection...
2025-01-05 01:01:50.764 [info] [LocalProcess0][resolveAuthority(codespaces,2)][1001ms] waiting...
2025-01-05 01:01:51.764 [info] [LocalProcess0][resolveAuthority(codespaces,2)][2001ms] waiting...
2025-01-05 01:01:52.764 [info] [LocalProcess0][resolveAuthority(codespaces,2)][3001ms] waiting...
2025-01-05 01:01:52.782 [info] Extension host (Remote) is unresponsive.
2025-01-05 01:01:53.764 [info] [LocalProcess0][resolveAuthority(codespaces,2)][4001ms] waiting...
2025-01-05 01:01:54.764 [info] [LocalProcess0][resolveAuthority(codespaces,2)][5001ms] waiting...
2025-01-05 01:01:55.764 [info] [LocalProcess0][resolveAuthority(codespaces,2)][6001ms] waiting...
2025-01-05 01:01:56.764 [info] [LocalProcess0][resolveAuthority(codespaces,2)][7001ms] waiting...
2025-01-05 01:01:57.764 [info] [LocalProcess0][resolveAuthority(codespaces,2)][8001ms] waiting...
2025-01-05 01:01:58.763 [info] [LocalProcess0][resolveAuthority(codespaces,2)][9001ms] waiting...
2025-01-05 01:01:59.764 [info] [LocalProcess0][resolveAuthority(codespaces,2)][10001ms] waiting...
2025-01-05 01:02:00.192 [error] Error: Aborted onWillSaveTextDocument-event after 1750ms
    at vscode-file://vscode-app/opt/visual-studio-code/resources/app/out/vs/workbench/workbench.desktop.main.js:767:9409
2025-01-05 01:02:00.764 [info] [LocalProcess0][resolveAuthority(codespaces,2)][11001ms] waiting...
2025-01-05 01:02:01.764 [info] [LocalProcess0][resolveAuthority(codespaces,2)][12001ms] waiting...
2025-01-05 01:02:02.764 [info] [LocalProcess0][resolveAuthority(codespaces,2)][13001ms] waiting...
2025-01-05 01:02:03.764 [info] [LocalProcess0][resolveAuthority(codespaces,2)][14001ms] waiting...
2025-01-05 01:02:04.764 [info] [LocalProcess0][resolveAuthority(codespaces,2)][15001ms] waiting...
2025-01-05 01:02:05.764 [info] [LocalProcess0][resolveAuthority(codespaces,2)][16001ms] waiting...
2025-01-05 01:02:06.764 [info] [LocalProcess0][resolveAuthority(codespaces,2)][17001ms] waiting...
2025-01-05 01:02:07.747 [info] [remote-connection][ExtensionHost][7655b…][reconnect] received socket timeout event (unacknowledgedMsgCount: 47, timeSinceOldestUnacknowledgedMsg: 20001, timeSinceLastReceivedSomeData: 20001).
2025-01-05 01:02:07.764 [info] [LocalProcess0][resolveAuthority(codespaces,2)][18001ms] waiting...
2025-01-05 01:02:08.764 [info] [LocalProcess0][resolveAuthority(codespaces,2)][19001ms] waiting...
2025-01-05 01:02:09.764 [info] [LocalProcess0][resolveAuthority(codespaces,2)][20001ms] waiting...
2025-01-05 01:02:10.764 [info] [LocalProcess0][resolveAuthority(codespaces,2)][21001ms] waiting...
2025-01-05 01:02:11.764 [info] [LocalProcess0][resolveAuthority(codespaces,2)][22001ms] waiting...
2025-01-05 01:02:12.764 [info] [LocalProcess0][resolveAuthority(codespaces,2)][23001ms] waiting...
2025-01-05 01:02:13.234 [info] [remote-connection][Management   ][50c36…][reconnect] received socket timeout event (unacknowledgedMsgCount: 2, timeSinceOldestUnacknowledgedMsg: 20000, timeSinceLastReceivedSomeData: 27543).
2025-01-05 01:02:13.764 [info] [LocalProcess0][resolveAuthority(codespaces,2)][24001ms] waiting...
2025-01-05 01:02:14.764 [info] [LocalProcess0][resolveAuthority(codespaces,2)][25001ms] waiting...
2025-01-05 01:02:15.764 [info] [LocalProcess0][resolveAuthority(codespaces,2)][26001ms] waiting...
2025-01-05 01:02:16.764 [info] [LocalProcess0][resolveAuthority(codespaces,2)][27001ms] waiting...
2025-01-05 01:02:17.764 [info] [LocalProcess0][resolveAuthority(codespaces,2)][28001ms] waiting...
2025-01-05 01:02:18.764 [info] [LocalProcess0][resolveAuthority(codespaces,2)][29001ms] waiting...
2025-01-05 01:02:19.764 [info] [LocalProcess0][resolveAuthority(codespaces,2)][30001ms] waiting...
2025-01-05 01:02:20.764 [info] [LocalProcess0][resolveAuthority(codespaces,2)][31001ms] waiting...
2025-01-05 01:02:21.764 [info] [LocalProcess0][resolveAuthority(codespaces,2)][32001ms] waiting...
2025-01-05 01:02:22.764 [info] [LocalProcess0][resolveAuthority(codespaces,2)][33001ms] waiting...
2025-01-05 01:02:23.764 [info] [LocalProcess0][resolveAuthority(codespaces,2)][34001ms] waiting...
2025-01-05 01:02:24.764 [info] [LocalProcess0][resolveAuthority(codespaces,2)][35001ms] waiting...
2025-01-05 01:02:25.764 [info] [LocalProcess0][resolveAuthority(codespaces,2)][36001ms] waiting...
2025-01-05 01:02:26.764 [info] [LocalProcess0][resolveAuthority(codespaces,2)][37001ms] waiting...
2025-01-05 01:02:27.747 [info] [remote-connection][ExtensionHost][7655b…][reconnect] received socket timeout event (unacknowledgedMsgCount: 60, timeSinceOldestUnacknowledgedMsg: 40001, timeSinceLastReceivedSomeData: 40001).
2025-01-05 01:02:27.764 [info] [LocalProcess0][resolveAuthority(codespaces,2)][38001ms] waiting...
2025-01-05 01:02:28.764 [info] [LocalProcess0][resolveAuthority(codespaces,2)][39001ms] waiting...
2025-01-05 01:02:29.764 [info] [LocalProcess0][resolveAuthority(codespaces,2)][40001ms] waiting...
2025-01-05 01:02:30.764 [info] [LocalProcess0][resolveAuthority(codespaces,2)][41001ms] waiting...
2025-01-05 01:02:31.764 [info] [LocalProcess0][resolveAuthority(codespaces,2)][42001ms] waiting...
2025-01-05 01:02:32.764 [info] [LocalProcess0][resolveAuthority(codespaces,2)][43001ms] waiting...
2025-01-05 01:02:33.234 [info] [remote-connection][Management   ][50c36…][reconnect] received socket timeout event (unacknowledgedMsgCount: 5, timeSinceOldestUnacknowledgedMsg: 40001, timeSinceLastReceivedSomeData: 47544).
2025-01-05 01:02:33.764 [info] [LocalProcess0][resolveAuthority(codespaces,2)][44001ms] waiting...
2025-01-05 01:02:34.764 [info] [LocalProcess0][resolveAuthority(codespaces,2)][45001ms] waiting...
2025-01-05 01:02:35.764 [info] [LocalProcess0][resolveAuthority(codespaces,2)][46001ms] waiting...
2025-01-05 01:02:36.764 [info] [LocalProcess0][resolveAuthority(codespaces,2)][47001ms] waiting...
2025-01-05 01:02:37.764 [info] [LocalProcess0][resolveAuthority(codespaces,2)][48001ms] waiting...
2025-01-05 01:02:38.763 [info] [LocalProcess0][resolveAuthority(codespaces,2)][49001ms] waiting...
2025-01-05 01:02:39.763 [info] [LocalProcess0][resolveAuthority(codespaces,2)][50001ms] waiting...
2025-01-05 01:02:40.764 [info] [LocalProcess0][resolveAuthority(codespaces,2)][51001ms] waiting...
2025-01-05 01:02:41.764 [info] [LocalProcess0][resolveAuthority(codespaces,2)][52001ms] waiting...
2025-01-05 01:02:42.764 [info] [LocalProcess0][resolveAuthority(codespaces,2)][53001ms] waiting...
2025-01-05 01:02:43.764 [info] [LocalProcess0][resolveAuthority(codespaces,2)][54001ms] waiting...
2025-01-05 01:02:44.764 [info] [LocalProcess0][resolveAuthority(codespaces,2)][55001ms] waiting...
2025-01-05 01:02:45.764 [info] [LocalProcess0][resolveAuthority(codespaces,2)][56001ms] waiting...
2025-01-05 01:02:46.764 [info] [LocalProcess0][resolveAuthority(codespaces,2)][57001ms] waiting...
2025-01-05 01:02:47.748 [info] [remote-connection][ExtensionHost][7655b…][reconnect] received socket timeout event (unacknowledgedMsgCount: 205, timeSinceOldestUnacknowledgedMsg: 60002, timeSinceLastReceivedSomeData: 60002).
2025-01-05 01:02:47.764 [info] [LocalProcess0][resolveAuthority(codespaces,2)][58001ms] waiting...
2025-01-05 01:02:48.764 [info] [LocalProcess0][resolveAuthority(codespaces,2)][59001ms] waiting...
2025-01-05 01:02:49.765 [info] [LocalProcess0][resolveAuthority(codespaces,2)][60002ms] waiting...
2025-01-05 01:02:50.764 [info] [LocalProcess0][resolveAuthority(codespaces,2)][61001ms] waiting...
2025-01-05 01:02:51.764 [info] [LocalProcess0][resolveAuthority(codespaces,2)][62001ms] waiting...
2025-01-05 01:02:52.764 [info] [LocalProcess0][resolveAuthority(codespaces,2)][63001ms] waiting...
2025-01-05 01:02:53.235 [info] [remote-connection][Management   ][50c36…][reconnect] received socket timeout event (unacknowledgedMsgCount: 6, timeSinceOldestUnacknowledgedMsg: 60001, timeSinceLastReceivedSomeData: 67544).
2025-01-05 01:02:53.764 [info] [LocalProcess0][resolveAuthority(codespaces,2)][64001ms] waiting...
2025-01-05 01:02:54.764 [info] [LocalProcess0][resolveAuthority(codespaces,2)][65001ms] waiting...
2025-01-05 01:02:55.764 [info] [LocalProcess0][resolveAuthority(codespaces,2)][66001ms] waiting...
2025-01-05 01:02:56.764 [info] [LocalProcess0][resolveAuthority(codespaces,2)][67001ms] waiting...
2025-01-05 01:02:57.764 [info] [LocalProcess0][resolveAuthority(codespaces,2)][68001ms] waiting...
2025-01-05 01:02:58.764 [info] [LocalProcess0][resolveAuthority(codespaces,2)][69001ms] waiting...
2025-01-05 01:02:59.764 [info] [LocalProcess0][resolveAuthority(codespaces,2)][70001ms] waiting...
2025-01-05 01:03:00.764 [info] [LocalProcess0][resolveAuthority(codespaces,2)][71001ms] waiting...
2025-01-05 01:03:01.764 [info] [LocalProcess0][resolveAuthority(codespaces,2)][72001ms] waiting...
2025-01-05 01:03:02.764 [info] [LocalProcess0][resolveAuthority(codespaces,2)][73001ms] waiting...
2025-01-05 01:03:03.764 [info] [LocalProcess0][resolveAuthority(codespaces,2)][74001ms] waiting...
2025-01-05 01:03:04.764 [info] [LocalProcess0][resolveAuthority(codespaces,2)][75001ms] waiting...
2025-01-05 01:03:05.764 [info] [LocalProcess0][resolveAuthority(codespaces,2)][76001ms] waiting...
2025-01-05 01:03:06.764 [info] [LocalProcess0][resolveAuthority(codespaces,2)][77001ms] waiting...
2025-01-05 01:03:07.759 [info] [remote-connection][ExtensionHost][7655b…][reconnect] received socket timeout event (unacknowledgedMsgCount: 306, timeSinceOldestUnacknowledgedMsg: 80013, timeSinceLastReceivedSomeData: 80013).
2025-01-05 01:03:07.764 [info] [LocalProcess0][resolveAuthority(codespaces,2)][78001ms] waiting...
2025-01-05 01:03:08.764 [info] [LocalProcess0][resolveAuthority(codespaces,2)][79001ms] waiting...
2025-01-05 01:03:09.764 [info] [LocalProcess0][resolveAuthority(codespaces,2)][80001ms] waiting...
2025-01-05 01:03:10.767 [info] [LocalProcess0][resolveAuthority(codespaces,2)][81004ms] waiting...
2025-01-05 01:03:11.764 [info] [LocalProcess0][resolveAuthority(codespaces,2)][82001ms] waiting...
2025-01-05 01:03:12.764 [info] [LocalProcess0][resolveAuthority(codespaces,2)][83001ms] waiting...
2025-01-05 01:03:13.764 [info] [LocalProcess0][resolveAuthority(codespaces,2)][84001ms] waiting...
2025-01-05 01:03:14.763 [info] [LocalProcess0][resolveAuthority(codespaces,2)][85001ms] waiting...
2025-01-05 01:03:15.764 [info] [LocalProcess0][resolveAuthority(codespaces,2)][86001ms] waiting...
2025-01-05 01:03:16.763 [info] [LocalProcess0][resolveAuthority(codespaces,2)][87001ms] waiting...
2025-01-05 01:03:17.764 [info] [LocalProcess0][resolveAuthority(codespaces,2)][88001ms] waiting...
2025-01-05 01:03:18.791 [info] [LocalProcess0][resolveAuthority(codespaces,2)][89025ms] waiting...
2025-01-05 01:03:19.764 [info] [LocalProcess0][resolveAuthority(codespaces,2)][90001ms] waiting...
2025-01-05 01:03:20.764 [info] [LocalProcess0][resolveAuthority(codespaces,2)][91001ms] waiting...
2025-01-05 01:03:21.763 [info] [LocalProcess0][resolveAuthority(codespaces,2)][92001ms] waiting...
2025-01-05 01:03:22.227 [info] [remote-connection][Management   ][50c36…][reconnect] received socket timeout event (unacknowledgedMsgCount: 7, timeSinceOldestUnacknowledgedMsg: 88993, timeSinceLastReceivedSomeData: 96536).
2025-01-05 01:03:22.765 [info] [LocalProcess0][resolveAuthority(codespaces,2)][93002ms] waiting...
2025-01-05 01:03:23.224 [info] [LocalProcess0][resolveAuthority(codespaces,2)][93461ms] returned WebSocket(127.0.0.1:33181)
2025-01-05 01:03:23.224 [info] resolveAuthority(codespaces) returned 'WebSocket(127.0.0.1:33181)' after 93461 ms
2025-01-05 01:03:23.225 [info] [remote-connection][Management   ][50c36…][reconnect] connecting to WebSocket(127.0.0.1:33181)...
2025-01-05 01:03:23.225 [info] Creating a socket (renderer-Management-50c362c7-98ad-4b72-b557-2711004e09bb)...
2025-01-05 01:03:23.227 [info] [remote-connection][ExtensionHost][7655b…][reconnect] connecting to WebSocket(127.0.0.1:33181)...
2025-01-05 01:03:23.227 [info] Creating a socket (renderer-ExtensionHost-7655b520-f46a-4c24-b1a7-b698e5193e2e)...
2025-01-05 01:03:23.429 [info] Creating a socket (renderer-Management-50c362c7-98ad-4b72-b557-2711004e09bb) was successful after 204 ms.
2025-01-05 01:03:23.510 [info] Creating a socket (renderer-ExtensionHost-7655b520-f46a-4c24-b1a7-b698e5193e2e) was successful after 282 ms.
2025-01-05 01:03:23.527 [error] [remote-connection][Management   ][50c36…][reconnect][WebSocket(127.0.0.1:33181)] received error control message when negotiating connection. Error:
2025-01-05 01:03:23.528 [error] Error: Connection error: Unknown reconnection token (never seen)
    at Moi (vscode-file://vscode-app/opt/visual-studio-code/resources/app/out/vs/workbench/workbench.desktop.main.js:2541:39471)
    at oee.value (vscode-file://vscode-app/opt/visual-studio-code/resources/app/out/vs/workbench/workbench.desktop.main.js:2541:31614)
    at x.B (vscode-file://vscode-app/opt/visual-studio-code/resources/app/out/vs/workbench/workbench.desktop.main.js:30:748)
    at x.fire (vscode-file://vscode-app/opt/visual-studio-code/resources/app/out/vs/workbench/workbench.desktop.main.js:30:967)
    at K6.fire (vscode-file://vscode-app/opt/visual-studio-code/resources/app/out/vs/workbench/workbench.desktop.main.js:762:10348)
    at zes.A (vscode-file://vscode-app/opt/visual-studio-code/resources/app/out/vs/workbench/workbench.desktop.main.js:762:13507)
    at oee.value (vscode-file://vscode-app/opt/visual-studio-code/resources/app/out/vs/workbench/workbench.desktop.main.js:762:12874)
    at x.B (vscode-file://vscode-app/opt/visual-studio-code/resources/app/out/vs/workbench/workbench.desktop.main.js:30:748)
    at x.fire (vscode-file://vscode-app/opt/visual-studio-code/resources/app/out/vs/workbench/workbench.desktop.main.js:30:967)
    at N8e.acceptChunk (vscode-file://vscode-app/opt/visual-studio-code/resources/app/out/vs/workbench/workbench.desktop.main.js:762:8135)
2025-01-05 01:03:23.528 [error] [remote-connection][Management   ][50c36…][reconnect] A permanent error occurred in the reconnecting loop! Will give up now! Error:
2025-01-05 01:03:23.529 [error] Error: Connection error: Unknown reconnection token (never seen)
    at Moi (vscode-file://vscode-app/opt/visual-studio-code/resources/app/out/vs/workbench/workbench.desktop.main.js:2541:39471)
    at oee.value (vscode-file://vscode-app/opt/visual-studio-code/resources/app/out/vs/workbench/workbench.desktop.main.js:2541:31614)
    at x.B (vscode-file://vscode-app/opt/visual-studio-code/resources/app/out/vs/workbench/workbench.desktop.main.js:30:748)
    at x.fire (vscode-file://vscode-app/opt/visual-studio-code/resources/app/out/vs/workbench/workbench.desktop.main.js:30:967)
    at K6.fire (vscode-file://vscode-app/opt/visual-studio-code/resources/app/out/vs/workbench/workbench.desktop.main.js:762:10348)
    at zes.A (vscode-file://vscode-app/opt/visual-studio-code/resources/app/out/vs/workbench/workbench.desktop.main.js:762:13507)
    at oee.value (vscode-file://vscode-app/opt/visual-studio-code/resources/app/out/vs/workbench/workbench.desktop.main.js:762:12874)
    at x.B (vscode-file://vscode-app/opt/visual-studio-code/resources/app/out/vs/workbench/workbench.desktop.main.js:30:748)
    at x.fire (vscode-file://vscode-app/opt/visual-studio-code/resources/app/out/vs/workbench/workbench.desktop.main.js:30:967)
    at N8e.acceptChunk (vscode-file://vscode-app/opt/visual-studio-code/resources/app/out/vs/workbench/workbench.desktop.main.js:762:8135)
2025-01-05 01:03:23.540 [error] [text file model] handleSaveError(1) - exit - resulted in a save error: Error: Unable to write file 'vscode-remote://codespaces+reimagined-guide-r44jgjgpvr472xp9x/workspaces/158309813/credit/credit.c' (Canceled: Canceled) vscode-remote://codespaces%2Breimagined-guide-r44jgjgpvr472xp9x/workspaces/158309813/credit/credit.c
2025-01-05 01:03:23.555 [error] Unable to read file 'vscode-remote://codespaces+reimagined-guide-r44jgjgpvr472xp9x/workspaces/158309813/credit/credit.c' (Canceled: Canceled): Error: Unable to read file 'vscode-remote://codespaces+reimagined-guide-r44jgjgpvr472xp9x/workspaces/158309813/credit/credit.c' (Canceled: Canceled)
    at _ot.F (vscode-file://vscode-app/opt/visual-studio-code/resources/app/out/vs/workbench/workbench.desktop.main.js:3108:64665)
    at _ot.D (vscode-file://vscode-app/opt/visual-studio-code/resources/app/out/vs/workbench/workbench.desktop.main.js:3108:64490)
    at async iat.M (vscode-file://vscode-app/opt/visual-studio-code/resources/app/out/vs/workbench/workbench.desktop.main.js:3109:9121)
    at async iat.readStream (vscode-file://vscode-app/opt/visual-studio-code/resources/app/out/vs/workbench/workbench.desktop.main.js:3109:8896)
    at async Nfe.Db (vscode-file://vscode-app/opt/visual-studio-code/resources/app/out/vs/workbench/workbench.desktop.main.js:1295:11960)
    at async Nfe.resolve (vscode-file://vscode-app/opt/visual-studio-code/resources/app/out/vs/workbench/workbench.desktop.main.js:1295:10435)
    at async vscode-file://vscode-app/opt/visual-studio-code/resources/app/out/vs/workbench/workbench.desktop.main.js:3109:5480
2025-01-05 01:03:23.586 [info] [remote-connection][ExtensionHost][7655b…][reconnect] received socket close event (wasClean: false, code: 1006, reason: ).
2025-01-05 01:03:23.587 [error] {"isTrusted":true}
2025-01-05 01:03:23.615 [error] [network] #30: https://marketplace.visualstudio.com/_apis/public/gallery/extensionquery - error POST Canceled
2025-01-05 01:03:23.620 [error] [network] #31: https://marketplace.visualstudio.com/_apis/public/gallery/extensionquery - error POST Canceled
2025-01-05 01:03:23.718 [error] Canceled: Canceled
    at Object.call (vscode-file://vscode-app/opt/visual-studio-code/resources/app/out/vs/workbench/workbench.desktop.main.js:761:1374)
    at vscode-file://vscode-app/opt/visual-studio-code/resources/app/out/vs/workbench/workbench.desktop.main.js:762:2144
    at async PQ.L (vscode-file://vscode-app/opt/visual-studio-code/resources/app/out/vs/workbench/workbench.desktop.main.js:2430:5111)
    at async PQ.queryInstalled (vscode-file://vscode-app/opt/visual-studio-code/resources/app/out/vs/workbench/workbench.desktop.main.js:2430:3301)
    at async pet.queryLocal (vscode-file://vscode-app/opt/visual-studio-code/resources/app/out/vs/workbench/workbench.desktop.main.js:2430:14167)
    at async uet.O (vscode-file://vscode-app/opt/visual-studio-code/resources/app/out/vs/workbench/workbench.desktop.main.js:2426:11129)
2025-01-05 01:03:25.362 [error] Error: Aborted onWillSaveTextDocument-event after 1750ms
    at vscode-file://vscode-app/opt/visual-studio-code/resources/app/out/vs/workbench/workbench.desktop.main.js:767:9409
2025-01-05 01:03:25.363 [error] [text file model] handleSaveError(13) - exit - resulted in a save error: Error: Unable to write file 'vscode-remote://codespaces+reimagined-guide-r44jgjgpvr472xp9x/workspaces/158309813/credit/credit.c' (Canceled: Canceled) vscode-remote://codespaces%2Breimagined-guide-r44jgjgpvr472xp9x/workspaces/158309813/credit/credit.c
2025-01-05 01:03:33.513 [error] [remote-connection][ExtensionHost][7655b…][reconnect][WebSocket(127.0.0.1:33181)] the handshake timed out. Error:
2025-01-05 01:03:33.514 [error] Error: Time limit reached
    at g0e.i (vscode-file://vscode-app/opt/visual-studio-code/resources/app/out/vs/workbench/workbench.desktop.main.js:2541:28295)
    at g0e.h (vscode-file://vscode-app/opt/visual-studio-code/resources/app/out/vs/workbench/workbench.desktop.main.js:2541:28277)
    at oee.value (vscode-file://vscode-app/opt/visual-studio-code/resources/app/out/vs/workbench/workbench.desktop.main.js:2541:28132)
    at x.B (vscode-file://vscode-app/opt/visual-studio-code/resources/app/out/vs/workbench/workbench.desktop.main.js:30:748)
    at x.fire (vscode-file://vscode-app/opt/visual-studio-code/resources/app/out/vs/workbench/workbench.desktop.main.js:30:967)
    at gee.cancel (vscode-file://vscode-app/opt/visual-studio-code/resources/app/out/vs/workbench/workbench.desktop.main.js:30:39917)
    at pt.cancel (vscode-file://vscode-app/opt/visual-studio-code/resources/app/out/vs/workbench/workbench.desktop.main.js:30:40331)
    at oee.value (vscode-file://vscode-app/opt/visual-studio-code/resources/app/out/vs/workbench/workbench.desktop.main.js:2541:27873)
    at x.B (vscode-file://vscode-app/opt/visual-studio-code/resources/app/out/vs/workbench/workbench.desktop.main.js:30:748)
    at x.fire (vscode-file://vscode-app/opt/visual-studio-code/resources/app/out/vs/workbench/workbench.desktop.main.js:30:967)
2025-01-05 01:03:33.515 [info] [remote-connection][ExtensionHost][7655b…][reconnect] A network error occurred while trying to reconnect, will try again...
2025-01-05 01:03:35.945 [warning] Via 'product.json#extensionEnabledApiProposals' extension 'ms-vscode.vscode-selfhost-test-provider' wants API proposal 'attributableCoverage' but that proposal DOES NOT EXIST. Likely, the proposal has been finalized (check 'vscode.d.ts') or was abandoned.
2025-01-05 01:03:35.946 [warning] Via 'product.json#extensionEnabledApiProposals' extension 'ms-python.python' wants API proposal 'contribIssueReporter' but that proposal DOES NOT EXIST. Likely, the proposal has been finalized (check 'vscode.d.ts') or was abandoned.
2025-01-05 01:03:35.947 [warning] Via 'product.json#extensionEnabledApiProposals' extension 'ms-python.debugpy' wants API proposal 'contribIssueReporter' but that proposal DOES NOT EXIST. Likely, the proposal has been finalized (check 'vscode.d.ts') or was abandoned.
2025-01-05 01:03:36.324 [info] Started local extension host with pid 522490.
2025-01-05 01:03:37.879 [warning] Authentication provider github was not declared in the Extension Manifest.
2025-01-05 01:03:38.516 [info] Invoking resolveAuthority(codespaces)...
2025-01-05 01:03:38.517 [info] [LocalProcess0][resolveAuthority(codespaces,1)][0ms] obtaining proxy...
2025-01-05 01:03:38.517 [info] [LocalProcess0][resolveAuthority(codespaces,1)][0ms] invoking...
2025-01-05 01:03:39.517 [info] [LocalProcess0][resolveAuthority(codespaces,1)][1001ms] waiting...
2025-01-05 01:03:40.517 [info] [LocalProcess0][resolveAuthority(codespaces,1)][2000ms] waiting...
2025-01-05 01:03:41.518 [info] [LocalProcess0][resolveAuthority(codespaces,1)][3001ms] waiting...
2025-01-05 01:03:42.517 [info] [LocalProcess0][resolveAuthority(codespaces,1)][4001ms] waiting...
2025-01-05 01:03:43.518 [info] [LocalProcess0][resolveAuthority(codespaces,1)][5001ms] waiting...
2025-01-05 01:03:44.518 [info] [LocalProcess0][resolveAuthority(codespaces,1)][6001ms] waiting...
2025-01-05 01:03:45.517 [info] [LocalProcess0][resolveAuthority(codespaces,1)][7000ms] waiting...
2025-01-05 01:03:46.517 [info] [LocalProcess0][resolveAuthority(codespaces,1)][8001ms] waiting...
2025-01-05 01:03:47.159 [info] [LocalProcess0][resolveAuthority(codespaces,1)][8642ms] returned WebSocket(127.0.0.1:33181)
2025-01-05 01:03:47.160 [info] resolveAuthority(codespaces) returned 'WebSocket(127.0.0.1:33181)' after 8643 ms
2025-01-05 01:03:47.160 [info] Creating a socket (renderer-Management-c84aa831-64e1-4fdb-83d7-ccf23e97608c)...
2025-01-05 01:03:47.161 [info] Creating a socket (renderer-ExtensionHost-f770fc3e-95bc-4322-b01c-7afa6aedc87a)...
2025-01-05 01:03:47.315 [info] Creating a socket (renderer-Management-c84aa831-64e1-4fdb-83d7-ccf23e97608c) was successful after 154 ms.
2025-01-05 01:03:47.396 [info] Creating a socket (renderer-ExtensionHost-f770fc3e-95bc-4322-b01c-7afa6aedc87a) was successful after 235 ms.
2025-01-05 01:03:58.281 [warning] [backup tracker] suspended, ignoring dirty change event vscode-remote://codespaces%2Breimagined-guide-r44jgjgpvr472xp9x/workspaces/158309813/credit/credit.c 
2025-01-05 01:03:58.291 [error] Error: Unable to read file 'vscode-remote://codespaces+reimagined-guide-r44jgjgpvr472xp9x/workspaces/158309813/.vscode/settings.json' (Canceled: Canceled)
    at _ot.F (vscode-file://vscode-app/opt/visual-studio-code/resources/app/out/vs/workbench/workbench.desktop.main.js:3108:64665)
    at _ot.D (vscode-file://vscode-app/opt/visual-studio-code/resources/app/out/vs/workbench/workbench.desktop.main.js:3108:64490)
    at async _ot.C (vscode-file://vscode-app/opt/visual-studio-code/resources/app/out/vs/workbench/workbench.desktop.main.js:3108:63857)
    at async Object.factory (vscode-file://vscode-app/opt/visual-studio-code/resources/app/out/vs/workbench/workbench.desktop.main.js:3108:63761)
2025-01-05 01:03:58.292 [error] Error: Unable to read file 'vscode-remote://codespaces+reimagined-guide-r44jgjgpvr472xp9x/workspaces/158309813/.vscode/tasks.json' (Canceled: Canceled)
    at _ot.F (vscode-file://vscode-app/opt/visual-studio-code/resources/app/out/vs/workbench/workbench.desktop.main.js:3108:64665)
    at _ot.D (vscode-file://vscode-app/opt/visual-studio-code/resources/app/out/vs/workbench/workbench.desktop.main.js:3108:64490)
    at async _ot.C (vscode-file://vscode-app/opt/visual-studio-code/resources/app/out/vs/workbench/workbench.desktop.main.js:3108:63857)
    at async Object.factory (vscode-file://vscode-app/opt/visual-studio-code/resources/app/out/vs/workbench/workbench.desktop.main.js:3108:63761)
2025-01-05 01:03:58.292 [error] Error: Unable to read file 'vscode-remote://codespaces+reimagined-guide-r44jgjgpvr472xp9x/workspaces/158309813/.vscode/launch.json' (Canceled: Canceled)
    at _ot.F (vscode-file://vscode-app/opt/visual-studio-code/resources/app/out/vs/workbench/workbench.desktop.main.js:3108:64665)
    at _ot.D (vscode-file://vscode-app/opt/visual-studio-code/resources/app/out/vs/workbench/workbench.desktop.main.js:3108:64490)
    at async _ot.C (vscode-file://vscode-app/opt/visual-studio-code/resources/app/out/vs/workbench/workbench.desktop.main.js:3108:63857)
    at async Object.factory (vscode-file://vscode-app/opt/visual-studio-code/resources/app/out/vs/workbench/workbench.desktop.main.js:3108:63761)
