2025-01-05 00:52:31.274 [info] Added views:outline in workbench.view.explorer
2025-01-05 00:52:31.274 [info] Added views:workbench.view.search in workbench.view.search
2025-01-05 00:52:31.274 [info] Added views:workbench.scm in workbench.view.scm
2025-01-05 00:52:31.274 [info] Added views:workbench.panel.markers.view in workbench.panel.markers
2025-01-05 00:52:31.274 [info] Added views:workbench.panel.output in workbench.panel.output
2025-01-05 00:52:31.274 [info] Added views:terminal in terminal
2025-01-05 00:52:31.274 [info] Added views:timeline in workbench.view.explorer
2025-01-05 00:52:31.274 [info] Added views:workbench.explorer.emptyView in workbench.view.explorer
2025-01-05 00:52:31.453 [info] Added views:workbench.debug.variablesView,workbench.debug.watchExpressionsView,workbench.debug.callStackView,workbench.debug.breakPointsView in workbench.view.debug
2025-01-05 00:52:32.094 [info] Added views:~remote.forwardedPorts in ~remote.forwardedPortsContainer
2025-01-05 00:52:32.506 [info] Added views:workbench.panel.repl.view in workbench.panel.repl
2025-01-05 00:52:32.506 [info] Removed views:workbench.debug.breakPointsView,workbench.debug.callStackView,workbench.debug.watchExpressionsView,workbench.debug.variablesView from workbench.view.debug
2025-01-05 00:52:32.509 [info] Added views:workbench.debug.welcome in workbench.view.debug
2025-01-05 00:54:13.944 [info] Added views:workbench.views.extensions.installed,workbench.views.extensions.popular,extensions.recommendedList in workbench.view.extensions
2025-01-05 00:54:13.947 [info] Removed views:workbench.views.extensions.popular from workbench.view.extensions
2025-01-05 00:54:14.220 [info] Added views:workbench.views.extensions.popular in workbench.view.extensions
2025-01-05 00:55:40.454 [info] Added views:remoteTargets in workbench.view.remote
2025-01-05 00:56:51.528 [info] Added views:github.codespaces.explorer in workbench.view.remote
2025-01-05 00:57:13.986 [info] Added views:outline in workbench.view.explorer
2025-01-05 00:57:13.986 [info] Added views:workbench.view.search in workbench.view.search
2025-01-05 00:57:13.986 [info] Added views:workbench.scm in workbench.view.scm
2025-01-05 00:57:13.986 [info] Added views:workbench.panel.markers.view in workbench.panel.markers
2025-01-05 00:57:13.986 [info] Added views:workbench.panel.output in workbench.panel.output
2025-01-05 00:57:13.986 [info] Added views:terminal in terminal
2025-01-05 00:57:13.986 [info] Added views:timeline in workbench.view.explorer
2025-01-05 00:57:13.986 [info] Added views:workbench.explorer.fileView in workbench.view.explorer
2025-01-05 00:57:14.459 [info] Added views:workbench.debug.variablesView,workbench.debug.watchExpressionsView,workbench.debug.callStackView,workbench.debug.breakPointsView in workbench.view.debug
2025-01-05 00:59:43.165 [info] Added views:~remote.forwardedPorts in ~remote.forwardedPortsContainer
2025-01-05 01:00:07.742 [info] Added views:~remote.helpPanel in workbench.view.remote
2025-01-05 01:00:07.846 [info] Added views:github.codespaces.explorer in workbench.view.remote
2025-01-05 01:00:07.849 [info] Added views:pr:github,issues:github in workbench.view.extension.github-pull-requests
2025-01-05 01:00:07.870 [info] Added views:remoteTargets in workbench.view.remote
2025-01-05 01:00:07.882 [info] Removed views:remoteTargets from workbench.view.remote
2025-01-05 01:00:08.239 [info] Removed views:workbench.debug.breakPointsView,workbench.debug.callStackView,workbench.debug.watchExpressionsView,workbench.debug.variablesView from workbench.view.debug
2025-01-05 01:00:08.247 [info] Added views:workbench.debug.welcome in workbench.view.debug
2025-01-05 01:00:09.813 [info] Added views:workbench.panel.repl.view in workbench.panel.repl
2025-01-05 01:00:10.421 [info] Added views:cs50-menu in workbench.view.extension.cs50-menu
2025-01-05 01:00:12.544 [info] Added views:workbench.scm.history in workbench.view.scm
2025-01-05 01:00:14.900 [info] Removed views:issues:github,pr:github from workbench.view.extension.github-pull-requests
2025-01-05 01:00:14.909 [info] Added views:github:login in workbench.view.extension.github-pull-requests
2025-01-05 01:00:16.551 [info] Added views:ddb50.chatWindow in workbench.view.extension.ddb50
2025-01-05 01:00:41.081 [info] Added views:workbench.views.extensions.local.installed,workbench.views.extensions.remote.installed,workbench.views.extensions.popular,extensions.recommendedList in workbench.view.extensions
2025-01-05 01:00:41.098 [info] Removed views:workbench.views.extensions.popular from workbench.view.extensions
2025-01-05 01:00:45.023 [info] Removed views:extensions.recommendedList,workbench.views.extensions.remote.installed,workbench.views.extensions.local.installed from workbench.view.extensions
2025-01-05 01:00:45.039 [info] Added views:workbench.views.extensions.marketplace in workbench.view.extensions
2025-01-05 01:01:23.676 [info] Removed views:workbench.views.extensions.marketplace from workbench.view.extensions
2025-01-05 01:01:23.700 [info] Added views:workbench.views.extensions.local.installed,workbench.views.extensions.remote.installed,extensions.recommendedList in workbench.view.extensions
2025-01-05 01:01:25.301 [info] Removed views:extensions.recommendedList,workbench.views.extensions.remote.installed,workbench.views.extensions.local.installed from workbench.view.extensions
2025-01-05 01:01:25.318 [info] Added views:workbench.views.extensions.marketplace in workbench.view.extensions
2025-01-05 01:03:35.397 [info] Removed views:workbench.scm.history from workbench.view.scm
2025-01-05 01:03:36.254 [info] Added views:outline in workbench.view.explorer
2025-01-05 01:03:36.254 [info] Added views:workbench.view.search in workbench.view.search
2025-01-05 01:03:36.254 [info] Added views:workbench.scm in workbench.view.scm
2025-01-05 01:03:36.254 [info] Added views:workbench.panel.markers.view in workbench.panel.markers
2025-01-05 01:03:36.254 [info] Added views:workbench.panel.output in workbench.panel.output
2025-01-05 01:03:36.254 [info] Added views:terminal in terminal
2025-01-05 01:03:36.254 [info] Added views:timeline in workbench.view.explorer
2025-01-05 01:03:36.254 [info] Added views:workbench.explorer.fileView in workbench.view.explorer
2025-01-05 01:03:36.472 [info] Added views:workbench.debug.welcome in workbench.view.debug
2025-01-05 01:03:57.414 [info] Added views:cs50-menu in workbench.view.extension.cs50-menu
2025-01-05 01:03:57.415 [info] Added views:github.codespaces.explorer in workbench.view.remote
2025-01-05 01:03:57.419 [info] Added views:pr:github,issues:github in workbench.view.extension.github-pull-requests
2025-01-05 01:03:58.086 [info] Added views:ddb50.chatWindow in workbench.view.extension.ddb50
