[Client I] GitHub Codespaces version 1.17.3
[Client I] isRunningInWeb: "false"
[Client V] Initializing authentication
[API I] Successfully signed in
[Client:extension:3c68 I] initializing
[Client:extension:3c68:resolver I] created with protocol "codespaces"
[RemoteExplorer I] Updating codespace performance info
[DevContainerJsonSupport I] Initializing devcontainer.json support package
[RemoteExplorer I] Updating codespace performance info
[DevContainerJsonSupport V] [2025-01-04T19:33:38.496Z] Internal initialization of dev container support package...

[Client I] Jupyter API registered? false
[Client:extension:3c68:resolver:resolve:1 I] resolve retry #3
[Client:extension:3c68:resolver:resolve:1 I] resolving "codespaces+reimagined-guide-r44jgjgpvr472xp9x"
[Client:extension:3c68:resolver:resolve:1 I] codespace: "reimagined-guide-r44jgjgpvr472xp9x", fetching details
[Client:extension:3c68:resolver:resolve:1:fetch-codespace-info I] fetching codespace details for "reimagined-guide-r44jgjgpvr472xp9x"
[Client:extension:3c68:resolver:resolve:1:fetch-codespace-info I] signed in, getting the details
[Client:extension:3c68:resolver:resolve:1:fetch-codespace-info I] fetching codespace "reimagined-guide-r44jgjgpvr472xp9x" (retries left: 2)
[API:retries-left-2 I] making GET request for "https://api.github.com/user/codespaces/reimagined-guide-r44jgjgpvr472xp9x"
[RemoteExplorer I] Updating codespace performance info
[Client:extension:3c68:resolver I] successfully fetched codespace details> object #0: {
  "id": 23319853,
  "name": "<34:<redacted>>",
  "environment_id": "a0e2f4f4-2789-4e35-8202-62939ae5cbd7",
  "owner": "<undefined:<redacted>>",
  "billable_owner": {
    "login": "code50",
    "id": 89367332,
    "node_id": "MDEyOk9yZ2FuaXphdGlvbjg5MzY3MzMy",
    "avatar_url": "https://avatars.githubusercontent.com/u/89367332?v=4",
    "gravatar_id": "",
    "url": "https://api.github.com/users/code50",
    "html_url": "https://github.com/code50",
    "followers_url": "https://api.github.com/users/code50/followers",
    "following_url": "https://api.github.com/users/code50/following{/other_user}",
    "gists_url": "https://api.github.com/users/code50/gists{/gist_id}",
    "starred_url": "https://api.github.com/users/code50/starred{/owner}{/repo}",
    "subscriptions_url": "https://api.github.com/users/code50/subscriptions",
    "organizations_url": "https://api.github.com/users/code50/orgs",
    "repos_url": "https://api.github.com/users/code50/repos",
    "events_url": "https://api.github.com/users/code50/events{/privacy}",
    "received_events_url": "https://api.github.com/users/code50/received_events",
    "type": "Organization",
    "user_view_type": "public",
    "site_admin": false
  },
  "repository": {
    "id": 750933493,
    "node_id": "R_kgDOLMJV9Q",
    "name": "<9:<redacted>>",
    "full_name": "code50/158309813",
    "private": true,
    "owner": "<undefined:<redacted>>",
    "html_url": "https://github.com/code50/158309813",
    "description": null,
    "fork": false,
    "url": "https://api.github.com/repos/code50/158309813",
    "forks_url": "https://api.github.com/repos/code50/158309813/forks",
    "keys_url": "https://api.github.com/repos/code50/158309813/keys{/key_id}",
    "collaborators_url": "https://api.github.com/repos/code50/158309813/collaborators{/collaborator}",
    "teams_url": "https://api.github.com/repos/code50/158309813/teams",
    "hooks_url": "https://api.github.com/repos/code50/158309813/hooks",
    "issue_events_url": "https://api.github.com/repos/code50/158309813/issues/events{/number}",
    "events_url": "https://api.github.com/repos/code50/158309813/events",
    "assignees_url": "https://api.github.com/repos/code50/158309813/assignees{/user}",
    "branches_url": "https://api.github.com/repos/code50/158309813/branches{/branch}",
    "tags_url": "https://api.github.com/repos/code50/158309813/tags",
    "blobs_url": "https://api.github.com/repos/code50/158309813/git/blobs{/sha}",
    "git_tags_url": "https://api.github.com/repos/code50/158309813/git/tags{/sha}",
    "git_refs_url": "https://api.github.com/repos/code50/158309813/git/refs{/sha}",
    "trees_url": "https://api.github.com/repos/code50/158309813/git/trees{/sha}",
    "statuses_url": "https://api.github.com/repos/code50/158309813/statuses/{sha}",
    "languages_url": "https://api.github.com/repos/code50/158309813/languages",
    "stargazers_url": "https://api.github.com/repos/code50/158309813/stargazers",
    "contributors_url": "https://api.github.com/repos/code50/158309813/contributors",
    "subscribers_url": "https://api.github.com/repos/code50/158309813/subscribers",
    "subscription_url": "https://api.github.com/repos/code50/158309813/subscription",
    "commits_url": "https://api.github.com/repos/code50/158309813/commits{/sha}",
    "git_commits_url": "https://api.github.com/repos/code50/158309813/git/commits{/sha}",
    "comments_url": "https://api.github.com/repos/code50/158309813/comments{/number}",
    "issue_comment_url": "https://api.github.com/repos/code50/158309813/issues/comments{/number}",
    "contents_url": "https://api.github.com/repos/code50/158309813/contents/{+path}",
    "compare_url": "https://api.github.com/repos/code50/158309813/compare/{base}...{head}",
    "merges_url": "https://api.github.com/repos/code50/158309813/merges",
    "archive_url": "https://api.github.com/repos/code50/158309813/{archive_format}{/ref}",
    "downloads_url": "https://api.github.com/repos/code50/158309813/downloads",
    "issues_url": "https://api.github.com/repos/code50/158309813/issues{/number}",
    "pulls_url": "https://api.github.com/repos/code50/158309813/pulls{/number}",
    "milestones_url": "https://api.github.com/repos/code50/158309813/milestones{/number}",
    "notifications_url": "https://api.github.com/repos/code50/158309813/notifications{?since,all,participating}",
    "labels_url": "https://api.github.com/repos/code50/158309813/labels{/name}",
    "releases_url": "https://api.github.com/repos/code50/158309813/releases{/id}",
    "deployments_url": "https://api.github.com/repos/code50/158309813/deployments"
  },
  "machine": {
    "name": "<14:<redacted>>",
    "display_name": "2 cores, 8 GB RAM, 32 GB storage",
    "operating_system": "linux",
    "storage_in_bytes": 34359738368,
    "memory_in_bytes": 8589934592,
    "cpus": 2,
    "prebuild_availability": null
  },
  "prebuild": null,
  "created_at": "2025-01-05T00:56:47+05:30",
  "updated_at": "2025-01-05T01:03:52+05:30",
  "last_used_at": "2025-01-05T00:56:47+05:30",
  "state": "Available",
  "url": "https://api.github.com/user/codespaces/reimagined-guide-r44jgjgpvr472xp9x",
  "git_status": {
    "ahead": 0,
    "behind": 0,
    "has_unpushed_changes": true,
    "has_uncommitted_changes": true,
    "ref": "main"
  },
  "location": "CentralIndia",
  "idle_timeout_minutes": 30,
  "web_url": "https://reimagined-guide-r44jgjgpvr472xp9x.github.dev",
  "machines_url": "https://api.github.com/user/codespaces/reimagined-guide-r44jgjgpvr472xp9x/machines",
  "start_url": "https://api.github.com/user/codespaces/reimagined-guide-r44jgjgpvr472xp9x/start",
  "stop_url": "https://api.github.com/user/codespaces/reimagined-guide-r44jgjgpvr472xp9x/stop",
  "pulls_url": null,
  "recent_folders": [
    "/workspaces/158309813"
  ],
  "runtime_constraints": {
    "allowed_port_privacy_settings": [
      "private",
      "org",
      "public"
    ]
  },
  "connection": {
    "sessionPath": "/workspaces/158309813",
    "tunnelProperties": {
      "tunnelId": "interesting-mountain-g4d32j8",
      "clusterId": "inc1",
      "domain": "app.github.dev",
      "connectAccessToken": "<401:<redacted>>",
      "managePortsAccessToken": "<408:<redacted>>",
      "serviceUri": "https://global.rel.tunnels.api.visualstudio.com/"
    }
  },
  "container_id": "423b77b953d2d67fc2cf2f0835631c2dce7458fb9d157873c7d42aa9214ae59b",
  "display_name": "reimagined guide",
  "devcontainer_path": ".devcontainer.json",
  "pending_operation": false,
  "feature_flags": {
    "developer": false,
    "detailedActivityMonitor": false,
    "vscodeAccountSwitching": false,
    "enableSmbDiagnosticContinuousMonitoring": false,
    "enableSmbDiagnosticOnAnomalyMonitoring": false,
    "useEarlyWorkbenchWebClient": true,
    "useCoiWebClient": false,
    "remapUserNamespace": false,
    "removeConnectRetriesWebClient": true,
    "storageV2ExhaustiveValidation": false,
    "forcePushShutdownTelemetry": true,
    "useNewJupyterApi": true,
    "improvedWarmupContainerReuse": true,
    "storageV2ComprehensiveDiagnosticsCollection": false,
    "usingCopilotWorkspaceConfig": true,
    "copilotWorkspace": false,
    "hostnameSpecificGitCredentialHelper": false,
    "Basis": true,
    "Skuheapscaling": true,
    "CacheIde": true,
    "Developer": false,
    "Eap": false
  },
  "retention_period_minutes": 43200,
  "retention_expires_at": null,
  "template": null,
  "publish_url": null
}
[RemoteExplorer I] Updating codespace performance info
[Client:extension:3c68:resolver:resolve:1:check-codespace-state I] codespace reimagined-guide-r44jgjgpvr472xp9x (id: a0e2f4f4-2789-4e35-8202-62939ae5cbd7) is in the "Default" state
[Client:extension:3c68:resolver:resolve:1:check-codespace-state I] noop
[Client:extension:3c68:resolver:port-forwarder I] Setting up tunnel provider
[Client:extension:3c68:resolver:port-forwarder:tunnel-provider V] subscribing to onDispose event
[Client:extension:3c68:resolver:port-forwarder:tunnel-provider I] Tunnel client is unconnected, fetching tunnel and connecting> object #0: {
  "tunnelId": "interesting-mountain-g4d32j8",
  "clusterId": "inc1",
  "domain": "app.github.dev",
  "accessTokens": {
    "connect": "eyJhbGciOiJFUzI1NiIsImtpZCI6IkZCM0U2NTMwNjlDQ0I5MUFCQUUxRTNFQjk1RDc5NzdERDQxODM1QjYiLCJ0eXAiOiJKV1QifQ.eyJjbHVzdGVySWQiOiJpbmMxIiwidHVubmVsSWQiOiJpbnRlcmVzdGluZy1tb3VudGFpbi1nNGQzMmo4Iiwic2NwIjoiY29ubmVjdCIsImV4cCI6MTczNjEwNTExMywiaXNzIjoiaHR0cHM6Ly90dW5uZWxzLmFwaS52aXN1YWxzdHVkaW8uY29tLyIsIm5iZiI6MTczNjAxNzgxM30.6Xarxk_Ksuxn0qNRRj-UOjj86aw4rbXIc1x6kg4xEetRpYAOILOy37mwlS2-MMuV5YwbOG9ReYM65NGHBWJpWA",
    "manage:ports": "eyJhbGciOiJFUzI1NiIsImtpZCI6IkZCM0U2NTMwNjlDQ0I5MUFCQUUxRTNFQjk1RDc5NzdERDQxODM1QjYiLCJ0eXAiOiJKV1QifQ.eyJjbHVzdGVySWQiOiJpbmMxIiwidHVubmVsSWQiOiJpbnRlcmVzdGluZy1tb3VudGFpbi1nNGQzMmo4Iiwic2NwIjoibWFuYWdlOnBvcnRzIiwiZXhwIjoxNzM2MTA1MTEzLCJpc3MiOiJodHRwczovL3R1bm5lbHMuYXBpLnZpc3VhbHN0dWRpby5jb20vIiwibmJmIjoxNzM2MDE3ODEzfQ.9FVBRr_3ccXpkrqTqnfI4IfoULz5ujjtwRx_FhE5nGV69OP4UhtsLHvGjFgDF_oFRTik7ncD3qqlyh9Tm2xFlg"
  }
}
[RemoteExplorer I] Updating codespace details
[Client:extension:3c68:resolver:port-forwarder:tunnel-provider V] tunnelClient info 0: Connecting to client tunnel relay wss://inc1-data.rel.tunnels.api.visualstudio.com/api/v1/Client/Connect/interesting-mountain-g4d32j8
[Client:extension:3c68:resolver:port-forwarder:tunnel-provider V] tunnelClient verbose 0: Sec-WebSocket-Protocol: tunnel-relay-client-v2-dev, tunnel-relay-client
[Client:extension:3c68:resolver:port-forwarder:tunnel-provider V] tunnelClient verbose 0: Authorization: tunnel <tunnel=interesting-mountain-g4d32j8.inc1, scopes=[connect], issuer=https://tunnels.api.visualstudio.com/, expiration=Mon Jan 06 2025 00:55:13 GMT+0530 (India Standard Time)>
[Client:extension:3c68:resolver:port-forwarder:tunnel-provider V] tunnelClient verbose 0: Connected with subprotocol 'tunnel-relay-client'
[Client:extension:3c68:resolver:port-forwarder:tunnel-provider V] tunnelClient info 9114: SshClientSession connecting...
[Client:extension:3c68:resolver:port-forwarder:tunnel-provider V] tunnelClient verbose 9101: Sending #0 KeyExchangeInitMessage
[Client:extension:3c68:resolver:port-forwarder:tunnel-provider V] tunnelClient info 9100: Local version: SSH-2.0-dev-tunnels-ssh_3.11.36, remote version: SSH-2.0-Microsoft.DevTunnels.Ssh_3.11
[Client:extension:3c68:resolver:port-forwarder:tunnel-provider V] tunnelClient verbose 9102: Receiving #0 KeyExchangeInitMessage
[Client:extension:3c68:resolver:port-forwarder:tunnel-provider V] tunnelClient info 9170: KeyExchange negotiation: Server (diffie-hellman-group16-sha512, diffie-hellman-group14-sha256, ext-info-s) Client (ecdh-sha2-nistp384, ecdh-sha2-nistp256, diffie-hellman-group14-sha256) => diffie-hellman-group14-sha256
[Client:extension:3c68:resolver:port-forwarder:tunnel-provider V] tunnelClient info 9170: PublicKey negotiation: Server (ecdsa-sha2-nistp384) Client (rsa-sha2-512, rsa-sha2-256, ecdsa-sha2-nistp384, ecdsa-sha2-nistp256) => ecdsa-sha2-nistp384
[Client:extension:3c68:resolver:port-forwarder:tunnel-provider V] tunnelClient info 9170: ClientEncryption negotiation: Server (aes256-cbc, aes256-ctr) Client (aes256-gcm@openssh.com, aes256-ctr) => aes256-ctr
[Client:extension:3c68:resolver:port-forwarder:tunnel-provider V] tunnelClient info 9170: ServerEncryption negotiation: Server (aes256-cbc, aes256-ctr) Client (aes256-gcm@openssh.com, aes256-ctr) => aes256-ctr
[Client:extension:3c68:resolver:port-forwarder:tunnel-provider V] tunnelClient info 9170: ClientHmac negotiation: Server (hmac-sha2-512-etm@openssh.com, hmac-sha2-256-etm@openssh.com, hmac-sha2-512, hmac-sha2-256) Client (hmac-sha2-512-etm@openssh.com, hmac-sha2-256-etm@openssh.com, hmac-sha2-512, hmac-sha2-256) => hmac-sha2-512-etm@openssh.com
[Client:extension:3c68:resolver:port-forwarder:tunnel-provider V] tunnelClient info 9170: ServerHmac negotiation: Server (hmac-sha2-512-etm@openssh.com, hmac-sha2-256-etm@openssh.com, hmac-sha2-512, hmac-sha2-256) Client (hmac-sha2-512-etm@openssh.com, hmac-sha2-256-etm@openssh.com, hmac-sha2-512, hmac-sha2-256) => hmac-sha2-512-etm@openssh.com
[Client:extension:3c68:resolver:port-forwarder:tunnel-provider V] tunnelClient info 9170: ClientCompression negotiation: Server (none) Client (none) => none
[Client:extension:3c68:resolver:port-forwarder:tunnel-provider V] tunnelClient info 9170: ServerCompression negotiation: Server (none) Client (none) => none
[Client:extension:3c68:resolver:port-forwarder:tunnel-provider V] tunnelClient verbose 9101: Sending #1 KeyExchangeDhInitMessage
[Client:extension:3c68:resolver:port-forwarder:tunnel-provider V] tunnelClient verbose 9102: Receiving #1 KeyExchangeDhReplyMessage
[Client:extension:3c68:resolver:port-forwarder:tunnel-provider V] tunnelClient verbose 9112: Server public key verification succeeded.
[Client:extension:3c68:resolver:port-forwarder:tunnel-provider V] tunnelClient verbose 9101: Sending #2 NewKeysMessage
[Client:extension:3c68:resolver:port-forwarder:tunnel-provider V] tunnelClient verbose 9102: Receiving #2 NewKeysMessage
[Client:extension:3c68:resolver:port-forwarder:tunnel-provider V] tunnelClient verbose 9101: Sending #3 ExtensionInfoMessage (server-sig-algs=rsa-sha2-512,rsa-sha2-256,ecdsa-sha2-nistp384,ecdsa-sha2-nistp256; open-channel-request@microsoft.com; session-reconnect@microsoft.com)
[Client:extension:3c68:resolver:port-forwarder:tunnel-provider V] tunnelClient info 9110: SshClientSession encrypted.
[Client:extension:3c68:resolver:port-forwarder:tunnel-provider V] tunnelClient info 9111: SshClientSession Authenticating([ecdsa-sha2-nistp384])
[Client:extension:3c68:resolver:port-forwarder:tunnel-provider V] tunnelClient verbose 0: Verified host identity with public key AAAAE2VjZHNhLXNoYTItbmlzdHAzODQAAAAIbmlzdHAzODQAAABhBKlOEaQxBfGtVZ11fnHQ2ycZAtMuw01IgT430ay+aB5f8SP49Uu2M3uA34hCTSYbk31ZO/VEnfdfxLYgM1nKe+UGUhjspz4mOtFlHXBLUtkSVyKtWxRO0XG2kPDBLTec0Q==
[Client:extension:3c68:resolver:port-forwarder:tunnel-provider V] tunnelClient info 9112: SshClientSession server authenticated.
[Client:extension:3c68:resolver:port-forwarder:tunnel-provider V] tunnelClient verbose 9101: Sending #4 ServiceRequestMessage
[Client:extension:3c68:resolver:port-forwarder:tunnel-provider V] tunnelClient verbose 9101: Sending #5 AuthenticationRequestMessage (Method: none, Username: tunnel)
[Client:extension:3c68:resolver:port-forwarder:tunnel-provider V] tunnelClient verbose 9102: Receiving #3 ExtensionInfoMessage (open-channel-request@microsoft.com; server-sig-algs=rsa-sha2-512,rsa-sha2-256,ecdsa-sha2-nistp384,ecdsa-sha2-nistp256; session-latency@microsoft.com; session-reconnect@microsoft.com)
[Client:extension:3c68:resolver:port-forwarder:tunnel-provider V] tunnelClient verbose 9101: Sending #6 SessionRequestMessage (requestType=enable-session-reconnect@microsoft.com)
[Client:extension:3c68:resolver:port-forwarder:tunnel-provider V] tunnelClient verbose 9102: Receiving #4 SessionRequestMessage (requestType=enable-session-reconnect@microsoft.com)
[Client:extension:3c68:resolver:port-forwarder:tunnel-provider V] tunnelClient verbose 9102: Receiving #5 ServiceAcceptMessage
[Client:extension:3c68:resolver:port-forwarder:tunnel-provider V] tunnelClient verbose 9102: Receiving #6 AuthenticationSuccessMessage
[Client:extension:3c68:resolver:port-forwarder:tunnel-provider V] tunnelClient info 9112: SshClientSession client authenticated.
[Client:extension:3c68:resolver:port-forwarder:tunnel-provider I] Tunnel client connected, is reconnect: true
[Client:extension:3c68:resolver I] Initializing RPC client
[Client:extension:3c68:resolver:port-forwarder:tunnel-provider V] Adding forwarded port 16635
[Client:extension:3c68:resolver:port-forwarder:tunnel-provider V] tunnelClient verbose 9102: Receiving #7 SessionRequestMessage (requestType=tcpip-forward)
[Client:extension:3c68:resolver:port-forwarder:tunnel-provider V] tunnelClient verbose 9101: Sending #7 PortForwardSuccessMessage (port=1337)
[Client:extension:3c68:resolver:port-forwarder:tunnel-provider V] tunnelClient verbose 9102: Receiving #8 SessionRequestMessage (requestType=tcpip-forward)
[Client:extension:3c68:resolver:port-forwarder:tunnel-provider V] tunnelClient verbose 9101: Sending #8 PortForwardSuccessMessage (port=16634)
[Client:extension:3c68:resolver:port-forwarder:tunnel-provider V] tunnelClient verbose 9102: Receiving #9 SessionRequestMessage (requestType=tcpip-forward)
[Client:extension:3c68:resolver:port-forwarder:tunnel-provider V] tunnelClient verbose 9101: Sending #9 PortForwardSuccessMessage (port=16635)
[Client:extension:3c68:resolver:port-forwarder:tunnel-provider V] tunnelClient verbose 9102: Receiving #10 SessionRequestMessage (requestType=tcpip-forward)
[Client:extension:3c68:resolver:port-forwarder:tunnel-provider V] tunnelClient verbose 9101: Sending #10 PortForwardSuccessMessage (port=33181)
[Client:extension:3c68:resolver:port-forwarder:tunnel-provider V] tunnelClient verbose 9102: Receiving #11 SessionRequestMessage (requestType=tcpip-forward)
[Client:extension:3c68:resolver:port-forwarder:tunnel-provider V] tunnelClient verbose 9101: Sending #11 PortForwardSuccessMessage (port=41335)
[Client:extension:3c68:resolver:port-forwarder:tunnel-provider V] Not opening workspace tunnel for internal port 16635
[Client:extension:3c68:resolver:port-forwarder:tunnel-provider V] Added port: 16635
[Client:extension:3c68:resolver I] Initializing browser-based codespace host service client
[Client:extension:3c68:resolver I] Initializing browser-based VS Code server host service client
[Client:extension:3c68:resolver I] Initializing browser-based Jupyter server host service client
[Client:extension:3c68:resolver:resolve:1:check-codespace-state I] vscode connection options: > object #0: {
  "environmentId": "a0e2f4f4-2789-4e35-8202-62939ae5cbd7",
  "vsCodeCommit": "fabdb6a30b49f79a7aba0f2ad9df9b399473380f",
  "vsCodeQuality": "stable",
  "extensions": [
    "GitHub.codespaces",
    "GitHub.vscode-pull-request-github"
  ],
  "telemetry": true
}
[Client:extension:3c68:resolver:codespaces-internal-transport V] Received request for StartRemoteServerAsync from client
[Client:extension:3c68:resolver:port-forwarder:tunnel-provider I] Getting stream from port 16635 with protocol https
[Client:extension:3c68:resolver:port-forwarder:tunnel-provider I] Creating or reusing https/16635 with privacy 'undefined', attempt 0
[Client:extension:3c68:resolver:port-forwarder:tunnel-provider I] https/16635 already exists with privacy 'private' so reusing the existing port
[Client:extension:3c68:resolver:codespaces-internal-transport V] Sending message of size 111 bytes to server
[Client:extension:3c68:resolver:codespaces-internal-transport V] Finished sending request to server
[Client:extension:3c68:resolver:port-forwarder:tunnel-provider V] tunnelClient verbose 0: Waiting for forwarded port 16635
[Client:extension:3c68:resolver:port-forwarder:tunnel-provider V] tunnelClient verbose 0: Forwarded port 16635 is ready.
[Client:extension:3c68:resolver:port-forwarder:tunnel-provider V] tunnelClient verbose 9101: Sending #12 PortForwardChannelOpenMessage(channelType=forwarded-tcpip, senderChannel=1) (host=127.0.0.1 port=16635)
[Client:extension:3c68:resolver:port-forwarder:tunnel-provider V] tunnelClient verbose 9102: Receiving #12 ChannelOpenConfirmationMessage (recipientChannel=1)(senderChannel=0)
[Client:extension:3c68:resolver:port-forwarder:tunnel-provider V] tunnelClient info 9154: PortForwardingService opened forwarded-tcpip channel #1 for 127.0.0.1:16635.
[Client:extension:3c68:resolver:port-forwarder:tunnel-provider V] tunnelClient verbose 9102: Receiving #14 ChannelCloseMessage (recipientChannel=1)
[Client:extension:3c68:resolver:port-forwarder:tunnel-provider V] tunnelClient info 9123: SshChannel(Type: forwarded-tcpip, Id: 1, RemoteId: 0) closed remotely. (S: 384, R: 241)
[Client:extension:3c68:resolver:codespaces-internal-transport V] Sending end event to client
[Client:extension:3c68:resolver I] Executed start-remote-server using gRPC
[Client:extension:3c68:resolver:port-forwarder:tunnel-provider V] Adding forwarded port 33181
[Client:extension:3c68:resolver:port-forwarder:tunnel-provider V] Not opening workspace tunnel for internal port 33181
[Client:extension:3c68:resolver:port-forwarder:tunnel-provider V] Added port: 33181
[Client:extension:3c68:resolver:port-forwarder:tunnel-provider I] Forwarding port 33181 locally
[Client:extension:3c68:resolver:port-forwarder:tunnel-provider V] subscribing to onDispose event
[Client:extension:3c68:resolver:port-forwarder:tunnel-provider:local-port-forwarder[33181] V] subscribing to onDispose event
[Client:extension:3c68:resolver:port-forwarder:tunnel-provider:local-port-forwarder[33181] I] Starting local TCP server on port 33181 for remote port 33181
[Client:extension:3c68:resolver:port-forwarder:tunnel-provider:local-port-forwarder[33181] I] Attempting to listen to 127.0.0.1:33181
[Client:extension:3c68:resolver:port-forwarder:tunnel-provider:local-port-forwarder[33181] I] Listening on local port 33181
[Client:extension:3c68:resolver:port-forwarder:tunnel-provider:local-port-forwarder[33181] I] Server started on port 33181
[Client:extension:3c68:resolver:port-forwarder:tunnel-provider I] Using local port 33181
[Client:extension:3c68:resolver:port-forwarder:tunnel-provider I] Setting main connection reference for remote port 33181 to local port 33181
[Client:extension:3c68:resolver:port-forwarder:tunnel-provider V] subscribing to onDispose event
[Client:extension:3c68:resolver:port-forwarder:tunnel-provider V] Reviving ports...
[Client:extension:3c68:resolver:port-forwarder:tunnel-provider V] Revived port: 1337
[Client:extension:3c68:resolver:port-forwarder:tunnel-provider V] Not opening workspace tunnel for internal port 16634
[Client:extension:3c68:resolver:port-forwarder:tunnel-provider V] Revived port: 16634
[Client:extension:3c68:resolver:port-forwarder:tunnel-provider V] Not opening workspace tunnel for internal port 16635
[Client:extension:3c68:resolver:port-forwarder:tunnel-provider V] Revived port: 16635
[Client:extension:3c68:resolver:port-forwarder:tunnel-provider V] Not opening workspace tunnel for internal port 33181
[Client:extension:3c68:resolver:port-forwarder:tunnel-provider V] Revived port: 33181
[Client:extension:3c68:resolver:port-forwarder:tunnel-provider V] Not opening workspace tunnel for internal port 41335
[Client:extension:3c68:resolver:port-forwarder:tunnel-provider V] Revived port: 41335
[Client:extension:3c68:resolver:port-forwarder:tunnel-provider V] subscribing to onDispose event
[Client:extension:3c68:resolver:resolve:1 I] vscode server remote port: "33181", local port: "33181"}
[Client V] connect duration: 8582 ms
[Client:extension:3c68:resolver:resolve:1 I] Progress: Done
[Client:extension:3c68:resolver:codespaces-internal-transport V] Received request for EventStream from client
[Client:extension:3c68:resolver:port-forwarder:tunnel-provider I] Getting stream from port 16635 with protocol https
[Client:extension:3c68:resolver:port-forwarder:tunnel-provider I] Creating or reusing https/16635 with privacy 'undefined', attempt 0
[Client:extension:3c68:resolver:port-forwarder:tunnel-provider I] https/16635 already exists with privacy 'private' so reusing the existing port
[Client:extension:3c68:resolver:codespaces-internal-transport V] Sending message of size 5 bytes to server
[Client:extension:3c68:resolver:codespaces-internal-transport V] Finished sending request to server
[Client:extension:3c68:resolver I] Subscribed to event stream
[Client:extension:3c68:resolver:resolve:1:background-tasks I] launching background configuration tasks
[Client:extension:3c68:resolver:resolve:1:background-tasks:post-attach-command-manager I] PostAttachCommandManager: addEnvironmentConfiguredEventCallback()
[Client:extension:3c68:resolver:resolve:1:background-tasks:post-attach-command-manager V] subscribing to onDispose event
[Client:extension:3c68:resolver:resolve:1:background-tasks I] no max idle timeout notice
[Client:extension:3c68:resolver:resolve:1:background-tasks V] checking correctness of the codespace session path> object #0: [
  {
    "uri": {
      "$mid": 1,
      "external": "vscode-remote://codespaces%2Breimagined-guide-r44jgjgpvr472xp9x/workspaces/158309813",
      "path": "/workspaces/158309813",
      "scheme": "vscode-remote",
      "authority": "codespaces+reimagined-guide-r44jgjgpvr472xp9x"
    },
    "name": "<9:<redacted>>",
    "index": 0
  }
]
[Client:extension:3c68:resolver:codespaces-internal-transport V] Received request for IsRecoveryContainerAsync from client
[Client:extension:3c68:resolver:port-forwarder:tunnel-provider I] Getting stream from port 16635 with protocol https
[Client:extension:3c68:resolver:port-forwarder:tunnel-provider I] Creating or reusing https/16635 with privacy 'undefined', attempt 0
[Client:extension:3c68:resolver:port-forwarder:tunnel-provider I] https/16635 already exists with privacy 'private' so reusing the existing port
[Client:extension:3c68:resolver:codespaces-internal-transport V] Sending message of size 5 bytes to server
[Client:extension:3c68:resolver:codespaces-internal-transport V] Finished sending request to server
[Client:extension:3c68:resolver:resolve:1:background-tasks I] starting activity monitor, isRunningInWeb: "false"
[Client:extension:3c68:resolver:resolve:1:background-tasks:activity-monitor:vscode-activity-provider I] isRunningInWeb: false
[Client:extension:3c68:resolver:resolve:1:background-tasks:activity-monitor:vscode-activity-provider I] starting activity monitor
[Client:extension:3c68:resolver:resolve:1:background-tasks:activity-monitor:vscode-activity-provider V] sending activity heartbeat
[Client:extension:3c68:resolver:codespaces-internal-transport V] Received request for NotifyCodespaceOfClientActivity from client
[Client:extension:3c68:resolver:port-forwarder:tunnel-provider I] Getting stream from port 16635 with protocol https
[Client:extension:3c68:resolver:port-forwarder:tunnel-provider I] Creating or reusing https/16635 with privacy 'undefined', attempt 0
[Client:extension:3c68:resolver:port-forwarder:tunnel-provider I] https/16635 already exists with privacy 'private' so reusing the existing port
[Client:extension:3c68:resolver:codespaces-internal-transport V] Sending message of size 44 bytes to server
[Client:extension:3c68:resolver:codespaces-internal-transport V] Finished sending request to server
[Client:extension:3c68:resolver:codespaces-internal-transport V] Received request for ConfigureEnvironmentAsync from client
[Client:extension:3c68:resolver:port-forwarder:tunnel-provider I] Getting stream from port 16635 with protocol https
[Client:extension:3c68:resolver:port-forwarder:tunnel-provider I] Creating or reusing https/16635 with privacy 'undefined', attempt 0
[Client:extension:3c68:resolver:port-forwarder:tunnel-provider I] https/16635 already exists with privacy 'private' so reusing the existing port
[Client:extension:3c68:resolver:codespaces-internal-transport V] Sending message of size 5 bytes to server
[Client:extension:3c68:resolver:codespaces-internal-transport V] Finished sending request to server
[Client:extension:3c68:resolver:codespaces-internal-transport V] Received request for GetContainerPersistedFolderPath from client
[Client:extension:3c68:resolver:port-forwarder:tunnel-provider I] Getting stream from port 16635 with protocol https
[Client:extension:3c68:resolver:port-forwarder:tunnel-provider I] Creating or reusing https/16635 with privacy 'undefined', attempt 0
[Client:extension:3c68:resolver:port-forwarder:tunnel-provider I] https/16635 already exists with privacy 'private' so reusing the existing port
[Client:extension:3c68:resolver:codespaces-internal-transport V] Sending message of size 5 bytes to server
[Client:extension:3c68:resolver:codespaces-internal-transport V] Finished sending request to server
[Client:extension:3c68:resolver:codespaces-internal-transport V] Received request for GetContainerPersistedFolderPath from client
[Client:extension:3c68:resolver:port-forwarder:tunnel-provider I] Getting stream from port 16635 with protocol https
[Client:extension:3c68:resolver:port-forwarder:tunnel-provider I] Creating or reusing https/16635 with privacy 'undefined', attempt 0
[Client:extension:3c68:resolver:port-forwarder:tunnel-provider I] https/16635 already exists with privacy 'private' so reusing the existing port
[Client:extension:3c68:resolver:codespaces-internal-transport V] Sending message of size 5 bytes to server
[Client:extension:3c68:resolver:codespaces-internal-transport V] Finished sending request to server
[Client:extension:3c68:resolver:codespaces-internal-transport V] Received request for GetContainerPersistedFolderPath from client
[Client:extension:3c68:resolver:port-forwarder:tunnel-provider I] Getting stream from port 16635 with protocol https
[Client:extension:3c68:resolver:port-forwarder:tunnel-provider I] Creating or reusing https/16635 with privacy 'undefined', attempt 0
[Client:extension:3c68:resolver:port-forwarder:tunnel-provider I] https/16635 already exists with privacy 'private' so reusing the existing port
[Client:extension:3c68:resolver:codespaces-internal-transport V] Sending message of size 5 bytes to server
[Client:extension:3c68:resolver:codespaces-internal-transport V] Finished sending request to server
[Client:extension:3c68:resolver:resolve:1:background-tasks:openDefaultFiles I] Skipping openFiles because it's not the first activation
[Client:extension:3c68:resolver:port-forwarder:tunnel-provider V] tunnelClient verbose 0: Waiting for forwarded port 16635
[Client:extension:3c68:resolver:port-forwarder:tunnel-provider V] tunnelClient verbose 0: Waiting for forwarded port 16635
[Client:extension:3c68:resolver:port-forwarder:tunnel-provider V] tunnelClient verbose 0: Waiting for forwarded port 16635
[Client:extension:3c68:resolver:port-forwarder:tunnel-provider V] tunnelClient verbose 0: Waiting for forwarded port 16635
[Client:extension:3c68:resolver:port-forwarder:tunnel-provider V] tunnelClient verbose 0: Waiting for forwarded port 16635
[Client:extension:3c68:resolver:port-forwarder:tunnel-provider V] tunnelClient verbose 0: Waiting for forwarded port 16635
[Client:extension:3c68:resolver:port-forwarder:tunnel-provider V] tunnelClient verbose 0: Waiting for forwarded port 16635
[Client:extension:3c68:resolver:port-forwarder:tunnel-provider V] tunnelClient verbose 0: Forwarded port 16635 is ready.
[Client:extension:3c68:resolver:port-forwarder:tunnel-provider V] tunnelClient verbose 0: Forwarded port 16635 is ready.
[Client:extension:3c68:resolver:port-forwarder:tunnel-provider V] tunnelClient verbose 0: Forwarded port 16635 is ready.
[Client:extension:3c68:resolver:port-forwarder:tunnel-provider V] tunnelClient verbose 0: Forwarded port 16635 is ready.
[Client:extension:3c68:resolver:port-forwarder:tunnel-provider V] tunnelClient verbose 0: Forwarded port 16635 is ready.
[Client:extension:3c68:resolver:port-forwarder:tunnel-provider V] tunnelClient verbose 0: Forwarded port 16635 is ready.
[Client:extension:3c68:resolver:port-forwarder:tunnel-provider V] tunnelClient verbose 0: Forwarded port 16635 is ready.
[Client:extension:3c68:resolver:port-forwarder:tunnel-provider V] tunnelClient verbose 9101: Sending #15 PortForwardChannelOpenMessage(channelType=forwarded-tcpip, senderChannel=2) (host=127.0.0.1 port=16635)
[Client:extension:3c68:resolver:port-forwarder:tunnel-provider V] tunnelClient verbose 9101: Sending #16 PortForwardChannelOpenMessage(channelType=forwarded-tcpip, senderChannel=3) (host=127.0.0.1 port=16635)
[Client:extension:3c68:resolver:port-forwarder:tunnel-provider V] tunnelClient verbose 9101: Sending #17 PortForwardChannelOpenMessage(channelType=forwarded-tcpip, senderChannel=4) (host=127.0.0.1 port=16635)
[Client:extension:3c68:resolver:port-forwarder:tunnel-provider V] tunnelClient verbose 9101: Sending #18 PortForwardChannelOpenMessage(channelType=forwarded-tcpip, senderChannel=5) (host=127.0.0.1 port=16635)
[Client:extension:3c68:resolver:port-forwarder:tunnel-provider V] tunnelClient verbose 9101: Sending #19 PortForwardChannelOpenMessage(channelType=forwarded-tcpip, senderChannel=6) (host=127.0.0.1 port=16635)
[Client:extension:3c68:resolver:port-forwarder:tunnel-provider V] tunnelClient verbose 9101: Sending #20 PortForwardChannelOpenMessage(channelType=forwarded-tcpip, senderChannel=7) (host=127.0.0.1 port=16635)
[Client:extension:3c68:resolver:port-forwarder:tunnel-provider V] tunnelClient verbose 9101: Sending #21 PortForwardChannelOpenMessage(channelType=forwarded-tcpip, senderChannel=8) (host=127.0.0.1 port=16635)
[Client:extension:3c68:resolver:port-forwarder:tunnel-provider I] Getting stream from port 33181 with protocol https
[Client:extension:3c68:resolver:port-forwarder:tunnel-provider I] Creating or reusing https/33181 with privacy 'undefined', attempt 0
[Client:extension:3c68:resolver:port-forwarder:tunnel-provider I] https/33181 already exists with privacy 'private' so reusing the existing port
[Client:extension:3c68:resolver:port-forwarder:tunnel-provider V] tunnelClient verbose 0: Waiting for forwarded port 33181
[Client:extension:3c68:resolver:port-forwarder:tunnel-provider V] tunnelClient verbose 0: Forwarded port 33181 is ready.
[Client:extension:3c68:resolver:port-forwarder:tunnel-provider V] tunnelClient verbose 9101: Sending #22 PortForwardChannelOpenMessage(channelType=forwarded-tcpip, senderChannel=9) (host=127.0.0.1 port=33181)
[Client:extension:3c68:resolver:port-forwarder:tunnel-provider V] tunnelClient verbose 9102: Receiving #15 ChannelOpenConfirmationMessage (recipientChannel=2)(senderChannel=1)
[Client:extension:3c68:resolver:port-forwarder:tunnel-provider V] tunnelClient info 9154: PortForwardingService opened forwarded-tcpip channel #2 for 127.0.0.1:16635.
[Client:extension:3c68:resolver:port-forwarder:tunnel-provider V] tunnelClient verbose 9102: Receiving #16 ChannelOpenConfirmationMessage (recipientChannel=3)(senderChannel=2)
[Client:extension:3c68:resolver:port-forwarder:tunnel-provider V] tunnelClient info 9154: PortForwardingService opened forwarded-tcpip channel #3 for 127.0.0.1:16635.
[Client:extension:3c68:resolver:port-forwarder:tunnel-provider V] tunnelClient verbose 9102: Receiving #17 ChannelOpenConfirmationMessage (recipientChannel=4)(senderChannel=3)
[Client:extension:3c68:resolver:port-forwarder:tunnel-provider V] tunnelClient info 9154: PortForwardingService opened forwarded-tcpip channel #4 for 127.0.0.1:16635.
[Client:extension:3c68:resolver:port-forwarder:tunnel-provider V] tunnelClient verbose 9102: Receiving #18 ChannelOpenConfirmationMessage (recipientChannel=5)(senderChannel=4)
[Client:extension:3c68:resolver:port-forwarder:tunnel-provider V] tunnelClient info 9154: PortForwardingService opened forwarded-tcpip channel #5 for 127.0.0.1:16635.
[Client:extension:3c68:resolver:port-forwarder:tunnel-provider V] tunnelClient verbose 9102: Receiving #19 ChannelOpenConfirmationMessage (recipientChannel=6)(senderChannel=5)
[Client:extension:3c68:resolver:port-forwarder:tunnel-provider V] tunnelClient info 9154: PortForwardingService opened forwarded-tcpip channel #6 for 127.0.0.1:16635.
[Client:extension:3c68:resolver:port-forwarder:tunnel-provider V] tunnelClient verbose 9102: Receiving #20 ChannelOpenConfirmationMessage (recipientChannel=7)(senderChannel=6)
[Client:extension:3c68:resolver:port-forwarder:tunnel-provider V] tunnelClient info 9154: PortForwardingService opened forwarded-tcpip channel #7 for 127.0.0.1:16635.
[Client:extension:3c68:resolver:port-forwarder:tunnel-provider V] tunnelClient verbose 9102: Receiving #21 ChannelOpenConfirmationMessage (recipientChannel=8)(senderChannel=7)
[Client:extension:3c68:resolver:port-forwarder:tunnel-provider V] tunnelClient info 9154: PortForwardingService opened forwarded-tcpip channel #8 for 127.0.0.1:16635.
[Client:extension:3c68:resolver:port-forwarder:tunnel-provider V] tunnelClient verbose 9102: Receiving #22 ChannelOpenConfirmationMessage (recipientChannel=9)(senderChannel=8)
[Client:extension:3c68:resolver:port-forwarder:tunnel-provider V] tunnelClient info 9154: PortForwardingService opened forwarded-tcpip channel #9 for 127.0.0.1:33181.
[Client:extension:3c68:resolver I] Received event: Subscribed
[Client:extension:3c68:resolver I] Client bef77bd1-e10d-4ee9-86b2-04dbf58608c3 subscribed to event stream
[Client:extension:3c68:resolver I] Received event: CreationLogUpdated
[Client:extension:3c68:resolver I] Event payload: {"text":"Finding image...","type":"inProgress","isStreamingLogs":false}
[Client:extension:3c68:resolver I] Received event: CreationLogUpdated
[Client:extension:3c68:resolver I] Event payload: {"text":"Image found.","type":"succeeded","isStreamingLogs":false}
[Client:extension:3c68:resolver I] Received event: CreationLogUpdated
[Client:extension:3c68:resolver I] Event payload: {"text":"Building container...","type":"inProgress","isStreamingLogs":true}
[Client:extension:3c68:resolver I] Received event: CreationLogUpdated
[Client:extension:3c68:resolver I] Event payload: {"text":"Container built.","type":"succeeded","isStreamingLogs":false}
[Client:extension:3c68:resolver I] Received event: EnvironmentConfigured
[Client:extension:3c68:resolver:resolve:1:background-tasks:post-attach-command-manager I] PostAttachCommandManager: handleEnvironmentConfiguredEvent()
[Client:extension:3c68:resolver:port-forwarder:tunnel-provider V] tunnelClient verbose 9102: Receiving #25 ChannelCloseMessage (recipientChannel=3)
[Client:extension:3c68:resolver:port-forwarder:tunnel-provider V] tunnelClient info 9123: SshChannel(Type: forwarded-tcpip, Id: 3, RemoteId: 2) closed remotely. (S: 272, R: 198)
[Client:extension:3c68:resolver:codespaces-internal-transport V] Sending end event to client
[Client:extension:3c68:resolver:resolve:1:background-tasks I] Executed is-recovery-container using gRPC
[Client:extension:3c68:resolver:resolve:1:background-tasks V] not in recovery container
[Client:extension:3c68:resolver:port-forwarder:tunnel-provider V] tunnelClient verbose 9102: Receiving #27 ChannelCloseMessage (recipientChannel=6)
[Client:extension:3c68:resolver:port-forwarder:tunnel-provider V] tunnelClient info 9123: SshChannel(Type: forwarded-tcpip, Id: 6, RemoteId: 5) closed remotely. (S: 279, R: 240)
[Client:extension:3c68:resolver:codespaces-internal-transport V] Sending end event to client
[Client:extension:3c68:resolver:resolve:1:background-tasks I] Executed get-container-persisted-folder using gRPC
[Client:extension:3c68:resolver:resolve:1:background-tasks V] container folder path: "/workspaces/.codespaces/.persistedshare"
[Client:extension:3c68:resolver:resolve:1:background-tasks V] shared folder path: "/workspaces/.codespaces/shared/postCreateOutput.json"
[Client:extension:3c68:resolver:resolve:1:background-tasks V] shared file path: "vscode-remote:///workspaces/.codespaces/shared/postCreateOutput.json"
[Client:extension:3c68:resolver:port-forwarder:tunnel-provider V] tunnelClient verbose 9102: Receiving #29 ChannelCloseMessage (recipientChannel=4)
[Client:extension:3c68:resolver:port-forwarder:tunnel-provider V] tunnelClient info 9123: SshChannel(Type: forwarded-tcpip, Id: 4, RemoteId: 3) closed remotely. (S: 319, R: 200)
[Client:extension:3c68:resolver:codespaces-internal-transport V] Sending end event to client
[Client:extension:3c68:resolver:resolve:1:background-tasks:activity-monitor:vscode-activity-provider I] Executed notify-codespace-of-client-activity using gRPC
[Client:extension:3c68:resolver:resolve:1:background-tasks:activity-monitor:vscode-activity-provider I] Activity signal sent with result true
[Client:extension:3c68:resolver:port-forwarder:tunnel-provider V] tunnelClient verbose 9102: Receiving #31 ChannelCloseMessage (recipientChannel=5)
[Client:extension:3c68:resolver:port-forwarder:tunnel-provider V] tunnelClient info 9123: SshChannel(Type: forwarded-tcpip, Id: 5, RemoteId: 4) closed remotely. (S: 273, R: 198)
[Client:extension:3c68:resolver:codespaces-internal-transport V] Sending end event to client
[Client:extension:3c68:resolver:resolve:1:background-tasks I] Executed configure-environment using gRPC
[Client:extension:3c68:resolver:port-forwarder:tunnel-provider V] tunnelClient verbose 9102: Receiving #33 ChannelCloseMessage (recipientChannel=7)
[Client:extension:3c68:resolver:port-forwarder:tunnel-provider V] tunnelClient info 9123: SshChannel(Type: forwarded-tcpip, Id: 7, RemoteId: 6) closed remotely. (S: 279, R: 240)
[Client:extension:3c68:resolver:codespaces-internal-transport V] Sending end event to client
[Performance I] Executed get-container-persisted-folder using gRPC
[Client:extension:3c68:resolver:port-forwarder:tunnel-provider V] tunnelClient verbose 9102: Receiving #35 ChannelCloseMessage (recipientChannel=8)
[Client:extension:3c68:resolver:port-forwarder:tunnel-provider V] tunnelClient info 9123: SshChannel(Type: forwarded-tcpip, Id: 8, RemoteId: 7) closed remotely. (S: 279, R: 240)
[Client:extension:3c68:resolver:codespaces-internal-transport V] Sending end event to client
[ResourceUsage I] Executed get-container-persisted-folder using gRPC
[ResourceUsage V] container folder path: "/workspaces/.codespaces/.persistedshare"
[ResourceUsage V] shared folder path: "/workspaces/.codespaces/shared/resource-usage.json"
[ResourceUsage V] shared file path: "vscode-remote:///workspaces/.codespaces/shared/resource-usage.json"
[ResourceUsage I] Starting monitor
[ResourceUsage I] Checking if the codespace connection exists
[Client:extension:3c68:resolver:port-forwarder:tunnel-provider I] Getting stream from port 33181 with protocol https
[Client:extension:3c68:resolver:port-forwarder:tunnel-provider I] Creating or reusing https/33181 with privacy 'undefined', attempt 0
[Client:extension:3c68:resolver:port-forwarder:tunnel-provider I] https/33181 already exists with privacy 'private' so reusing the existing port
[Client:extension:3c68:resolver:port-forwarder:tunnel-provider V] tunnelClient verbose 0: Waiting for forwarded port 33181
[Client:extension:3c68:resolver:port-forwarder:tunnel-provider V] tunnelClient verbose 0: Forwarded port 33181 is ready.
[Client:extension:3c68:resolver:port-forwarder:tunnel-provider V] tunnelClient verbose 9101: Sending #39 PortForwardChannelOpenMessage(channelType=forwarded-tcpip, senderChannel=10) (host=127.0.0.1 port=33181)
[Client:extension:3c68:resolver:port-forwarder:tunnel-provider V] tunnelClient verbose 9102: Receiving #38 ChannelOpenConfirmationMessage (recipientChannel=10)(senderChannel=9)
[Client:extension:3c68:resolver:port-forwarder:tunnel-provider V] tunnelClient info 9154: PortForwardingService opened forwarded-tcpip channel #10 for 127.0.0.1:33181.
[Performance I] Starting monitor
[Performance I] Checking if the codespace connection exists
[Client:extension:3c68:resolver:port-forwarder:tunnel-provider V] tunnelClient verbose 9101: Sending #54 ChannelWindowAdjustMessage (recipientChannel=8) (bytesToAdd=531287)
[Client:extension:3c68:resolver:port-forwarder:tunnel-provider I] Getting stream from port 33181 with protocol https
[Client:extension:3c68:resolver:port-forwarder:tunnel-provider I] Creating or reusing https/33181 with privacy 'undefined', attempt 0
[Client:extension:3c68:resolver:port-forwarder:tunnel-provider I] https/33181 already exists with privacy 'private' so reusing the existing port
[Client:extension:3c68:resolver:port-forwarder:tunnel-provider V] tunnelClient verbose 0: Waiting for forwarded port 33181
[Client:extension:3c68:resolver:port-forwarder:tunnel-provider V] tunnelClient verbose 0: Forwarded port 33181 is ready.
[Client:extension:3c68:resolver:port-forwarder:tunnel-provider V] tunnelClient verbose 9101: Sending #56 PortForwardChannelOpenMessage(channelType=forwarded-tcpip, senderChannel=11) (host=127.0.0.1 port=33181)
[Client:extension:3c68:resolver:port-forwarder:tunnel-provider V] tunnelClient verbose 9102: Receiving #138 ChannelOpenConfirmationMessage (recipientChannel=11)(senderChannel=10)
[Client:extension:3c68:resolver:port-forwarder:tunnel-provider V] tunnelClient info 9154: PortForwardingService opened forwarded-tcpip channel #11 for 127.0.0.1:33181.
[Client:extension:3c68:resolver V] disposing reason: 'vscode disposed the resolver', disposing 2 objects
[Client:extension:3c68:resolver:port-forwarder:tunnel-provider V] disposing reason: 'vscode disposed the resolver $1', disposing 10 objects
[Client:extension:3c68:resolver:port-forwarder:tunnel-provider V] disposing reason: 'n/a', disposing 0 objects
[Client:extension:3c68:resolver:port-forwarder:tunnel-provider:delayed-disposable V] Disposing reason:undefined
[Client:extension:3c68:resolver:port-forwarder:tunnel-provider:local-port-forwarder[33181] V] disposing reason: 'tunnelProvider disposed', disposing 6 objects
[Client:extension:3c68:resolver:port-forwarder:tunnel-provider:delayed-disposable V] Disposing reason:tunnelProvider disposed $0
[Client:extension:3c68:resolver:port-forwarder:tunnel-provider:local-port-forwarder[33181]:delayed-disposable V] Disposing reason:tunnelProvider disposed $1
[Client:extension:3c68:resolver:port-forwarder:tunnel-provider:local-port-forwarder[33181] I] Stopping local TCP server on port 33181 (3 connections)
[Client:extension:3c68:resolver:port-forwarder:tunnel-provider V] Stopping forwarded port 16635
[Client:extension:3c68:resolver:port-forwarder:tunnel-provider I] Stopped forwarding port 16635
[Client:extension:3c68:resolver I] Dev Tunnels connection is disposed, disposing of RPC client
[Client:extension:3c68:resolver:codespaces-internal-transport V] Sending end event to client
[Client:extension:3c68:resolver:codespaces-internal-transport E] Request canceled by client
[Client:extension:3c68:resolver:resolve:1:background-tasks:post-attach-command-manager V] disposing reason: 'vscode disposed the resolver $1 $2', disposing 1 objects
[Client:extension:3c68:resolver:resolve:1:background-tasks:post-attach-command-manager:delayed-disposable V] Disposing reason:undefined
[Client:extension:3c68:resolver:resolve:1:background-tasks:activity-monitor:vscode-activity-provider V] disposing reason: 'disposed with connection', disposing 23 objects
[ResourceUsage I] Connection disposed, stopping monitor
[ResourceUsage I] Stopping polling
[Performance I] Connection disposed, stopping monitor
[Performance I] Stopping polling
[Client:extension:3c68:resolver:port-forwarder:tunnel-provider:delayed-disposable V] Disposing reason:undefined
[Client:extension:3c68:resolver:port-forwarder:tunnel-provider:delayed-disposable V] Disposing reason:undefined
[Client:extension:3c68:resolver:port-forwarder:tunnel-provider:local-port-forwarder[33181] V] Stopped local server
[Client:extension:3c68:resolver:port-forwarder:tunnel-provider V] Stopping forwarded port 33181
[Client:extension:3c68:resolver:port-forwarder:tunnel-provider I] Stopping local port forwarder for port 33181
[Client:extension:3c68:resolver:port-forwarder:tunnel-provider I] Stopped local port forwarder for port 33181
[Client:extension:3c68:resolver:port-forwarder:tunnel-provider I] Stopped forwarding port 33181
[Client:extension:3c68:resolver:port-forwarder:tunnel-provider V] Stopping forwarded port 1337
[Client:extension:3c68:resolver:port-forwarder:tunnel-provider I] Stopped forwarding port 1337
[Client:extension:3c68:resolver:port-forwarder:tunnel-provider V] Stopping forwarded port 16634
[Client:extension:3c68:resolver:port-forwarder:tunnel-provider I] Stopped forwarding port 16634
[Client:extension:3c68:resolver:port-forwarder:tunnel-provider V] Stopping forwarded port 41335
[Client:extension:3c68:resolver:port-forwarder:tunnel-provider I] Stopped forwarding port 41335
[Client:extension:3c68:resolver:port-forwarder:tunnel-provider V] tunnelClient verbose 9101: Sending #78 ChannelCloseMessage (recipientChannel=8)
[Client:extension:3c68:resolver:port-forwarder:tunnel-provider V] Tunnel client disconnected, recreating and reconnecting: undefined
[Client:extension:3c68:resolver:port-forwarder:tunnel-provider I] Not connecting tunnel client because the provider is disposed
[Client:extension:3c68:resolver:port-forwarder:tunnel-provider V] tunnelClient info 9113: SshClientSession Close(byApplication, "")
[Client:extension:3c68:resolver:port-forwarder:tunnel-provider V] tunnelClient info 9113: SshClientSession disposed.
[Client:extension:3c68:resolver:port-forwarder:tunnel-provider V] tunnelClient info 9123: SshClientSession closed.
[Client:extension:3c68:resolver:port-forwarder:tunnel-provider V] tunnelClient info 9123: SshClientSession closed.
[Client:extension:3c68:resolver:port-forwarder:tunnel-provider V] tunnelClient info 9123: SshClientSession closed.
[Client:extension:3c68:resolver:port-forwarder:tunnel-provider V] tunnelClient info 9123: SshClientSession closed.
[Client:extension:3c68:resolver:port-forwarder:tunnel-provider V] tunnelClient verbose 9101: Sending #79 DisconnectMessage (byApplication: )
[Client:extension:3c68:resolver:port-forwarder:tunnel-provider V] tunnelClient verbose 9101: Sending #80 ChannelCloseMessage (recipientChannel=9)
[Client:extension:3c68:resolver:port-forwarder:tunnel-provider V] tunnelClient verbose 9101: Sending #81 ChannelCloseMessage (recipientChannel=10)
[Client:extension:3c68:resolver:port-forwarder:tunnel-provider V] tunnelClient verbose 9101: Sending #82 ChannelCloseMessage (recipientChannel=1)
[Client:extension:3c68:resolver:codespaces-internal-transport V] Sending end event to client
