2025-01-06 04:26:53.196 [info] Extension host with pid 565103 started
2025-01-06 04:26:53.196 [info] Skipping acquiring lock for /home/shri/.config/Code/User/workspaceStorage/ffe150d4b47d2187ef71d1722824364d.
2025-01-06 04:26:53.196 [info] $getCanonicalURI invoked for authority (codespaces)
2025-01-06 04:26:53.201 [info] ExtensionService#_doActivateExtension GitHub.codespaces, startup: false, activationEvent: 'onResolveRemoteAuthority:codespaces'
2025-01-06 04:26:53.438 [info] ExtensionService#_doActivateExtension vscode.github-authentication, startup: false, activationEvent: 'api', root cause: GitHub.codespaces
2025-01-06 04:26:54.000 [info] [resolveAuthority(codespaces,1)][0ms] activating remote resolvers codespaces+reimagined-guide-r44jgjgpvr472xp9x
2025-01-06 04:26:54.000 [info] [resolveAuthority(codespaces,1)][0ms] activating resolver for codespaces+reimagined-guide-r44jgjgpvr472xp9x...
2025-01-06 04:26:54.000 [info] [resolveAuthority(codespaces,1)][0ms] invoking final resolve()...
2025-01-06 04:26:55.000 [info] [resolveAuthority(codespaces,1)][1000ms] waiting...
2025-01-06 04:26:56.002 [info] [resolveAuthority(codespaces,1)][2002ms] waiting...
2025-01-06 04:26:57.002 [info] [resolveAuthority(codespaces,1)][3002ms] waiting...
2025-01-06 04:26:58.002 [info] [resolveAuthority(codespaces,1)][4002ms] waiting...
2025-01-06 04:26:59.003 [info] [resolveAuthority(codespaces,1)][5003ms] waiting...
2025-01-06 04:27:00.111 [info] [resolveAuthority(codespaces,1)][6111ms] waiting...
2025-01-06 04:27:01.111 [info] [resolveAuthority(codespaces,1)][7111ms] waiting...
2025-01-06 04:27:02.111 [info] [resolveAuthority(codespaces,1)][8111ms] waiting...
2025-01-06 04:27:03.111 [info] [resolveAuthority(codespaces,1)][9111ms] waiting...
2025-01-06 04:27:04.112 [info] [resolveAuthority(codespaces,1)][10112ms] waiting...
2025-01-06 04:27:05.113 [info] [resolveAuthority(codespaces,1)][11113ms] waiting...
2025-01-06 04:27:06.113 [info] [resolveAuthority(codespaces,1)][12113ms] waiting...
2025-01-06 04:27:07.113 [info] [resolveAuthority(codespaces,1)][13113ms] waiting...
2025-01-06 04:27:08.113 [info] [resolveAuthority(codespaces,1)][14113ms] waiting...
2025-01-06 04:27:09.113 [info] [resolveAuthority(codespaces,1)][15113ms] waiting...
2025-01-06 04:27:10.113 [info] [resolveAuthority(codespaces,1)][16113ms] waiting...
2025-01-06 04:27:11.114 [info] [resolveAuthority(codespaces,1)][17114ms] waiting...
2025-01-06 04:27:12.113 [info] [resolveAuthority(codespaces,1)][18113ms] waiting...
2025-01-06 04:27:13.113 [info] [resolveAuthority(codespaces,1)][19113ms] waiting...
2025-01-06 04:27:14.113 [info] [resolveAuthority(codespaces,1)][20113ms] waiting...
2025-01-06 04:27:15.113 [info] [resolveAuthority(codespaces,1)][21113ms] waiting...
2025-01-06 04:27:15.656 [info] [resolveAuthority(codespaces,1)][21656ms] setting tunnel factory...
2025-01-06 04:27:15.657 [info] [resolveAuthority(codespaces,1)][21656ms] returned 127.0.0.1:41045
2025-01-06 04:27:18.361 [info] Eager extensions activated
2025-01-06 04:27:18.458 [info] ExtensionService#_doActivateExtension vscodevim.vim, startup: false, activationEvent: 'onStartupFinished'
2025-01-06 04:27:18.534 [info] ExtensionService#_doActivateExtension vscode.microsoft-authentication, startup: false, activationEvent: 'onAuthenticationRequest:microsoft'
2025-01-06 04:27:19.608 [error] Error: ENOENT: no such file or directory, open '/home/shri/.config/Code/User/globalStorage/vscodevim.vim/.registers'
2025-01-06 04:49:52.325 [info] Extension host terminating: renderer closed the MessagePort
2025-01-06 04:49:52.356 [info] Extension host with pid 565103 exiting with code 0
