2025-01-05 01:04:04.869 [info] Extension host with pid 523464 started
2025-01-05 01:04:04.869 [info] Skipping acquiring lock for /home/shri/.config/Code/User/workspaceStorage/ffe150d4b47d2187ef71d1722824364d.
2025-01-05 01:04:04.869 [info] $getCanonicalURI invoked for authority (codespaces)
2025-01-05 01:04:04.879 [info] ExtensionService#_doActivateExtension GitHub.codespaces, startup: false, activationEvent: 'onResolveRemoteAuthority:codespaces'
2025-01-05 01:04:05.535 [info] ExtensionService#_doActivateExtension vscode.github-authentication, startup: false, activationEvent: 'api', root cause: GitHub.codespaces
2025-01-05 01:04:06.589 [info] [resolveAuthority(codespaces,1)][0ms] activating remote resolvers codespaces+reimagined-guide-r44jgjgpvr472xp9x
2025-01-05 01:04:06.589 [info] [resolveAuthority(codespaces,1)][0ms] activating resolver for codespaces+reimagined-guide-r44jgjgpvr472xp9x...
2025-01-05 01:04:06.590 [info] [resolveAuthority(codespaces,1)][1ms] invoking final resolve()...
2025-01-05 01:04:07.591 [info] [resolveAuthority(codespaces,1)][1002ms] waiting...
2025-01-05 01:04:10.016 [info] [resolveAuthority(codespaces,1)][3426ms] waiting...
2025-01-05 01:04:11.301 [info] [resolveAuthority(codespaces,1)][4712ms] waiting...
2025-01-05 01:04:12.302 [info] [resolveAuthority(codespaces,1)][5713ms] waiting...
2025-01-05 01:04:13.302 [info] [resolveAuthority(codespaces,1)][6713ms] waiting...
2025-01-05 01:04:14.303 [info] [resolveAuthority(codespaces,1)][7714ms] waiting...
2025-01-05 01:04:15.303 [info] [resolveAuthority(codespaces,1)][8714ms] waiting...
2025-01-05 01:04:16.305 [info] [resolveAuthority(codespaces,1)][9716ms] waiting...
2025-01-05 01:04:17.305 [info] [resolveAuthority(codespaces,1)][10716ms] waiting...
2025-01-05 01:04:18.305 [info] [resolveAuthority(codespaces,1)][11716ms] waiting...
2025-01-05 01:04:19.307 [info] [resolveAuthority(codespaces,1)][12718ms] waiting...
2025-01-05 01:04:20.307 [info] [resolveAuthority(codespaces,1)][13718ms] waiting...
2025-01-05 01:04:21.307 [info] [resolveAuthority(codespaces,1)][14718ms] waiting...
2025-01-05 01:04:22.308 [info] [resolveAuthority(codespaces,1)][15719ms] waiting...
2025-01-05 01:04:23.308 [info] [resolveAuthority(codespaces,1)][16719ms] waiting...
2025-01-05 01:04:24.309 [info] [resolveAuthority(codespaces,1)][17720ms] waiting...
2025-01-05 01:04:25.309 [info] [resolveAuthority(codespaces,1)][18720ms] waiting...
2025-01-05 01:04:26.309 [info] [resolveAuthority(codespaces,1)][19720ms] waiting...
2025-01-05 01:04:27.310 [info] [resolveAuthority(codespaces,1)][20721ms] waiting...
2025-01-05 01:04:28.173 [info] [resolveAuthority(codespaces,1)][21584ms] setting tunnel factory...
2025-01-05 01:04:28.173 [info] [resolveAuthority(codespaces,1)][21584ms] returned 127.0.0.1:33181
2025-01-05 01:04:37.007 [info] [resolveAuthority(codespaces,2)][0ms] activating remote resolvers codespaces+reimagined-guide-r44jgjgpvr472xp9x
2025-01-05 01:04:37.008 [info] [resolveAuthority(codespaces,2)][1ms] activating resolver for codespaces+reimagined-guide-r44jgjgpvr472xp9x...
2025-01-05 01:04:37.008 [info] [resolveAuthority(codespaces,2)][1ms] invoking final resolve()...
2025-01-05 01:35:20.869 [info] [resolveAuthority(codespaces,2)][1843862ms] waiting...
2025-01-05 01:35:21.887 [info] [resolveAuthority(codespaces,2)][1844880ms] waiting...
2025-01-05 01:35:22.889 [info] [resolveAuthority(codespaces,2)][1845882ms] waiting...
2025-01-05 01:35:23.889 [info] [resolveAuthority(codespaces,2)][1846882ms] waiting...
2025-01-05 01:35:24.890 [info] [resolveAuthority(codespaces,2)][1847883ms] waiting...
2025-01-05 01:35:25.898 [info] [resolveAuthority(codespaces,2)][1848891ms] waiting...
2025-01-05 01:35:26.898 [info] [resolveAuthority(codespaces,2)][1849891ms] waiting...
2025-01-05 01:35:27.898 [info] [resolveAuthority(codespaces,2)][1850891ms] waiting...
2025-01-05 01:35:28.898 [info] [resolveAuthority(codespaces,2)][1851891ms] waiting...
2025-01-05 01:35:29.899 [info] [resolveAuthority(codespaces,2)][1852892ms] waiting...
2025-01-05 01:35:30.479 [info] Extension host terminating: renderer closed the MessagePort
2025-01-05 01:35:30.482 [info] Extension host with pid 523464 exiting with code 0
