2025-01-05 00:52:32.287 [info] Extension host with pid 501787 started
2025-01-05 00:52:32.503 [info] ExtensionService#_doActivateExtension vscode.github-authentication, startup: false, activationEvent: 'onAuthenticationRequest:github'
2025-01-05 00:52:32.715 [info] ExtensionService#_doActivateExtension vscode.git-base, startup: true, activationEvent: '*', root cause: vscode.git
2025-01-05 00:52:32.764 [info] ExtensionService#_doActivateExtension vscode.git, startup: true, activationEvent: '*'
2025-01-05 00:52:32.884 [info] ExtensionService#_doActivateExtension vscode.github, startup: true, activationEvent: '*'
2025-01-05 00:52:33.068 [info] Eager extensions activated
2025-01-05 00:52:33.081 [info] ExtensionService#_doActivateExtension vscode.debug-auto-launch, startup: false, activationEvent: 'onStartupFinished'
2025-01-05 00:52:33.085 [info] ExtensionService#_doActivateExtension vscode.merge-conflict, startup: false, activationEvent: 'onStartupFinished'
2025-01-05 00:53:38.236 [info] ExtensionService#_doActivateExtension vscode.microsoft-authentication, startup: false, activationEvent: 'onAuthenticationRequest:microsoft'
2025-01-05 00:54:04.718 [info] ExtensionService#_doActivateExtension vscode.configuration-editing, startup: false, activationEvent: 'onLanguage:jsonc'
2025-01-05 00:54:04.747 [info] ExtensionService#_doActivateExtension vscode.json-language-features, startup: false, activationEvent: 'onLanguage:jsonc'
2025-01-05 00:54:04.868 [info] ExtensionService#_doActivateExtension vscode.typescript-language-features, startup: false, activationEvent: 'onLanguage:jsonc'
2025-01-05 00:54:04.979 [info] ExtensionService#_doActivateExtension vscode.emmet, startup: false, activationEvent: 'onLanguage'
2025-01-05 00:55:40.543 [info] ExtensionService#_doActivateExtension ms-vscode.remote-server, startup: false, activationEvent: 'onCommand:remote-tunnels.connectCurrentWindowToTunnel'
2025-01-05 00:56:51.631 [info] ExtensionService#_doActivateExtension GitHub.codespaces, startup: false, activationEvent: 'onUri:github.codespaces'
2025-01-05 00:57:13.143 [info] Extension host terminating: renderer closed the MessagePort
2025-01-05 00:57:13.232 [info] Extension host with pid 501787 exiting with code 0
2025-01-05 00:57:14.933 [info] Extension host with pid 511322 started
2025-01-05 00:57:14.933 [info] Skipping acquiring lock for /home/shri/.config/Code/User/workspaceStorage/ffe150d4b47d2187ef71d1722824364d.
2025-01-05 00:57:14.933 [info] $getCanonicalURI invoked for authority (codespaces)
2025-01-05 00:57:14.943 [info] ExtensionService#_doActivateExtension GitHub.codespaces, startup: false, activationEvent: 'onResolveRemoteAuthority:codespaces'
2025-01-05 00:57:15.602 [info] ExtensionService#_doActivateExtension vscode.github-authentication, startup: false, activationEvent: 'api', root cause: GitHub.codespaces
2025-01-05 00:57:16.304 [info] [resolveAuthority(codespaces,1)][0ms] activating remote resolvers codespaces+reimagined-guide-r44jgjgpvr472xp9x
2025-01-05 00:57:16.304 [info] [resolveAuthority(codespaces,1)][0ms] activating resolver for codespaces+reimagined-guide-r44jgjgpvr472xp9x...
2025-01-05 00:57:16.304 [info] [resolveAuthority(codespaces,1)][0ms] invoking final resolve()...
2025-01-05 00:57:17.304 [info] [resolveAuthority(codespaces,1)][1000ms] waiting...
2025-01-05 00:57:18.307 [info] [resolveAuthority(codespaces,1)][2003ms] waiting...
2025-01-05 00:57:20.838 [info] [resolveAuthority(codespaces,1)][4534ms] waiting...
2025-01-05 00:57:22.223 [info] [resolveAuthority(codespaces,1)][5919ms] waiting...
2025-01-05 00:57:23.223 [info] [resolveAuthority(codespaces,1)][6919ms] waiting...
2025-01-05 00:57:24.223 [info] [resolveAuthority(codespaces,1)][7919ms] waiting...
2025-01-05 00:57:25.225 [info] [resolveAuthority(codespaces,1)][8921ms] waiting...
2025-01-05 00:57:26.226 [info] [resolveAuthority(codespaces,1)][9921ms] waiting...
2025-01-05 00:57:27.226 [info] [resolveAuthority(codespaces,1)][10922ms] waiting...
2025-01-05 00:57:28.226 [info] [resolveAuthority(codespaces,1)][11922ms] waiting...
2025-01-05 00:57:29.227 [info] [resolveAuthority(codespaces,1)][12923ms] waiting...
2025-01-05 00:57:30.227 [info] [resolveAuthority(codespaces,1)][13923ms] waiting...
2025-01-05 00:57:31.227 [info] [resolveAuthority(codespaces,1)][14923ms] waiting...
2025-01-05 00:57:32.227 [info] [resolveAuthority(codespaces,1)][15923ms] waiting...
2025-01-05 00:57:33.227 [info] [resolveAuthority(codespaces,1)][16923ms] waiting...
2025-01-05 00:57:34.227 [info] [resolveAuthority(codespaces,1)][17923ms] waiting...
2025-01-05 00:57:35.228 [info] [resolveAuthority(codespaces,1)][18924ms] waiting...
2025-01-05 00:57:36.228 [info] [resolveAuthority(codespaces,1)][19924ms] waiting...
2025-01-05 00:57:37.228 [info] [resolveAuthority(codespaces,1)][20924ms] waiting...
2025-01-05 00:57:38.228 [info] [resolveAuthority(codespaces,1)][21924ms] waiting...
2025-01-05 00:57:39.230 [info] [resolveAuthority(codespaces,1)][22926ms] waiting...
2025-01-05 00:57:40.230 [info] [resolveAuthority(codespaces,1)][23926ms] waiting...
2025-01-05 00:57:41.230 [info] [resolveAuthority(codespaces,1)][24926ms] waiting...
2025-01-05 00:57:42.230 [info] [resolveAuthority(codespaces,1)][25926ms] waiting...
2025-01-05 00:57:43.230 [info] [resolveAuthority(codespaces,1)][26926ms] waiting...
2025-01-05 00:57:44.230 [info] [resolveAuthority(codespaces,1)][27926ms] waiting...
2025-01-05 00:57:45.282 [info] [resolveAuthority(codespaces,1)][28978ms] waiting...
2025-01-05 00:57:46.282 [info] [resolveAuthority(codespaces,1)][29978ms] waiting...
2025-01-05 00:57:47.282 [info] [resolveAuthority(codespaces,1)][30978ms] waiting...
2025-01-05 00:57:48.283 [info] [resolveAuthority(codespaces,1)][31979ms] waiting...
2025-01-05 00:57:49.283 [info] [resolveAuthority(codespaces,1)][32979ms] waiting...
2025-01-05 00:57:50.283 [info] [resolveAuthority(codespaces,1)][33979ms] waiting...
2025-01-05 00:57:51.283 [info] [resolveAuthority(codespaces,1)][34979ms] waiting...
2025-01-05 00:57:52.283 [info] [resolveAuthority(codespaces,1)][35979ms] waiting...
2025-01-05 00:57:53.284 [info] [resolveAuthority(codespaces,1)][36980ms] waiting...
2025-01-05 00:57:54.284 [info] [resolveAuthority(codespaces,1)][37980ms] waiting...
2025-01-05 00:57:55.284 [info] [resolveAuthority(codespaces,1)][38980ms] waiting...
2025-01-05 00:57:56.284 [info] [resolveAuthority(codespaces,1)][39980ms] waiting...
2025-01-05 00:57:57.284 [info] [resolveAuthority(codespaces,1)][40980ms] waiting...
2025-01-05 00:57:58.285 [info] [resolveAuthority(codespaces,1)][41980ms] waiting...
2025-01-05 00:57:59.286 [info] [resolveAuthority(codespaces,1)][42982ms] waiting...
2025-01-05 00:58:00.303 [info] [resolveAuthority(codespaces,1)][43999ms] waiting...
2025-01-05 00:58:01.303 [info] [resolveAuthority(codespaces,1)][44999ms] waiting...
2025-01-05 00:58:02.303 [info] [resolveAuthority(codespaces,1)][45999ms] waiting...
2025-01-05 00:58:03.305 [info] [resolveAuthority(codespaces,1)][47001ms] waiting...
2025-01-05 00:58:04.305 [info] [resolveAuthority(codespaces,1)][48001ms] waiting...
2025-01-05 00:58:05.306 [info] [resolveAuthority(codespaces,1)][49002ms] waiting...
2025-01-05 00:58:06.307 [info] [resolveAuthority(codespaces,1)][50003ms] waiting...
2025-01-05 00:58:07.307 [info] [resolveAuthority(codespaces,1)][51003ms] waiting...
2025-01-05 00:58:08.307 [info] [resolveAuthority(codespaces,1)][52003ms] waiting...
2025-01-05 00:58:09.307 [info] [resolveAuthority(codespaces,1)][53003ms] waiting...
2025-01-05 00:58:10.308 [info] [resolveAuthority(codespaces,1)][54004ms] waiting...
2025-01-05 00:58:11.309 [info] [resolveAuthority(codespaces,1)][55004ms] waiting...
2025-01-05 00:58:12.310 [info] [resolveAuthority(codespaces,1)][56006ms] waiting...
2025-01-05 00:58:13.310 [info] [resolveAuthority(codespaces,1)][57006ms] waiting...
2025-01-05 00:58:14.311 [info] [resolveAuthority(codespaces,1)][58007ms] waiting...
2025-01-05 00:58:15.311 [info] [resolveAuthority(codespaces,1)][59007ms] waiting...
2025-01-05 00:58:16.312 [info] [resolveAuthority(codespaces,1)][60008ms] waiting...
2025-01-05 00:58:17.312 [info] [resolveAuthority(codespaces,1)][61008ms] waiting...
2025-01-05 00:58:18.313 [info] [resolveAuthority(codespaces,1)][62009ms] waiting...
2025-01-05 00:58:19.314 [info] [resolveAuthority(codespaces,1)][63010ms] waiting...
2025-01-05 00:58:20.314 [info] [resolveAuthority(codespaces,1)][64010ms] waiting...
2025-01-05 00:58:21.314 [info] [resolveAuthority(codespaces,1)][65010ms] waiting...
2025-01-05 00:58:22.314 [info] [resolveAuthority(codespaces,1)][66010ms] waiting...
2025-01-05 00:58:23.314 [info] [resolveAuthority(codespaces,1)][67010ms] waiting...
2025-01-05 00:58:24.314 [info] [resolveAuthority(codespaces,1)][68010ms] waiting...
2025-01-05 00:58:25.314 [info] [resolveAuthority(codespaces,1)][69010ms] waiting...
2025-01-05 00:58:26.314 [info] [resolveAuthority(codespaces,1)][70010ms] waiting...
2025-01-05 00:58:27.315 [info] [resolveAuthority(codespaces,1)][71011ms] waiting...
2025-01-05 00:58:28.315 [info] [resolveAuthority(codespaces,1)][72011ms] waiting...
2025-01-05 00:58:29.315 [info] [resolveAuthority(codespaces,1)][73011ms] waiting...
2025-01-05 00:58:30.315 [info] [resolveAuthority(codespaces,1)][74011ms] waiting...
2025-01-05 00:58:31.315 [info] [resolveAuthority(codespaces,1)][75011ms] waiting...
2025-01-05 00:58:32.316 [info] [resolveAuthority(codespaces,1)][76012ms] waiting...
2025-01-05 00:58:33.316 [info] [resolveAuthority(codespaces,1)][77012ms] waiting...
2025-01-05 00:58:34.316 [info] [resolveAuthority(codespaces,1)][78012ms] waiting...
2025-01-05 00:58:35.317 [info] [resolveAuthority(codespaces,1)][79013ms] waiting...
2025-01-05 00:58:36.317 [info] [resolveAuthority(codespaces,1)][80013ms] waiting...
2025-01-05 00:58:37.317 [info] [resolveAuthority(codespaces,1)][81013ms] waiting...
2025-01-05 00:58:38.317 [info] [resolveAuthority(codespaces,1)][82013ms] waiting...
2025-01-05 00:58:39.317 [info] [resolveAuthority(codespaces,1)][83013ms] waiting...
2025-01-05 00:58:40.317 [info] [resolveAuthority(codespaces,1)][84013ms] waiting...
2025-01-05 00:58:41.317 [info] [resolveAuthority(codespaces,1)][85013ms] waiting...
2025-01-05 00:58:42.317 [info] [resolveAuthority(codespaces,1)][86013ms] waiting...
2025-01-05 00:58:43.317 [info] [resolveAuthority(codespaces,1)][87013ms] waiting...
2025-01-05 00:58:44.318 [info] [resolveAuthority(codespaces,1)][88014ms] waiting...
2025-01-05 00:58:45.319 [info] [resolveAuthority(codespaces,1)][89014ms] waiting...
2025-01-05 00:58:46.319 [info] [resolveAuthority(codespaces,1)][90015ms] waiting...
2025-01-05 00:58:47.319 [info] [resolveAuthority(codespaces,1)][91015ms] waiting...
2025-01-05 00:58:48.320 [info] [resolveAuthority(codespaces,1)][92016ms] waiting...
2025-01-05 00:58:49.320 [info] [resolveAuthority(codespaces,1)][93016ms] waiting...
2025-01-05 00:58:50.320 [info] [resolveAuthority(codespaces,1)][94016ms] waiting...
2025-01-05 00:58:51.321 [info] [resolveAuthority(codespaces,1)][95017ms] waiting...
2025-01-05 00:58:52.321 [info] [resolveAuthority(codespaces,1)][96017ms] waiting...
2025-01-05 00:58:53.321 [info] [resolveAuthority(codespaces,1)][97017ms] waiting...
2025-01-05 00:58:54.322 [info] [resolveAuthority(codespaces,1)][98017ms] waiting...
2025-01-05 00:58:55.322 [info] [resolveAuthority(codespaces,1)][99018ms] waiting...
2025-01-05 00:58:56.323 [info] [resolveAuthority(codespaces,1)][100019ms] waiting...
2025-01-05 00:58:57.323 [info] [resolveAuthority(codespaces,1)][101019ms] waiting...
2025-01-05 00:58:58.324 [info] [resolveAuthority(codespaces,1)][102020ms] waiting...
2025-01-05 00:58:59.324 [info] [resolveAuthority(codespaces,1)][103020ms] waiting...
2025-01-05 00:59:00.325 [info] [resolveAuthority(codespaces,1)][104021ms] waiting...
2025-01-05 00:59:01.325 [info] [resolveAuthority(codespaces,1)][105021ms] waiting...
2025-01-05 00:59:02.326 [info] [resolveAuthority(codespaces,1)][106021ms] waiting...
2025-01-05 00:59:03.326 [info] [resolveAuthority(codespaces,1)][107022ms] waiting...
2025-01-05 00:59:04.326 [info] [resolveAuthority(codespaces,1)][108022ms] waiting...
2025-01-05 00:59:05.327 [info] [resolveAuthority(codespaces,1)][109023ms] waiting...
2025-01-05 00:59:06.327 [info] [resolveAuthority(codespaces,1)][110023ms] waiting...
2025-01-05 00:59:07.327 [info] [resolveAuthority(codespaces,1)][111023ms] waiting...
2025-01-05 00:59:08.329 [info] [resolveAuthority(codespaces,1)][112025ms] waiting...
2025-01-05 00:59:09.330 [info] [resolveAuthority(codespaces,1)][113026ms] waiting...
2025-01-05 00:59:10.330 [info] [resolveAuthority(codespaces,1)][114026ms] waiting...
2025-01-05 00:59:11.330 [info] [resolveAuthority(codespaces,1)][115026ms] waiting...
2025-01-05 00:59:12.330 [info] [resolveAuthority(codespaces,1)][116026ms] waiting...
2025-01-05 00:59:13.331 [info] [resolveAuthority(codespaces,1)][117027ms] waiting...
2025-01-05 00:59:14.332 [info] [resolveAuthority(codespaces,1)][118028ms] waiting...
2025-01-05 00:59:15.332 [info] [resolveAuthority(codespaces,1)][119028ms] waiting...
2025-01-05 00:59:16.332 [info] [resolveAuthority(codespaces,1)][120028ms] waiting...
2025-01-05 00:59:17.332 [info] [resolveAuthority(codespaces,1)][121028ms] waiting...
2025-01-05 00:59:18.332 [info] [resolveAuthority(codespaces,1)][122028ms] waiting...
2025-01-05 00:59:19.333 [info] [resolveAuthority(codespaces,1)][123029ms] waiting...
2025-01-05 00:59:20.334 [info] [resolveAuthority(codespaces,1)][124030ms] waiting...
2025-01-05 00:59:21.335 [info] [resolveAuthority(codespaces,1)][125031ms] waiting...
2025-01-05 00:59:22.335 [info] [resolveAuthority(codespaces,1)][126031ms] waiting...
2025-01-05 00:59:23.336 [info] [resolveAuthority(codespaces,1)][127032ms] waiting...
2025-01-05 00:59:24.336 [info] [resolveAuthority(codespaces,1)][128032ms] waiting...
2025-01-05 00:59:25.337 [info] [resolveAuthority(codespaces,1)][129033ms] waiting...
2025-01-05 00:59:26.337 [info] [resolveAuthority(codespaces,1)][130033ms] waiting...
2025-01-05 00:59:27.337 [info] [resolveAuthority(codespaces,1)][131033ms] waiting...
2025-01-05 00:59:28.338 [info] [resolveAuthority(codespaces,1)][132033ms] waiting...
2025-01-05 00:59:29.339 [info] [resolveAuthority(codespaces,1)][133035ms] waiting...
2025-01-05 00:59:30.339 [info] [resolveAuthority(codespaces,1)][134035ms] waiting...
2025-01-05 00:59:31.339 [info] [resolveAuthority(codespaces,1)][135035ms] waiting...
2025-01-05 00:59:32.339 [info] [resolveAuthority(codespaces,1)][136035ms] waiting...
2025-01-05 00:59:33.339 [info] [resolveAuthority(codespaces,1)][137035ms] waiting...
2025-01-05 00:59:34.340 [info] [resolveAuthority(codespaces,1)][138036ms] waiting...
2025-01-05 00:59:35.340 [info] [resolveAuthority(codespaces,1)][139036ms] waiting...
2025-01-05 00:59:36.340 [info] [resolveAuthority(codespaces,1)][140036ms] waiting...
2025-01-05 00:59:37.340 [info] [resolveAuthority(codespaces,1)][141036ms] waiting...
2025-01-05 00:59:38.342 [info] [resolveAuthority(codespaces,1)][142038ms] waiting...
2025-01-05 00:59:39.343 [info] [resolveAuthority(codespaces,1)][143039ms] waiting...
2025-01-05 00:59:40.345 [info] [resolveAuthority(codespaces,1)][144041ms] waiting...
2025-01-05 00:59:41.345 [info] [resolveAuthority(codespaces,1)][145041ms] waiting...
2025-01-05 00:59:42.345 [info] [resolveAuthority(codespaces,1)][146041ms] waiting...
2025-01-05 00:59:43.158 [info] [resolveAuthority(codespaces,1)][146854ms] setting tunnel factory...
2025-01-05 00:59:43.159 [info] [resolveAuthority(codespaces,1)][146855ms] returned 127.0.0.1:41335
2025-01-05 01:00:08.020 [info] Eager extensions activated
2025-01-05 01:00:08.250 [info] ExtensionService#_doActivateExtension ms-vscode.remote-explorer, startup: false, activationEvent: 'onView:remoteTargets'
2025-01-05 01:00:08.258 [info] ExtensionService#_doActivateExtension vscode.microsoft-authentication, startup: false, activationEvent: 'onAuthenticationRequest:microsoft'
2025-01-05 01:00:08.569 [info] ExtensionService#_doActivateExtension ms-vscode.remote-server, startup: false, activationEvent: 'onCommand:remote-tunnels.internal.isAuthenticated'
2025-01-05 01:01:45.506 [info] ExtensionService#_doActivateExtension vscodevim.vim, startup: false, activationEvent: 'onStartupFinished'
2025-01-05 01:01:46.714 [error] Error: ENOENT: no such file or directory, open '/home/shri/.config/Code/User/globalStorage/vscodevim.vim/.registers'
2025-01-05 01:01:49.771 [info] [resolveAuthority(codespaces,2)][0ms] activating remote resolvers codespaces+reimagined-guide-r44jgjgpvr472xp9x
2025-01-05 01:01:49.771 [info] [resolveAuthority(codespaces,2)][0ms] activating resolver for codespaces+reimagined-guide-r44jgjgpvr472xp9x...
2025-01-05 01:01:49.771 [info] [resolveAuthority(codespaces,2)][0ms] invoking final resolve()...
2025-01-05 01:01:50.772 [info] [resolveAuthority(codespaces,2)][1001ms] waiting...
2025-01-05 01:01:51.772 [info] [resolveAuthority(codespaces,2)][2001ms] waiting...
2025-01-05 01:01:52.772 [info] [resolveAuthority(codespaces,2)][3001ms] waiting...
2025-01-05 01:01:53.982 [info] [resolveAuthority(codespaces,2)][4210ms] waiting...
2025-01-05 01:01:55.002 [info] [resolveAuthority(codespaces,2)][5231ms] waiting...
2025-01-05 01:01:56.003 [info] [resolveAuthority(codespaces,2)][6232ms] waiting...
2025-01-05 01:01:57.004 [info] [resolveAuthority(codespaces,2)][7233ms] waiting...
2025-01-05 01:01:58.004 [info] [resolveAuthority(codespaces,2)][8233ms] waiting...
2025-01-05 01:01:59.006 [info] [resolveAuthority(codespaces,2)][9235ms] waiting...
2025-01-05 01:02:00.007 [info] [resolveAuthority(codespaces,2)][10236ms] waiting...
2025-01-05 01:02:01.008 [info] [resolveAuthority(codespaces,2)][11237ms] waiting...
2025-01-05 01:02:02.009 [info] [resolveAuthority(codespaces,2)][12238ms] waiting...
2025-01-05 01:02:03.009 [info] [resolveAuthority(codespaces,2)][13238ms] waiting...
2025-01-05 01:02:04.010 [info] [resolveAuthority(codespaces,2)][14239ms] waiting...
2025-01-05 01:02:05.010 [info] [resolveAuthority(codespaces,2)][15239ms] waiting...
2025-01-05 01:02:06.011 [info] [resolveAuthority(codespaces,2)][16240ms] waiting...
2025-01-05 01:02:07.011 [info] [resolveAuthority(codespaces,2)][17240ms] waiting...
2025-01-05 01:02:08.011 [info] [resolveAuthority(codespaces,2)][18240ms] waiting...
2025-01-05 01:02:09.011 [info] [resolveAuthority(codespaces,2)][19240ms] waiting...
2025-01-05 01:02:10.011 [info] [resolveAuthority(codespaces,2)][20240ms] waiting...
2025-01-05 01:02:11.011 [info] [resolveAuthority(codespaces,2)][21240ms] waiting...
2025-01-05 01:02:12.011 [info] [resolveAuthority(codespaces,2)][22240ms] waiting...
2025-01-05 01:02:13.011 [info] [resolveAuthority(codespaces,2)][23240ms] waiting...
2025-01-05 01:02:14.012 [info] [resolveAuthority(codespaces,2)][24241ms] waiting...
2025-01-05 01:02:15.012 [info] [resolveAuthority(codespaces,2)][25241ms] waiting...
2025-01-05 01:02:16.012 [info] [resolveAuthority(codespaces,2)][26241ms] waiting...
2025-01-05 01:02:17.014 [info] [resolveAuthority(codespaces,2)][27243ms] waiting...
2025-01-05 01:02:18.014 [info] [resolveAuthority(codespaces,2)][28243ms] waiting...
2025-01-05 01:02:19.014 [info] [resolveAuthority(codespaces,2)][29243ms] waiting...
2025-01-05 01:02:20.014 [info] [resolveAuthority(codespaces,2)][30243ms] waiting...
2025-01-05 01:02:21.015 [info] [resolveAuthority(codespaces,2)][31244ms] waiting...
2025-01-05 01:02:22.015 [info] [resolveAuthority(codespaces,2)][32244ms] waiting...
2025-01-05 01:02:23.015 [info] [resolveAuthority(codespaces,2)][33244ms] waiting...
2025-01-05 01:02:24.016 [info] [resolveAuthority(codespaces,2)][34245ms] waiting...
2025-01-05 01:02:25.016 [info] [resolveAuthority(codespaces,2)][35245ms] waiting...
2025-01-05 01:02:26.016 [info] [resolveAuthority(codespaces,2)][36245ms] waiting...
2025-01-05 01:02:27.016 [info] [resolveAuthority(codespaces,2)][37245ms] waiting...
2025-01-05 01:02:28.016 [info] [resolveAuthority(codespaces,2)][38245ms] waiting...
2025-01-05 01:02:29.017 [info] [resolveAuthority(codespaces,2)][39246ms] waiting...
2025-01-05 01:02:30.017 [info] [resolveAuthority(codespaces,2)][40246ms] waiting...
2025-01-05 01:02:31.017 [info] [resolveAuthority(codespaces,2)][41246ms] waiting...
2025-01-05 01:02:32.017 [info] [resolveAuthority(codespaces,2)][42246ms] waiting...
2025-01-05 01:02:33.017 [info] [resolveAuthority(codespaces,2)][43246ms] waiting...
2025-01-05 01:02:34.017 [info] [resolveAuthority(codespaces,2)][44246ms] waiting...
2025-01-05 01:02:35.017 [info] [resolveAuthority(codespaces,2)][45246ms] waiting...
2025-01-05 01:02:36.017 [info] [resolveAuthority(codespaces,2)][46246ms] waiting...
2025-01-05 01:02:37.017 [info] [resolveAuthority(codespaces,2)][47246ms] waiting...
2025-01-05 01:02:38.018 [info] [resolveAuthority(codespaces,2)][48247ms] waiting...
2025-01-05 01:02:39.019 [info] [resolveAuthority(codespaces,2)][49247ms] waiting...
2025-01-05 01:02:40.019 [info] [resolveAuthority(codespaces,2)][50248ms] waiting...
2025-01-05 01:02:41.020 [info] [resolveAuthority(codespaces,2)][51249ms] waiting...
2025-01-05 01:02:42.020 [info] [resolveAuthority(codespaces,2)][52249ms] waiting...
2025-01-05 01:02:43.020 [info] [resolveAuthority(codespaces,2)][53249ms] waiting...
2025-01-05 01:02:44.020 [info] [resolveAuthority(codespaces,2)][54249ms] waiting...
2025-01-05 01:02:45.020 [info] [resolveAuthority(codespaces,2)][55249ms] waiting...
2025-01-05 01:02:46.020 [info] [resolveAuthority(codespaces,2)][56249ms] waiting...
2025-01-05 01:02:47.020 [info] [resolveAuthority(codespaces,2)][57249ms] waiting...
2025-01-05 01:02:48.020 [info] [resolveAuthority(codespaces,2)][58249ms] waiting...
2025-01-05 01:02:49.020 [info] [resolveAuthority(codespaces,2)][59249ms] waiting...
2025-01-05 01:02:50.022 [info] [resolveAuthority(codespaces,2)][60251ms] waiting...
2025-01-05 01:02:51.023 [info] [resolveAuthority(codespaces,2)][61252ms] waiting...
2025-01-05 01:02:52.023 [info] [resolveAuthority(codespaces,2)][62252ms] waiting...
2025-01-05 01:02:53.024 [info] [resolveAuthority(codespaces,2)][63253ms] waiting...
2025-01-05 01:02:54.024 [info] [resolveAuthority(codespaces,2)][64253ms] waiting...
2025-01-05 01:02:55.024 [info] [resolveAuthority(codespaces,2)][65253ms] waiting...
2025-01-05 01:02:56.024 [info] [resolveAuthority(codespaces,2)][66253ms] waiting...
2025-01-05 01:02:57.025 [info] [resolveAuthority(codespaces,2)][67254ms] waiting...
2025-01-05 01:02:58.025 [info] [resolveAuthority(codespaces,2)][68254ms] waiting...
2025-01-05 01:02:59.026 [info] [resolveAuthority(codespaces,2)][69255ms] waiting...
2025-01-05 01:03:00.027 [info] [resolveAuthority(codespaces,2)][70256ms] waiting...
2025-01-05 01:03:01.027 [info] [resolveAuthority(codespaces,2)][71256ms] waiting...
2025-01-05 01:03:02.028 [info] [resolveAuthority(codespaces,2)][72257ms] waiting...
2025-01-05 01:03:03.028 [info] [resolveAuthority(codespaces,2)][73257ms] waiting...
2025-01-05 01:03:04.028 [info] [resolveAuthority(codespaces,2)][74257ms] waiting...
2025-01-05 01:03:05.030 [info] [resolveAuthority(codespaces,2)][75259ms] waiting...
2025-01-05 01:03:06.031 [info] [resolveAuthority(codespaces,2)][76259ms] waiting...
2025-01-05 01:03:07.031 [info] [resolveAuthority(codespaces,2)][77260ms] waiting...
2025-01-05 01:03:08.031 [info] [resolveAuthority(codespaces,2)][78260ms] waiting...
2025-01-05 01:03:09.031 [info] [resolveAuthority(codespaces,2)][79260ms] waiting...
2025-01-05 01:03:10.031 [info] [resolveAuthority(codespaces,2)][80260ms] waiting...
2025-01-05 01:03:11.031 [info] [resolveAuthority(codespaces,2)][81260ms] waiting...
2025-01-05 01:03:12.032 [info] [resolveAuthority(codespaces,2)][82261ms] waiting...
2025-01-05 01:03:13.032 [info] [resolveAuthority(codespaces,2)][83261ms] waiting...
2025-01-05 01:03:14.032 [info] [resolveAuthority(codespaces,2)][84261ms] waiting...
2025-01-05 01:03:15.032 [info] [resolveAuthority(codespaces,2)][85261ms] waiting...
2025-01-05 01:03:16.032 [info] [resolveAuthority(codespaces,2)][86261ms] waiting...
2025-01-05 01:03:17.032 [info] [resolveAuthority(codespaces,2)][87261ms] waiting...
2025-01-05 01:03:18.033 [info] [resolveAuthority(codespaces,2)][88262ms] waiting...
2025-01-05 01:03:19.033 [info] [resolveAuthority(codespaces,2)][89262ms] waiting...
2025-01-05 01:03:20.033 [info] [resolveAuthority(codespaces,2)][90262ms] waiting...
2025-01-05 01:03:21.033 [info] [resolveAuthority(codespaces,2)][91262ms] waiting...
2025-01-05 01:03:22.035 [info] [resolveAuthority(codespaces,2)][92263ms] waiting...
2025-01-05 01:03:23.035 [info] [resolveAuthority(codespaces,2)][93264ms] waiting...
2025-01-05 01:03:23.221 [info] [resolveAuthority(codespaces,2)][93450ms] setting tunnel factory...
2025-01-05 01:03:23.221 [info] [resolveAuthority(codespaces,2)][93450ms] returned 127.0.0.1:33181
2025-01-05 01:03:35.420 [info] Extension host terminating: renderer closed the MessagePort
2025-01-05 01:03:35.436 [error] Error: ENOENT: no such file or directory, open '/home/shri/.config/Code/User/globalStorage/vscodevim.vim/.registers'
2025-01-05 01:03:35.436 [info] Extension host with pid 511322 exiting with code 0
2025-01-05 01:03:37.140 [info] Extension host with pid 522490 started
2025-01-05 01:03:37.140 [info] Skipping acquiring lock for /home/shri/.config/Code/User/workspaceStorage/ffe150d4b47d2187ef71d1722824364d.
2025-01-05 01:03:37.140 [info] $getCanonicalURI invoked for authority (codespaces)
2025-01-05 01:03:37.154 [info] ExtensionService#_doActivateExtension GitHub.codespaces, startup: false, activationEvent: 'onResolveRemoteAuthority:codespaces'
2025-01-05 01:03:37.820 [info] ExtensionService#_doActivateExtension vscode.github-authentication, startup: false, activationEvent: 'api', root cause: GitHub.codespaces
2025-01-05 01:03:38.517 [info] [resolveAuthority(codespaces,1)][0ms] activating remote resolvers codespaces+reimagined-guide-r44jgjgpvr472xp9x
2025-01-05 01:03:38.517 [info] [resolveAuthority(codespaces,1)][0ms] activating resolver for codespaces+reimagined-guide-r44jgjgpvr472xp9x...
2025-01-05 01:03:38.518 [info] [resolveAuthority(codespaces,1)][1ms] invoking final resolve()...
2025-01-05 01:03:39.518 [info] [resolveAuthority(codespaces,1)][1001ms] waiting...
2025-01-05 01:03:42.014 [info] [resolveAuthority(codespaces,1)][3497ms] waiting...
2025-01-05 01:03:43.302 [info] [resolveAuthority(codespaces,1)][4785ms] waiting...
2025-01-05 01:03:44.303 [info] [resolveAuthority(codespaces,1)][5786ms] waiting...
2025-01-05 01:03:45.304 [info] [resolveAuthority(codespaces,1)][6787ms] waiting...
2025-01-05 01:03:46.304 [info] [resolveAuthority(codespaces,1)][7787ms] waiting...
2025-01-05 01:03:47.127 [info] [resolveAuthority(codespaces,1)][8610ms] setting tunnel factory...
2025-01-05 01:03:47.128 [info] [resolveAuthority(codespaces,1)][8611ms] returned 127.0.0.1:33181
2025-01-05 01:03:57.514 [info] Eager extensions activated
2025-01-05 01:03:57.696 [info] ExtensionService#_doActivateExtension vscodevim.vim, startup: false, activationEvent: 'onStartupFinished'
2025-01-05 01:03:58.287 [info] Extension host terminating: renderer closed the MessagePort
2025-01-05 01:03:58.332 [error] Error: ENOENT: no such file or directory, open '/home/shri/.config/Code/User/globalStorage/vscodevim.vim/.registers'
2025-01-05 01:03:58.332 [info] Extension host with pid 522490 exiting with code 0
