2025-01-06 04:50:01.090 [info] Reading sessions from keychain...
2025-01-06 04:50:01.090 [info] Getting sessions for all scopes...
2025-01-06 04:50:01.090 [info] Getting sessions for all scopes...
2025-01-06 04:50:01.090 [info] Getting sessions for all scopes...
2025-01-06 04:50:01.090 [info] Got stored sessions!
2025-01-06 04:50:01.090 [info] Got 2 verified sessions.
2025-01-06 04:50:01.090 [info] Got 2 sessions for ...
2025-01-06 04:50:01.090 [info] Got 2 sessions for ...
2025-01-06 04:50:01.090 [info] Got 2 sessions for ...
2025-01-06 04:50:01.090 [info] Getting sessions for codespace,read:user,repo,user:email...
2025-01-06 04:50:01.090 [info] Got 1 sessions for codespace,read:user,repo,user:email...
2025-01-06 04:50:02.430 [info] Getting sessions for all scopes...
2025-01-06 04:50:02.430 [info] Got 2 sessions for ...
2025-01-06 04:50:04.921 [info] Getting sessions for all scopes...
2025-01-06 04:50:04.921 [info] Got 2 sessions for ...
2025-01-06 04:50:09.053 [info] Getting sessions for all scopes...
2025-01-06 04:50:09.053 [info] Got 2 sessions for ...
2025-01-06 04:50:09.053 [info] Getting sessions for all scopes...
2025-01-06 04:50:09.053 [info] Got 2 sessions for ...
2025-01-06 04:50:09.053 [info] Getting sessions for all scopes...
2025-01-06 04:50:09.053 [info] Got 2 sessions for ...
2025-01-06 04:50:09.054 [info] Getting sessions for all scopes...
2025-01-06 04:50:09.054 [info] Got 2 sessions for ...
2025-01-06 04:50:10.290 [info] Getting sessions for all scopes...
2025-01-06 04:50:10.290 [info] Got 2 sessions for ...
2025-01-06 04:50:10.305 [info] Getting sessions for user:email...
2025-01-06 04:50:10.305 [info] Got 1 sessions for user:email...
2025-01-06 04:50:12.554 [info] Getting sessions for read:user,repo,user:email,workflow...
2025-01-06 04:50:12.554 [info] Got 0 sessions for read:user,repo,user:email,workflow...
2025-01-06 04:50:13.252 [info] Getting sessions for project,read:org,read:user,repo,user:email,workflow...
2025-01-06 04:50:13.252 [info] Got 0 sessions for project,read:org,read:user,repo,user:email,workflow...
2025-01-06 04:50:13.318 [info] Getting sessions for read:user,repo,user:email,workflow...
2025-01-06 04:50:13.318 [info] Got 0 sessions for read:user,repo,user:email,workflow...
2025-01-06 04:50:13.388 [info] Getting sessions for read:user,repo,user:email...
2025-01-06 04:50:13.388 [info] Got 0 sessions for read:user,repo,user:email...
2025-01-06 04:50:13.490 [info] Getting sessions for read:user,repo,user:email,workflow...
2025-01-06 04:50:13.490 [info] Got 0 sessions for read:user,repo,user:email,workflow...
2025-01-06 04:50:14.773 [info] Getting sessions for read:user,repo,user:email,workflow...
2025-01-06 04:50:14.773 [info] Got 0 sessions for read:user,repo,user:email,workflow...
2025-01-06 13:39:08.931 [info] Reading sessions from keychain...
2025-01-06 13:39:08.931 [info] Getting sessions for all scopes...
2025-01-06 13:39:08.931 [info] Getting sessions for all scopes...
2025-01-06 13:39:08.931 [info] Got stored sessions!
2025-01-06 13:39:08.931 [info] Got 2 verified sessions.
2025-01-06 13:39:08.931 [info] Got 2 sessions for ...
2025-01-06 13:39:08.931 [info] Got 2 sessions for ...
2025-01-06 13:39:09.066 [info] Getting sessions for all scopes...
2025-01-06 13:39:09.067 [info] Got 2 sessions for ...
2025-01-06 13:39:09.067 [info] Getting sessions for all scopes...
2025-01-06 13:39:09.067 [info] Got 2 sessions for ...
2025-01-06 13:39:09.068 [info] Getting sessions for all scopes...
2025-01-06 13:39:09.068 [info] Got 2 sessions for ...
2025-01-06 13:39:09.068 [info] Getting sessions for all scopes...
2025-01-06 13:39:09.068 [info] Got 2 sessions for ...
2025-01-06 13:39:09.068 [info] Getting sessions for all scopes...
2025-01-06 13:39:09.068 [info] Got 2 sessions for ...
