01:12:03.110884 Log continuation - Log started 2024-11-30T14:28:02.334642000Z
01:12:03.200438 GUI: UIDesktopWidgetWatchdog::sltHandleHostScreenAvailableGeometryCalculated: Screen 0 work area is actually resized to: 0x32 x 1920x1168
01:12:03.554057 GUI: UIMediumEnumerator: Medium-enumeration finished!
01:12:25.684330 GUI: UIDesktopWidgetWatchdog::sltHandleHostScreenWorkAreaResized: Screen 0 work area is formally resized to: 0x31 x 1920x1169
01:12:25.802149 GUI: UIDesktopWidgetWatchdog::sltHandleHostScreenAvailableGeometryCalculated: Screen 0 work area is actually resized to: 0x31 x 1920x1169
01:12:26.127570 GUI: UIMediumEnumerator: Medium-enumeration finished!
01:12:45.031247 GUI: UIMediumEnumerator: Medium-enumeration finished!
01:13:03.404627 GUI: UIMediumEnumerator: Medium-enumeration finished!
01:13:12.808521 GUI: UIMediumEnumerator: Medium-enumeration finished!
01:13:16.829270 GUI: UIMediumEnumerator: Medium-enumeration finished!
01:13:22.460953 GUI: UIMediumEnumerator: Medium-enumeration finished!
01:15:39.811053 GUI: UIMediumEnumerator: Medium-enumeration finished!
01:15:43.927782 GUI: UIMediumEnumerator: Medium-enumeration finished!
01:15:47.030266 GUI: UIMediumEnumerator: Medium-enumeration finished!
01:17:21.955939 GUI: UIMediumEnumerator: Medium-enumeration finished!
01:17:21.960647 GUI: UIMediumEnumerator: Medium-enumeration finished!
01:17:24.753865 GUI: UIMediumEnumerator: Medium-enumeration finished!
01:17:25.325550 GUI: UIMediumEnumerator: Medium-enumeration finished!
01:17:29.009583 GUI: UIMediumEnumerator: Medium-enumeration finished!
01:18:03.019899 GUI: UIMediumEnumerator: Medium-enumeration finished!
01:42:24.648409 GUI: UIMediumEnumerator: Medium-enumeration finished!
01:42:54.189661 GUI: UICommon: Handling aboutToQuit request..
01:42:55.206326 GUI: UICommon: aboutToQuit request handled!
