{"logTime": "1207/082558", "correlationVector":"71jEmfP+I16Pu7eOloAS24","action":"Normal GetUpdate request", "result":"", "context":cV=71jEmfP+I16Pu7eOloAS24
Nudged types: Sessions, Device Info
Refresh requested types: Bookmarks, Preferences, Passwords, Autofill Profiles, Autofill, Typed URLs, Extensions, Sessions, Extension settings, History Delete Directives, Device Info, User Consents, Send Tab To Self, Web Apps, Saved Tab Group, Collection, Edge E Drop, Edge Hub App Usage, Edge Tab Group, Edge Wallet, Encryption Keys}
{"logTime": "1207/082559", "correlationVector":"71jEmfP+I16Pu7eOloAS24.1","action":"SyncServerConnectionManagerRequest", "result":"SYNC_SERVER_OK", "context":{"environment":"Prod_southindia_prod-s01-004-apac-southindia", "migrationStage":"NotStarted", "server":"akswtt00700006b"}}
{"logTime": "1207/082559", "correlationVector":"71jEmfP+I16Pu7eOloAS24.2","action":"GetUpdates Response", "result":"Success", "context":Received 3 update(s). cV=71jEmfP+I16Pu7eOloAS24.0;server=akswtt00700006b;cloudType=Consumer;environment=Prod_southindia_prod-s01-004-apac-southindia;migrationStage=NotStarted}
{"logTime": "1207/082559", "correlationVector":"WXF1ealcPQpswT2euR00DG","action":"Commit Request", "result":"", "context":Item count: 4
Contributing types: Sessions, Device Info}
{"logTime": "1207/082601", "correlationVector":"WXF1ealcPQpswT2euR00DG.1","action":"SyncServerConnectionManagerRequest", "result":"SYNC_SERVER_OK", "context":{"environment":"Prod_southindia_prod-s01-004-apac-southindia", "migrationStage":"NotStarted", "server":"akswtt007000079"}}
{"logTime": "1207/082601", "correlationVector":"WXF1ealcPQpswT2euR00DG.2","action":"Commit Response", "result":"Success", "context":Result: Success. cV=WXF1ealcPQpswT2euR00DG.0;server=akswtt007000079;cloudType=Consumer;environment=Prod_southindia_prod-s01-004-apac-southindia;migrationStage=NotStarted}
{"logTime": "1207/082601", "correlationVector":"zPV1gHG0TQp2QqWBKJspb9","action":"Commit Request", "result":"", "context":Item count: 1
Contributing types: Sessions}
{"logTime": "1207/082601", "correlationVector":"zPV1gHG0TQp2QqWBKJspb9.1","action":"SyncServerConnectionManagerRequest", "result":"SYNC_SERVER_OK", "context":{"environment":"Prod_southindia_prod-s01-004-apac-southindia", "migrationStage":"NotStarted", "server":"akswtt00700006g"}}
{"logTime": "1207/082601", "correlationVector":"zPV1gHG0TQp2QqWBKJspb9.2","action":"Commit Response", "result":"Success", "context":Result: Success. cV=zPV1gHG0TQp2QqWBKJspb9.0;server=akswtt00700006g;cloudType=Consumer;environment=Prod_southindia_prod-s01-004-apac-southindia;migrationStage=NotStarted}
{"logTime": "1207/082631", "correlationVector":"SIEEFg1Kh/yIZix0iX8uYh","action":"Commit Request", "result":"", "context":Item count: 3
Contributing types: Sessions}
{"logTime": "1207/082632", "correlationVector":"SIEEFg1Kh/yIZix0iX8uYh.1","action":"SyncServerConnectionManagerRequest", "result":"SYNC_SERVER_OK", "context":{"environment":"Prod_southindia_prod-s01-004-apac-southindia", "migrationStage":"NotStarted", "server":"akswtt00700008o"}}
{"logTime": "1207/082632", "correlationVector":"SIEEFg1Kh/yIZix0iX8uYh.2","action":"Commit Response", "result":"Success", "context":Result: Success. cV=SIEEFg1Kh/yIZix0iX8uYh.0;server=akswtt00700008o;cloudType=Consumer;environment=Prod_southindia_prod-s01-004-apac-southindia;migrationStage=NotStarted}
{"logTime": "1207/082728", "correlationVector":"BZSN4iutK5xTgq458T/p1s","action":"Commit Request", "result":"", "context":Item count: 1
Contributing types: Sessions}
{"logTime": "1207/082729", "correlationVector":"BZSN4iutK5xTgq458T/p1s.1","action":"SyncServerConnectionManagerRequest", "result":"SYNC_SERVER_OK", "context":{"environment":"Prod_southindia_prod-s01-004-apac-southindia", "migrationStage":"NotStarted", "server":"akswtt00700008o"}}
{"logTime": "1207/082729", "correlationVector":"BZSN4iutK5xTgq458T/p1s.2","action":"Commit Response", "result":"Success", "context":Result: Success. cV=BZSN4iutK5xTgq458T/p1s.0;server=akswtt00700008o;cloudType=Consumer;environment=Prod_southindia_prod-s01-004-apac-southindia;migrationStage=NotStarted}
{"logTime": "1207/082759", "correlationVector":"MyKf/q4/siwt8eJBOsTRdt","action":"Commit Request", "result":"", "context":Item count: 1
Contributing types: Sessions}
{"logTime": "1207/082759", "correlationVector":"MyKf/q4/siwt8eJBOsTRdt.1","action":"SyncServerConnectionManagerRequest", "result":"SYNC_SERVER_OK", "context":{"environment":"Prod_southindia_prod-s01-004-apac-southindia", "migrationStage":"NotStarted", "server":"akswtt00700008o"}}
{"logTime": "1207/082759", "correlationVector":"MyKf/q4/siwt8eJBOsTRdt.2","action":"Commit Response", "result":"Success", "context":Result: Success. cV=MyKf/q4/siwt8eJBOsTRdt.0;server=akswtt00700008o;cloudType=Consumer;environment=Prod_southindia_prod-s01-004-apac-southindia;migrationStage=NotStarted}
{"logTime": "1207/083038", "correlationVector":"Fc6wcHSUBjuiQ7oXwESI08","action":"Commit Request", "result":"", "context":Item count: 2
Contributing types: Typed URLs, Sessions}
{"logTime": "1207/083039", "correlationVector":"Fc6wcHSUBjuiQ7oXwESI08.1","action":"SyncServerConnectionManagerRequest", "result":"SYNC_SERVER_OK", "context":{"environment":"Prod_southindia_prod-s01-004-apac-southindia", "migrationStage":"NotStarted", "server":"akswtt00700007u"}}
{"logTime": "1207/083039", "correlationVector":"Fc6wcHSUBjuiQ7oXwESI08.2","action":"Commit Response", "result":"Success", "context":Result: Success. cV=Fc6wcHSUBjuiQ7oXwESI08.0;server=akswtt00700007u;cloudType=Consumer;environment=Prod_southindia_prod-s01-004-apac-southindia;migrationStage=NotStarted}
{"logTime": "1207/083059", "correlationVector":"CquKAbh7BtFh4pen7EDR6i","action":"Normal GetUpdate request", "result":"", "context":cV=CquKAbh7BtFh4pen7EDR6i
Refresh requested types: Bookmarks, Preferences, Passwords, Autofill Profiles, Autofill, Typed URLs, Extensions, Sessions, Extension settings, History Delete Directives, Device Info, User Consents, Send Tab To Self, Web Apps, Saved Tab Group, Collection, Edge E Drop, Edge Hub App Usage, Edge Tab Group, Edge Wallet, Encryption Keys}
{"logTime": "1207/083059", "correlationVector":"CquKAbh7BtFh4pen7EDR6i.1","action":"SyncServerConnectionManagerRequest", "result":"SYNC_SERVER_OK", "context":{"environment":"Prod_southindia_prod-s01-004-apac-southindia", "migrationStage":"NotStarted", "server":"akswtt00700007u"}}
{"logTime": "1207/083059", "correlationVector":"CquKAbh7BtFh4pen7EDR6i.2","action":"GetUpdates Response", "result":"Success", "context":Received 6 update(s). cV=CquKAbh7BtFh4pen7EDR6i.0;server=akswtt00700007u;cloudType=Consumer;environment=Prod_southindia_prod-s01-004-apac-southindia;migrationStage=NotStarted}
{"logTime": "1207/083913", "correlationVector":"IpH9/k4QGL9Pcmf9apVheF","action":"Commit Request", "result":"", "context":Item count: 5
Contributing types: Sessions}
{"logTime": "1207/083914", "correlationVector":"IpH9/k4QGL9Pcmf9apVheF.1","action":"SyncServerConnectionManagerRequest", "result":"SYNC_SERVER_OK", "context":{"environment":"Prod_southindia_prod-s01-004-apac-southindia", "migrationStage":"NotStarted", "server":"akswtt00700000g"}}
{"logTime": "1207/083914", "correlationVector":"IpH9/k4QGL9Pcmf9apVheF.3","action":"Commit.Sessions", "result":"Success", "context":{"id":"de56f7fd-1fa2-40c0-baee-769166ba7eb5", "isDeleted":"true", "size":"0", "version":"1733343206049"}}
{"logTime": "1207/083914", "correlationVector":"IpH9/k4QGL9Pcmf9apVheF.2","action":"Commit Response", "result":"Success", "context":Result: Success. cV=IpH9/k4QGL9Pcmf9apVheF.0;server=akswtt00700000g;cloudType=Consumer;environment=Prod_southindia_prod-s01-004-apac-southindia;migrationStage=NotStarted}
{"logTime": "1207/095117", "correlationVector":"wYVPT9XphwW6NnlW9nmN85","action":"Normal GetUpdate request", "result":"", "context":cV=wYVPT9XphwW6NnlW9nmN85
Nudged types: Device Info
Refresh requested types: Bookmarks, Preferences, Passwords, Autofill Profiles, Autofill, Typed URLs, Extensions, Sessions, Extension settings, History Delete Directives, Device Info, User Consents, Send Tab To Self, Web Apps, Saved Tab Group, Collection, Edge E Drop, Edge Hub App Usage, Edge Tab Group, Edge Wallet, Encryption Keys}
{"logTime": "1207/095118", "correlationVector":"wYVPT9XphwW6NnlW9nmN85.1","action":"SyncServerConnectionManagerRequest", "result":"SYNC_SERVER_OK", "context":{"environment":"Prod_southindia_prod-s01-004-apac-southindia", "migrationStage":"NotStarted", "server":"akswtt00700003a"}}
{"logTime": "1207/095118", "correlationVector":"wYVPT9XphwW6NnlW9nmN85.2","action":"GetUpdates", "result":"DeleteReceived", "context":{"id":"de56f7fd-1fa2-40c0-baee-769166ba7eb5", "isDeleted:":"true", "version":"1733560753599"}}
{"logTime": "1207/095118", "correlationVector":"wYVPT9XphwW6NnlW9nmN85.3","action":"GetUpdates Response", "result":"Success", "context":Received 5 update(s). cV=wYVPT9XphwW6NnlW9nmN85.0;server=akswtt00700003a;cloudType=Consumer;environment=Prod_southindia_prod-s01-004-apac-southindia;migrationStage=NotStarted}
{"logTime": "1207/095118", "correlationVector":"iOKxWpc9iGnJk6JA0iiV38","action":"Commit Request", "result":"", "context":Item count: 1
Contributing types: Device Info}
{"logTime": "1207/095120", "correlationVector":"iOKxWpc9iGnJk6JA0iiV38.1","action":"SyncServerConnectionManagerRequest", "result":"SYNC_SERVER_OK", "context":{"environment":"Prod_southindia_prod-s01-004-apac-southindia", "migrationStage":"NotStarted", "server":"akswtt00700006p"}}
{"logTime": "1207/095120", "correlationVector":"iOKxWpc9iGnJk6JA0iiV38.2","action":"Commit Response", "result":"Success", "context":Result: Success. cV=iOKxWpc9iGnJk6JA0iiV38.0;server=akswtt00700006p;cloudType=Consumer;environment=Prod_southindia_prod-s01-004-apac-southindia;migrationStage=NotStarted}
{"logTime": "1207/113433", "correlationVector":"WGeza6fevag5mv6DCJMD43","action":"Commit Request", "result":"", "context":Item count: 2
Contributing types: Sessions}
{"logTime": "1207/113433", "correlationVector":"WGeza6fevag5mv6DCJMD43","action":"SyncServerConnectionManagerRequest", "result":"CONNECTION_UNAVAILABLE", "context":{"error_type":"net_error_code", "error_value":"-106"}}
{"logTime": "1207/113433", "correlationVector":"rZntNqJU4u0/F5XvaiJz5d.0","action":"Commit Response", "result":"Network error (ERR_INTERNET_DISCONNECTED)", "context":Result: Network error (ERR_INTERNET_DISCONNECTED). }
{"logTime": "1207/113440", "correlationVector":"X/fmPJiaVAhoDI0NmoPfdQ","action":"Commit Request", "result":"", "context":Item count: 2
Contributing types: Sessions}
{"logTime": "1207/113440", "correlationVector":"X/fmPJiaVAhoDI0NmoPfdQ.1","action":"SyncServerConnectionManagerRequest", "result":"SYNC_AUTH_ERROR", "context":{"environment":"Prod_southindia_prod-s01-004-apac-southindia", "migrationStage":"NotStarted", "server":"akswtt00700007i"}}
{"logTime": "1207/113440", "correlationVector":"X/fmPJiaVAhoDI0NmoPfdQ.2","action":"Commit Response", "result":"HTTP error (401)", "context":Result: HTTP error (401). cV=X/fmPJiaVAhoDI0NmoPfdQ.0;server=akswtt00700007i;cloudType=Undetermined;environment=Prod_southindia_prod-s01-004-apac-southindia;migrationStage=NotStarted}
{"logTime": "1207/113445", "correlationVector":"Va4/VtV2LnxqRsGVf0+73J","action":"Commit Request", "result":"", "context":Item count: 2
Contributing types: Sessions}
{"logTime": "1207/113446", "correlationVector":"Va4/VtV2LnxqRsGVf0+73J.1","action":"SyncServerConnectionManagerRequest", "result":"SYNC_SERVER_OK", "context":{"environment":"Prod_southindia_prod-s01-004-apac-southindia", "migrationStage":"NotStarted", "server":"akswtt00700007n"}}
{"logTime": "1207/113446", "correlationVector":"Va4/VtV2LnxqRsGVf0+73J.3","action":"Commit.Sessions", "result":"Success", "context":{"id":"722e102d-caf9-463e-9df5-e368bb8f991c", "isDeleted":"true", "size":"0", "version":"1733560753596"}}
{"logTime": "1207/113446", "correlationVector":"Va4/VtV2LnxqRsGVf0+73J.4","action":"Commit.Sessions", "result":"Success", "context":{"id":"59bbaf9a-ec4b-4cb1-b458-d455f0f172dc", "isDeleted":"true", "size":"0", "version":"1733560753597"}}
{"logTime": "1207/113446", "correlationVector":"Va4/VtV2LnxqRsGVf0+73J.2","action":"Commit Response", "result":"Success", "context":Result: Success. cV=Va4/VtV2LnxqRsGVf0+73J.0;server=akswtt00700007n;cloudType=Consumer;environment=Prod_southindia_prod-s01-004-apac-southindia;migrationStage=NotStarted}
{"logTime": "1207/113446", "correlationVector":"p4rfYX06cPlhjCejG1CTGG","action":"Normal GetUpdate request", "result":"", "context":cV=p4rfYX06cPlhjCejG1CTGG
Nudged types: Device Info
Refresh requested types: Bookmarks, Preferences, Passwords, Autofill Profiles, Autofill, Typed URLs, Extensions, Sessions, Extension settings, History Delete Directives, Device Info, User Consents, Send Tab To Self, Web Apps, Saved Tab Group, Collection, Edge E Drop, Edge Hub App Usage, Edge Tab Group, Edge Wallet, Encryption Keys}
{"logTime": "1207/113447", "correlationVector":"p4rfYX06cPlhjCejG1CTGG.1","action":"SyncServerConnectionManagerRequest", "result":"SYNC_SERVER_OK", "context":{"environment":"Prod_southindia_prod-s01-004-apac-southindia", "migrationStage":"NotStarted", "server":"akswtt00700006b"}}
{"logTime": "1207/113447", "correlationVector":"p4rfYX06cPlhjCejG1CTGG.2","action":"GetUpdates", "result":"DeleteReceived", "context":{"id":"722e102d-caf9-463e-9df5-e368bb8f991c", "isDeleted:":"true", "version":"1733571286650"}}
{"logTime": "1207/113447", "correlationVector":"p4rfYX06cPlhjCejG1CTGG.3","action":"GetUpdates", "result":"DeleteReceived", "context":{"id":"59bbaf9a-ec4b-4cb1-b458-d455f0f172dc", "isDeleted:":"true", "version":"1733571286651"}}
{"logTime": "1207/113447", "correlationVector":"p4rfYX06cPlhjCejG1CTGG.4","action":"GetUpdates Response", "result":"Success", "context":Received 3 update(s). cV=p4rfYX06cPlhjCejG1CTGG.0;server=akswtt00700006b;cloudType=Consumer;environment=Prod_southindia_prod-s01-004-apac-southindia;migrationStage=NotStarted}
{"logTime": "1207/113447", "correlationVector":"5E97mhNwOZEzsxbVYNDhfh","action":"Commit Request", "result":"", "context":Item count: 1
Contributing types: Device Info}
{"logTime": "1207/113448", "correlationVector":"5E97mhNwOZEzsxbVYNDhfh.1","action":"SyncServerConnectionManagerRequest", "result":"SYNC_SERVER_OK", "context":{"environment":"Prod_southindia_prod-s01-004-apac-southindia", "migrationStage":"NotStarted", "server":"akswtt0070000b7"}}
{"logTime": "1207/113448", "correlationVector":"5E97mhNwOZEzsxbVYNDhfh.2","action":"Commit Response", "result":"Success", "context":Result: Success. cV=5E97mhNwOZEzsxbVYNDhfh.0;server=akswtt0070000b7;cloudType=Consumer;environment=Prod_southindia_prod-s01-004-apac-southindia;migrationStage=NotStarted}
{"logTime": "1207/113448", "correlationVector":"AfGHRLtnW74mnzIFIMcWrT","action":"Poll GetUpdate request", "result":"", "context":cV=AfGHRLtnW74mnzIFIMcWrT}
{"logTime": "1207/113448", "correlationVector":"AfGHRLtnW74mnzIFIMcWrT.1","action":"SyncServerConnectionManagerRequest", "result":"SYNC_SERVER_OK", "context":{"environment":"Prod_southindia_prod-s01-004-apac-southindia", "migrationStage":"NotStarted", "server":"akswtt00700007n"}}
{"logTime": "1207/113448", "correlationVector":"AfGHRLtnW74mnzIFIMcWrT.2","action":"GetUpdates Response", "result":"Success", "context":Received 1 update(s). cV=AfGHRLtnW74mnzIFIMcWrT.0;server=akswtt00700007n;cloudType=Consumer;environment=Prod_southindia_prod-s01-004-apac-southindia;migrationStage=NotStarted}
{"logTime": "1207/114602", "correlationVector":"C1DUpGRKGdmjLvALXnRAY1","action":"Commit Request", "result":"", "context":Item count: 1
Contributing types: Typed URLs}
{"logTime": "1207/114603", "correlationVector":"C1DUpGRKGdmjLvALXnRAY1.1","action":"SyncServerConnectionManagerRequest", "result":"SYNC_SERVER_OK", "context":{"environment":"Prod_southindia_prod-s01-004-apac-southindia", "migrationStage":"NotStarted", "server":"akswtt00700008k"}}
{"logTime": "1207/114603", "correlationVector":"C1DUpGRKGdmjLvALXnRAY1.2","action":"Commit Response", "result":"Success", "context":Result: Success. cV=C1DUpGRKGdmjLvALXnRAY1.0;server=akswtt00700008k;cloudType=Consumer;environment=Prod_southindia_prod-s01-004-apac-southindia;migrationStage=NotStarted}
{"logTime": "1207/115147", "correlationVector":"m9e6PEJz6cAYWFcJQ/riet","action":"Normal GetUpdate request", "result":"", "context":cV=m9e6PEJz6cAYWFcJQ/riet
Nudged types: Device Info
Refresh requested types: Bookmarks, Preferences, Passwords, Autofill Profiles, Autofill, Typed URLs, Extensions, Sessions, Extension settings, History Delete Directives, Device Info, User Consents, Send Tab To Self, Web Apps, Saved Tab Group, Collection, Edge E Drop, Edge Hub App Usage, Edge Tab Group, Edge Wallet, Encryption Keys}
{"logTime": "1207/115150", "correlationVector":"m9e6PEJz6cAYWFcJQ/riet.1","action":"SyncServerConnectionManagerRequest", "result":"SYNC_SERVER_OK", "context":{"environment":"Prod_southindia_prod-s01-004-apac-southindia", "migrationStage":"NotStarted", "server":"akswtt00700009o"}}
{"logTime": "1207/115150", "correlationVector":"m9e6PEJz6cAYWFcJQ/riet.2","action":"GetUpdates Response", "result":"Success", "context":Received 1 update(s). cV=m9e6PEJz6cAYWFcJQ/riet.0;server=akswtt00700009o;cloudType=Consumer;environment=Prod_southindia_prod-s01-004-apac-southindia;migrationStage=NotStarted}
{"logTime": "1207/115150", "correlationVector":"7ZOKo8DR/No/109IBEhFCM","action":"Commit Request", "result":"", "context":Item count: 1
Contributing types: Device Info}
{"logTime": "1207/115151", "correlationVector":"7ZOKo8DR/No/109IBEhFCM.1","action":"SyncServerConnectionManagerRequest", "result":"SYNC_SERVER_OK", "context":{"environment":"Prod_southindia_prod-s01-004-apac-southindia", "migrationStage":"NotStarted", "server":"akswtt00700009o"}}
{"logTime": "1207/115151", "correlationVector":"7ZOKo8DR/No/109IBEhFCM.2","action":"Commit Response", "result":"Success", "context":Result: Success. cV=7ZOKo8DR/No/109IBEhFCM.0;server=akswtt00700009o;cloudType=Consumer;environment=Prod_southindia_prod-s01-004-apac-southindia;migrationStage=NotStarted}
{"logTime": "1207/123703", "correlationVector":"EztOhim1GMohCF6XPwPRlD","action":"Normal GetUpdate request", "result":"", "context":cV=EztOhim1GMohCF6XPwPRlD
Nudged types: Device Info
Refresh requested types: Bookmarks, Preferences, Passwords, Autofill Profiles, Autofill, Typed URLs, Extensions, Sessions, Extension settings, History Delete Directives, Device Info, User Consents, Send Tab To Self, Web Apps, Saved Tab Group, Collection, Edge E Drop, Edge Hub App Usage, Edge Tab Group, Edge Wallet, Encryption Keys}
{"logTime": "1207/123704", "correlationVector":"EztOhim1GMohCF6XPwPRlD","action":"SyncServerConnectionManagerRequest", "result":"CONNECTION_UNAVAILABLE", "context":{"error_type":"net_error_code", "error_value":"-21"}}
{"logTime": "1207/123704", "correlationVector":"fFA1ClkQ6IVCyLtwfKxldz.0","action":"GetUpdates Response", "result":"Network error (ERR_NETWORK_CHANGED)", "context":Received error: Network error (ERR_NETWORK_CHANGED). }
{"logTime": "1207/123707", "correlationVector":"iSBNKaRlcmJibDZIJtMuWA","action":"Normal GetUpdate request", "result":"", "context":cV=iSBNKaRlcmJibDZIJtMuWA
Nudged types: Device Info
Refresh requested types: Bookmarks, Preferences, Passwords, Autofill Profiles, Autofill, Typed URLs, Extensions, Sessions, Extension settings, History Delete Directives, Device Info, User Consents, Send Tab To Self, Web Apps, Saved Tab Group, Collection, Edge E Drop, Edge Hub App Usage, Edge Tab Group, Edge Wallet, Encryption Keys}
{"logTime": "1207/123708", "correlationVector":"iSBNKaRlcmJibDZIJtMuWA.1","action":"SyncServerConnectionManagerRequest", "result":"SYNC_SERVER_OK", "context":{"environment":"Prod_southindia_prod-s01-004-apac-southindia", "migrationStage":"NotStarted", "server":"akswtt0070000ac"}}
{"logTime": "1207/123708", "correlationVector":"iSBNKaRlcmJibDZIJtMuWA.2","action":"GetUpdates Response", "result":"Success", "context":Received 1 update(s). cV=iSBNKaRlcmJibDZIJtMuWA.0;server=akswtt0070000ac;cloudType=Consumer;environment=Prod_southindia_prod-s01-004-apac-southindia;migrationStage=NotStarted}
{"logTime": "1207/123708", "correlationVector":"jTBGJ1/+GVNoTfZhRQmIKY","action":"Commit Request", "result":"", "context":Item count: 1
Contributing types: Device Info}
{"logTime": "1207/123709", "correlationVector":"jTBGJ1/+GVNoTfZhRQmIKY.1","action":"SyncServerConnectionManagerRequest", "result":"SYNC_SERVER_OK", "context":{"environment":"Prod_southindia_prod-s01-004-apac-southindia", "migrationStage":"NotStarted", "server":"akswtt00700009w"}}
{"logTime": "1207/123709", "correlationVector":"jTBGJ1/+GVNoTfZhRQmIKY.2","action":"Commit Response", "result":"Success", "context":Result: Success. cV=jTBGJ1/+GVNoTfZhRQmIKY.0;server=akswtt00700009w;cloudType=Consumer;environment=Prod_southindia_prod-s01-004-apac-southindia;migrationStage=NotStarted}
{"logTime": "1207/124204", "correlationVector":"ovmTgXzdv45UCB9LmvoH+w","action":"Normal GetUpdate request", "result":"", "context":cV=ovmTgXzdv45UCB9LmvoH+w
Refresh requested types: Bookmarks, Preferences, Passwords, Autofill Profiles, Autofill, Typed URLs, Extensions, Sessions, Extension settings, History Delete Directives, Device Info, User Consents, Send Tab To Self, Web Apps, Saved Tab Group, Collection, Edge E Drop, Edge Hub App Usage, Edge Tab Group, Edge Wallet, Encryption Keys}
{"logTime": "1207/124205", "correlationVector":"ovmTgXzdv45UCB9LmvoH+w.1","action":"SyncServerConnectionManagerRequest", "result":"SYNC_SERVER_OK", "context":{"environment":"Prod_southindia_prod-s01-004-apac-southindia", "migrationStage":"NotStarted", "server":"akswtt00700000x"}}
{"logTime": "1207/124205", "correlationVector":"ovmTgXzdv45UCB9LmvoH+w.2","action":"GetUpdates Response", "result":"Success", "context":Received 1 update(s). cV=ovmTgXzdv45UCB9LmvoH+w.0;server=akswtt00700000x;cloudType=Consumer;environment=Prod_southindia_prod-s01-004-apac-southindia;migrationStage=NotStarted}
{"logTime": "1207/131531", "correlationVector":"5CFTcyMbEoPGN54A3RufEn","action":"Normal GetUpdate request", "result":"", "context":cV=5CFTcyMbEoPGN54A3RufEn
Nudged types: Device Info
Refresh requested types: Bookmarks, Preferences, Passwords, Autofill Profiles, Autofill, Typed URLs, Extensions, Sessions, Extension settings, History Delete Directives, Device Info, User Consents, Send Tab To Self, Web Apps, Saved Tab Group, Collection, Edge E Drop, Edge Hub App Usage, Edge Tab Group, Edge Wallet, Encryption Keys}
{"logTime": "1207/131532", "correlationVector":"5CFTcyMbEoPGN54A3RufEn.1","action":"SyncServerConnectionManagerRequest", "result":"SYNC_SERVER_OK", "context":{"environment":"Prod_southindia_prod-s01-004-apac-southindia", "migrationStage":"NotStarted", "server":"akswtt0070000ak"}}
{"logTime": "1207/131532", "correlationVector":"5CFTcyMbEoPGN54A3RufEn.2","action":"GetUpdates Response", "result":"Success", "context":Received 0 update(s). cV=5CFTcyMbEoPGN54A3RufEn.0;server=akswtt0070000ak;cloudType=Consumer;environment=Prod_southindia_prod-s01-004-apac-southindia;migrationStage=NotStarted}
{"logTime": "1207/131532", "correlationVector":"x6/Bs17vwApgGRqZq6WiYp","action":"Commit Request", "result":"", "context":Item count: 1
Contributing types: Device Info}
{"logTime": "1207/131532", "correlationVector":"x6/Bs17vwApgGRqZq6WiYp","action":"SyncServerConnectionManagerRequest", "result":"CONNECTION_UNAVAILABLE", "context":{"error_type":"net_error_code", "error_value":"-21"}}
{"logTime": "1207/131532", "correlationVector":"dKBKZ5CEUu8XSfyahFT2YO.0","action":"Commit Response", "result":"Network error (ERR_NETWORK_CHANGED)", "context":Result: Network error (ERR_NETWORK_CHANGED). }
{"logTime": "1207/131535", "correlationVector":"Y5QjbMrDL2HXLQYMnZhjuH","action":"Normal GetUpdate request", "result":"", "context":cV=Y5QjbMrDL2HXLQYMnZhjuH
Nudged types: Device Info
Refresh requested types: Bookmarks, Preferences, Passwords, Autofill Profiles, Autofill, Typed URLs, Extensions, Sessions, Extension settings, History Delete Directives, Device Info, User Consents, Send Tab To Self, Web Apps, Saved Tab Group, Collection, Edge E Drop, Edge Hub App Usage, Edge Tab Group, Edge Wallet, Encryption Keys}
{"logTime": "1207/131536", "correlationVector":"Y5QjbMrDL2HXLQYMnZhjuH.1","action":"SyncServerConnectionManagerRequest", "result":"SYNC_SERVER_OK", "context":{"environment":"Prod_southindia_prod-s01-004-apac-southindia", "migrationStage":"NotStarted", "server":"akswtt007000086"}}
{"logTime": "1207/131536", "correlationVector":"Y5QjbMrDL2HXLQYMnZhjuH.2","action":"GetUpdates Response", "result":"Success", "context":Received 1 update(s). cV=Y5QjbMrDL2HXLQYMnZhjuH.0;server=akswtt007000086;cloudType=Consumer;environment=Prod_southindia_prod-s01-004-apac-southindia;migrationStage=NotStarted}
{"logTime": "1207/132032", "correlationVector":"arj+8zcqqZd3MBrtUJ1+dn","action":"Normal GetUpdate request", "result":"", "context":cV=arj+8zcqqZd3MBrtUJ1+dn
Refresh requested types: Bookmarks, Preferences, Passwords, Autofill Profiles, Autofill, Typed URLs, Extensions, Sessions, Extension settings, History Delete Directives, Device Info, User Consents, Send Tab To Self, Web Apps, Saved Tab Group, Collection, Edge E Drop, Edge Hub App Usage, Edge Tab Group, Edge Wallet, Encryption Keys}
{"logTime": "1207/132032", "correlationVector":"arj+8zcqqZd3MBrtUJ1+dn.1","action":"SyncServerConnectionManagerRequest", "result":"SYNC_SERVER_OK", "context":{"environment":"Prod_southindia_prod-s01-004-apac-southindia", "migrationStage":"NotStarted", "server":"akswtt00700006f"}}
{"logTime": "1207/132032", "correlationVector":"arj+8zcqqZd3MBrtUJ1+dn.2","action":"GetUpdates Response", "result":"Success", "context":Received 0 update(s). cV=arj+8zcqqZd3MBrtUJ1+dn.0;server=akswtt00700006f;cloudType=Consumer;environment=Prod_southindia_prod-s01-004-apac-southindia;migrationStage=NotStarted}
{"logTime": "1207/135253", "correlationVector":"g1McEyG/648vb/qs5fyHjP","action":"Normal GetUpdate request", "result":"", "context":cV=g1McEyG/648vb/qs5fyHjP
Nudged types: Device Info
Refresh requested types: Bookmarks, Preferences, Passwords, Autofill Profiles, Autofill, Typed URLs, Extensions, Sessions, Extension settings, History Delete Directives, Device Info, User Consents, Send Tab To Self, Web Apps, Saved Tab Group, Collection, Edge E Drop, Edge Hub App Usage, Edge Tab Group, Edge Wallet, Encryption Keys}
{"logTime": "1207/135254", "correlationVector":"g1McEyG/648vb/qs5fyHjP.1","action":"SyncServerConnectionManagerRequest", "result":"SYNC_SERVER_OK", "context":{"environment":"Prod_southindia_prod-s01-004-apac-southindia", "migrationStage":"NotStarted", "server":"akswtt0070000ai"}}
{"logTime": "1207/135254", "correlationVector":"g1McEyG/648vb/qs5fyHjP.2","action":"GetUpdates Response", "result":"Success", "context":Received 0 update(s). cV=g1McEyG/648vb/qs5fyHjP.0;server=akswtt0070000ai;cloudType=Consumer;environment=Prod_southindia_prod-s01-004-apac-southindia;migrationStage=NotStarted}
{"logTime": "1207/135254", "correlationVector":"9MgKqaLqPoRQSpgjH+dEk+","action":"Commit Request", "result":"", "context":Item count: 1
Contributing types: Device Info}
{"logTime": "1207/135255", "correlationVector":"9MgKqaLqPoRQSpgjH+dEk+.1","action":"SyncServerConnectionManagerRequest", "result":"SYNC_SERVER_OK", "context":{"environment":"Prod_southindia_prod-s01-004-apac-southindia", "migrationStage":"NotStarted", "server":"akswtt007000012"}}
{"logTime": "1207/135255", "correlationVector":"9MgKqaLqPoRQSpgjH+dEk+.2","action":"Commit Response", "result":"Success", "context":Result: Success. cV=9MgKqaLqPoRQSpgjH+dEk+.0;server=akswtt007000012;cloudType=Consumer;environment=Prod_southindia_prod-s01-004-apac-southindia;migrationStage=NotStarted}
{"logTime": "1207/140026", "correlationVector":"x07JQ6/RQQshN8uAguyI+0","action":"Normal GetUpdate request", "result":"", "context":cV=x07JQ6/RQQshN8uAguyI+0
Nudged types: Device Info
Refresh requested types: Bookmarks, Preferences, Passwords, Autofill Profiles, Autofill, Typed URLs, Extensions, Sessions, Extension settings, History Delete Directives, Device Info, User Consents, Send Tab To Self, Web Apps, Saved Tab Group, Collection, Edge E Drop, Edge Hub App Usage, Edge Tab Group, Edge Wallet, Encryption Keys}
{"logTime": "1207/140026", "correlationVector":"x07JQ6/RQQshN8uAguyI+0.1","action":"SyncServerConnectionManagerRequest", "result":"SYNC_SERVER_OK", "context":{"environment":"Prod_southindia_prod-s01-004-apac-southindia", "migrationStage":"NotStarted", "server":"akswtt007000070"}}
{"logTime": "1207/140026", "correlationVector":"x07JQ6/RQQshN8uAguyI+0.2","action":"GetUpdates Response", "result":"Success", "context":Received 1 update(s). cV=x07JQ6/RQQshN8uAguyI+0.0;server=akswtt007000070;cloudType=Consumer;environment=Prod_southindia_prod-s01-004-apac-southindia;migrationStage=NotStarted}
{"logTime": "1207/140026", "correlationVector":"LPYYlaruX07vsrw1EgDImB","action":"Commit Request", "result":"", "context":Item count: 1
Contributing types: Device Info}
{"logTime": "1207/140028", "correlationVector":"LPYYlaruX07vsrw1EgDImB.1","action":"SyncServerConnectionManagerRequest", "result":"SYNC_SERVER_OK", "context":{"environment":"Prod_southindia_prod-s01-004-apac-southindia", "migrationStage":"NotStarted", "server":"akswtt007000073"}}
{"logTime": "1207/140028", "correlationVector":"LPYYlaruX07vsrw1EgDImB.2","action":"Commit Response", "result":"Success", "context":Result: Success. cV=LPYYlaruX07vsrw1EgDImB.0;server=akswtt007000073;cloudType=Consumer;environment=Prod_southindia_prod-s01-004-apac-southindia;migrationStage=NotStarted}
{"logTime": "1207/224237", "correlationVector":"jCicTsCY+sfOYlRSvgvcRm","action":"Poll GetUpdate request", "result":"", "context":cV=jCicTsCY+sfOYlRSvgvcRm}
{"logTime": "1207/224237", "correlationVector":"jCicTsCY+sfOYlRSvgvcRm","action":"SyncServerConnectionManagerRequest", "result":"CONNECTION_UNAVAILABLE", "context":{"error_type":"net_error_code", "error_value":"-106"}}
{"logTime": "1207/224237", "correlationVector":"3fu8Uxzc3lBkwHaldtl2oQ.0","action":"GetUpdates Response", "result":"Network error (ERR_INTERNET_DISCONNECTED)", "context":Received error: Network error (ERR_INTERNET_DISCONNECTED). }
{"logTime": "1207/224247", "correlationVector":"hNzWiIQym6P1Jh2Zeu/pDP","action":"Poll GetUpdate request", "result":"", "context":cV=hNzWiIQym6P1Jh2Zeu/pDP}
{"logTime": "1207/224247", "correlationVector":"hNzWiIQym6P1Jh2Zeu/pDP.1","action":"SyncServerConnectionManagerRequest", "result":"SYNC_AUTH_ERROR", "context":{"environment":"Prod_southindia_prod-s01-004-apac-southindia", "migrationStage":"NotStarted", "server":"akswtt00700007f"}}
{"logTime": "1207/224247", "correlationVector":"hNzWiIQym6P1Jh2Zeu/pDP.2","action":"GetUpdates Response", "result":"HTTP error (401)", "context":Received error: HTTP error (401). cV=hNzWiIQym6P1Jh2Zeu/pDP.0;server=akswtt00700007f;cloudType=Undetermined;environment=Prod_southindia_prod-s01-004-apac-southindia;migrationStage=NotStarted}
{"logTime": "1207/224247", "correlationVector":"fGEE6mfAo84b4QhD8Q3lWK","action":"Poll GetUpdate request", "result":"", "context":cV=fGEE6mfAo84b4QhD8Q3lWK}
{"logTime": "1207/224248", "correlationVector":"fGEE6mfAo84b4QhD8Q3lWK.1","action":"SyncServerConnectionManagerRequest", "result":"SYNC_SERVER_OK", "context":{"environment":"Prod_southindia_prod-s01-004-apac-southindia", "migrationStage":"NotStarted", "server":"akswtt00700003v"}}
{"logTime": "1207/224248", "correlationVector":"fGEE6mfAo84b4QhD8Q3lWK.2","action":"GetUpdates Response", "result":"Success", "context":Received 1 update(s). cV=fGEE6mfAo84b4QhD8Q3lWK.0;server=akswtt00700003v;cloudType=Consumer;environment=Prod_southindia_prod-s01-004-apac-southindia;migrationStage=NotStarted}
{"logTime": "1207/224248", "correlationVector":"HaaVYBsRM7f4pK2fMHqfuv","action":"Normal GetUpdate request", "result":"", "context":cV=HaaVYBsRM7f4pK2fMHqfuv
Nudged types: Sessions, Device Info
Refresh requested types: Bookmarks, Preferences, Passwords, Autofill Profiles, Autofill, Typed URLs, Extensions, Sessions, Extension settings, History Delete Directives, Device Info, User Consents, Send Tab To Self, Web Apps, Saved Tab Group, Collection, Edge E Drop, Edge Hub App Usage, Edge Tab Group, Edge Wallet, Encryption Keys}
{"logTime": "1207/224249", "correlationVector":"HaaVYBsRM7f4pK2fMHqfuv.1","action":"SyncServerConnectionManagerRequest", "result":"SYNC_SERVER_OK", "context":{"environment":"Prod_southindia_prod-s01-004-apac-southindia", "migrationStage":"NotStarted", "server":"akswtt00700007f"}}
{"logTime": "1207/224249", "correlationVector":"HaaVYBsRM7f4pK2fMHqfuv.2","action":"GetUpdates Response", "result":"Success", "context":Received 0 update(s). cV=HaaVYBsRM7f4pK2fMHqfuv.0;server=akswtt00700007f;cloudType=Consumer;environment=Prod_southindia_prod-s01-004-apac-southindia;migrationStage=NotStarted}
{"logTime": "1207/224249", "correlationVector":"JKoUxviMRGpTLi+HR/VOHo","action":"Commit Request", "result":"", "context":Item count: 6
Contributing types: Sessions, Device Info}
{"logTime": "1207/224250", "correlationVector":"JKoUxviMRGpTLi+HR/VOHo.1","action":"SyncServerConnectionManagerRequest", "result":"SYNC_SERVER_OK", "context":{"environment":"Prod_southindia_prod-s01-004-apac-southindia", "migrationStage":"NotStarted", "server":"akswtt00700003v"}}
{"logTime": "1207/224250", "correlationVector":"JKoUxviMRGpTLi+HR/VOHo.3","action":"Commit.Sessions", "result":"Success", "context":{"id":"b89daec6-761e-4dff-ad8e-5675b78098b4", "isDeleted":"true", "size":"0", "version":"1732394075582"}}
{"logTime": "1207/224250", "correlationVector":"JKoUxviMRGpTLi+HR/VOHo.4","action":"Commit.Sessions", "result":"Success", "context":{"id":"ecc15ff9-eae4-4071-a741-7b8aea86177e", "isDeleted":"true", "size":"0", "version":"1732385209920"}}
{"logTime": "1207/224250", "correlationVector":"JKoUxviMRGpTLi+HR/VOHo.5","action":"Commit.Sessions", "result":"Success", "context":{"id":"c9f72f12-13e6-4fdd-b5cc-135be7a07584", "isDeleted":"true", "size":"0", "version":"1732388088104"}}
{"logTime": "1207/224250", "correlationVector":"JKoUxviMRGpTLi+HR/VOHo.6","action":"Commit.Sessions", "result":"Success", "context":{"id":"21c01e00-2f11-4523-bc68-40b70acedce8", "isDeleted":"true", "size":"0", "version":"1732394075583"}}
{"logTime": "1207/224250", "correlationVector":"JKoUxviMRGpTLi+HR/VOHo.7","action":"Commit.Sessions", "result":"Success", "context":{"id":"c09edf7f-71f1-4ce5-88dd-ed9bd347ba2d", "isDeleted":"true", "size":"0", "version":"1732394075584"}}
{"logTime": "1207/224250", "correlationVector":"JKoUxviMRGpTLi+HR/VOHo.2","action":"Commit Response", "result":"Success", "context":Result: Success. cV=JKoUxviMRGpTLi+HR/VOHo.0;server=akswtt00700003v;cloudType=Consumer;environment=Prod_southindia_prod-s01-004-apac-southindia;migrationStage=NotStarted}
{"logTime": "1207/233707", "correlationVector":"GbG+ZmxZzGHD3OLn1AMqpt","action":"Normal GetUpdate request", "result":"", "context":cV=GbG+ZmxZzGHD3OLn1AMqpt
Nudged types: Device Info
Refresh requested types: Bookmarks, Preferences, Passwords, Autofill Profiles, Autofill, Typed URLs, Extensions, Sessions, Extension settings, History Delete Directives, Device Info, User Consents, Send Tab To Self, Web Apps, Saved Tab Group, Collection, Edge E Drop, Edge Hub App Usage, Edge Tab Group, Edge Wallet, Encryption Keys}
{"logTime": "1207/233708", "correlationVector":"GbG+ZmxZzGHD3OLn1AMqpt.1","action":"SyncServerConnectionManagerRequest", "result":"SYNC_SERVER_OK", "context":{"environment":"Prod_southindia_prod-s01-004-apac-southindia", "migrationStage":"NotStarted", "server":"akswtt0070000a9"}}
{"logTime": "1207/233708", "correlationVector":"GbG+ZmxZzGHD3OLn1AMqpt.2","action":"GetUpdates", "result":"DeleteReceived", "context":{"id":"b89daec6-761e-4dff-ad8e-5675b78098b4", "isDeleted:":"true", "version":"1733611370611"}}
{"logTime": "1207/233708", "correlationVector":"GbG+ZmxZzGHD3OLn1AMqpt.3","action":"GetUpdates", "result":"DeleteReceived", "context":{"id":"ecc15ff9-eae4-4071-a741-7b8aea86177e", "isDeleted:":"true", "version":"1733611370612"}}
{"logTime": "1207/233708", "correlationVector":"GbG+ZmxZzGHD3OLn1AMqpt.4","action":"GetUpdates", "result":"DeleteReceived", "context":{"id":"c9f72f12-13e6-4fdd-b5cc-135be7a07584", "isDeleted:":"true", "version":"1733611370613"}}
{"logTime": "1207/233708", "correlationVector":"GbG+ZmxZzGHD3OLn1AMqpt.5","action":"GetUpdates", "result":"DeleteReceived", "context":{"id":"21c01e00-2f11-4523-bc68-40b70acedce8", "isDeleted:":"true", "version":"1733611370614"}}
{"logTime": "1207/233708", "correlationVector":"GbG+ZmxZzGHD3OLn1AMqpt.6","action":"GetUpdates", "result":"DeleteReceived", "context":{"id":"c09edf7f-71f1-4ce5-88dd-ed9bd347ba2d", "isDeleted:":"true", "version":"1733611370615"}}
{"logTime": "1207/233708", "correlationVector":"GbG+ZmxZzGHD3OLn1AMqpt.7","action":"GetUpdates Response", "result":"Success", "context":Received 6 update(s). cV=GbG+ZmxZzGHD3OLn1AMqpt.0;server=akswtt0070000a9;cloudType=Consumer;environment=Prod_southindia_prod-s01-004-apac-southindia;migrationStage=NotStarted}
{"logTime": "1207/233708", "correlationVector":"bhGYBeoPPAHFLlOZSwD8pW","action":"Commit Request", "result":"", "context":Item count: 1
Contributing types: Device Info}
{"logTime": "1207/233709", "correlationVector":"bhGYBeoPPAHFLlOZSwD8pW.1","action":"SyncServerConnectionManagerRequest", "result":"SYNC_SERVER_OK", "context":{"environment":"Prod_southindia_prod-s01-004-apac-southindia", "migrationStage":"NotStarted", "server":"akswtt0070000a9"}}
{"logTime": "1207/233709", "correlationVector":"bhGYBeoPPAHFLlOZSwD8pW.2","action":"Commit Response", "result":"Success", "context":Result: Success. cV=bhGYBeoPPAHFLlOZSwD8pW.0;server=akswtt0070000a9;cloudType=Consumer;environment=Prod_southindia_prod-s01-004-apac-southindia;migrationStage=NotStarted}
{"logTime": "1209/093653", "correlationVector":"vKMqh//SMVV9NFOOdLyMZY","action":"Normal GetUpdate request", "result":"", "context":cV=vKMqh//SMVV9NFOOdLyMZY
Nudged types: Typed URLs, Sessions, Device Info
Refresh requested types: Bookmarks, Preferences, Passwords, Autofill Profiles, Autofill, Typed URLs, Extensions, Sessions, Extension settings, History Delete Directives, Device Info, User Consents, Send Tab To Self, Web Apps, Saved Tab Group, Collection, Edge E Drop, Edge Hub App Usage, Edge Tab Group, Edge Wallet, Encryption Keys}
{"logTime": "1209/093654", "correlationVector":"vKMqh//SMVV9NFOOdLyMZY.1","action":"SyncServerConnectionManagerRequest", "result":"SYNC_SERVER_OK", "context":{"environment":"Prod_southindia_prod-s01-004-apac-southindia", "migrationStage":"NotStarted", "server":"akswtt00700007d"}}
{"logTime": "1209/093654", "correlationVector":"vKMqh//SMVV9NFOOdLyMZY.2","action":"GetUpdates Response", "result":"Success", "context":Received 1 update(s). cV=vKMqh//SMVV9NFOOdLyMZY.0;server=akswtt00700007d;cloudType=Consumer;environment=Prod_southindia_prod-s01-004-apac-southindia;migrationStage=NotStarted}
{"logTime": "1209/093654", "correlationVector":"juaTK3IsLgo6HEUyyvCBFY","action":"Commit Request", "result":"", "context":Item count: 26
Contributing types: Typed URLs, Sessions, Device Info}
{"logTime": "1209/093657", "correlationVector":"juaTK3IsLgo6HEUyyvCBFY.1","action":"SyncServerConnectionManagerRequest", "result":"SYNC_SERVER_OK", "context":{"environment":"Prod_southindia_prod-s01-004-apac-southindia", "migrationStage":"NotStarted", "server":"akswtt00700009j"}}
{"logTime": "1209/093657", "correlationVector":"juaTK3IsLgo6HEUyyvCBFY.3","action":"Commit.Sessions", "result":"Success", "context":{"id":"0879f91b-0a0c-4af6-8db8-6a4fa8f37861", "isDeleted":"true", "size":"0", "version":"1732488336393"}}
{"logTime": "1209/093657", "correlationVector":"juaTK3IsLgo6HEUyyvCBFY.4","action":"Commit.Sessions", "result":"Success", "context":{"id":"24872a80-39df-4e09-8206-51f3abf77c3f", "isDeleted":"true", "size":"0", "version":"1732485444249"}}
{"logTime": "1209/093657", "correlationVector":"juaTK3IsLgo6HEUyyvCBFY.5","action":"Commit.Sessions", "result":"Success", "context":{"id":"1837db21-aa34-4b9a-9c01-2171a34ae0be", "isDeleted":"true", "size":"0", "version":"1732473971914"}}
{"logTime": "1209/093657", "correlationVector":"juaTK3IsLgo6HEUyyvCBFY.6","action":"Commit.Sessions", "result":"Success", "context":{"id":"0a538d91-535d-4f97-aacc-c8a65c3ced1f", "isDeleted":"true", "size":"0", "version":"1732489152528"}}
{"logTime": "1209/093657", "correlationVector":"juaTK3IsLgo6HEUyyvCBFY.7","action":"Commit.Sessions", "result":"Success", "context":{"id":"dec20be1-a7de-4379-a15e-5f04cfdb9d9c", "isDeleted":"true", "size":"0", "version":"1732484029133"}}
{"logTime": "1209/093657", "correlationVector":"juaTK3IsLgo6HEUyyvCBFY.8","action":"Commit.Sessions", "result":"Success", "context":{"id":"8f571faa-cc04-484b-938e-f89bc7f3170b", "isDeleted":"true", "size":"0", "version":"1732488777450"}}
{"logTime": "1209/093657", "correlationVector":"juaTK3IsLgo6HEUyyvCBFY.9","action":"Commit.Sessions", "result":"Success", "context":{"id":"863fecf2-f14f-45f8-901f-63a2db3b9333", "isDeleted":"true", "size":"0", "version":"1732486002892"}}
{"logTime": "1209/093657", "correlationVector":"juaTK3IsLgo6HEUyyvCBFY.10","action":"Commit.Sessions", "result":"Success", "context":{"id":"238b5330-2e84-4b98-9782-9c52169a2794", "isDeleted":"true", "size":"0", "version":"1732482395431"}}
{"logTime": "1209/093657", "correlationVector":"juaTK3IsLgo6HEUyyvCBFY.11","action":"Commit.Sessions", "result":"Success", "context":{"id":"96b59d50-31c0-4f14-9bf1-96f6374b76cb", "isDeleted":"true", "size":"0", "version":"1732488072057"}}
{"logTime": "1209/093657", "correlationVector":"juaTK3IsLgo6HEUyyvCBFY.12","action":"Commit.Sessions", "result":"Success", "context":{"id":"702bab52-5055-4066-92ed-398d205c3648", "isDeleted":"true", "size":"0", "version":"1732488847589"}}
{"logTime": "1209/093657", "correlationVector":"juaTK3IsLgo6HEUyyvCBFY.13","action":"Commit.Sessions", "result":"Success", "context":{"id":"37e9c33c-d791-4778-8566-e61511620641", "isDeleted":"true", "size":"0", "version":"1732486914818"}}
{"logTime": "1209/093657", "correlationVector":"juaTK3IsLgo6HEUyyvCBFY.14","action":"Commit.Sessions", "result":"Success", "context":{"id":"90f96fc3-9ec5-4318-8083-879b8b15587a", "isDeleted":"true", "size":"0", "version":"1732485086861"}}
{"logTime": "1209/093657", "correlationVector":"juaTK3IsLgo6HEUyyvCBFY.15","action":"Commit.Sessions", "result":"Success", "context":{"id":"690e2f2f-eb2a-4a2a-aaec-d43eee6658d5", "isDeleted":"true", "size":"0", "version":"1732473971919"}}
{"logTime": "1209/093657", "correlationVector":"juaTK3IsLgo6HEUyyvCBFY.16","action":"Commit.Sessions", "result":"Success", "context":{"id":"69e9b263-fc31-4f6d-9489-9fbf53b6a8bb", "isDeleted":"true", "size":"0", "version":"1732486294723"}}
{"logTime": "1209/093657", "correlationVector":"juaTK3IsLgo6HEUyyvCBFY.17","action":"Commit.Sessions", "result":"Success", "context":{"id":"7d9f21ed-9b10-41ef-ba8b-342ccae3932f", "isDeleted":"true", "size":"0", "version":"1732489224055"}}
{"logTime": "1209/093657", "correlationVector":"juaTK3IsLgo6HEUyyvCBFY.2","action":"Commit Response", "result":"Success", "context":Result: Success. cV=juaTK3IsLgo6HEUyyvCBFY.0;server=akswtt00700009j;cloudType=Consumer;environment=Prod_southindia_prod-s01-004-apac-southindia;migrationStage=NotStarted}
{"logTime": "1209/093657", "correlationVector":"juaTK3IsLgo6HEUyyvCBFY.18","action":"Commit.Sessions", "result":"Success", "context":{"id":"4096e4e5-e725-439b-bfa0-dc342d050e66", "isDeleted":"true", "size":"0", "version":"1732473971920"}}
{"logTime": "1209/093657", "correlationVector":"juaTK3IsLgo6HEUyyvCBFY.19","action":"Commit.Sessions", "result":"Success", "context":{"id":"8cc35379-ee3f-43ee-9ec3-d7290f52e4db", "isDeleted":"true", "size":"0", "version":"1732473971921"}}
{"logTime": "1209/093657", "correlationVector":"juaTK3IsLgo6HEUyyvCBFY.20","action":"Commit.Sessions", "result":"Success", "context":{"id":"31668249-2fff-434a-867c-a90c869c7fb2", "isDeleted":"true", "size":"0", "version":"1732488336396"}}
{"logTime": "1209/093657", "correlationVector":"juaTK3IsLgo6HEUyyvCBFY.21","action":"Commit.Sessions", "result":"Success", "context":{"id":"001aed8f-017f-498b-9bc6-a4a6fb4d5954", "isDeleted":"true", "size":"0", "version":"1732473971922"}}
{"logTime": "1209/093657", "correlationVector":"juaTK3IsLgo6HEUyyvCBFY.22","action":"Commit.Sessions", "result":"Success", "context":{"id":"d511fc17-f65f-43a2-b402-ac3d27b511d3", "isDeleted":"true", "size":"0", "version":"1732473971923"}}
{"logTime": "1209/093657", "correlationVector":"juaTK3IsLgo6HEUyyvCBFY.23","action":"Commit.Sessions", "result":"Success", "context":{"id":"6652111c-bbd0-448f-ad21-75c7063ac278", "isDeleted":"true", "size":"0", "version":"1732489152530"}}
{"logTime": "1209/093657", "correlationVector":"juaTK3IsLgo6HEUyyvCBFY.24","action":"Commit.Sessions", "result":"Success", "context":{"id":"76f3f453-c3d4-427f-b66a-eb362e5a295f", "isDeleted":"true", "size":"0", "version":"1732484029135"}}
{"logTime": "1209/093657", "correlationVector":"FNS9k9igczaMirC4hKCLIh","action":"SyncServerConnectionManagerRequest", "result":"SYNC_SERVER_OK", "context":{"environment":"", "migrationStage":"", "server":""}}
{"logTime": "1209/093657", "correlationVector":"GOIFnCtPu3YJXzVD40FABn","action":"Commit Request", "result":"", "context":Item count: 1
Contributing types: Sessions}
{"logTime": "1209/093658", "correlationVector":"GOIFnCtPu3YJXzVD40FABn.1","action":"SyncServerConnectionManagerRequest", "result":"SYNC_SERVER_OK", "context":{"environment":"Prod_southindia_prod-s01-004-apac-southindia", "migrationStage":"NotStarted", "server":"akswtt00700006e"}}
{"logTime": "1209/093658", "correlationVector":"GOIFnCtPu3YJXzVD40FABn.2","action":"Commit Response", "result":"Success", "context":Result: Success. cV=GOIFnCtPu3YJXzVD40FABn.0;server=akswtt00700006e;cloudType=Consumer;environment=Prod_southindia_prod-s01-004-apac-southindia;migrationStage=NotStarted}
{"logTime": "1209/093658", "correlationVector":"9E4DforTsQBa0LVzceeqdj","action":"Poll GetUpdate request", "result":"", "context":cV=9E4DforTsQBa0LVzceeqdj}
{"logTime": "1209/093658", "correlationVector":"9E4DforTsQBa0LVzceeqdj.1","action":"SyncServerConnectionManagerRequest", "result":"SYNC_SERVER_OK", "context":{"environment":"Prod_southindia_prod-s01-004-apac-southindia", "migrationStage":"NotStarted", "server":"akswtt00700009i"}}
{"logTime": "1209/093658", "correlationVector":"9E4DforTsQBa0LVzceeqdj.2","action":"GetUpdates", "result":"DeleteReceived", "context":{"id":"0879f91b-0a0c-4af6-8db8-6a4fa8f37861", "isDeleted:":"true", "version":"1733737015340"}}
{"logTime": "1209/093658", "correlationVector":"9E4DforTsQBa0LVzceeqdj.3","action":"GetUpdates", "result":"DeleteReceived", "context":{"id":"24872a80-39df-4e09-8206-51f3abf77c3f", "isDeleted:":"true", "version":"1733737015341"}}
{"logTime": "1209/093658", "correlationVector":"9E4DforTsQBa0LVzceeqdj.4","action":"GetUpdates", "result":"DeleteReceived", "context":{"id":"1837db21-aa34-4b9a-9c01-2171a34ae0be", "isDeleted:":"true", "version":"1733737015342"}}
{"logTime": "1209/093658", "correlationVector":"9E4DforTsQBa0LVzceeqdj.5","action":"GetUpdates", "result":"DeleteReceived", "context":{"id":"0a538d91-535d-4f97-aacc-c8a65c3ced1f", "isDeleted:":"true", "version":"1733737015343"}}
{"logTime": "1209/093658", "correlationVector":"9E4DforTsQBa0LVzceeqdj.6","action":"GetUpdates", "result":"DeleteReceived", "context":{"id":"dec20be1-a7de-4379-a15e-5f04cfdb9d9c", "isDeleted:":"true", "version":"1733737015344"}}
{"logTime": "1209/093658", "correlationVector":"9E4DforTsQBa0LVzceeqdj.7","action":"GetUpdates", "result":"DeleteReceived", "context":{"id":"8f571faa-cc04-484b-938e-f89bc7f3170b", "isDeleted:":"true", "version":"1733737015345"}}
{"logTime": "1209/093658", "correlationVector":"9E4DforTsQBa0LVzceeqdj.8","action":"GetUpdates", "result":"DeleteReceived", "context":{"id":"863fecf2-f14f-45f8-901f-63a2db3b9333", "isDeleted:":"true", "version":"1733737015346"}}
{"logTime": "1209/093658", "correlationVector":"9E4DforTsQBa0LVzceeqdj.9","action":"GetUpdates", "result":"DeleteReceived", "context":{"id":"238b5330-2e84-4b98-9782-9c52169a2794", "isDeleted:":"true", "version":"1733737015347"}}
{"logTime": "1209/093658", "correlationVector":"9E4DforTsQBa0LVzceeqdj.10","action":"GetUpdates", "result":"DeleteReceived", "context":{"id":"96b59d50-31c0-4f14-9bf1-96f6374b76cb", "isDeleted:":"true", "version":"1733737015348"}}
{"logTime": "1209/093658", "correlationVector":"9E4DforTsQBa0LVzceeqdj.11","action":"GetUpdates", "result":"DeleteReceived", "context":{"id":"702bab52-5055-4066-92ed-398d205c3648", "isDeleted:":"true", "version":"1733737015349"}}
{"logTime": "1209/093658", "correlationVector":"9E4DforTsQBa0LVzceeqdj.12","action":"GetUpdates", "result":"DeleteReceived", "context":{"id":"37e9c33c-d791-4778-8566-e61511620641", "isDeleted:":"true", "version":"1733737015350"}}
{"logTime": "1209/093658", "correlationVector":"9E4DforTsQBa0LVzceeqdj.13","action":"GetUpdates", "result":"DeleteReceived", "context":{"id":"90f96fc3-9ec5-4318-8083-879b8b15587a", "isDeleted:":"true", "version":"1733737015351"}}
{"logTime": "1209/093658", "correlationVector":"9E4DforTsQBa0LVzceeqdj.14","action":"GetUpdates", "result":"DeleteReceived", "context":{"id":"690e2f2f-eb2a-4a2a-aaec-d43eee6658d5", "isDeleted:":"true", "version":"1733737015352"}}
{"logTime": "1209/093658", "correlationVector":"9E4DforTsQBa0LVzceeqdj.15","action":"GetUpdates", "result":"DeleteReceived", "context":{"id":"69e9b263-fc31-4f6d-9489-9fbf53b6a8bb", "isDeleted:":"true", "version":"1733737015353"}}
{"logTime": "1209/093658", "correlationVector":"9E4DforTsQBa0LVzceeqdj.16","action":"GetUpdates", "result":"DeleteReceived", "context":{"id":"7d9f21ed-9b10-41ef-ba8b-342ccae3932f", "isDeleted:":"true", "version":"1733737015355"}}
{"logTime": "1209/093658", "correlationVector":"9E4DforTsQBa0LVzceeqdj.17","action":"GetUpdates", "result":"DeleteReceived", "context":{"id":"4096e4e5-e725-439b-bfa0-dc342d050e66", "isDeleted:":"true", "version":"1733737015357"}}
{"logTime": "1209/093658", "correlationVector":"9E4DforTsQBa0LVzceeqdj.18","action":"GetUpdates", "result":"DeleteReceived", "context":{"id":"8cc35379-ee3f-43ee-9ec3-d7290f52e4db", "isDeleted:":"true", "version":"1733737015358"}}
{"logTime": "1209/093658", "correlationVector":"9E4DforTsQBa0LVzceeqdj.19","action":"GetUpdates", "result":"DeleteReceived", "context":{"id":"31668249-2fff-434a-867c-a90c869c7fb2", "isDeleted:":"true", "version":"1733737015359"}}
{"logTime": "1209/093658", "correlationVector":"9E4DforTsQBa0LVzceeqdj.20","action":"GetUpdates", "result":"DeleteReceived", "context":{"id":"001aed8f-017f-498b-9bc6-a4a6fb4d5954", "isDeleted:":"true", "version":"1733737015360"}}
{"logTime": "1209/093658", "correlationVector":"9E4DforTsQBa0LVzceeqdj.21","action":"GetUpdates", "result":"DeleteReceived", "context":{"id":"d511fc17-f65f-43a2-b402-ac3d27b511d3", "isDeleted:":"true", "version":"1733737015361"}}
{"logTime": "1209/093658", "correlationVector":"9E4DforTsQBa0LVzceeqdj.22","action":"GetUpdates", "result":"DeleteReceived", "context":{"id":"6652111c-bbd0-448f-ad21-75c7063ac278", "isDeleted:":"true", "version":"1733737015362"}}
{"logTime": "1209/093658", "correlationVector":"9E4DforTsQBa0LVzceeqdj.23","action":"GetUpdates", "result":"DeleteReceived", "context":{"id":"76f3f453-c3d4-427f-b66a-eb362e5a295f", "isDeleted:":"true", "version":"1733737015363"}}
{"logTime": "1209/093658", "correlationVector":"9E4DforTsQBa0LVzceeqdj.24","action":"GetUpdates Response", "result":"Success", "context":Received 26 update(s). cV=9E4DforTsQBa0LVzceeqdj.0;server=akswtt00700009i;cloudType=Consumer;environment=Prod_southindia_prod-s01-004-apac-southindia;migrationStage=NotStarted}
{"logTime": "1209/093728", "correlationVector":"UHS0+5I2+qHn4qZqMi/aRa","action":"Commit Request", "result":"", "context":Item count: 2
Contributing types: Typed URLs, Sessions}
{"logTime": "1209/093732", "correlationVector":"UHS0+5I2+qHn4qZqMi/aRa.1","action":"SyncServerConnectionManagerRequest", "result":"SYNC_SERVER_OK", "context":{"environment":"Prod_southindia_prod-s01-004-apac-southindia", "migrationStage":"NotStarted", "server":"akswtt00700009j"}}
{"logTime": "1209/093732", "correlationVector":"UHS0+5I2+qHn4qZqMi/aRa.2","action":"Commit Response", "result":"Success", "context":Result: Success. cV=UHS0+5I2+qHn4qZqMi/aRa.0;server=akswtt00700009j;cloudType=Consumer;environment=Prod_southindia_prod-s01-004-apac-southindia;migrationStage=NotStarted}
{"logTime": "1209/093809", "correlationVector":"KiIMKd9kIFfmXjLV9DVRwf","action":"Commit Request", "result":"", "context":Item count: 2
Contributing types: Typed URLs, Sessions}
{"logTime": "1209/093811", "correlationVector":"KiIMKd9kIFfmXjLV9DVRwf.1","action":"SyncServerConnectionManagerRequest", "result":"SYNC_SERVER_OK", "context":{"environment":"Prod_southindia_prod-s01-004-apac-southindia", "migrationStage":"NotStarted", "server":"akswtt00700006e"}}
{"logTime": "1209/093811", "correlationVector":"KiIMKd9kIFfmXjLV9DVRwf.2","action":"Commit Response", "result":"Success", "context":Result: Success. cV=KiIMKd9kIFfmXjLV9DVRwf.0;server=akswtt00700006e;cloudType=Consumer;environment=Prod_southindia_prod-s01-004-apac-southindia;migrationStage=NotStarted}
{"logTime": "1209/093841", "correlationVector":"f4ryzojM5k1tt8DIHgr8Xu","action":"Commit Request", "result":"", "context":Item count: 2
Contributing types: Sessions}
{"logTime": "1209/093841", "correlationVector":"f4ryzojM5k1tt8DIHgr8Xu.1","action":"SyncServerConnectionManagerRequest", "result":"SYNC_SERVER_OK", "context":{"environment":"Prod_southindia_prod-s01-004-apac-southindia", "migrationStage":"NotStarted", "server":"akswtt007000088"}}
{"logTime": "1209/093841", "correlationVector":"f4ryzojM5k1tt8DIHgr8Xu.2","action":"Commit Response", "result":"Success", "context":Result: Success. cV=f4ryzojM5k1tt8DIHgr8Xu.0;server=akswtt007000088;cloudType=Consumer;environment=Prod_southindia_prod-s01-004-apac-southindia;migrationStage=NotStarted}
{"logTime": "1209/093925", "correlationVector":"3Ra6wR4H50xfnpsHHVUXpu","action":"Commit Request", "result":"", "context":Item count: 3
Contributing types: Sessions}
{"logTime": "1209/093926", "correlationVector":"3Ra6wR4H50xfnpsHHVUXpu.1","action":"SyncServerConnectionManagerRequest", "result":"SYNC_SERVER_OK", "context":{"environment":"Prod_southindia_prod-s01-004-apac-southindia", "migrationStage":"NotStarted", "server":"akswtt00700007d"}}
{"logTime": "1209/093926", "correlationVector":"3Ra6wR4H50xfnpsHHVUXpu.3","action":"Commit.Sessions", "result":"Success", "context":{"id":"beb7b313-0db7-4ad4-81eb-d1480b0a295f", "isDeleted":"true", "size":"0", "version":"1733737121232"}}
{"logTime": "1209/093926", "correlationVector":"3Ra6wR4H50xfnpsHHVUXpu.2","action":"Commit Response", "result":"Success", "context":Result: Success. cV=3Ra6wR4H50xfnpsHHVUXpu.0;server=akswtt00700007d;cloudType=Consumer;environment=Prod_southindia_prod-s01-004-apac-southindia;migrationStage=NotStarted}
{"logTime": "1209/094023", "correlationVector":"2t6G5+8N9FCgfCdd9jTC+z","action":"Commit Request", "result":"", "context":Item count: 1
Contributing types: Sessions}
{"logTime": "1209/094024", "correlationVector":"2t6G5+8N9FCgfCdd9jTC+z.1","action":"SyncServerConnectionManagerRequest", "result":"SYNC_SERVER_OK", "context":{"environment":"Prod_southindia_prod-s01-004-apac-southindia", "migrationStage":"NotStarted", "server":"akswtt00700006e"}}
{"logTime": "1209/094024", "correlationVector":"2t6G5+8N9FCgfCdd9jTC+z.2","action":"Commit Response", "result":"Success", "context":Result: Success. cV=2t6G5+8N9FCgfCdd9jTC+z.0;server=akswtt00700006e;cloudType=Consumer;environment=Prod_southindia_prod-s01-004-apac-southindia;migrationStage=NotStarted}
{"logTime": "1209/094153", "correlationVector":"00pkCncL/HLk5vpjxAPRDb","action":"Normal GetUpdate request", "result":"", "context":cV=00pkCncL/HLk5vpjxAPRDb
Refresh requested types: Bookmarks, Preferences, Passwords, Autofill Profiles, Autofill, Typed URLs, Extensions, Sessions, Extension settings, History Delete Directives, Device Info, User Consents, Send Tab To Self, Web Apps, Saved Tab Group, Collection, Edge E Drop, Edge Hub App Usage, Edge Tab Group, Edge Wallet, Encryption Keys}
{"logTime": "1209/094156", "correlationVector":"00pkCncL/HLk5vpjxAPRDb.1","action":"SyncServerConnectionManagerRequest", "result":"SYNC_SERVER_OK", "context":{"environment":"Prod_southindia_prod-s01-004-apac-southindia", "migrationStage":"NotStarted", "server":"akswtt00700009i"}}
{"logTime": "1209/094156", "correlationVector":"00pkCncL/HLk5vpjxAPRDb.2","action":"GetUpdates", "result":"DeleteReceived", "context":{"id":"beb7b313-0db7-4ad4-81eb-d1480b0a295f", "isDeleted:":"true", "version":"1733737165751"}}
{"logTime": "1209/094156", "correlationVector":"00pkCncL/HLk5vpjxAPRDb.3","action":"GetUpdates Response", "result":"Success", "context":Received 5 update(s). cV=00pkCncL/HLk5vpjxAPRDb.0;server=akswtt00700009i;cloudType=Consumer;environment=Prod_southindia_prod-s01-004-apac-southindia;migrationStage=NotStarted}
{"logTime": "1209/094310", "correlationVector":"PIPRw4qEINu6J+vJ1p/+s9","action":"Commit Request", "result":"", "context":Item count: 3
Contributing types: Sessions}
{"logTime": "1209/094313", "correlationVector":"PIPRw4qEINu6J+vJ1p/+s9.1","action":"SyncServerConnectionManagerRequest", "result":"SYNC_SERVER_OK", "context":{"environment":"Prod_southindia_prod-s01-004-apac-southindia", "migrationStage":"NotStarted", "server":"akswtt00700009j"}}
{"logTime": "1209/094313", "correlationVector":"PIPRw4qEINu6J+vJ1p/+s9.2","action":"Commit Response", "result":"Success", "context":Result: Success. cV=PIPRw4qEINu6J+vJ1p/+s9.0;server=akswtt00700009j;cloudType=Consumer;environment=Prod_southindia_prod-s01-004-apac-southindia;migrationStage=NotStarted}
{"logTime": "1215/050601", "correlationVector":"piZl6Ys7ak2/kvI9wwDQBI","action":"Normal GetUpdate request", "result":"", "context":cV=piZl6Ys7ak2/kvI9wwDQBI
Nudged types: Sessions, Device Info
Refresh requested types: Bookmarks, Preferences, Passwords, Autofill Profiles, Autofill, Typed URLs, Extensions, Sessions, Extension settings, History Delete Directives, Device Info, User Consents, Send Tab To Self, Web Apps, Saved Tab Group, Collection, Edge E Drop, Edge Hub App Usage, Edge Tab Group, Edge Wallet, Encryption Keys}
{"logTime": "1215/050603", "correlationVector":"piZl6Ys7ak2/kvI9wwDQBI.1","action":"SyncServerConnectionManagerRequest", "result":"SYNC_SERVER_OK", "context":{"environment":"Prod_southindia_prod-s01-004-apac-southindia", "migrationStage":"NotStarted", "server":"akswtt008000019"}}
{"logTime": "1215/050603", "correlationVector":"piZl6Ys7ak2/kvI9wwDQBI.2","action":"GetUpdates Response", "result":"Success", "context":Received 3 update(s). cV=piZl6Ys7ak2/kvI9wwDQBI.0;server=akswtt008000019;cloudType=Consumer;environment=Prod_southindia_prod-s01-004-apac-southindia;migrationStage=NotStarted}
{"logTime": "1215/050603", "correlationVector":"kUIrzrrlBFzVHE+kspMJ11","action":"DoCompareDataConsistency requsted types: ", "result":"Bookmarks, Preferences, Passwords, Typed URLs, Extensions, Extension settings, History Delete Directives, Send Tab To Self, Web Apps, Saved Tab Group, Collection, Edge E Drop, Edge Tab Group, Edge Wallet, Encryption Keys"}
{"logTime": "1215/050603", "correlationVector":"kUIrzrrlBFzVHE+kspMJ11.0","action":"CompareDataConsistency result: ", "result":"Compare result: Encryption Keys is consistent. local entities count is: 1 local entities hash is: IpXlyA1qvQ5p8hJze3T1YyO9ubc="}
{"logTime": "1215/050603", "correlationVector":"kUIrzrrlBFzVHE+kspMJ11.1","action":"CompareDataConsistency result: ", "result":"Compare result: Bookmarks is consistent. local entities count is: 46 local entities hash is: zwVmnfuau4bXQWty3/5Xfys7jZE="}
{"logTime": "1215/050603", "correlationVector":"kUIrzrrlBFzVHE+kspMJ11.2","action":"CompareDataConsistency result: ", "result":"Compare result: Preferences is consistent. local entities count is: 107 local entities hash is: R3U051CToF3ID410PN3LEltTQDY="}
{"logTime": "1215/050603", "correlationVector":"kUIrzrrlBFzVHE+kspMJ11.3","action":"CompareDataConsistency result: ", "result":"Compare result: Passwords is consistent. local entities count is: 19 local entities hash is: WV6dCK2EHSzSt+p0rWjMasNL8LA="}
{"logTime": "1215/050603", "correlationVector":"kUIrzrrlBFzVHE+kspMJ11.4","action":"CompareDataConsistency result: ", "result":"Server did not send this Typed URLs local entities count is: 51 local entities hash is: qwAj3125Pp4fMxUdqKOmDrSZEZk="}
{"logTime": "1215/050603", "correlationVector":"kUIrzrrlBFzVHE+kspMJ11.5","action":"CompareDataConsistency result: ", "result":"Compare result: Extensions is consistent. local entities count is: 8 local entities hash is: fKq/kBBkgAcOxpS2oMrVEaOhbaE="}
{"logTime": "1215/050603", "correlationVector":"kUIrzrrlBFzVHE+kspMJ11.6","action":"CompareDataConsistency result: ", "result":"Compare result: Extension settings is consistent. local entities count is: 23 local entities hash is: XAy+A3fR8EYBxuOYw9s/wybfl6Y="}
{"logTime": "1215/050603", "correlationVector":"kUIrzrrlBFzVHE+kspMJ11.7","action":"CompareDataConsistency result: ", "result":"Compare result: History Delete Directives is consistent. local entities count is: 0 local entities hash is: "}
{"logTime": "1215/050603", "correlationVector":"kUIrzrrlBFzVHE+kspMJ11.8","action":"CompareDataConsistency result: ", "result":"Server did not send this Send Tab To Self local entities count is: 0 local entities hash is: "}
{"logTime": "1215/050603", "correlationVector":"kUIrzrrlBFzVHE+kspMJ11.9","action":"CompareDataConsistency result: ", "result":"Compare result: Web Apps is consistent. local entities count is: 0 local entities hash is: "}
{"logTime": "1215/050603", "correlationVector":"kUIrzrrlBFzVHE+kspMJ11.10","action":"CompareDataConsistency result: ", "result":"Compare result: Saved Tab Group is consistent. local entities count is: 2 local entities hash is: CWDNBROPaiVRI4F2gtKB8ZJK9e8="}
{"logTime": "1215/050603", "correlationVector":"kUIrzrrlBFzVHE+kspMJ11.11","action":"CompareDataConsistency result: ", "result":"Compare result: Collection is consistent. local entities count is: 0 local entities hash is: "}
{"logTime": "1215/050603", "correlationVector":"kUIrzrrlBFzVHE+kspMJ11.12","action":"CompareDataConsistency result: ", "result":"Compare result: Edge E Drop is consistent. local entities count is: 0 local entities hash is: "}
{"logTime": "1215/050603", "correlationVector":"kUIrzrrlBFzVHE+kspMJ11.13","action":"CompareDataConsistency result: ", "result":"Compare result: Edge Tab Group is consistent. local entities count is: 1 local entities hash is: FebT9tLfrolvaLvFI6TuN8yyeNQ="}
{"logTime": "1215/050603", "correlationVector":"kUIrzrrlBFzVHE+kspMJ11.14","action":"CompareDataConsistency result: ", "result":"Compare result: Edge Wallet is consistent. local entities count is: 0 local entities hash is: "}
{"logTime": "1215/050603", "correlationVector":"H4o1OQyWSC1fKT5ke0Eipy","action":"Commit Request", "result":"", "context":Item count: 3
Contributing types: Sessions, Device Info}
{"logTime": "1215/050604", "correlationVector":"H4o1OQyWSC1fKT5ke0Eipy.1","action":"SyncServerConnectionManagerRequest", "result":"SYNC_SERVER_OK", "context":{"environment":"Prod_southindia_prod-s01-004-apac-southindia", "migrationStage":"NotStarted", "server":"akswtt008000004"}}
{"logTime": "1215/050604", "correlationVector":"H4o1OQyWSC1fKT5ke0Eipy.2","action":"Commit Response", "result":"Success", "context":Result: Success. cV=H4o1OQyWSC1fKT5ke0Eipy.0;server=akswtt008000004;cloudType=Consumer;environment=Prod_southindia_prod-s01-004-apac-southindia;migrationStage=NotStarted}
{"logTime": "1215/050605", "correlationVector":"dMNEva/vnyZQfPt+bOIwxY","action":"SyncServerConnectionManagerRequest", "result":"SYNC_SERVER_OK", "context":{"environment":"", "migrationStage":"", "server":""}}
{"logTime": "1215/050605", "correlationVector":"","action":"DIAGNOSTIC_REQUEST|v1/diagnosticData/Diagnostic.SendCheckResult()|SUCCESS", "result":""}
{"logTime": "1215/050605", "correlationVector":"VOoez0s4u5KOQgi+ny39RD","action":"Commit Request", "result":"", "context":Item count: 2
Contributing types: Extensions}
{"logTime": "1215/050606", "correlationVector":"VOoez0s4u5KOQgi+ny39RD.1","action":"SyncServerConnectionManagerRequest", "result":"SYNC_SERVER_OK", "context":{"environment":"Prod_southindia_prod-s01-004-apac-southindia", "migrationStage":"NotStarted", "server":"akswtt00800002i"}}
{"logTime": "1215/050606", "correlationVector":"VOoez0s4u5KOQgi+ny39RD.2","action":"Commit Response", "result":"Success", "context":Result: Success. cV=VOoez0s4u5KOQgi+ny39RD.0;server=akswtt00800002i;cloudType=Consumer;environment=Prod_southindia_prod-s01-004-apac-southindia;migrationStage=NotStarted}
{"logTime": "1215/050606", "correlationVector":"rJnmDZ5Q4o36xzgDqV/715","action":"Commit Request", "result":"", "context":Item count: 1
Contributing types: Sessions}
{"logTime": "1215/050606", "correlationVector":"rJnmDZ5Q4o36xzgDqV/715.1","action":"SyncServerConnectionManagerRequest", "result":"SYNC_SERVER_OK", "context":{"environment":"Prod_southindia_prod-s01-004-apac-southindia", "migrationStage":"NotStarted", "server":"akswtt008000002"}}
{"logTime": "1215/050606", "correlationVector":"rJnmDZ5Q4o36xzgDqV/715.2","action":"Commit Response", "result":"Success", "context":Result: Success. cV=rJnmDZ5Q4o36xzgDqV/715.0;server=akswtt008000002;cloudType=Consumer;environment=Prod_southindia_prod-s01-004-apac-southindia;migrationStage=NotStarted}
{"logTime": "1215/050606", "correlationVector":"c+yIymSRm72MBuQyE6Y3Hx","action":"Poll GetUpdate request", "result":"", "context":cV=c+yIymSRm72MBuQyE6Y3Hx}
{"logTime": "1215/050607", "correlationVector":"c+yIymSRm72MBuQyE6Y3Hx.1","action":"SyncServerConnectionManagerRequest", "result":"SYNC_SERVER_OK", "context":{"environment":"Prod_southindia_prod-s01-004-apac-southindia", "migrationStage":"NotStarted", "server":"akswtt008000004"}}
{"logTime": "1215/050607", "correlationVector":"c+yIymSRm72MBuQyE6Y3Hx.2","action":"GetUpdates Response", "result":"Success", "context":Received 5 update(s). cV=c+yIymSRm72MBuQyE6Y3Hx.0;server=akswtt008000004;cloudType=Consumer;environment=Prod_southindia_prod-s01-004-apac-southindia;migrationStage=NotStarted}
{"logTime": "1215/050636", "correlationVector":"rZB5AuVTvmlfOFEF4VlE1P","action":"Commit Request", "result":"", "context":Item count: 3
Contributing types: Sessions}
{"logTime": "1215/050636", "correlationVector":"rZB5AuVTvmlfOFEF4VlE1P.1","action":"SyncServerConnectionManagerRequest", "result":"SYNC_SERVER_OK", "context":{"environment":"Prod_southindia_prod-s01-004-apac-southindia", "migrationStage":"NotStarted", "server":"akswtt00800002i"}}
{"logTime": "1215/050636", "correlationVector":"rZB5AuVTvmlfOFEF4VlE1P.2","action":"Commit Response", "result":"Success", "context":Result: Success. cV=rZB5AuVTvmlfOFEF4VlE1P.0;server=akswtt00800002i;cloudType=Consumer;environment=Prod_southindia_prod-s01-004-apac-southindia;migrationStage=NotStarted}
{"logTime": "1215/050704", "correlationVector":"CIgoOhAEm5bfFBY9+c+B5b","action":"Commit Request", "result":"", "context":Item count: 2
Contributing types: Preferences}
{"logTime": "1215/050705", "correlationVector":"CIgoOhAEm5bfFBY9+c+B5b.1","action":"SyncServerConnectionManagerRequest", "result":"SYNC_SERVER_OK", "context":{"environment":"Prod_southindia_prod-s01-004-apac-southindia", "migrationStage":"NotStarted", "server":"akswtt008000019"}}
{"logTime": "1215/050705", "correlationVector":"CIgoOhAEm5bfFBY9+c+B5b.2","action":"Commit Response", "result":"Success", "context":Result: Success. cV=CIgoOhAEm5bfFBY9+c+B5b.0;server=akswtt008000019;cloudType=Consumer;environment=Prod_southindia_prod-s01-004-apac-southindia;migrationStage=NotStarted}
{"logTime": "1215/050800", "correlationVector":"h23BRAJDAhY0bjabluSYaY","action":"Commit Request", "result":"", "context":Item count: 4
Contributing types: Sessions}
{"logTime": "1215/050801", "correlationVector":"h23BRAJDAhY0bjabluSYaY.1","action":"SyncServerConnectionManagerRequest", "result":"SYNC_SERVER_OK", "context":{"environment":"Prod_southindia_prod-s01-004-apac-southindia", "migrationStage":"NotStarted", "server":"akswtt00800002i"}}
{"logTime": "1215/050801", "correlationVector":"h23BRAJDAhY0bjabluSYaY.3","action":"Commit.Sessions", "result":"Success", "context":{"id":"19c04ab0-1da1-480c-9992-b5989807dc2d", "isDeleted":"true", "size":"0", "version":"1734239166992"}}
{"logTime": "1215/050801", "correlationVector":"h23BRAJDAhY0bjabluSYaY.2","action":"Commit Response", "result":"Success", "context":Result: Success. cV=h23BRAJDAhY0bjabluSYaY.0;server=akswtt00800002i;cloudType=Consumer;environment=Prod_southindia_prod-s01-004-apac-southindia;migrationStage=NotStarted}
{"logTime": "1215/051100", "correlationVector":"DQ0GiV9s/jeG0mQjKjxMQE","action":"Normal GetUpdate request", "result":"", "context":cV=DQ0GiV9s/jeG0mQjKjxMQE
Refresh requested types: Bookmarks, Preferences, Passwords, Autofill Profiles, Autofill, Typed URLs, Extensions, Sessions, Extension settings, History Delete Directives, Device Info, User Consents, Send Tab To Self, Web Apps, Saved Tab Group, Collection, Edge E Drop, Edge Hub App Usage, Edge Tab Group, Edge Wallet, Encryption Keys}
{"logTime": "1215/051101", "correlationVector":"DQ0GiV9s/jeG0mQjKjxMQE.1","action":"SyncServerConnectionManagerRequest", "result":"SYNC_SERVER_OK", "context":{"environment":"Prod_southindia_prod-s01-004-apac-southindia", "migrationStage":"NotStarted", "server":"akswtt00800000x"}}
{"logTime": "1215/051101", "correlationVector":"DQ0GiV9s/jeG0mQjKjxMQE.2","action":"GetUpdates", "result":"DeleteReceived", "context":{"id":"19c04ab0-1da1-480c-9992-b5989807dc2d", "isDeleted:":"true", "version":"1734239281390"}}
{"logTime": "1215/051101", "correlationVector":"DQ0GiV9s/jeG0mQjKjxMQE.3","action":"GetUpdates Response", "result":"Success", "context":Received 6 update(s). cV=DQ0GiV9s/jeG0mQjKjxMQE.0;server=akswtt00800000x;cloudType=Consumer;environment=Prod_southindia_prod-s01-004-apac-southindia;migrationStage=NotStarted}
{"logTime": "1215/053616", "correlationVector":"eCkFkKOxexlyIken0nkpbb","action":"Commit Request", "result":"", "context":Item count: 2
Contributing types: Sessions}
{"logTime": "1215/053617", "correlationVector":"eCkFkKOxexlyIken0nkpbb.1","action":"SyncServerConnectionManagerRequest", "result":"SYNC_SERVER_OK", "context":{"environment":"Prod_southindia_prod-s01-004-apac-southindia", "migrationStage":"NotStarted", "server":"akswtt00800002y"}}
{"logTime": "1215/053617", "correlationVector":"eCkFkKOxexlyIken0nkpbb.3","action":"Commit.Sessions", "result":"Success", "context":{"id":"b02f0d1c-2c99-4a2f-9574-2c120b4fabdb", "isDeleted":"true", "size":"0", "version":"1734239281388"}}
{"logTime": "1215/053617", "correlationVector":"eCkFkKOxexlyIken0nkpbb.2","action":"Commit Response", "result":"Success", "context":Result: Success. cV=eCkFkKOxexlyIken0nkpbb.0;server=akswtt00800002y;cloudType=Consumer;environment=Prod_southindia_prod-s01-004-apac-southindia;migrationStage=NotStarted}
{"logTime": "1217/021603", "correlationVector":"Zvt4xfBPhjANsHihwCWsOR","action":"Normal GetUpdate request", "result":"", "context":cV=Zvt4xfBPhjANsHihwCWsOR
Nudged types: Sessions, Device Info
Refresh requested types: Bookmarks, Preferences, Passwords, Autofill Profiles, Autofill, Typed URLs, Extensions, Sessions, Extension settings, History Delete Directives, Device Info, User Consents, Send Tab To Self, Web Apps, Saved Tab Group, Collection, Edge E Drop, Edge Hub App Usage, Edge Tab Group, Edge Wallet, Encryption Keys}
{"logTime": "1217/021604", "correlationVector":"Zvt4xfBPhjANsHihwCWsOR.1","action":"SyncServerConnectionManagerRequest", "result":"SYNC_SERVER_OK", "context":{"environment":"Prod_southindia_prod-s01-004-apac-southindia", "migrationStage":"NotStarted", "server":"akswtt00800001r"}}
{"logTime": "1217/021604", "correlationVector":"Zvt4xfBPhjANsHihwCWsOR.2","action":"GetUpdates", "result":"DeleteReceived", "context":{"id":"b02f0d1c-2c99-4a2f-9574-2c120b4fabdb", "isDeleted:":"true", "version":"1734240977057"}}
{"logTime": "1217/021604", "correlationVector":"Zvt4xfBPhjANsHihwCWsOR.3","action":"GetUpdates Response", "result":"Success", "context":Received 2 update(s). cV=Zvt4xfBPhjANsHihwCWsOR.0;server=akswtt00800001r;cloudType=Consumer;environment=Prod_southindia_prod-s01-004-apac-southindia;migrationStage=NotStarted}
{"logTime": "1217/021604", "correlationVector":"wag3id10WkUXue2XNIC6bh","action":"Commit Request", "result":"", "context":Item count: 3
Contributing types: Sessions, Device Info}
{"logTime": "1217/021605", "correlationVector":"wag3id10WkUXue2XNIC6bh.1","action":"SyncServerConnectionManagerRequest", "result":"SYNC_SERVER_OK", "context":{"environment":"Prod_southindia_prod-s01-004-apac-southindia", "migrationStage":"NotStarted", "server":"akswtt00800000p"}}
{"logTime": "1217/021605", "correlationVector":"wag3id10WkUXue2XNIC6bh.2","action":"Commit Response", "result":"Success", "context":Result: Success. cV=wag3id10WkUXue2XNIC6bh.0;server=akswtt00800000p;cloudType=Consumer;environment=Prod_southindia_prod-s01-004-apac-southindia;migrationStage=NotStarted}
{"logTime": "1217/021606", "correlationVector":"kDUJg8mxMPlYlvlU04LgfO","action":"SyncServerConnectionManagerRequest", "result":"SYNC_SERVER_OK", "context":{"environment":"", "migrationStage":"", "server":""}}
{"logTime": "1217/021606", "correlationVector":"e4dZmKLan1REernTSda3s7","action":"Poll GetUpdate request", "result":"", "context":cV=e4dZmKLan1REernTSda3s7}
{"logTime": "1217/021607", "correlationVector":"e4dZmKLan1REernTSda3s7.1","action":"SyncServerConnectionManagerRequest", "result":"SYNC_SERVER_OK", "context":{"environment":"Prod_southindia_prod-s01-004-apac-southindia", "migrationStage":"NotStarted", "server":"akswtt008000012"}}
{"logTime": "1217/021607", "correlationVector":"e4dZmKLan1REernTSda3s7.2","action":"GetUpdates Response", "result":"Success", "context":Received 3 update(s). cV=e4dZmKLan1REernTSda3s7.0;server=akswtt008000012;cloudType=Consumer;environment=Prod_southindia_prod-s01-004-apac-southindia;migrationStage=NotStarted}
{"logTime": "1217/021728", "correlationVector":"YkOi3CD/BkQhCEAJc8jvwT","action":"Commit Request", "result":"", "context":Item count: 3
Contributing types: Sessions}
{"logTime": "1217/021728", "correlationVector":"YkOi3CD/BkQhCEAJc8jvwT.1","action":"SyncServerConnectionManagerRequest", "result":"SYNC_SERVER_OK", "context":{"environment":"Prod_southindia_prod-s01-004-apac-southindia", "migrationStage":"NotStarted", "server":"akswtt008000026"}}
{"logTime": "1217/021728", "correlationVector":"YkOi3CD/BkQhCEAJc8jvwT.2","action":"Commit Response", "result":"Success", "context":Result: Success. cV=YkOi3CD/BkQhCEAJc8jvwT.0;server=akswtt008000026;cloudType=Consumer;environment=Prod_southindia_prod-s01-004-apac-southindia;migrationStage=NotStarted}
{"logTime": "1217/021809", "correlationVector":"196gZ2aFgN4TLnv/fH12n4","action":"Commit Request", "result":"", "context":Item count: 1
Contributing types: Sessions}
{"logTime": "1217/021809", "correlationVector":"196gZ2aFgN4TLnv/fH12n4.1","action":"SyncServerConnectionManagerRequest", "result":"SYNC_SERVER_OK", "context":{"environment":"Prod_southindia_prod-s01-004-apac-southindia", "migrationStage":"NotStarted", "server":"akswtt008000028"}}
{"logTime": "1217/021809", "correlationVector":"196gZ2aFgN4TLnv/fH12n4.2","action":"Commit Response", "result":"Success", "context":Result: Success. cV=196gZ2aFgN4TLnv/fH12n4.0;server=akswtt008000028;cloudType=Consumer;environment=Prod_southindia_prod-s01-004-apac-southindia;migrationStage=NotStarted}
{"logTime": "1217/021854", "correlationVector":"mbB+jKsn4fmeWPXEXarX3+","action":"Commit Request", "result":"", "context":Item count: 1
Contributing types: Sessions}
{"logTime": "1217/021855", "correlationVector":"mbB+jKsn4fmeWPXEXarX3+.1","action":"SyncServerConnectionManagerRequest", "result":"SYNC_SERVER_OK", "context":{"environment":"Prod_southindia_prod-s01-004-apac-southindia", "migrationStage":"NotStarted", "server":"akswtt008000028"}}
{"logTime": "1217/021855", "correlationVector":"mbB+jKsn4fmeWPXEXarX3+.2","action":"Commit Response", "result":"Success", "context":Result: Success. cV=mbB+jKsn4fmeWPXEXarX3+.0;server=akswtt008000028;cloudType=Consumer;environment=Prod_southindia_prod-s01-004-apac-southindia;migrationStage=NotStarted}
{"logTime": "1217/021927", "correlationVector":"irhE/31uyQN6r4jPtvQ60m","action":"Commit Request", "result":"", "context":Item count: 1
Contributing types: Sessions}
{"logTime": "1217/021927", "correlationVector":"irhE/31uyQN6r4jPtvQ60m.1","action":"SyncServerConnectionManagerRequest", "result":"SYNC_SERVER_OK", "context":{"environment":"Prod_southindia_prod-s01-004-apac-southindia", "migrationStage":"NotStarted", "server":"akswtt008000012"}}
{"logTime": "1217/021927", "correlationVector":"irhE/31uyQN6r4jPtvQ60m.2","action":"Commit Response", "result":"Success", "context":Result: Success. cV=irhE/31uyQN6r4jPtvQ60m.0;server=akswtt008000012;cloudType=Consumer;environment=Prod_southindia_prod-s01-004-apac-southindia;migrationStage=NotStarted}
{"logTime": "1217/022103", "correlationVector":"NveFrzq+XH6gWtOZYGo3r6","action":"Normal GetUpdate request", "result":"", "context":cV=NveFrzq+XH6gWtOZYGo3r6
Refresh requested types: Bookmarks, Preferences, Passwords, Autofill Profiles, Autofill, Typed URLs, Extensions, Sessions, Extension settings, History Delete Directives, Device Info, User Consents, Send Tab To Self, Web Apps, Saved Tab Group, Collection, Edge E Drop, Edge Hub App Usage, Edge Tab Group, Edge Wallet, Encryption Keys}
{"logTime": "1217/022104", "correlationVector":"NveFrzq+XH6gWtOZYGo3r6.1","action":"SyncServerConnectionManagerRequest", "result":"SYNC_SERVER_OK", "context":{"environment":"Prod_southindia_prod-s01-004-apac-southindia", "migrationStage":"NotStarted", "server":"akswtt008000028"}}
{"logTime": "1217/022104", "correlationVector":"NveFrzq+XH6gWtOZYGo3r6.2","action":"GetUpdates Response", "result":"Success", "context":Received 3 update(s). cV=NveFrzq+XH6gWtOZYGo3r6.0;server=akswtt008000028;cloudType=Consumer;environment=Prod_southindia_prod-s01-004-apac-southindia;migrationStage=NotStarted}
{"logTime": "1218/073650", "correlationVector":"5FTzJGlbAT292UyKzMC1rl","action":"Normal GetUpdate request", "result":"", "context":cV=5FTzJGlbAT292UyKzMC1rl
Nudged types: Sessions, Device Info
Refresh requested types: Bookmarks, Preferences, Passwords, Autofill Profiles, Autofill, Typed URLs, Extensions, Sessions, Extension settings, History Delete Directives, Device Info, User Consents, Send Tab To Self, Web Apps, Saved Tab Group, Collection, Edge E Drop, Edge Hub App Usage, Edge Tab Group, Edge Wallet, Encryption Keys}
{"logTime": "1218/073652", "correlationVector":"5FTzJGlbAT292UyKzMC1rl.1","action":"SyncServerConnectionManagerRequest", "result":"SYNC_SERVER_OK", "context":{"environment":"Prod_southindia_prod-s01-004-apac-southindia", "migrationStage":"NotStarted", "server":"akswtt008000011"}}
{"logTime": "1218/073652", "correlationVector":"5FTzJGlbAT292UyKzMC1rl.2","action":"GetUpdates Response", "result":"Success", "context":Received 0 update(s). cV=5FTzJGlbAT292UyKzMC1rl.0;server=akswtt008000011;cloudType=Consumer;environment=Prod_southindia_prod-s01-004-apac-southindia;migrationStage=NotStarted}
{"logTime": "1218/073652", "correlationVector":"8pkC+Z9pjHZPeiJVmy7FXf","action":"Commit Request", "result":"", "context":Item count: 3
Contributing types: Sessions, Device Info}
{"logTime": "1218/073654", "correlationVector":"8pkC+Z9pjHZPeiJVmy7FXf.1","action":"SyncServerConnectionManagerRequest", "result":"SYNC_SERVER_OK", "context":{"environment":"Prod_southindia_prod-s01-004-apac-southindia", "migrationStage":"NotStarted", "server":"akswtt00800001d"}}
{"logTime": "1218/073654", "correlationVector":"8pkC+Z9pjHZPeiJVmy7FXf.2","action":"Commit Response", "result":"Success", "context":Result: Success. cV=8pkC+Z9pjHZPeiJVmy7FXf.0;server=akswtt00800001d;cloudType=Consumer;environment=Prod_southindia_prod-s01-004-apac-southindia;migrationStage=NotStarted}
{"logTime": "1218/073655", "correlationVector":"ibde9z9qGoYm6HWQS1BbWu","action":"SyncServerConnectionManagerRequest", "result":"SYNC_SERVER_OK", "context":{"environment":"", "migrationStage":"", "server":""}}
{"logTime": "1218/073655", "correlationVector":"Vmx9oW3OP9ZgwTp9gUD6WY","action":"Commit Request", "result":"", "context":Item count: 1
Contributing types: Sessions}
{"logTime": "1218/073655", "correlationVector":"Vmx9oW3OP9ZgwTp9gUD6WY.1","action":"SyncServerConnectionManagerRequest", "result":"SYNC_SERVER_OK", "context":{"environment":"Prod_southindia_prod-s01-004-apac-southindia", "migrationStage":"NotStarted", "server":"akswtt00800002y"}}
{"logTime": "1218/073655", "correlationVector":"Vmx9oW3OP9ZgwTp9gUD6WY.2","action":"Commit Response", "result":"Success", "context":Result: Success. cV=Vmx9oW3OP9ZgwTp9gUD6WY.0;server=akswtt00800002y;cloudType=Consumer;environment=Prod_southindia_prod-s01-004-apac-southindia;migrationStage=NotStarted}
{"logTime": "1218/073655", "correlationVector":"L3Wa14+2c45jtjKZxaPuyz","action":"Poll GetUpdate request", "result":"", "context":cV=L3Wa14+2c45jtjKZxaPuyz}
{"logTime": "1218/073655", "correlationVector":"L3Wa14+2c45jtjKZxaPuyz.1","action":"SyncServerConnectionManagerRequest", "result":"SYNC_SERVER_OK", "context":{"environment":"Prod_southindia_prod-s01-004-apac-southindia", "migrationStage":"NotStarted", "server":"akswtt00800001d"}}
{"logTime": "1218/073655", "correlationVector":"L3Wa14+2c45jtjKZxaPuyz.2","action":"GetUpdates Response", "result":"Success", "context":Received 3 update(s). cV=L3Wa14+2c45jtjKZxaPuyz.0;server=akswtt00800001d;cloudType=Consumer;environment=Prod_southindia_prod-s01-004-apac-southindia;migrationStage=NotStarted}
{"logTime": "1218/073728", "correlationVector":"XXAi/6iXpAhWEvsfvGRa7i","action":"Commit Request", "result":"", "context":Item count: 1
Contributing types: Sessions}
{"logTime": "1218/073728", "correlationVector":"XXAi/6iXpAhWEvsfvGRa7i.1","action":"SyncServerConnectionManagerRequest", "result":"SYNC_SERVER_OK", "context":{"environment":"Prod_southindia_prod-s01-004-apac-southindia", "migrationStage":"NotStarted", "server":"akswtt00800002y"}}
{"logTime": "1218/073728", "correlationVector":"XXAi/6iXpAhWEvsfvGRa7i.2","action":"Commit Response", "result":"Success", "context":Result: Success. cV=XXAi/6iXpAhWEvsfvGRa7i.0;server=akswtt00800002y;cloudType=Consumer;environment=Prod_southindia_prod-s01-004-apac-southindia;migrationStage=NotStarted}
{"logTime": "1218/073828", "correlationVector":"NvT2KRSiUmiamabdRlLJRQ","action":"Commit Request", "result":"", "context":Item count: 1
Contributing types: Sessions}
{"logTime": "1218/073828", "correlationVector":"NvT2KRSiUmiamabdRlLJRQ.1","action":"SyncServerConnectionManagerRequest", "result":"SYNC_SERVER_OK", "context":{"environment":"Prod_southindia_prod-s01-004-apac-southindia", "migrationStage":"NotStarted", "server":"akswtt00800002a"}}
{"logTime": "1218/073828", "correlationVector":"NvT2KRSiUmiamabdRlLJRQ.2","action":"Commit Response", "result":"Success", "context":Result: Success. cV=NvT2KRSiUmiamabdRlLJRQ.0;server=akswtt00800002a;cloudType=Consumer;environment=Prod_southindia_prod-s01-004-apac-southindia;migrationStage=NotStarted}
{"logTime": "1218/074150", "correlationVector":"QpeVWIbL0fUc7/GCrM5uj4","action":"Normal GetUpdate request", "result":"", "context":cV=QpeVWIbL0fUc7/GCrM5uj4
Refresh requested types: Bookmarks, Preferences, Passwords, Autofill Profiles, Autofill, Typed URLs, Extensions, Sessions, Extension settings, History Delete Directives, Device Info, User Consents, Send Tab To Self, Web Apps, Saved Tab Group, Collection, Edge E Drop, Edge Hub App Usage, Edge Tab Group, Edge Wallet, Encryption Keys}
{"logTime": "1218/074151", "correlationVector":"QpeVWIbL0fUc7/GCrM5uj4.1","action":"SyncServerConnectionManagerRequest", "result":"SYNC_SERVER_OK", "context":{"environment":"Prod_southindia_prod-s01-004-apac-southindia", "migrationStage":"NotStarted", "server":"akswtt00800000w"}}
{"logTime": "1218/074151", "correlationVector":"QpeVWIbL0fUc7/GCrM5uj4.2","action":"GetUpdates Response", "result":"Success", "context":Received 1 update(s). cV=QpeVWIbL0fUc7/GCrM5uj4.0;server=akswtt00800000w;cloudType=Consumer;environment=Prod_southindia_prod-s01-004-apac-southindia;migrationStage=NotStarted}
