2025-01-06 04:50:00.212 [warning] Via 'product.json#extensionEnabledApiProposals' extension 'ms-vscode.vscode-selfhost-test-provider' wants API proposal 'attributableCoverage' but that proposal DOES NOT EXIST. Likely, the proposal has been finalized (check 'vscode.d.ts') or was abandoned.
2025-01-06 04:50:00.213 [warning] Via 'product.json#extensionEnabledApiProposals' extension 'ms-python.python' wants API proposal 'contribIssueReporter' but that proposal DOES NOT EXIST. Likely, the proposal has been finalized (check 'vscode.d.ts') or was abandoned.
2025-01-06 04:50:00.213 [warning] Via 'product.json#extensionEnabledApiProposals' extension 'ms-python.debugpy' wants API proposal 'contribIssueReporter' but that proposal DOES NOT EXIST. Likely, the proposal has been finalized (check 'vscode.d.ts') or was abandoned.
2025-01-06 04:50:00.451 [info] Started local extension host with pid 603786.
2025-01-06 04:50:01.076 [warning] Authentication provider github was not declared in the Extension Manifest.
2025-01-06 04:50:01.825 [info] Invoking resolveAuthority(codespaces)...
2025-01-06 04:50:01.825 [info] [LocalProcess0][resolveAuthority(codespaces,1)][0ms] obtaining proxy...
2025-01-06 04:50:01.826 [info] [LocalProcess0][resolveAuthority(codespaces,1)][0ms] invoking...
2025-01-06 04:50:02.826 [info] [LocalProcess0][resolveAuthority(codespaces,1)][1001ms] waiting...
2025-01-06 04:50:03.826 [info] [LocalProcess0][resolveAuthority(codespaces,1)][2001ms] waiting...
2025-01-06 04:50:04.826 [info] [LocalProcess0][resolveAuthority(codespaces,1)][3001ms] waiting...
2025-01-06 04:50:05.826 [info] [LocalProcess0][resolveAuthority(codespaces,1)][4001ms] waiting...
2025-01-06 04:50:06.827 [info] [LocalProcess0][resolveAuthority(codespaces,1)][5002ms] waiting...
2025-01-06 04:50:07.768 [info] [LocalProcess0][resolveAuthority(codespaces,1)][5943ms] returned WebSocket(127.0.0.1:41045)
2025-01-06 04:50:07.768 [info] resolveAuthority(codespaces) returned 'WebSocket(127.0.0.1:41045)' after 5943 ms
2025-01-06 04:50:07.770 [info] Creating a socket (renderer-Management-2b667e2c-2656-4a5f-8189-8b7b84cf9c08)...
2025-01-06 04:50:07.770 [info] Creating a socket (renderer-ExtensionHost-7043dc1a-e100-4501-83b4-f976a3e347c3)...
2025-01-06 04:50:07.881 [info] Creating a socket (renderer-Management-2b667e2c-2656-4a5f-8189-8b7b84cf9c08) was successful after 111 ms.
2025-01-06 04:50:07.970 [info] Creating a socket (renderer-ExtensionHost-7043dc1a-e100-4501-83b4-f976a3e347c3) was successful after 200 ms.
2025-01-06 04:50:08.854 [error] [text file model] handleSaveError(0) - exit - resulted in a save error: Error: Unable to write file 'vscode-remote://codespaces+reimagined-guide-r44jgjgpvr472xp9x/workspaces/158309813/credit/credit.c' (Error: File Modified Since) vscode-remote://codespaces%2Breimagined-guide-r44jgjgpvr472xp9x/workspaces/158309813/credit/credit.c
2025-01-06 04:50:09.031 [error] Extension 'ms-vscode.cpptools' wants API proposal 'lmTools' but that proposal DOES NOT EXIST. Likely, the proposal has been finalized (check 'vscode.d.ts') or was abandoned.
2025-01-06 04:50:09.303 [info] Settings Sync: Account status changed from uninitialized to unavailable
2025-01-06 04:50:09.833 [info] [perf] Render performance baseline is 19ms
2025-01-06 04:50:09.866 [warning] Error getting latest version of the extension cs50.phpliteadmin 404
2025-01-06 04:50:09.884 [warning] Error getting latest version of the extension cs50.design50 404
2025-01-06 04:50:09.886 [warning] Error getting latest version of the extension cs50.style50 404
2025-01-06 04:50:09.907 [warning] Error getting latest version of the extension cs50.cs50 404
2025-01-06 04:50:09.911 [warning] Error getting latest version of the extension cs50.explain50 404
2025-01-06 04:50:13.923 [error] [Extension Host] (node:10311) [DEP0005] DeprecationWarning: Buffer() is deprecated due to security and usability issues. Please use the Buffer.alloc(), Buffer.allocUnsafe(), or Buffer.from() methods instead.
(Use `node --trace-deprecation ...` to show where the warning was created)
2025-01-06 04:52:47.070 [error] [text file model] handleSaveError(0) - exit - resulted in a save error: Error: Unable to write file 'vscode-remote://codespaces+reimagined-guide-r44jgjgpvr472xp9x/workspaces/158309813/credit/credit.c' (Error: File Modified Since) vscode-remote://codespaces%2Breimagined-guide-r44jgjgpvr472xp9x/workspaces/158309813/credit/credit.c
2025-01-06 05:31:26.054 [info] [remote-connection][ExtensionHost][7043d…][reconnect] received socket close event (wasClean: false, code: 1006, reason: ).
2025-01-06 05:31:26.054 [error] {"isTrusted":true}
2025-01-06 05:31:26.054 [info] [remote-connection][ExtensionHost][7043d…][reconnect] starting reconnecting loop. You can get more information with the trace log level.
2025-01-06 05:31:26.054 [info] [remote-connection][ExtensionHost][7043d…][reconnect] resolving connection...
2025-01-06 05:31:26.055 [info] [remote-connection][ExtensionHost][7043d…][reconnect] connecting to WebSocket(127.0.0.1:41045)...
2025-01-06 05:31:26.055 [info] Creating a socket (renderer-ExtensionHost-7043dc1a-e100-4501-83b4-f976a3e347c3)...
2025-01-06 05:31:26.055 [info] [remote-connection][Management   ][2b667…][reconnect] received socket close event (wasClean: false, code: 1006, reason: ).
2025-01-06 05:31:26.055 [error] {"isTrusted":true}
2025-01-06 05:31:26.055 [info] [remote-connection][Management   ][2b667…][reconnect] starting reconnecting loop. You can get more information with the trace log level.
2025-01-06 05:31:26.055 [info] [remote-connection][Management   ][2b667…][reconnect] resolving connection...
2025-01-06 05:31:26.056 [info] Invoking resolveAuthority(codespaces)...
2025-01-06 05:31:26.056 [info] [LocalProcess0][resolveAuthority(codespaces,2)][0ms] obtaining proxy...
2025-01-06 05:31:26.056 [info] [LocalProcess0][resolveAuthority(codespaces,2)][0ms] invoking...
2025-01-06 05:31:26.075 [info] Creating a socket (renderer-ExtensionHost-7043dc1a-e100-4501-83b4-f976a3e347c3) returned an error after 17 ms.
2025-01-06 05:31:26.075 [error] CodeExpectedError: WebSocket close with status code 1006
    at WebSocket.<anonymous> (vscode-file://vscode-app/opt/visual-studio-code/resources/app/out/vs/workbench/workbench.desktop.main.js:3108:89902)
2025-01-06 05:31:26.075 [error] [remote-connection][ExtensionHost][7043d…][reconnect][WebSocket(127.0.0.1:41045)] socketFactory.connect() failed or timed out. Error:
2025-01-06 05:31:26.076 [error] CodeExpectedError: WebSocket close with status code 1006
    at WebSocket.<anonymous> (vscode-file://vscode-app/opt/visual-studio-code/resources/app/out/vs/workbench/workbench.desktop.main.js:3108:89902)
2025-01-06 05:31:26.076 [info] [remote-connection][ExtensionHost][7043d…][reconnect] A temporarily not available error occurred while trying to reconnect, will try again...
2025-01-06 05:31:26.076 [info] [remote-connection][ExtensionHost][7043d…][reconnect] waiting for 5 seconds before reconnecting...
2025-01-06 13:28:01.688 [info] [LocalProcess0][resolveAuthority(codespaces,2)][28595620ms] waiting...
2025-01-06 13:28:01.689 [info] Extension host (Remote) is unresponsive.
2025-01-06 13:28:01.803 [info] [LocalProcess0][resolveAuthority(codespaces,2)][28595744ms] waiting...
2025-01-06 13:28:02.801 [info] [LocalProcess0][resolveAuthority(codespaces,2)][28596744ms] waiting...
2025-01-06 13:28:03.801 [info] [LocalProcess0][resolveAuthority(codespaces,2)][28597744ms] waiting...
2025-01-06 13:28:04.801 [info] [LocalProcess0][resolveAuthority(codespaces,2)][28598744ms] waiting...
2025-01-06 13:28:04.817 [info] [remote-connection][ExtensionHost][7043d…][reconnect] resolving connection...
2025-01-06 13:28:05.801 [info] [LocalProcess0][resolveAuthority(codespaces,2)][28599744ms] waiting...
2025-01-06 13:28:06.801 [info] [LocalProcess0][resolveAuthority(codespaces,2)][28600744ms] waiting...
2025-01-06 13:28:07.801 [info] [LocalProcess0][resolveAuthority(codespaces,2)][28601744ms] waiting...
2025-01-06 13:28:08.801 [info] [LocalProcess0][resolveAuthority(codespaces,2)][28602744ms] waiting...
2025-01-06 13:28:09.801 [info] [LocalProcess0][resolveAuthority(codespaces,2)][28603744ms] waiting...
2025-01-06 13:28:10.801 [info] [LocalProcess0][resolveAuthority(codespaces,2)][28604744ms] waiting...
2025-01-06 13:28:11.801 [info] [LocalProcess0][resolveAuthority(codespaces,2)][28605744ms] waiting...
2025-01-06 13:28:12.801 [info] [LocalProcess0][resolveAuthority(codespaces,2)][28606744ms] waiting...
2025-01-06 13:28:13.801 [info] [LocalProcess0][resolveAuthority(codespaces,2)][28607744ms] waiting...
2025-01-06 13:28:14.801 [info] [LocalProcess0][resolveAuthority(codespaces,2)][28608744ms] waiting...
2025-01-06 13:28:15.801 [info] [LocalProcess0][resolveAuthority(codespaces,2)][28609744ms] waiting...
2025-01-06 13:28:16.801 [info] [LocalProcess0][resolveAuthority(codespaces,2)][28610744ms] waiting...
2025-01-06 13:28:17.801 [info] [LocalProcess0][resolveAuthority(codespaces,2)][28611744ms] waiting...
2025-01-06 13:28:18.801 [info] [LocalProcess0][resolveAuthority(codespaces,2)][28612744ms] waiting...
2025-01-06 13:28:19.801 [info] [LocalProcess0][resolveAuthority(codespaces,2)][28613744ms] waiting...
2025-01-06 13:28:19.818 [info] [remote-connection][ExtensionHost][7043d…][reconnect] received socket timeout event (unacknowledgedMsgCount: 6, timeSinceOldestUnacknowledgedMsg: 28613745, timeSinceLastReceivedSomeData: 28615722).
2025-01-06 13:28:20.801 [info] [LocalProcess0][resolveAuthority(codespaces,2)][28614744ms] waiting...
2025-01-06 13:28:21.801 [info] [LocalProcess0][resolveAuthority(codespaces,2)][28615744ms] waiting...
2025-01-06 13:28:22.801 [info] [LocalProcess0][resolveAuthority(codespaces,2)][28616744ms] waiting...
2025-01-06 13:28:23.801 [info] [LocalProcess0][resolveAuthority(codespaces,2)][28617744ms] waiting...
2025-01-06 13:28:24.801 [info] [LocalProcess0][resolveAuthority(codespaces,2)][28618744ms] waiting...
2025-01-06 13:28:25.801 [info] [LocalProcess0][resolveAuthority(codespaces,2)][28619744ms] waiting...
2025-01-06 13:28:26.801 [info] [LocalProcess0][resolveAuthority(codespaces,2)][28620744ms] waiting...
2025-01-06 13:28:27.801 [info] [LocalProcess0][resolveAuthority(codespaces,2)][28621744ms] waiting...
2025-01-06 13:28:28.801 [info] [LocalProcess0][resolveAuthority(codespaces,2)][28622744ms] waiting...
2025-01-06 13:28:29.801 [info] [LocalProcess0][resolveAuthority(codespaces,2)][28623744ms] waiting...
2025-01-06 13:28:30.801 [info] [LocalProcess0][resolveAuthority(codespaces,2)][28624744ms] waiting...
2025-01-06 13:28:31.801 [info] [LocalProcess0][resolveAuthority(codespaces,2)][28625744ms] waiting...
2025-01-06 13:28:32.801 [info] [LocalProcess0][resolveAuthority(codespaces,2)][28626744ms] waiting...
2025-01-06 13:28:33.801 [info] [LocalProcess0][resolveAuthority(codespaces,2)][28627744ms] waiting...
2025-01-06 13:28:34.801 [info] [LocalProcess0][resolveAuthority(codespaces,2)][28628744ms] waiting...
2025-01-06 13:28:35.801 [info] [LocalProcess0][resolveAuthority(codespaces,2)][28629744ms] waiting...
2025-01-06 13:28:36.801 [info] [LocalProcess0][resolveAuthority(codespaces,2)][28630744ms] waiting...
2025-01-06 13:28:37.801 [info] [LocalProcess0][resolveAuthority(codespaces,2)][28631744ms] waiting...
2025-01-06 13:28:38.801 [info] [LocalProcess0][resolveAuthority(codespaces,2)][28632744ms] waiting...
2025-01-06 13:28:39.801 [info] [LocalProcess0][resolveAuthority(codespaces,2)][28633744ms] waiting...
2025-01-06 13:28:40.801 [info] [LocalProcess0][resolveAuthority(codespaces,2)][28634744ms] waiting...
2025-01-06 13:28:41.800 [info] [LocalProcess0][resolveAuthority(codespaces,2)][28635744ms] waiting...
2025-01-06 13:28:42.801 [info] [LocalProcess0][resolveAuthority(codespaces,2)][28636744ms] waiting...
2025-01-06 13:28:43.801 [info] [LocalProcess0][resolveAuthority(codespaces,2)][28637744ms] waiting...
2025-01-06 13:28:44.801 [info] [LocalProcess0][resolveAuthority(codespaces,2)][28638744ms] waiting...
2025-01-06 13:28:45.801 [info] [LocalProcess0][resolveAuthority(codespaces,2)][28639744ms] waiting...
2025-01-06 13:28:46.801 [info] [LocalProcess0][resolveAuthority(codespaces,2)][28640744ms] waiting...
2025-01-06 13:28:47.801 [info] [LocalProcess0][resolveAuthority(codespaces,2)][28641744ms] waiting...
2025-01-06 13:28:48.801 [info] [LocalProcess0][resolveAuthority(codespaces,2)][28642744ms] waiting...
2025-01-06 13:28:49.801 [info] [LocalProcess0][resolveAuthority(codespaces,2)][28643744ms] waiting...
2025-01-06 13:28:50.801 [info] [LocalProcess0][resolveAuthority(codespaces,2)][28644744ms] waiting...
2025-01-06 13:28:51.801 [info] [LocalProcess0][resolveAuthority(codespaces,2)][28645744ms] waiting...
2025-01-06 13:28:52.801 [info] [LocalProcess0][resolveAuthority(codespaces,2)][28646744ms] waiting...
2025-01-06 13:28:53.801 [info] [LocalProcess0][resolveAuthority(codespaces,2)][28647744ms] waiting...
2025-01-06 13:28:54.801 [info] [LocalProcess0][resolveAuthority(codespaces,2)][28648744ms] waiting...
2025-01-06 13:28:55.801 [info] [LocalProcess0][resolveAuthority(codespaces,2)][28649744ms] waiting...
2025-01-06 13:28:56.801 [info] [LocalProcess0][resolveAuthority(codespaces,2)][28650744ms] waiting...
2025-01-06 13:28:57.801 [info] [LocalProcess0][resolveAuthority(codespaces,2)][28651744ms] waiting...
2025-01-06 13:28:58.801 [info] [LocalProcess0][resolveAuthority(codespaces,2)][28652744ms] waiting...
2025-01-06 13:28:59.801 [info] [LocalProcess0][resolveAuthority(codespaces,2)][28653744ms] waiting...
2025-01-06 13:29:00.801 [info] [LocalProcess0][resolveAuthority(codespaces,2)][28654744ms] waiting...
2025-01-06 13:29:01.801 [info] [LocalProcess0][resolveAuthority(codespaces,2)][28655744ms] waiting...
2025-01-06 13:29:02.801 [info] [LocalProcess0][resolveAuthority(codespaces,2)][28656744ms] waiting...
2025-01-06 13:29:03.801 [info] [LocalProcess0][resolveAuthority(codespaces,2)][28657744ms] waiting...
2025-01-06 13:29:04.801 [info] [LocalProcess0][resolveAuthority(codespaces,2)][28658744ms] waiting...
2025-01-06 13:29:05.801 [info] [LocalProcess0][resolveAuthority(codespaces,2)][28659744ms] waiting...
2025-01-06 13:29:06.801 [info] [LocalProcess0][resolveAuthority(codespaces,2)][28660744ms] waiting...
2025-01-06 13:29:07.801 [info] [LocalProcess0][resolveAuthority(codespaces,2)][28661744ms] waiting...
2025-01-06 13:29:08.801 [info] [LocalProcess0][resolveAuthority(codespaces,2)][28662744ms] waiting...
2025-01-06 13:29:09.801 [info] [LocalProcess0][resolveAuthority(codespaces,2)][28663744ms] waiting...
2025-01-06 13:29:10.801 [info] [LocalProcess0][resolveAuthority(codespaces,2)][28664744ms] waiting...
2025-01-06 13:29:11.801 [info] [LocalProcess0][resolveAuthority(codespaces,2)][28665744ms] waiting...
2025-01-06 13:29:12.801 [info] [LocalProcess0][resolveAuthority(codespaces,2)][28666744ms] waiting...
2025-01-06 13:29:13.801 [info] [LocalProcess0][resolveAuthority(codespaces,2)][28667744ms] waiting...
2025-01-06 13:29:14.801 [info] [LocalProcess0][resolveAuthority(codespaces,2)][28668744ms] waiting...
2025-01-06 13:29:15.801 [info] [LocalProcess0][resolveAuthority(codespaces,2)][28669744ms] waiting...
2025-01-06 13:29:16.801 [info] [LocalProcess0][resolveAuthority(codespaces,2)][28670744ms] waiting...
2025-01-06 13:29:17.801 [info] [LocalProcess0][resolveAuthority(codespaces,2)][28671744ms] waiting...
2025-01-06 13:29:18.801 [info] [LocalProcess0][resolveAuthority(codespaces,2)][28672744ms] waiting...
2025-01-06 13:29:19.801 [info] [LocalProcess0][resolveAuthority(codespaces,2)][28673744ms] waiting...
2025-01-06 13:29:20.801 [info] [LocalProcess0][resolveAuthority(codespaces,2)][28674744ms] waiting...
2025-01-06 13:29:21.800 [info] [LocalProcess0][resolveAuthority(codespaces,2)][28675744ms] waiting...
2025-01-06 13:29:22.801 [info] [LocalProcess0][resolveAuthority(codespaces,2)][28676744ms] waiting...
2025-01-06 13:29:23.800 [info] [LocalProcess0][resolveAuthority(codespaces,2)][28677744ms] waiting...
2025-01-06 13:29:24.801 [info] [LocalProcess0][resolveAuthority(codespaces,2)][28678744ms] waiting...
2025-01-06 13:29:25.800 [info] [LocalProcess0][resolveAuthority(codespaces,2)][28679744ms] waiting...
2025-01-06 13:29:26.801 [info] [LocalProcess0][resolveAuthority(codespaces,2)][28680744ms] waiting...
2025-01-06 13:29:27.800 [info] [LocalProcess0][resolveAuthority(codespaces,2)][28681744ms] waiting...
2025-01-06 13:29:28.801 [info] [LocalProcess0][resolveAuthority(codespaces,2)][28682744ms] waiting...
2025-01-06 13:29:29.800 [info] [LocalProcess0][resolveAuthority(codespaces,2)][28683744ms] waiting...
2025-01-06 13:29:30.801 [info] [LocalProcess0][resolveAuthority(codespaces,2)][28684744ms] waiting...
2025-01-06 13:29:31.800 [info] [LocalProcess0][resolveAuthority(codespaces,2)][28685744ms] waiting...
2025-01-06 13:29:32.801 [info] [LocalProcess0][resolveAuthority(codespaces,2)][28686744ms] waiting...
2025-01-06 13:29:33.801 [info] [LocalProcess0][resolveAuthority(codespaces,2)][28687744ms] waiting...
2025-01-06 13:29:34.801 [info] [LocalProcess0][resolveAuthority(codespaces,2)][28688744ms] waiting...
2025-01-06 13:29:35.800 [info] [LocalProcess0][resolveAuthority(codespaces,2)][28689744ms] waiting...
2025-01-06 13:29:36.801 [info] [LocalProcess0][resolveAuthority(codespaces,2)][28690744ms] waiting...
2025-01-06 13:29:37.800 [info] [LocalProcess0][resolveAuthority(codespaces,2)][28691744ms] waiting...
2025-01-06 13:29:38.801 [info] [LocalProcess0][resolveAuthority(codespaces,2)][28692744ms] waiting...
2025-01-06 13:29:39.800 [info] [LocalProcess0][resolveAuthority(codespaces,2)][28693744ms] waiting...
2025-01-06 13:29:40.801 [info] [LocalProcess0][resolveAuthority(codespaces,2)][28694744ms] waiting...
2025-01-06 13:29:41.800 [info] [LocalProcess0][resolveAuthority(codespaces,2)][28695744ms] waiting...
2025-01-06 13:29:42.801 [info] [LocalProcess0][resolveAuthority(codespaces,2)][28696744ms] waiting...
2025-01-06 13:29:43.800 [info] [LocalProcess0][resolveAuthority(codespaces,2)][28697744ms] waiting...
2025-01-06 13:29:44.801 [info] [LocalProcess0][resolveAuthority(codespaces,2)][28698744ms] waiting...
2025-01-06 13:29:45.800 [info] [LocalProcess0][resolveAuthority(codespaces,2)][28699744ms] waiting...
2025-01-06 13:29:46.801 [info] [LocalProcess0][resolveAuthority(codespaces,2)][28700744ms] waiting...
2025-01-06 13:29:47.800 [info] [LocalProcess0][resolveAuthority(codespaces,2)][28701744ms] waiting...
2025-01-06 13:29:48.801 [info] [LocalProcess0][resolveAuthority(codespaces,2)][28702744ms] waiting...
2025-01-06 13:29:49.800 [info] [LocalProcess0][resolveAuthority(codespaces,2)][28703744ms] waiting...
2025-01-06 13:29:50.801 [info] [LocalProcess0][resolveAuthority(codespaces,2)][28704744ms] waiting...
2025-01-06 13:29:51.801 [info] [LocalProcess0][resolveAuthority(codespaces,2)][28705744ms] waiting...
2025-01-06 13:29:52.801 [info] [LocalProcess0][resolveAuthority(codespaces,2)][28706744ms] waiting...
2025-01-06 13:29:53.801 [info] [LocalProcess0][resolveAuthority(codespaces,2)][28707744ms] waiting...
2025-01-06 13:29:54.801 [info] [LocalProcess0][resolveAuthority(codespaces,2)][28708744ms] waiting...
2025-01-06 13:29:55.800 [info] [LocalProcess0][resolveAuthority(codespaces,2)][28709744ms] waiting...
2025-01-06 13:29:56.801 [info] [LocalProcess0][resolveAuthority(codespaces,2)][28710744ms] waiting...
2025-01-06 13:29:57.800 [info] [LocalProcess0][resolveAuthority(codespaces,2)][28711744ms] waiting...
2025-01-06 13:29:58.801 [info] [LocalProcess0][resolveAuthority(codespaces,2)][28712744ms] waiting...
2025-01-06 13:29:59.800 [info] [LocalProcess0][resolveAuthority(codespaces,2)][28713744ms] waiting...
2025-01-06 13:30:00.801 [info] [LocalProcess0][resolveAuthority(codespaces,2)][28714744ms] waiting...
2025-01-06 13:30:01.800 [info] [LocalProcess0][resolveAuthority(codespaces,2)][28715744ms] waiting...
2025-01-06 13:30:02.801 [info] [LocalProcess0][resolveAuthority(codespaces,2)][28716744ms] waiting...
2025-01-06 13:30:03.800 [info] [LocalProcess0][resolveAuthority(codespaces,2)][28717744ms] waiting...
2025-01-06 13:30:04.801 [info] [LocalProcess0][resolveAuthority(codespaces,2)][28718744ms] waiting...
2025-01-06 13:30:05.800 [info] [LocalProcess0][resolveAuthority(codespaces,2)][28719744ms] waiting...
2025-01-06 13:30:06.801 [info] [LocalProcess0][resolveAuthority(codespaces,2)][28720744ms] waiting...
2025-01-06 13:30:07.801 [info] [LocalProcess0][resolveAuthority(codespaces,2)][28721744ms] waiting...
2025-01-06 13:30:08.801 [info] [LocalProcess0][resolveAuthority(codespaces,2)][28722744ms] waiting...
2025-01-06 13:30:09.801 [info] [LocalProcess0][resolveAuthority(codespaces,2)][28723744ms] waiting...
2025-01-06 13:30:10.801 [info] [LocalProcess0][resolveAuthority(codespaces,2)][28724744ms] waiting...
2025-01-06 13:30:11.801 [info] [LocalProcess0][resolveAuthority(codespaces,2)][28725744ms] waiting...
2025-01-06 13:30:12.801 [info] [LocalProcess0][resolveAuthority(codespaces,2)][28726744ms] waiting...
2025-01-06 13:30:13.801 [info] [LocalProcess0][resolveAuthority(codespaces,2)][28727744ms] waiting...
2025-01-06 13:30:14.801 [info] [LocalProcess0][resolveAuthority(codespaces,2)][28728744ms] waiting...
2025-01-06 13:30:15.801 [info] [LocalProcess0][resolveAuthority(codespaces,2)][28729744ms] waiting...
2025-01-06 13:30:16.801 [info] [LocalProcess0][resolveAuthority(codespaces,2)][28730744ms] waiting...
2025-01-06 13:30:17.801 [info] [LocalProcess0][resolveAuthority(codespaces,2)][28731744ms] waiting...
2025-01-06 13:30:18.801 [info] [LocalProcess0][resolveAuthority(codespaces,2)][28732744ms] waiting...
2025-01-06 13:30:19.801 [info] [LocalProcess0][resolveAuthority(codespaces,2)][28733744ms] waiting...
2025-01-06 13:30:20.801 [info] [LocalProcess0][resolveAuthority(codespaces,2)][28734744ms] waiting...
2025-01-06 13:30:21.801 [info] [LocalProcess0][resolveAuthority(codespaces,2)][28735744ms] waiting...
2025-01-06 13:30:22.801 [info] [LocalProcess0][resolveAuthority(codespaces,2)][28736744ms] waiting...
2025-01-06 13:30:23.801 [info] [LocalProcess0][resolveAuthority(codespaces,2)][28737744ms] waiting...
2025-01-06 13:30:24.801 [info] [LocalProcess0][resolveAuthority(codespaces,2)][28738744ms] waiting...
2025-01-06 13:30:25.801 [info] [LocalProcess0][resolveAuthority(codespaces,2)][28739744ms] waiting...
2025-01-06 13:30:26.801 [info] [LocalProcess0][resolveAuthority(codespaces,2)][28740744ms] waiting...
2025-01-06 13:30:27.801 [info] [LocalProcess0][resolveAuthority(codespaces,2)][28741744ms] waiting...
2025-01-06 13:30:28.801 [info] [LocalProcess0][resolveAuthority(codespaces,2)][28742744ms] waiting...
2025-01-06 13:30:29.801 [info] [LocalProcess0][resolveAuthority(codespaces,2)][28743744ms] waiting...
2025-01-06 13:30:30.801 [info] [LocalProcess0][resolveAuthority(codespaces,2)][28744744ms] waiting...
2025-01-06 13:30:31.801 [info] [LocalProcess0][resolveAuthority(codespaces,2)][28745744ms] waiting...
2025-01-06 13:30:32.801 [info] [LocalProcess0][resolveAuthority(codespaces,2)][28746744ms] waiting...
2025-01-06 13:30:33.801 [info] [LocalProcess0][resolveAuthority(codespaces,2)][28747744ms] waiting...
2025-01-06 13:30:34.801 [info] [LocalProcess0][resolveAuthority(codespaces,2)][28748744ms] waiting...
2025-01-06 13:30:35.801 [info] [LocalProcess0][resolveAuthority(codespaces,2)][28749744ms] waiting...
2025-01-06 13:30:36.801 [info] [LocalProcess0][resolveAuthority(codespaces,2)][28750744ms] waiting...
2025-01-06 13:30:37.801 [info] [LocalProcess0][resolveAuthority(codespaces,2)][28751744ms] waiting...
2025-01-06 13:30:38.801 [info] [LocalProcess0][resolveAuthority(codespaces,2)][28752744ms] waiting...
2025-01-06 13:30:39.801 [info] [LocalProcess0][resolveAuthority(codespaces,2)][28753744ms] waiting...
2025-01-06 13:30:40.801 [info] [LocalProcess0][resolveAuthority(codespaces,2)][28754744ms] waiting...
2025-01-06 13:30:41.801 [info] [LocalProcess0][resolveAuthority(codespaces,2)][28755744ms] waiting...
2025-01-06 13:30:42.801 [info] [LocalProcess0][resolveAuthority(codespaces,2)][28756744ms] waiting...
2025-01-06 13:30:43.801 [info] [LocalProcess0][resolveAuthority(codespaces,2)][28757744ms] waiting...
2025-01-06 13:30:44.801 [info] [LocalProcess0][resolveAuthority(codespaces,2)][28758744ms] waiting...
2025-01-06 13:30:45.801 [info] [LocalProcess0][resolveAuthority(codespaces,2)][28759744ms] waiting...
2025-01-06 13:30:46.801 [info] [LocalProcess0][resolveAuthority(codespaces,2)][28760744ms] waiting...
2025-01-06 13:30:47.801 [info] [LocalProcess0][resolveAuthority(codespaces,2)][28761744ms] waiting...
2025-01-06 13:30:48.801 [info] [LocalProcess0][resolveAuthority(codespaces,2)][28762744ms] waiting...
2025-01-06 13:30:49.801 [info] [LocalProcess0][resolveAuthority(codespaces,2)][28763744ms] waiting...
2025-01-06 13:30:50.801 [info] [LocalProcess0][resolveAuthority(codespaces,2)][28764744ms] waiting...
2025-01-06 13:30:51.801 [info] [LocalProcess0][resolveAuthority(codespaces,2)][28765744ms] waiting...
2025-01-06 13:30:52.801 [info] [LocalProcess0][resolveAuthority(codespaces,2)][28766744ms] waiting...
2025-01-06 13:30:53.801 [info] [LocalProcess0][resolveAuthority(codespaces,2)][28767744ms] waiting...
2025-01-06 13:30:54.801 [info] [LocalProcess0][resolveAuthority(codespaces,2)][28768744ms] waiting...
2025-01-06 13:30:55.801 [info] [LocalProcess0][resolveAuthority(codespaces,2)][28769744ms] waiting...
2025-01-06 13:30:56.801 [info] [LocalProcess0][resolveAuthority(codespaces,2)][28770744ms] waiting...
2025-01-06 13:30:57.801 [info] [LocalProcess0][resolveAuthority(codespaces,2)][28771744ms] waiting...
2025-01-06 13:30:58.801 [info] [LocalProcess0][resolveAuthority(codespaces,2)][28772744ms] waiting...
2025-01-06 13:30:59.801 [info] [LocalProcess0][resolveAuthority(codespaces,2)][28773744ms] waiting...
2025-01-06 13:31:00.801 [info] [LocalProcess0][resolveAuthority(codespaces,2)][28774744ms] waiting...
2025-01-06 13:31:01.801 [info] [LocalProcess0][resolveAuthority(codespaces,2)][28775744ms] waiting...
2025-01-06 13:31:02.801 [info] [LocalProcess0][resolveAuthority(codespaces,2)][28776744ms] waiting...
2025-01-06 13:31:03.801 [info] [LocalProcess0][resolveAuthority(codespaces,2)][28777744ms] waiting...
2025-01-06 13:31:04.801 [info] [LocalProcess0][resolveAuthority(codespaces,2)][28778744ms] waiting...
2025-01-06 13:31:05.801 [info] [LocalProcess0][resolveAuthority(codespaces,2)][28779744ms] waiting...
2025-01-06 13:31:06.801 [info] [LocalProcess0][resolveAuthority(codespaces,2)][28780744ms] waiting...
2025-01-06 13:31:07.801 [info] [LocalProcess0][resolveAuthority(codespaces,2)][28781744ms] waiting...
2025-01-06 13:31:08.801 [info] [LocalProcess0][resolveAuthority(codespaces,2)][28782744ms] waiting...
2025-01-06 13:31:09.801 [info] [LocalProcess0][resolveAuthority(codespaces,2)][28783744ms] waiting...
2025-01-06 13:31:10.801 [info] [LocalProcess0][resolveAuthority(codespaces,2)][28784744ms] waiting...
2025-01-06 13:31:11.801 [info] [LocalProcess0][resolveAuthority(codespaces,2)][28785744ms] waiting...
2025-01-06 13:31:12.801 [info] [LocalProcess0][resolveAuthority(codespaces,2)][28786744ms] waiting...
2025-01-06 13:31:13.801 [info] [LocalProcess0][resolveAuthority(codespaces,2)][28787744ms] waiting...
2025-01-06 13:31:14.801 [info] [LocalProcess0][resolveAuthority(codespaces,2)][28788744ms] waiting...
2025-01-06 13:31:15.801 [info] [LocalProcess0][resolveAuthority(codespaces,2)][28789744ms] waiting...
2025-01-06 13:31:16.801 [info] [LocalProcess0][resolveAuthority(codespaces,2)][28790744ms] waiting...
2025-01-06 13:31:17.801 [info] [LocalProcess0][resolveAuthority(codespaces,2)][28791744ms] waiting...
2025-01-06 13:31:18.801 [info] [LocalProcess0][resolveAuthority(codespaces,2)][28792744ms] waiting...
2025-01-06 13:31:19.801 [info] [LocalProcess0][resolveAuthority(codespaces,2)][28793744ms] waiting...
2025-01-06 13:31:20.801 [info] [LocalProcess0][resolveAuthority(codespaces,2)][28794744ms] waiting...
2025-01-06 13:31:21.801 [info] [LocalProcess0][resolveAuthority(codespaces,2)][28795744ms] waiting...
2025-01-06 13:31:22.801 [info] [LocalProcess0][resolveAuthority(codespaces,2)][28796744ms] waiting...
2025-01-06 13:31:23.801 [info] [LocalProcess0][resolveAuthority(codespaces,2)][28797744ms] waiting...
2025-01-06 13:31:24.801 [info] [LocalProcess0][resolveAuthority(codespaces,2)][28798744ms] waiting...
2025-01-06 13:31:25.801 [info] [LocalProcess0][resolveAuthority(codespaces,2)][28799744ms] waiting...
2025-01-06 13:31:26.801 [info] [LocalProcess0][resolveAuthority(codespaces,2)][28800744ms] waiting...
2025-01-06 13:31:27.801 [info] [LocalProcess0][resolveAuthority(codespaces,2)][28801744ms] waiting...
2025-01-06 13:31:28.801 [info] [LocalProcess0][resolveAuthority(codespaces,2)][28802744ms] waiting...
2025-01-06 13:31:29.801 [info] [LocalProcess0][resolveAuthority(codespaces,2)][28803744ms] waiting...
2025-01-06 13:31:30.801 [info] [LocalProcess0][resolveAuthority(codespaces,2)][28804744ms] waiting...
2025-01-06 13:31:31.801 [info] [LocalProcess0][resolveAuthority(codespaces,2)][28805744ms] waiting...
2025-01-06 13:31:32.801 [info] [LocalProcess0][resolveAuthority(codespaces,2)][28806744ms] waiting...
2025-01-06 13:31:33.801 [info] [LocalProcess0][resolveAuthority(codespaces,2)][28807744ms] waiting...
2025-01-06 13:31:34.801 [info] [LocalProcess0][resolveAuthority(codespaces,2)][28808744ms] waiting...
2025-01-06 13:31:35.801 [info] [LocalProcess0][resolveAuthority(codespaces,2)][28809744ms] waiting...
2025-01-06 13:31:36.801 [info] [LocalProcess0][resolveAuthority(codespaces,2)][28810744ms] waiting...
2025-01-06 13:31:37.801 [info] [LocalProcess0][resolveAuthority(codespaces,2)][28811744ms] waiting...
2025-01-06 13:31:38.801 [info] [LocalProcess0][resolveAuthority(codespaces,2)][28812744ms] waiting...
2025-01-06 13:31:39.801 [info] [LocalProcess0][resolveAuthority(codespaces,2)][28813744ms] waiting...
2025-01-06 13:31:40.801 [info] [LocalProcess0][resolveAuthority(codespaces,2)][28814744ms] waiting...
2025-01-06 13:31:41.801 [info] [LocalProcess0][resolveAuthority(codespaces,2)][28815744ms] waiting...
2025-01-06 13:31:42.801 [info] [LocalProcess0][resolveAuthority(codespaces,2)][28816744ms] waiting...
2025-01-06 13:31:43.801 [info] [LocalProcess0][resolveAuthority(codespaces,2)][28817744ms] waiting...
2025-01-06 13:31:44.801 [info] [LocalProcess0][resolveAuthority(codespaces,2)][28818744ms] waiting...
2025-01-06 13:31:45.801 [info] [LocalProcess0][resolveAuthority(codespaces,2)][28819744ms] waiting...
2025-01-06 13:31:46.801 [info] [LocalProcess0][resolveAuthority(codespaces,2)][28820744ms] waiting...
2025-01-06 13:31:47.801 [info] [LocalProcess0][resolveAuthority(codespaces,2)][28821744ms] waiting...
2025-01-06 13:31:48.801 [info] [LocalProcess0][resolveAuthority(codespaces,2)][28822744ms] waiting...
2025-01-06 13:31:49.801 [info] [LocalProcess0][resolveAuthority(codespaces,2)][28823744ms] waiting...
2025-01-06 13:31:50.801 [info] [LocalProcess0][resolveAuthority(codespaces,2)][28824744ms] waiting...
2025-01-06 13:31:51.801 [info] [LocalProcess0][resolveAuthority(codespaces,2)][28825744ms] waiting...
2025-01-06 13:31:52.801 [info] [LocalProcess0][resolveAuthority(codespaces,2)][28826744ms] waiting...
2025-01-06 13:31:53.801 [info] [LocalProcess0][resolveAuthority(codespaces,2)][28827744ms] waiting...
2025-01-06 13:31:54.801 [info] [LocalProcess0][resolveAuthority(codespaces,2)][28828744ms] waiting...
2025-01-06 13:31:55.801 [info] [LocalProcess0][resolveAuthority(codespaces,2)][28829744ms] waiting...
2025-01-06 13:31:56.801 [info] [LocalProcess0][resolveAuthority(codespaces,2)][28830744ms] waiting...
2025-01-06 13:31:57.801 [info] [LocalProcess0][resolveAuthority(codespaces,2)][28831744ms] waiting...
2025-01-06 13:31:58.801 [info] [LocalProcess0][resolveAuthority(codespaces,2)][28832744ms] waiting...
2025-01-06 13:31:59.801 [info] [LocalProcess0][resolveAuthority(codespaces,2)][28833744ms] waiting...
2025-01-06 13:32:00.801 [info] [LocalProcess0][resolveAuthority(codespaces,2)][28834744ms] waiting...
2025-01-06 13:32:01.801 [info] [LocalProcess0][resolveAuthority(codespaces,2)][28835744ms] waiting...
2025-01-06 13:32:02.801 [info] [LocalProcess0][resolveAuthority(codespaces,2)][28836744ms] waiting...
2025-01-06 13:32:03.801 [info] [LocalProcess0][resolveAuthority(codespaces,2)][28837744ms] waiting...
2025-01-06 13:32:04.801 [info] [LocalProcess0][resolveAuthority(codespaces,2)][28838744ms] waiting...
2025-01-06 13:32:05.801 [info] [LocalProcess0][resolveAuthority(codespaces,2)][28839744ms] waiting...
2025-01-06 13:32:06.801 [info] [LocalProcess0][resolveAuthority(codespaces,2)][28840744ms] waiting...
2025-01-06 13:32:06.953 [info] [remote-connection][Management   ][2b667…][reconnect] received socket timeout event (unacknowledgedMsgCount: 1, timeSinceOldestUnacknowledgedMsg: 20000, timeSinceLastReceivedSomeData: 28843983).
2025-01-06 13:32:07.801 [info] [LocalProcess0][resolveAuthority(codespaces,2)][28841744ms] waiting...
2025-01-06 13:32:08.801 [info] [LocalProcess0][resolveAuthority(codespaces,2)][28842744ms] waiting...
2025-01-06 13:32:09.801 [info] [LocalProcess0][resolveAuthority(codespaces,2)][28843744ms] waiting...
2025-01-06 13:32:10.801 [info] [LocalProcess0][resolveAuthority(codespaces,2)][28844744ms] waiting...
2025-01-06 13:32:11.801 [info] [LocalProcess0][resolveAuthority(codespaces,2)][28845744ms] waiting...
2025-01-06 13:32:12.801 [info] [LocalProcess0][resolveAuthority(codespaces,2)][28846744ms] waiting...
2025-01-06 13:32:13.801 [info] [LocalProcess0][resolveAuthority(codespaces,2)][28847744ms] waiting...
2025-01-06 13:32:14.801 [info] [LocalProcess0][resolveAuthority(codespaces,2)][28848744ms] waiting...
2025-01-06 13:32:15.801 [info] [LocalProcess0][resolveAuthority(codespaces,2)][28849744ms] waiting...
2025-01-06 13:32:16.801 [info] [LocalProcess0][resolveAuthority(codespaces,2)][28850744ms] waiting...
2025-01-06 13:32:17.801 [info] [LocalProcess0][resolveAuthority(codespaces,2)][28851744ms] waiting...
2025-01-06 13:32:18.801 [info] [LocalProcess0][resolveAuthority(codespaces,2)][28852744ms] waiting...
2025-01-06 13:32:19.801 [info] [LocalProcess0][resolveAuthority(codespaces,2)][28853744ms] waiting...
2025-01-06 13:32:20.801 [info] [LocalProcess0][resolveAuthority(codespaces,2)][28854744ms] waiting...
2025-01-06 13:32:21.801 [info] [LocalProcess0][resolveAuthority(codespaces,2)][28855744ms] waiting...
2025-01-06 13:32:22.801 [info] [LocalProcess0][resolveAuthority(codespaces,2)][28856744ms] waiting...
2025-01-06 13:32:23.801 [info] [LocalProcess0][resolveAuthority(codespaces,2)][28857744ms] waiting...
2025-01-06 13:32:24.801 [info] [LocalProcess0][resolveAuthority(codespaces,2)][28858744ms] waiting...
2025-01-06 13:32:25.801 [info] [LocalProcess0][resolveAuthority(codespaces,2)][28859744ms] waiting...
2025-01-06 13:32:26.801 [info] [LocalProcess0][resolveAuthority(codespaces,2)][28860744ms] waiting...
2025-01-06 13:32:27.801 [info] [LocalProcess0][resolveAuthority(codespaces,2)][28861744ms] waiting...
2025-01-06 13:32:28.801 [info] [LocalProcess0][resolveAuthority(codespaces,2)][28862744ms] waiting...
2025-01-06 13:32:29.801 [info] [LocalProcess0][resolveAuthority(codespaces,2)][28863744ms] waiting...
2025-01-06 13:32:30.801 [info] [LocalProcess0][resolveAuthority(codespaces,2)][28864744ms] waiting...
2025-01-06 13:32:31.801 [info] [LocalProcess0][resolveAuthority(codespaces,2)][28865744ms] waiting...
2025-01-06 13:32:32.801 [info] [LocalProcess0][resolveAuthority(codespaces,2)][28866744ms] waiting...
2025-01-06 13:32:33.801 [info] [LocalProcess0][resolveAuthority(codespaces,2)][28867744ms] waiting...
2025-01-06 13:32:34.801 [info] [LocalProcess0][resolveAuthority(codespaces,2)][28868744ms] waiting...
2025-01-06 13:32:35.801 [info] [LocalProcess0][resolveAuthority(codespaces,2)][28869744ms] waiting...
2025-01-06 13:32:36.801 [info] [LocalProcess0][resolveAuthority(codespaces,2)][28870744ms] waiting...
2025-01-06 13:32:37.801 [info] [LocalProcess0][resolveAuthority(codespaces,2)][28871744ms] waiting...
2025-01-06 13:32:38.801 [info] [LocalProcess0][resolveAuthority(codespaces,2)][28872744ms] waiting...
2025-01-06 13:32:39.801 [info] [LocalProcess0][resolveAuthority(codespaces,2)][28873744ms] waiting...
2025-01-06 13:32:40.801 [info] [LocalProcess0][resolveAuthority(codespaces,2)][28874744ms] waiting...
2025-01-06 13:32:41.801 [info] [LocalProcess0][resolveAuthority(codespaces,2)][28875744ms] waiting...
2025-01-06 13:32:42.801 [info] [LocalProcess0][resolveAuthority(codespaces,2)][28876744ms] waiting...
2025-01-06 13:32:43.801 [info] [LocalProcess0][resolveAuthority(codespaces,2)][28877744ms] waiting...
2025-01-06 13:32:44.801 [info] [LocalProcess0][resolveAuthority(codespaces,2)][28878744ms] waiting...
2025-01-06 13:32:45.801 [info] [LocalProcess0][resolveAuthority(codespaces,2)][28879744ms] waiting...
2025-01-06 13:32:46.801 [info] [LocalProcess0][resolveAuthority(codespaces,2)][28880744ms] waiting...
2025-01-06 13:32:47.801 [info] [LocalProcess0][resolveAuthority(codespaces,2)][28881744ms] waiting...
2025-01-06 13:32:48.801 [info] [LocalProcess0][resolveAuthority(codespaces,2)][28882744ms] waiting...
2025-01-06 13:32:49.801 [info] [LocalProcess0][resolveAuthority(codespaces,2)][28883744ms] waiting...
2025-01-06 13:32:50.801 [info] [LocalProcess0][resolveAuthority(codespaces,2)][28884744ms] waiting...
2025-01-06 13:32:51.801 [info] [LocalProcess0][resolveAuthority(codespaces,2)][28885744ms] waiting...
2025-01-06 13:32:52.801 [info] [LocalProcess0][resolveAuthority(codespaces,2)][28886744ms] waiting...
2025-01-06 13:32:53.801 [info] [LocalProcess0][resolveAuthority(codespaces,2)][28887744ms] waiting...
2025-01-06 13:32:54.801 [info] [LocalProcess0][resolveAuthority(codespaces,2)][28888744ms] waiting...
2025-01-06 13:32:55.801 [info] [LocalProcess0][resolveAuthority(codespaces,2)][28889744ms] waiting...
2025-01-06 13:32:56.801 [info] [LocalProcess0][resolveAuthority(codespaces,2)][28890744ms] waiting...
2025-01-06 13:32:57.801 [info] [LocalProcess0][resolveAuthority(codespaces,2)][28891744ms] waiting...
2025-01-06 13:32:58.801 [info] [LocalProcess0][resolveAuthority(codespaces,2)][28892744ms] waiting...
2025-01-06 13:32:59.801 [info] [LocalProcess0][resolveAuthority(codespaces,2)][28893744ms] waiting...
2025-01-06 13:33:00.801 [info] [LocalProcess0][resolveAuthority(codespaces,2)][28894744ms] waiting...
2025-01-06 13:33:01.801 [info] [LocalProcess0][resolveAuthority(codespaces,2)][28895744ms] waiting...
2025-01-06 13:33:02.801 [info] [LocalProcess0][resolveAuthority(codespaces,2)][28896744ms] waiting...
2025-01-06 13:33:03.801 [info] [LocalProcess0][resolveAuthority(codespaces,2)][28897744ms] waiting...
2025-01-06 13:33:04.801 [info] [LocalProcess0][resolveAuthority(codespaces,2)][28898744ms] waiting...
2025-01-06 13:33:05.801 [info] [LocalProcess0][resolveAuthority(codespaces,2)][28899744ms] waiting...
2025-01-06 13:33:06.801 [info] [LocalProcess0][resolveAuthority(codespaces,2)][28900744ms] waiting...
2025-01-06 13:33:07.801 [info] [LocalProcess0][resolveAuthority(codespaces,2)][28901744ms] waiting...
2025-01-06 13:33:08.801 [info] [LocalProcess0][resolveAuthority(codespaces,2)][28902744ms] waiting...
2025-01-06 13:33:09.801 [info] [LocalProcess0][resolveAuthority(codespaces,2)][28903744ms] waiting...
2025-01-06 13:33:10.801 [info] [LocalProcess0][resolveAuthority(codespaces,2)][28904744ms] waiting...
2025-01-06 13:33:11.801 [info] [LocalProcess0][resolveAuthority(codespaces,2)][28905744ms] waiting...
2025-01-06 13:33:12.801 [info] [LocalProcess0][resolveAuthority(codespaces,2)][28906744ms] waiting...
2025-01-06 13:33:13.801 [info] [LocalProcess0][resolveAuthority(codespaces,2)][28907744ms] waiting...
2025-01-06 13:33:14.801 [info] [LocalProcess0][resolveAuthority(codespaces,2)][28908744ms] waiting...
2025-01-06 13:33:15.801 [info] [LocalProcess0][resolveAuthority(codespaces,2)][28909744ms] waiting...
2025-01-06 13:33:16.801 [info] [LocalProcess0][resolveAuthority(codespaces,2)][28910744ms] waiting...
2025-01-06 13:33:17.801 [info] [LocalProcess0][resolveAuthority(codespaces,2)][28911744ms] waiting...
2025-01-06 13:33:18.801 [info] [LocalProcess0][resolveAuthority(codespaces,2)][28912744ms] waiting...
2025-01-06 13:33:19.801 [info] [LocalProcess0][resolveAuthority(codespaces,2)][28913744ms] waiting...
2025-01-06 13:33:20.801 [info] [LocalProcess0][resolveAuthority(codespaces,2)][28914744ms] waiting...
2025-01-06 13:33:21.801 [info] [LocalProcess0][resolveAuthority(codespaces,2)][28915744ms] waiting...
2025-01-06 13:33:22.801 [info] [LocalProcess0][resolveAuthority(codespaces,2)][28916744ms] waiting...
2025-01-06 13:33:23.801 [info] [LocalProcess0][resolveAuthority(codespaces,2)][28917744ms] waiting...
2025-01-06 13:33:24.801 [info] [LocalProcess0][resolveAuthority(codespaces,2)][28918744ms] waiting...
2025-01-06 13:33:25.801 [info] [LocalProcess0][resolveAuthority(codespaces,2)][28919744ms] waiting...
2025-01-06 13:33:26.801 [info] [LocalProcess0][resolveAuthority(codespaces,2)][28920744ms] waiting...
2025-01-06 13:33:27.801 [info] [LocalProcess0][resolveAuthority(codespaces,2)][28921744ms] waiting...
2025-01-06 13:33:28.801 [info] [LocalProcess0][resolveAuthority(codespaces,2)][28922744ms] waiting...
2025-01-06 13:33:29.801 [info] [LocalProcess0][resolveAuthority(codespaces,2)][28923744ms] waiting...
2025-01-06 13:33:30.801 [info] [LocalProcess0][resolveAuthority(codespaces,2)][28924744ms] waiting...
2025-01-06 13:33:31.801 [info] [LocalProcess0][resolveAuthority(codespaces,2)][28925744ms] waiting...
2025-01-06 13:33:32.801 [info] [LocalProcess0][resolveAuthority(codespaces,2)][28926744ms] waiting...
2025-01-06 13:33:33.801 [info] [LocalProcess0][resolveAuthority(codespaces,2)][28927744ms] waiting...
2025-01-06 13:33:34.801 [info] [LocalProcess0][resolveAuthority(codespaces,2)][28928744ms] waiting...
2025-01-06 13:33:35.801 [info] [LocalProcess0][resolveAuthority(codespaces,2)][28929744ms] waiting...
2025-01-06 13:33:36.801 [info] [LocalProcess0][resolveAuthority(codespaces,2)][28930744ms] waiting...
2025-01-06 13:33:37.801 [info] [LocalProcess0][resolveAuthority(codespaces,2)][28931744ms] waiting...
2025-01-06 13:33:38.801 [info] [LocalProcess0][resolveAuthority(codespaces,2)][28932744ms] waiting...
2025-01-06 13:33:39.801 [info] [LocalProcess0][resolveAuthority(codespaces,2)][28933744ms] waiting...
2025-01-06 13:33:40.801 [info] [LocalProcess0][resolveAuthority(codespaces,2)][28934744ms] waiting...
2025-01-06 13:33:41.801 [info] [LocalProcess0][resolveAuthority(codespaces,2)][28935744ms] waiting...
2025-01-06 13:33:42.801 [info] [LocalProcess0][resolveAuthority(codespaces,2)][28936744ms] waiting...
2025-01-06 13:33:43.801 [info] [LocalProcess0][resolveAuthority(codespaces,2)][28937744ms] waiting...
2025-01-06 13:33:44.801 [info] [LocalProcess0][resolveAuthority(codespaces,2)][28938744ms] waiting...
2025-01-06 13:33:45.801 [info] [LocalProcess0][resolveAuthority(codespaces,2)][28939744ms] waiting...
2025-01-06 13:33:46.801 [info] [LocalProcess0][resolveAuthority(codespaces,2)][28940744ms] waiting...
2025-01-06 13:33:47.801 [info] [LocalProcess0][resolveAuthority(codespaces,2)][28941744ms] waiting...
2025-01-06 13:33:48.801 [info] [LocalProcess0][resolveAuthority(codespaces,2)][28942744ms] waiting...
2025-01-06 13:33:49.801 [info] [LocalProcess0][resolveAuthority(codespaces,2)][28943744ms] waiting...
2025-01-06 13:33:50.801 [info] [LocalProcess0][resolveAuthority(codespaces,2)][28944744ms] waiting...
2025-01-06 13:33:51.801 [info] [LocalProcess0][resolveAuthority(codespaces,2)][28945744ms] waiting...
2025-01-06 13:33:52.801 [info] [LocalProcess0][resolveAuthority(codespaces,2)][28946744ms] waiting...
2025-01-06 13:33:53.801 [info] [LocalProcess0][resolveAuthority(codespaces,2)][28947744ms] waiting...
2025-01-06 13:33:54.801 [info] [LocalProcess0][resolveAuthority(codespaces,2)][28948744ms] waiting...
2025-01-06 13:33:55.801 [info] [LocalProcess0][resolveAuthority(codespaces,2)][28949744ms] waiting...
2025-01-06 13:33:56.801 [info] [LocalProcess0][resolveAuthority(codespaces,2)][28950744ms] waiting...
2025-01-06 13:33:57.801 [info] [LocalProcess0][resolveAuthority(codespaces,2)][28951744ms] waiting...
2025-01-06 13:33:58.801 [info] [LocalProcess0][resolveAuthority(codespaces,2)][28952744ms] waiting...
2025-01-06 13:33:59.801 [info] [LocalProcess0][resolveAuthority(codespaces,2)][28953744ms] waiting...
2025-01-06 13:34:00.801 [info] [LocalProcess0][resolveAuthority(codespaces,2)][28954744ms] waiting...
2025-01-06 13:34:01.801 [info] [LocalProcess0][resolveAuthority(codespaces,2)][28955744ms] waiting...
2025-01-06 13:34:02.801 [info] [LocalProcess0][resolveAuthority(codespaces,2)][28956744ms] waiting...
2025-01-06 13:34:03.801 [info] [LocalProcess0][resolveAuthority(codespaces,2)][28957744ms] waiting...
2025-01-06 13:34:04.801 [info] [LocalProcess0][resolveAuthority(codespaces,2)][28958744ms] waiting...
2025-01-06 13:34:05.801 [info] [LocalProcess0][resolveAuthority(codespaces,2)][28959744ms] waiting...
2025-01-06 13:34:06.801 [info] [LocalProcess0][resolveAuthority(codespaces,2)][28960744ms] waiting...
2025-01-06 13:34:07.801 [info] [LocalProcess0][resolveAuthority(codespaces,2)][28961744ms] waiting...
2025-01-06 13:34:08.801 [info] [LocalProcess0][resolveAuthority(codespaces,2)][28962744ms] waiting...
2025-01-06 13:34:09.801 [info] [LocalProcess0][resolveAuthority(codespaces,2)][28963744ms] waiting...
2025-01-06 13:34:10.801 [info] [LocalProcess0][resolveAuthority(codespaces,2)][28964744ms] waiting...
2025-01-06 13:34:11.801 [info] [LocalProcess0][resolveAuthority(codespaces,2)][28965744ms] waiting...
2025-01-06 13:34:12.801 [info] [LocalProcess0][resolveAuthority(codespaces,2)][28966744ms] waiting...
2025-01-06 13:34:13.801 [info] [LocalProcess0][resolveAuthority(codespaces,2)][28967744ms] waiting...
2025-01-06 13:34:14.801 [info] [LocalProcess0][resolveAuthority(codespaces,2)][28968744ms] waiting...
2025-01-06 13:34:15.801 [info] [LocalProcess0][resolveAuthority(codespaces,2)][28969744ms] waiting...
2025-01-06 13:34:16.801 [info] [LocalProcess0][resolveAuthority(codespaces,2)][28970744ms] waiting...
2025-01-06 13:34:17.801 [info] [LocalProcess0][resolveAuthority(codespaces,2)][28971744ms] waiting...
2025-01-06 13:34:18.801 [info] [LocalProcess0][resolveAuthority(codespaces,2)][28972744ms] waiting...
2025-01-06 13:34:19.801 [info] [LocalProcess0][resolveAuthority(codespaces,2)][28973744ms] waiting...
2025-01-06 13:34:20.801 [info] [LocalProcess0][resolveAuthority(codespaces,2)][28974744ms] waiting...
2025-01-06 13:34:21.801 [info] [LocalProcess0][resolveAuthority(codespaces,2)][28975744ms] waiting...
2025-01-06 13:34:22.801 [info] [LocalProcess0][resolveAuthority(codespaces,2)][28976744ms] waiting...
2025-01-06 13:34:23.801 [info] [LocalProcess0][resolveAuthority(codespaces,2)][28977744ms] waiting...
2025-01-06 13:34:24.801 [info] [LocalProcess0][resolveAuthority(codespaces,2)][28978744ms] waiting...
2025-01-06 13:34:25.801 [info] [LocalProcess0][resolveAuthority(codespaces,2)][28979744ms] waiting...
2025-01-06 13:34:26.801 [info] [LocalProcess0][resolveAuthority(codespaces,2)][28980744ms] waiting...
2025-01-06 13:34:27.801 [info] [LocalProcess0][resolveAuthority(codespaces,2)][28981744ms] waiting...
2025-01-06 13:34:28.801 [info] [LocalProcess0][resolveAuthority(codespaces,2)][28982744ms] waiting...
2025-01-06 13:34:29.801 [info] [LocalProcess0][resolveAuthority(codespaces,2)][28983744ms] waiting...
2025-01-06 13:34:30.801 [info] [LocalProcess0][resolveAuthority(codespaces,2)][28984744ms] waiting...
2025-01-06 13:34:31.801 [info] [LocalProcess0][resolveAuthority(codespaces,2)][28985744ms] waiting...
2025-01-06 13:34:32.801 [info] [LocalProcess0][resolveAuthority(codespaces,2)][28986744ms] waiting...
2025-01-06 13:34:33.801 [info] [LocalProcess0][resolveAuthority(codespaces,2)][28987744ms] waiting...
2025-01-06 13:34:34.801 [info] [LocalProcess0][resolveAuthority(codespaces,2)][28988744ms] waiting...
2025-01-06 13:34:35.801 [info] [LocalProcess0][resolveAuthority(codespaces,2)][28989744ms] waiting...
2025-01-06 13:34:36.801 [info] [LocalProcess0][resolveAuthority(codespaces,2)][28990744ms] waiting...
2025-01-06 13:34:37.801 [info] [LocalProcess0][resolveAuthority(codespaces,2)][28991744ms] waiting...
2025-01-06 13:34:38.801 [info] [LocalProcess0][resolveAuthority(codespaces,2)][28992744ms] waiting...
2025-01-06 13:34:39.801 [info] [LocalProcess0][resolveAuthority(codespaces,2)][28993744ms] waiting...
2025-01-06 13:34:40.801 [info] [LocalProcess0][resolveAuthority(codespaces,2)][28994744ms] waiting...
2025-01-06 13:34:41.801 [info] [LocalProcess0][resolveAuthority(codespaces,2)][28995744ms] waiting...
2025-01-06 13:34:42.801 [info] [LocalProcess0][resolveAuthority(codespaces,2)][28996744ms] waiting...
2025-01-06 13:34:43.801 [info] [LocalProcess0][resolveAuthority(codespaces,2)][28997744ms] waiting...
2025-01-06 13:34:44.801 [info] [LocalProcess0][resolveAuthority(codespaces,2)][28998744ms] waiting...
2025-01-06 13:34:45.801 [info] [LocalProcess0][resolveAuthority(codespaces,2)][28999744ms] waiting...
2025-01-06 13:34:46.801 [info] [LocalProcess0][resolveAuthority(codespaces,2)][29000744ms] waiting...
2025-01-06 13:34:47.801 [info] [LocalProcess0][resolveAuthority(codespaces,2)][29001744ms] waiting...
2025-01-06 13:34:48.801 [info] [LocalProcess0][resolveAuthority(codespaces,2)][29002744ms] waiting...
2025-01-06 13:34:49.801 [info] [LocalProcess0][resolveAuthority(codespaces,2)][29003744ms] waiting...
2025-01-06 13:34:50.801 [info] [LocalProcess0][resolveAuthority(codespaces,2)][29004744ms] waiting...
2025-01-06 13:34:51.800 [info] [LocalProcess0][resolveAuthority(codespaces,2)][29005744ms] waiting...
2025-01-06 13:34:52.801 [info] [LocalProcess0][resolveAuthority(codespaces,2)][29006744ms] waiting...
2025-01-06 13:34:53.801 [info] [LocalProcess0][resolveAuthority(codespaces,2)][29007744ms] waiting...
2025-01-06 13:34:54.801 [info] [LocalProcess0][resolveAuthority(codespaces,2)][29008744ms] waiting...
2025-01-06 13:34:55.801 [info] [LocalProcess0][resolveAuthority(codespaces,2)][29009744ms] waiting...
2025-01-06 13:34:56.801 [info] [LocalProcess0][resolveAuthority(codespaces,2)][29010744ms] waiting...
2025-01-06 13:34:57.801 [info] [LocalProcess0][resolveAuthority(codespaces,2)][29011744ms] waiting...
2025-01-06 13:34:58.801 [info] [LocalProcess0][resolveAuthority(codespaces,2)][29012744ms] waiting...
2025-01-06 13:34:59.801 [info] [LocalProcess0][resolveAuthority(codespaces,2)][29013744ms] waiting...
2025-01-06 13:35:00.801 [info] [LocalProcess0][resolveAuthority(codespaces,2)][29014744ms] waiting...
2025-01-06 13:35:01.801 [info] [LocalProcess0][resolveAuthority(codespaces,2)][29015744ms] waiting...
2025-01-06 13:35:02.801 [info] [LocalProcess0][resolveAuthority(codespaces,2)][29016744ms] waiting...
2025-01-06 13:35:03.802 [info] [LocalProcess0][resolveAuthority(codespaces,2)][29017744ms] waiting...
2025-01-06 13:35:04.801 [info] [LocalProcess0][resolveAuthority(codespaces,2)][29018744ms] waiting...
2025-01-06 13:35:05.801 [info] [LocalProcess0][resolveAuthority(codespaces,2)][29019744ms] waiting...
2025-01-06 13:35:06.801 [info] [LocalProcess0][resolveAuthority(codespaces,2)][29020744ms] waiting...
2025-01-06 13:35:07.801 [info] [LocalProcess0][resolveAuthority(codespaces,2)][29021744ms] waiting...
2025-01-06 13:35:08.801 [info] [LocalProcess0][resolveAuthority(codespaces,2)][29022744ms] waiting...
2025-01-06 13:35:09.801 [info] [LocalProcess0][resolveAuthority(codespaces,2)][29023744ms] waiting...
2025-01-06 13:35:10.801 [info] [LocalProcess0][resolveAuthority(codespaces,2)][29024744ms] waiting...
2025-01-06 13:35:11.801 [info] [LocalProcess0][resolveAuthority(codespaces,2)][29025744ms] waiting...
2025-01-06 13:35:12.801 [info] [LocalProcess0][resolveAuthority(codespaces,2)][29026744ms] waiting...
2025-01-06 13:35:13.801 [info] [LocalProcess0][resolveAuthority(codespaces,2)][29027744ms] waiting...
2025-01-06 13:35:14.801 [info] [LocalProcess0][resolveAuthority(codespaces,2)][29028744ms] waiting...
2025-01-06 13:35:15.801 [info] [LocalProcess0][resolveAuthority(codespaces,2)][29029744ms] waiting...
2025-01-06 13:35:16.801 [info] [LocalProcess0][resolveAuthority(codespaces,2)][29030744ms] waiting...
2025-01-06 13:35:17.801 [info] [LocalProcess0][resolveAuthority(codespaces,2)][29031744ms] waiting...
2025-01-06 13:35:18.801 [info] [LocalProcess0][resolveAuthority(codespaces,2)][29032744ms] waiting...
2025-01-06 13:35:19.801 [info] [LocalProcess0][resolveAuthority(codespaces,2)][29033744ms] waiting...
2025-01-06 13:35:20.801 [info] [LocalProcess0][resolveAuthority(codespaces,2)][29034744ms] waiting...
2025-01-06 13:35:21.801 [info] [LocalProcess0][resolveAuthority(codespaces,2)][29035744ms] waiting...
2025-01-06 13:35:22.801 [info] [LocalProcess0][resolveAuthority(codespaces,2)][29036744ms] waiting...
2025-01-06 13:35:23.801 [info] [LocalProcess0][resolveAuthority(codespaces,2)][29037744ms] waiting...
2025-01-06 13:35:24.801 [info] [LocalProcess0][resolveAuthority(codespaces,2)][29038744ms] waiting...
2025-01-06 13:35:25.801 [info] [LocalProcess0][resolveAuthority(codespaces,2)][29039744ms] waiting...
2025-01-06 13:35:26.801 [info] [LocalProcess0][resolveAuthority(codespaces,2)][29040744ms] waiting...
2025-01-06 13:35:27.801 [info] [LocalProcess0][resolveAuthority(codespaces,2)][29041744ms] waiting...
2025-01-06 13:35:28.801 [info] [LocalProcess0][resolveAuthority(codespaces,2)][29042744ms] waiting...
2025-01-06 13:35:29.801 [info] [LocalProcess0][resolveAuthority(codespaces,2)][29043744ms] waiting...
2025-01-06 13:35:30.801 [info] [LocalProcess0][resolveAuthority(codespaces,2)][29044744ms] waiting...
2025-01-06 13:35:31.801 [info] [LocalProcess0][resolveAuthority(codespaces,2)][29045744ms] waiting...
2025-01-06 13:35:32.801 [info] [LocalProcess0][resolveAuthority(codespaces,2)][29046744ms] waiting...
2025-01-06 13:35:33.801 [info] [LocalProcess0][resolveAuthority(codespaces,2)][29047744ms] waiting...
2025-01-06 13:35:34.801 [info] [LocalProcess0][resolveAuthority(codespaces,2)][29048744ms] waiting...
2025-01-06 13:35:35.801 [info] [LocalProcess0][resolveAuthority(codespaces,2)][29049744ms] waiting...
2025-01-06 13:35:36.801 [info] [LocalProcess0][resolveAuthority(codespaces,2)][29050744ms] waiting...
2025-01-06 13:35:37.801 [info] [LocalProcess0][resolveAuthority(codespaces,2)][29051744ms] waiting...
2025-01-06 13:35:38.801 [info] [LocalProcess0][resolveAuthority(codespaces,2)][29052744ms] waiting...
2025-01-06 13:35:39.800 [info] [LocalProcess0][resolveAuthority(codespaces,2)][29053744ms] waiting...
2025-01-06 13:35:40.801 [info] [LocalProcess0][resolveAuthority(codespaces,2)][29054744ms] waiting...
2025-01-06 13:35:41.801 [info] [LocalProcess0][resolveAuthority(codespaces,2)][29055744ms] waiting...
2025-01-06 13:35:42.801 [info] [LocalProcess0][resolveAuthority(codespaces,2)][29056744ms] waiting...
2025-01-06 13:35:43.801 [info] [LocalProcess0][resolveAuthority(codespaces,2)][29057744ms] waiting...
2025-01-06 13:35:44.801 [info] [LocalProcess0][resolveAuthority(codespaces,2)][29058744ms] waiting...
2025-01-06 13:35:45.801 [info] [LocalProcess0][resolveAuthority(codespaces,2)][29059744ms] waiting...
2025-01-06 13:35:46.801 [info] [LocalProcess0][resolveAuthority(codespaces,2)][29060744ms] waiting...
2025-01-06 13:35:47.801 [info] [LocalProcess0][resolveAuthority(codespaces,2)][29061744ms] waiting...
2025-01-06 13:35:48.801 [info] [LocalProcess0][resolveAuthority(codespaces,2)][29062744ms] waiting...
2025-01-06 13:35:49.801 [info] [LocalProcess0][resolveAuthority(codespaces,2)][29063744ms] waiting...
2025-01-06 13:35:50.801 [info] [LocalProcess0][resolveAuthority(codespaces,2)][29064744ms] waiting...
2025-01-06 13:35:51.801 [info] [LocalProcess0][resolveAuthority(codespaces,2)][29065744ms] waiting...
2025-01-06 13:35:52.801 [info] [LocalProcess0][resolveAuthority(codespaces,2)][29066744ms] waiting...
2025-01-06 13:35:53.801 [info] [LocalProcess0][resolveAuthority(codespaces,2)][29067744ms] waiting...
2025-01-06 13:35:54.801 [info] [LocalProcess0][resolveAuthority(codespaces,2)][29068744ms] waiting...
2025-01-06 13:35:55.801 [info] [LocalProcess0][resolveAuthority(codespaces,2)][29069744ms] waiting...
2025-01-06 13:35:56.801 [info] [LocalProcess0][resolveAuthority(codespaces,2)][29070744ms] waiting...
2025-01-06 13:35:57.801 [info] [LocalProcess0][resolveAuthority(codespaces,2)][29071744ms] waiting...
2025-01-06 13:35:58.801 [info] [LocalProcess0][resolveAuthority(codespaces,2)][29072744ms] waiting...
2025-01-06 13:35:59.801 [info] [LocalProcess0][resolveAuthority(codespaces,2)][29073744ms] waiting...
2025-01-06 13:36:00.801 [info] [LocalProcess0][resolveAuthority(codespaces,2)][29074744ms] waiting...
2025-01-06 13:36:01.801 [info] [LocalProcess0][resolveAuthority(codespaces,2)][29075744ms] waiting...
2025-01-06 13:36:02.801 [info] [LocalProcess0][resolveAuthority(codespaces,2)][29076744ms] waiting...
2025-01-06 13:36:03.801 [info] [LocalProcess0][resolveAuthority(codespaces,2)][29077744ms] waiting...
2025-01-06 13:36:04.801 [info] [LocalProcess0][resolveAuthority(codespaces,2)][29078744ms] waiting...
2025-01-06 13:36:05.801 [info] [LocalProcess0][resolveAuthority(codespaces,2)][29079744ms] waiting...
2025-01-06 13:36:06.801 [info] [LocalProcess0][resolveAuthority(codespaces,2)][29080744ms] waiting...
2025-01-06 13:36:07.801 [info] [LocalProcess0][resolveAuthority(codespaces,2)][29081744ms] waiting...
2025-01-06 13:36:08.801 [info] [LocalProcess0][resolveAuthority(codespaces,2)][29082744ms] waiting...
2025-01-06 13:36:09.801 [info] [LocalProcess0][resolveAuthority(codespaces,2)][29083744ms] waiting...
2025-01-06 13:36:10.801 [info] [LocalProcess0][resolveAuthority(codespaces,2)][29084744ms] waiting...
2025-01-06 13:36:11.801 [info] [LocalProcess0][resolveAuthority(codespaces,2)][29085744ms] waiting...
2025-01-06 13:36:12.801 [info] [LocalProcess0][resolveAuthority(codespaces,2)][29086744ms] waiting...
2025-01-06 13:36:13.801 [info] [LocalProcess0][resolveAuthority(codespaces,2)][29087744ms] waiting...
2025-01-06 13:36:14.801 [info] [LocalProcess0][resolveAuthority(codespaces,2)][29088744ms] waiting...
2025-01-06 13:36:15.801 [info] [LocalProcess0][resolveAuthority(codespaces,2)][29089744ms] waiting...
2025-01-06 13:36:16.801 [info] [LocalProcess0][resolveAuthority(codespaces,2)][29090744ms] waiting...
2025-01-06 13:36:17.801 [info] [LocalProcess0][resolveAuthority(codespaces,2)][29091744ms] waiting...
2025-01-06 13:36:18.801 [info] [LocalProcess0][resolveAuthority(codespaces,2)][29092744ms] waiting...
2025-01-06 13:36:19.801 [info] [LocalProcess0][resolveAuthority(codespaces,2)][29093744ms] waiting...
2025-01-06 13:36:20.801 [info] [LocalProcess0][resolveAuthority(codespaces,2)][29094744ms] waiting...
2025-01-06 13:36:21.801 [info] [LocalProcess0][resolveAuthority(codespaces,2)][29095744ms] waiting...
2025-01-06 13:36:22.801 [info] [LocalProcess0][resolveAuthority(codespaces,2)][29096744ms] waiting...
2025-01-06 13:36:23.801 [info] [LocalProcess0][resolveAuthority(codespaces,2)][29097744ms] waiting...
2025-01-06 13:36:24.801 [info] [LocalProcess0][resolveAuthority(codespaces,2)][29098744ms] waiting...
2025-01-06 13:36:25.801 [info] [LocalProcess0][resolveAuthority(codespaces,2)][29099744ms] waiting...
2025-01-06 13:36:26.801 [info] [LocalProcess0][resolveAuthority(codespaces,2)][29100744ms] waiting...
2025-01-06 13:36:27.801 [info] [LocalProcess0][resolveAuthority(codespaces,2)][29101744ms] waiting...
2025-01-06 13:36:28.801 [info] [LocalProcess0][resolveAuthority(codespaces,2)][29102744ms] waiting...
2025-01-06 13:36:29.801 [info] [LocalProcess0][resolveAuthority(codespaces,2)][29103744ms] waiting...
2025-01-06 13:36:30.801 [info] [LocalProcess0][resolveAuthority(codespaces,2)][29104744ms] waiting...
2025-01-06 13:36:31.801 [info] [LocalProcess0][resolveAuthority(codespaces,2)][29105744ms] waiting...
2025-01-06 13:36:32.801 [info] [LocalProcess0][resolveAuthority(codespaces,2)][29106744ms] waiting...
2025-01-06 13:36:33.801 [info] [LocalProcess0][resolveAuthority(codespaces,2)][29107744ms] waiting...
2025-01-06 13:36:34.801 [info] [LocalProcess0][resolveAuthority(codespaces,2)][29108744ms] waiting...
2025-01-06 13:36:35.801 [info] [LocalProcess0][resolveAuthority(codespaces,2)][29109744ms] waiting...
2025-01-06 13:36:36.801 [info] [LocalProcess0][resolveAuthority(codespaces,2)][29110744ms] waiting...
2025-01-06 13:36:37.801 [info] [LocalProcess0][resolveAuthority(codespaces,2)][29111744ms] waiting...
2025-01-06 13:36:38.801 [info] [LocalProcess0][resolveAuthority(codespaces,2)][29112744ms] waiting...
2025-01-06 13:36:39.801 [info] [LocalProcess0][resolveAuthority(codespaces,2)][29113744ms] waiting...
2025-01-06 13:36:40.801 [info] [LocalProcess0][resolveAuthority(codespaces,2)][29114744ms] waiting...
2025-01-06 13:36:41.801 [info] [LocalProcess0][resolveAuthority(codespaces,2)][29115744ms] waiting...
2025-01-06 13:36:42.801 [info] [LocalProcess0][resolveAuthority(codespaces,2)][29116744ms] waiting...
2025-01-06 13:36:43.801 [info] [LocalProcess0][resolveAuthority(codespaces,2)][29117744ms] waiting...
2025-01-06 13:36:44.801 [info] [LocalProcess0][resolveAuthority(codespaces,2)][29118744ms] waiting...
2025-01-06 13:36:45.801 [info] [LocalProcess0][resolveAuthority(codespaces,2)][29119744ms] waiting...
2025-01-06 13:36:46.801 [info] [LocalProcess0][resolveAuthority(codespaces,2)][29120744ms] waiting...
2025-01-06 13:36:47.801 [info] [LocalProcess0][resolveAuthority(codespaces,2)][29121744ms] waiting...
2025-01-06 13:36:48.801 [info] [LocalProcess0][resolveAuthority(codespaces,2)][29122744ms] waiting...
2025-01-06 13:36:49.801 [info] [LocalProcess0][resolveAuthority(codespaces,2)][29123744ms] waiting...
2025-01-06 13:36:50.801 [info] [LocalProcess0][resolveAuthority(codespaces,2)][29124744ms] waiting...
2025-01-06 13:36:51.801 [info] [LocalProcess0][resolveAuthority(codespaces,2)][29125744ms] waiting...
2025-01-06 13:36:52.801 [info] [LocalProcess0][resolveAuthority(codespaces,2)][29126744ms] waiting...
2025-01-06 13:36:53.801 [info] [LocalProcess0][resolveAuthority(codespaces,2)][29127744ms] waiting...
2025-01-06 13:36:54.801 [info] [LocalProcess0][resolveAuthority(codespaces,2)][29128744ms] waiting...
2025-01-06 13:36:55.801 [info] [LocalProcess0][resolveAuthority(codespaces,2)][29129744ms] waiting...
2025-01-06 13:36:56.801 [info] [LocalProcess0][resolveAuthority(codespaces,2)][29130744ms] waiting...
2025-01-06 13:36:57.801 [info] [LocalProcess0][resolveAuthority(codespaces,2)][29131744ms] waiting...
2025-01-06 13:36:58.801 [info] [LocalProcess0][resolveAuthority(codespaces,2)][29132744ms] waiting...
2025-01-06 13:36:59.801 [info] [LocalProcess0][resolveAuthority(codespaces,2)][29133744ms] waiting...
2025-01-06 13:37:00.801 [info] [LocalProcess0][resolveAuthority(codespaces,2)][29134744ms] waiting...
2025-01-06 13:37:01.801 [info] [LocalProcess0][resolveAuthority(codespaces,2)][29135744ms] waiting...
2025-01-06 13:37:02.801 [info] [LocalProcess0][resolveAuthority(codespaces,2)][29136744ms] waiting...
2025-01-06 13:37:03.801 [info] [LocalProcess0][resolveAuthority(codespaces,2)][29137744ms] waiting...
2025-01-06 13:37:04.801 [info] [LocalProcess0][resolveAuthority(codespaces,2)][29138744ms] waiting...
2025-01-06 13:37:05.801 [info] [LocalProcess0][resolveAuthority(codespaces,2)][29139744ms] waiting...
2025-01-06 13:37:06.801 [info] [LocalProcess0][resolveAuthority(codespaces,2)][29140744ms] waiting...
2025-01-06 13:37:07.801 [info] [LocalProcess0][resolveAuthority(codespaces,2)][29141744ms] waiting...
2025-01-06 13:37:08.801 [info] [LocalProcess0][resolveAuthority(codespaces,2)][29142744ms] waiting...
2025-01-06 13:37:09.801 [info] [LocalProcess0][resolveAuthority(codespaces,2)][29143744ms] waiting...
2025-01-06 13:37:10.801 [info] [LocalProcess0][resolveAuthority(codespaces,2)][29144744ms] waiting...
2025-01-06 13:37:11.801 [info] [LocalProcess0][resolveAuthority(codespaces,2)][29145744ms] waiting...
2025-01-06 13:37:12.801 [info] [LocalProcess0][resolveAuthority(codespaces,2)][29146744ms] waiting...
2025-01-06 13:37:13.801 [info] [LocalProcess0][resolveAuthority(codespaces,2)][29147744ms] waiting...
2025-01-06 13:37:14.801 [info] [LocalProcess0][resolveAuthority(codespaces,2)][29148744ms] waiting...
2025-01-06 13:37:15.801 [info] [LocalProcess0][resolveAuthority(codespaces,2)][29149744ms] waiting...
2025-01-06 13:37:16.801 [info] [LocalProcess0][resolveAuthority(codespaces,2)][29150744ms] waiting...
2025-01-06 13:37:17.801 [info] [LocalProcess0][resolveAuthority(codespaces,2)][29151744ms] waiting...
2025-01-06 13:37:18.801 [info] [LocalProcess0][resolveAuthority(codespaces,2)][29152744ms] waiting...
2025-01-06 13:37:19.801 [info] [LocalProcess0][resolveAuthority(codespaces,2)][29153744ms] waiting...
2025-01-06 13:37:20.801 [info] [LocalProcess0][resolveAuthority(codespaces,2)][29154744ms] waiting...
2025-01-06 13:37:21.801 [info] [LocalProcess0][resolveAuthority(codespaces,2)][29155744ms] waiting...
2025-01-06 13:37:22.801 [info] [LocalProcess0][resolveAuthority(codespaces,2)][29156744ms] waiting...
2025-01-06 13:37:23.801 [info] [LocalProcess0][resolveAuthority(codespaces,2)][29157744ms] waiting...
2025-01-06 13:37:24.801 [info] [LocalProcess0][resolveAuthority(codespaces,2)][29158744ms] waiting...
2025-01-06 13:37:25.801 [info] [LocalProcess0][resolveAuthority(codespaces,2)][29159744ms] waiting...
2025-01-06 13:37:26.801 [info] [LocalProcess0][resolveAuthority(codespaces,2)][29160744ms] waiting...
2025-01-06 13:37:27.801 [info] [LocalProcess0][resolveAuthority(codespaces,2)][29161744ms] waiting...
2025-01-06 13:37:28.801 [info] [LocalProcess0][resolveAuthority(codespaces,2)][29162744ms] waiting...
2025-01-06 13:37:29.801 [info] [LocalProcess0][resolveAuthority(codespaces,2)][29163744ms] waiting...
2025-01-06 13:37:30.801 [info] [LocalProcess0][resolveAuthority(codespaces,2)][29164744ms] waiting...
2025-01-06 13:37:31.801 [info] [LocalProcess0][resolveAuthority(codespaces,2)][29165744ms] waiting...
2025-01-06 13:37:32.801 [info] [LocalProcess0][resolveAuthority(codespaces,2)][29166744ms] waiting...
2025-01-06 13:37:33.801 [info] [LocalProcess0][resolveAuthority(codespaces,2)][29167744ms] waiting...
2025-01-06 13:37:34.801 [info] [LocalProcess0][resolveAuthority(codespaces,2)][29168744ms] waiting...
2025-01-06 13:37:35.801 [info] [LocalProcess0][resolveAuthority(codespaces,2)][29169744ms] waiting...
2025-01-06 13:37:36.801 [info] [LocalProcess0][resolveAuthority(codespaces,2)][29170744ms] waiting...
2025-01-06 13:37:37.801 [info] [LocalProcess0][resolveAuthority(codespaces,2)][29171744ms] waiting...
2025-01-06 13:37:38.800 [info] [LocalProcess0][resolveAuthority(codespaces,2)][29172744ms] waiting...
2025-01-06 13:37:39.801 [info] [LocalProcess0][resolveAuthority(codespaces,2)][29173744ms] waiting...
2025-01-06 13:37:40.801 [info] [LocalProcess0][resolveAuthority(codespaces,2)][29174744ms] waiting...
2025-01-06 13:37:41.801 [info] [LocalProcess0][resolveAuthority(codespaces,2)][29175744ms] waiting...
2025-01-06 13:37:42.801 [info] [LocalProcess0][resolveAuthority(codespaces,2)][29176744ms] waiting...
2025-01-06 13:37:43.801 [info] [LocalProcess0][resolveAuthority(codespaces,2)][29177744ms] waiting...
2025-01-06 13:37:44.801 [info] [LocalProcess0][resolveAuthority(codespaces,2)][29178744ms] waiting...
2025-01-06 13:37:45.801 [info] [LocalProcess0][resolveAuthority(codespaces,2)][29179744ms] waiting...
2025-01-06 13:37:46.801 [info] [LocalProcess0][resolveAuthority(codespaces,2)][29180744ms] waiting...
2025-01-06 13:37:47.800 [info] [LocalProcess0][resolveAuthority(codespaces,2)][29181744ms] waiting...
2025-01-06 13:37:48.801 [info] [LocalProcess0][resolveAuthority(codespaces,2)][29182744ms] waiting...
2025-01-06 13:37:49.801 [info] [LocalProcess0][resolveAuthority(codespaces,2)][29183744ms] waiting...
2025-01-06 13:37:50.801 [info] [LocalProcess0][resolveAuthority(codespaces,2)][29184744ms] waiting...
2025-01-06 13:37:51.801 [info] [LocalProcess0][resolveAuthority(codespaces,2)][29185744ms] waiting...
2025-01-06 13:37:52.801 [info] [LocalProcess0][resolveAuthority(codespaces,2)][29186744ms] waiting...
2025-01-06 13:37:53.801 [info] [LocalProcess0][resolveAuthority(codespaces,2)][29187744ms] waiting...
2025-01-06 13:37:54.801 [info] [LocalProcess0][resolveAuthority(codespaces,2)][29188744ms] waiting...
2025-01-06 13:37:55.801 [info] [LocalProcess0][resolveAuthority(codespaces,2)][29189744ms] waiting...
2025-01-06 13:37:56.801 [info] [LocalProcess0][resolveAuthority(codespaces,2)][29190744ms] waiting...
2025-01-06 13:37:57.801 [info] [LocalProcess0][resolveAuthority(codespaces,2)][29191744ms] waiting...
2025-01-06 13:37:58.801 [info] [LocalProcess0][resolveAuthority(codespaces,2)][29192744ms] waiting...
2025-01-06 13:37:59.801 [info] [LocalProcess0][resolveAuthority(codespaces,2)][29193744ms] waiting...
2025-01-06 13:38:00.801 [info] [LocalProcess0][resolveAuthority(codespaces,2)][29194744ms] waiting...
2025-01-06 13:38:01.801 [info] [LocalProcess0][resolveAuthority(codespaces,2)][29195744ms] waiting...
2025-01-06 13:38:02.801 [info] [LocalProcess0][resolveAuthority(codespaces,2)][29196744ms] waiting...
2025-01-06 13:38:03.801 [info] [LocalProcess0][resolveAuthority(codespaces,2)][29197744ms] waiting...
2025-01-06 13:38:04.801 [info] [LocalProcess0][resolveAuthority(codespaces,2)][29198744ms] waiting...
2025-01-06 13:38:05.801 [info] [LocalProcess0][resolveAuthority(codespaces,2)][29199744ms] waiting...
2025-01-06 13:38:06.801 [info] [LocalProcess0][resolveAuthority(codespaces,2)][29200744ms] waiting...
2025-01-06 13:38:07.801 [info] [LocalProcess0][resolveAuthority(codespaces,2)][29201744ms] waiting...
2025-01-06 13:38:08.801 [info] [LocalProcess0][resolveAuthority(codespaces,2)][29202744ms] waiting...
2025-01-06 13:38:09.801 [info] [LocalProcess0][resolveAuthority(codespaces,2)][29203744ms] waiting...
2025-01-06 13:38:10.801 [info] [LocalProcess0][resolveAuthority(codespaces,2)][29204744ms] waiting...
2025-01-06 13:38:11.801 [info] [LocalProcess0][resolveAuthority(codespaces,2)][29205744ms] waiting...
2025-01-06 13:38:12.801 [info] [LocalProcess0][resolveAuthority(codespaces,2)][29206744ms] waiting...
2025-01-06 13:38:13.801 [info] [LocalProcess0][resolveAuthority(codespaces,2)][29207744ms] waiting...
2025-01-06 13:38:14.801 [info] [LocalProcess0][resolveAuthority(codespaces,2)][29208744ms] waiting...
2025-01-06 13:38:15.801 [info] [LocalProcess0][resolveAuthority(codespaces,2)][29209744ms] waiting...
2025-01-06 13:38:16.801 [info] [LocalProcess0][resolveAuthority(codespaces,2)][29210744ms] waiting...
2025-01-06 13:38:17.801 [info] [LocalProcess0][resolveAuthority(codespaces,2)][29211744ms] waiting...
2025-01-06 13:38:18.801 [info] [LocalProcess0][resolveAuthority(codespaces,2)][29212744ms] waiting...
2025-01-06 13:38:19.801 [info] [LocalProcess0][resolveAuthority(codespaces,2)][29213744ms] waiting...
2025-01-06 13:38:20.801 [info] [LocalProcess0][resolveAuthority(codespaces,2)][29214744ms] waiting...
2025-01-06 13:38:21.801 [info] [LocalProcess0][resolveAuthority(codespaces,2)][29215744ms] waiting...
2025-01-06 13:38:22.801 [info] [LocalProcess0][resolveAuthority(codespaces,2)][29216744ms] waiting...
2025-01-06 13:38:23.801 [info] [LocalProcess0][resolveAuthority(codespaces,2)][29217744ms] waiting...
2025-01-06 13:38:24.801 [info] [LocalProcess0][resolveAuthority(codespaces,2)][29218744ms] waiting...
2025-01-06 13:38:25.801 [info] [LocalProcess0][resolveAuthority(codespaces,2)][29219744ms] waiting...
2025-01-06 13:38:26.801 [info] [LocalProcess0][resolveAuthority(codespaces,2)][29220744ms] waiting...
2025-01-06 13:38:27.801 [info] [LocalProcess0][resolveAuthority(codespaces,2)][29221744ms] waiting...
2025-01-06 13:38:28.801 [info] [LocalProcess0][resolveAuthority(codespaces,2)][29222744ms] waiting...
2025-01-06 13:38:29.801 [info] [LocalProcess0][resolveAuthority(codespaces,2)][29223744ms] waiting...
2025-01-06 13:38:30.801 [info] [LocalProcess0][resolveAuthority(codespaces,2)][29224744ms] waiting...
2025-01-06 13:38:31.801 [info] [LocalProcess0][resolveAuthority(codespaces,2)][29225744ms] waiting...
2025-01-06 13:38:32.801 [info] [LocalProcess0][resolveAuthority(codespaces,2)][29226744ms] waiting...
2025-01-06 13:38:33.801 [info] [LocalProcess0][resolveAuthority(codespaces,2)][29227744ms] waiting...
2025-01-06 13:38:34.801 [info] [LocalProcess0][resolveAuthority(codespaces,2)][29228744ms] waiting...
2025-01-06 13:38:35.801 [info] [LocalProcess0][resolveAuthority(codespaces,2)][29229744ms] waiting...
2025-01-06 13:38:36.801 [info] [LocalProcess0][resolveAuthority(codespaces,2)][29230744ms] waiting...
2025-01-06 13:38:37.801 [info] [LocalProcess0][resolveAuthority(codespaces,2)][29231744ms] waiting...
2025-01-06 13:38:38.801 [info] [LocalProcess0][resolveAuthority(codespaces,2)][29232744ms] waiting...
2025-01-06 13:38:39.801 [info] [LocalProcess0][resolveAuthority(codespaces,2)][29233744ms] waiting...
2025-01-06 13:38:40.801 [info] [LocalProcess0][resolveAuthority(codespaces,2)][29234744ms] waiting...
2025-01-06 13:38:41.801 [info] [LocalProcess0][resolveAuthority(codespaces,2)][29235744ms] waiting...
2025-01-06 13:38:42.801 [info] [LocalProcess0][resolveAuthority(codespaces,2)][29236744ms] waiting...
2025-01-06 13:38:43.801 [info] [LocalProcess0][resolveAuthority(codespaces,2)][29237744ms] waiting...
2025-01-06 13:38:44.801 [info] [LocalProcess0][resolveAuthority(codespaces,2)][29238744ms] waiting...
2025-01-06 13:38:45.801 [info] [LocalProcess0][resolveAuthority(codespaces,2)][29239744ms] waiting...
2025-01-06 13:38:46.801 [info] [LocalProcess0][resolveAuthority(codespaces,2)][29240744ms] waiting...
2025-01-06 13:38:47.801 [info] [LocalProcess0][resolveAuthority(codespaces,2)][29241744ms] waiting...
2025-01-06 13:38:48.801 [info] [LocalProcess0][resolveAuthority(codespaces,2)][29242744ms] waiting...
2025-01-06 13:38:49.801 [info] [LocalProcess0][resolveAuthority(codespaces,2)][29243744ms] waiting...
2025-01-06 13:38:50.801 [info] [LocalProcess0][resolveAuthority(codespaces,2)][29244744ms] waiting...
2025-01-06 13:38:51.801 [info] [LocalProcess0][resolveAuthority(codespaces,2)][29245744ms] waiting...
2025-01-06 13:38:52.801 [info] [LocalProcess0][resolveAuthority(codespaces,2)][29246744ms] waiting...
2025-01-06 13:38:53.801 [info] [LocalProcess0][resolveAuthority(codespaces,2)][29247744ms] waiting...
2025-01-06 13:38:54.801 [info] [LocalProcess0][resolveAuthority(codespaces,2)][29248744ms] waiting...
2025-01-06 13:38:55.801 [info] [LocalProcess0][resolveAuthority(codespaces,2)][29249744ms] waiting...
2025-01-06 13:38:56.801 [info] [LocalProcess0][resolveAuthority(codespaces,2)][29250744ms] waiting...
2025-01-06 13:38:57.801 [info] [LocalProcess0][resolveAuthority(codespaces,2)][29251744ms] waiting...
2025-01-06 13:38:58.801 [info] [LocalProcess0][resolveAuthority(codespaces,2)][29252744ms] waiting...
2025-01-06 13:38:59.801 [info] [LocalProcess0][resolveAuthority(codespaces,2)][29253744ms] waiting...
2025-01-06 13:39:00.801 [info] [LocalProcess0][resolveAuthority(codespaces,2)][29254744ms] waiting...
2025-01-06 13:39:01.801 [info] [LocalProcess0][resolveAuthority(codespaces,2)][29255744ms] waiting...
2025-01-06 13:39:02.800 [info] [LocalProcess0][resolveAuthority(codespaces,2)][29256744ms] waiting...
2025-01-06 13:39:03.801 [info] [LocalProcess0][resolveAuthority(codespaces,2)][29257744ms] waiting...
2025-01-06 13:39:04.801 [info] [LocalProcess0][resolveAuthority(codespaces,2)][29258744ms] waiting...
2025-01-06 13:39:05.007 [info] [remote-connection][ExtensionHost][7043d…][reconnect] received socket timeout event (unacknowledgedMsgCount: 7, timeSinceOldestUnacknowledgedMsg: 29258934, timeSinceLastReceivedSomeData: 29260911).
2025-01-06 13:39:05.014 [info] [remote-connection][Management   ][2b667…][reconnect] received socket timeout event (unacknowledgedMsgCount: 2, timeSinceOldestUnacknowledgedMsg: 438062, timeSinceLastReceivedSomeData: 29262045).
2025-01-06 13:39:05.801 [info] [LocalProcess0][resolveAuthority(codespaces,2)][29259744ms] waiting...
2025-01-06 13:39:06.800 [info] [LocalProcess0][resolveAuthority(codespaces,2)][29260744ms] waiting...
2025-01-06 13:39:07.578 [error] [LocalProcess0][resolveAuthority(codespaces,2)][29261521ms] returned an error Canceled
2025-01-06 13:39:07.578 [error] resolveAuthority(codespaces) returned an error after 29261523 ms Canceled
2025-01-06 13:39:07.578 [error] Unable to read file 'vscode-remote://codespaces+reimagined-guide-r44jgjgpvr472xp9x/workspaces/158309813/credit/credit.c' (Canceled: Canceled): Error: Unable to read file 'vscode-remote://codespaces+reimagined-guide-r44jgjgpvr472xp9x/workspaces/158309813/credit/credit.c' (Canceled: Canceled)
    at _ot.F (vscode-file://vscode-app/opt/visual-studio-code/resources/app/out/vs/workbench/workbench.desktop.main.js:3108:64665)
    at _ot.D (vscode-file://vscode-app/opt/visual-studio-code/resources/app/out/vs/workbench/workbench.desktop.main.js:3108:64490)
    at async iat.M (vscode-file://vscode-app/opt/visual-studio-code/resources/app/out/vs/workbench/workbench.desktop.main.js:3109:9121)
    at async iat.readStream (vscode-file://vscode-app/opt/visual-studio-code/resources/app/out/vs/workbench/workbench.desktop.main.js:3109:8896)
    at async Nfe.Db (vscode-file://vscode-app/opt/visual-studio-code/resources/app/out/vs/workbench/workbench.desktop.main.js:1295:11960)
    at async Nfe.resolve (vscode-file://vscode-app/opt/visual-studio-code/resources/app/out/vs/workbench/workbench.desktop.main.js:1295:10435)
    at async vscode-file://vscode-app/opt/visual-studio-code/resources/app/out/vs/workbench/workbench.desktop.main.js:3109:5480
2025-01-06 13:39:07.579 [error] [remote-connection][Management   ][2b667…][reconnect] A RemoteAuthorityResolverError occurred while trying to reconnect. Will give up now! Error:
2025-01-06 13:39:07.579 [error] CodeExpectedError: Canceled
    at Olt.sb (vscode-file://vscode-app/opt/visual-studio-code/resources/app/out/vs/workbench/workbench.desktop.main.js:3150:16044)
    at async Olt.rb (vscode-file://vscode-app/opt/visual-studio-code/resources/app/out/vs/workbench/workbench.desktop.main.js:3150:15410)
    at async Olt.qb (vscode-file://vscode-app/opt/visual-studio-code/resources/app/out/vs/workbench/workbench.desktop.main.js:3150:15148)
2025-01-06 13:39:07.579 [error] [remote-connection][ExtensionHost][7043d…][reconnect] A RemoteAuthorityResolverError occurred while trying to reconnect. Will give up now! Error:
2025-01-06 13:39:07.579 [error] CodeExpectedError: Canceled
    at Olt.sb (vscode-file://vscode-app/opt/visual-studio-code/resources/app/out/vs/workbench/workbench.desktop.main.js:3150:16044)
    at async Olt.rb (vscode-file://vscode-app/opt/visual-studio-code/resources/app/out/vs/workbench/workbench.desktop.main.js:3150:15410)
    at async Olt.qb (vscode-file://vscode-app/opt/visual-studio-code/resources/app/out/vs/workbench/workbench.desktop.main.js:3150:15148)
2025-01-06 13:39:07.820 [warning] Via 'product.json#extensionEnabledApiProposals' extension 'ms-vscode.vscode-selfhost-test-provider' wants API proposal 'attributableCoverage' but that proposal DOES NOT EXIST. Likely, the proposal has been finalized (check 'vscode.d.ts') or was abandoned.
2025-01-06 13:39:07.820 [warning] Via 'product.json#extensionEnabledApiProposals' extension 'ms-python.python' wants API proposal 'contribIssueReporter' but that proposal DOES NOT EXIST. Likely, the proposal has been finalized (check 'vscode.d.ts') or was abandoned.
2025-01-06 13:39:07.820 [warning] Via 'product.json#extensionEnabledApiProposals' extension 'ms-python.debugpy' wants API proposal 'contribIssueReporter' but that proposal DOES NOT EXIST. Likely, the proposal has been finalized (check 'vscode.d.ts') or was abandoned.
2025-01-06 13:39:07.978 [info] Started local extension host with pid 696002.
2025-01-06 13:39:08.898 [info] Settings Sync: Account status changed from uninitialized to unavailable
