2025-01-06 04:50:00.411 [info] Added views:workbench.view.search in workbench.view.search
2025-01-06 04:50:00.411 [info] Added views:workbench.scm in workbench.view.scm
2025-01-06 04:50:00.411 [info] Added views:workbench.panel.markers.view in workbench.panel.markers
2025-01-06 04:50:00.411 [info] Added views:workbench.panel.output in workbench.panel.output
2025-01-06 04:50:00.411 [info] Added views:terminal in terminal
2025-01-06 04:50:00.411 [info] Added views:timeline in workbench.view.explorer
2025-01-06 04:50:00.411 [info] Added views:workbench.explorer.fileView in workbench.view.explorer
2025-01-06 04:50:00.603 [info] Added views:workbench.debug.welcome in workbench.view.debug
2025-01-06 04:50:07.767 [info] Added views:~remote.forwardedPorts in ~remote.forwardedPortsContainer
2025-01-06 04:50:09.110 [info] Added views:cs50-menu in workbench.view.extension.cs50-menu
2025-01-06 04:50:09.111 [info] Added views:ddb50.chatWindow in workbench.view.extension.ddb50
2025-01-06 04:50:09.112 [info] Added views:github.codespaces.explorer in workbench.view.remote
2025-01-06 04:50:09.112 [info] Added views:pr:github,issues:github in workbench.view.extension.github-pull-requests
2025-01-06 04:50:09.114 [info] Added views:dockerContainers,dockerImages,dockerRegistries,dockerNetworks,dockerVolumes,vscode-docker.views.dockerContexts,vscode-docker.views.help in workbench.view.extension.dockerView
2025-01-06 04:50:09.116 [info] Added views:liveshare.session in workbench.view.extension.liveshare
2025-01-06 04:50:10.740 [info] Added views:workbench.panel.repl.view in workbench.panel.repl
2025-01-06 04:50:11.866 [info] Added views:workbench.scm.history in workbench.view.scm
2025-01-06 04:50:14.006 [info] Removed views:issues:github,pr:github from workbench.view.extension.github-pull-requests
2025-01-06 04:50:14.006 [info] Added views:github:login in workbench.view.extension.github-pull-requests
2025-01-06 13:39:07.570 [info] Removed views:workbench.scm.history from workbench.view.scm
2025-01-06 13:39:07.937 [info] Added views:workbench.view.search in workbench.view.search
2025-01-06 13:39:07.937 [info] Added views:workbench.scm in workbench.view.scm
2025-01-06 13:39:07.937 [info] Added views:workbench.panel.markers.view in workbench.panel.markers
2025-01-06 13:39:07.937 [info] Added views:workbench.panel.output in workbench.panel.output
2025-01-06 13:39:07.937 [info] Added views:terminal in terminal
2025-01-06 13:39:07.937 [info] Added views:timeline in workbench.view.explorer
2025-01-06 13:39:07.937 [info] Added views:workbench.explorer.emptyView in workbench.view.explorer
2025-01-06 13:39:08.137 [info] Added views:workbench.debug.variablesView,workbench.debug.watchExpressionsView,workbench.debug.callStackView,workbench.debug.breakPointsView in workbench.view.debug
2025-01-06 13:39:08.543 [info] Added views:github.codespaces.explorer in workbench.view.remote
2025-01-06 13:39:08.543 [info] Added views:remoteTargets in workbench.view.remote
2025-01-06 13:39:08.838 [info] Added views:~remote.forwardedPorts in ~remote.forwardedPortsContainer
2025-01-06 13:39:08.856 [info] Added views:workbench.panel.repl.view in workbench.panel.repl
2025-01-06 13:39:08.858 [info] Removed views:workbench.debug.breakPointsView,workbench.debug.callStackView,workbench.debug.watchExpressionsView,workbench.debug.variablesView from workbench.view.debug
2025-01-06 13:39:08.860 [info] Added views:workbench.debug.welcome in workbench.view.debug
