2025-01-03 20:43:11.996: [INFO][Sync] Reset engine, reason: 8
2025-01-03 20:43:11.996: [INFO][Sync] Stopped: Bookmarks
2025-01-03 20:43:11.996: [INFO][Sync] Stopped: Preferences
2025-01-03 20:43:11.996: [INFO][Sync] Stopped: Passwords
2025-01-03 20:43:11.996: [INFO][Sync] Stopped: Autofill Profiles
2025-01-03 20:43:11.996: [INFO][Sync] Stopped: Autofill
2025-01-03 20:43:11.996: [INFO][Sync] Stopped: Typed URLs
2025-01-03 20:43:11.996: [INFO][Sync] Stopped: Extensions
2025-01-03 20:43:11.996: [INFO][Sync] Stopped: Sessions
2025-01-03 20:43:11.996: [INFO][Sync] Stopped: Extension settings
2025-01-03 20:43:11.996: [INFO][Sync] Stopped: History Delete Directives
2025-01-03 20:43:11.996: [INFO][Sync] Stopped: Device Info
2025-01-03 20:43:11.996: [INFO][Sync] Stopped: User Consents
2025-01-03 20:43:11.996: [INFO][Sync] Stopped: Send Tab To Self
2025-01-03 20:43:11.996: [INFO][Sync] Stopped: Web Apps
2025-01-03 20:43:11.996: [INFO][Sync] Stopped: History
2025-01-03 20:43:11.996: [INFO][Sync] Stopped: Collection
2025-01-03 20:43:11.996: [INFO][Sync] Stopped: Edge E Drop
2025-01-03 20:43:11.996: [INFO][Sync] Stopped: Edge Hub App Usage
2025-01-03 20:43:11.996: [INFO][Sync] Stopped: Edge Tab Group
2025-01-03 20:43:11.996: [INFO][Sync] Stopped: Edge Wallet
2025-01-03 20:43:11.996: [INFO][Sync] SyncState after authenticated was: NotSignedIn
2025-01-03 20:43:12.116: [INFO][Sync] Reset engine, reason: 8
2025-01-03 20:43:12.116: [INFO][Sync] Stopped: Bookmarks
2025-01-03 20:43:12.116: [INFO][Sync] Stopped: Preferences
2025-01-03 20:43:12.116: [INFO][Sync] Stopped: Passwords
2025-01-03 20:43:12.116: [INFO][Sync] Stopped: Autofill Profiles
2025-01-03 20:43:12.116: [INFO][Sync] Stopped: Autofill
2025-01-03 20:43:12.116: [INFO][Sync] Stopped: Typed URLs
2025-01-03 20:43:12.116: [INFO][Sync] Stopped: Extensions
2025-01-03 20:43:12.116: [INFO][Sync] Stopped: Sessions
2025-01-03 20:43:12.116: [INFO][Sync] Stopped: Extension settings
2025-01-03 20:43:12.116: [INFO][Sync] Stopped: History Delete Directives
2025-01-03 20:43:12.116: [INFO][Sync] Stopped: Device Info
2025-01-03 20:43:12.116: [INFO][Sync] Stopped: User Consents
2025-01-03 20:43:12.116: [INFO][Sync] Stopped: Send Tab To Self
2025-01-03 20:43:12.116: [INFO][Sync] Stopped: Web Apps
2025-01-03 20:43:12.116: [INFO][Sync] Stopped: History
2025-01-03 20:43:12.116: [INFO][Sync] Stopped: Collection
2025-01-03 20:43:12.116: [INFO][Sync] Stopped: Edge E Drop
2025-01-03 20:43:12.116: [INFO][Sync] Stopped: Edge Hub App Usage
2025-01-03 20:43:12.116: [INFO][Sync] Stopped: Edge Tab Group
2025-01-03 20:43:12.116: [INFO][Sync] Stopped: Edge Wallet
2025-01-03 21:07:46.386: [INFO][Sync] Reset engine, reason: 0
2025-01-03 21:51:39.535: [INFO][Sync] Reset engine, reason: 8
2025-01-03 21:51:39.535: [INFO][Sync] Stopped: Bookmarks
2025-01-03 21:51:39.535: [INFO][Sync] Stopped: Preferences
2025-01-03 21:51:39.535: [INFO][Sync] Stopped: Passwords
2025-01-03 21:51:39.535: [INFO][Sync] Stopped: Autofill Profiles
2025-01-03 21:51:39.535: [INFO][Sync] Stopped: Autofill
2025-01-03 21:51:39.535: [INFO][Sync] Stopped: Typed URLs
2025-01-03 21:51:39.535: [INFO][Sync] Stopped: Extensions
2025-01-03 21:51:39.535: [INFO][Sync] Stopped: Sessions
2025-01-03 21:51:39.535: [INFO][Sync] Stopped: Extension settings
2025-01-03 21:51:39.535: [INFO][Sync] Stopped: History Delete Directives
2025-01-03 21:51:39.535: [INFO][Sync] Stopped: Device Info
2025-01-03 21:51:39.535: [INFO][Sync] Stopped: User Consents
2025-01-03 21:51:39.535: [INFO][Sync] Stopped: Send Tab To Self
2025-01-03 21:51:39.535: [INFO][Sync] Stopped: Web Apps
2025-01-03 21:51:39.535: [INFO][Sync] Stopped: History
2025-01-03 21:51:39.535: [INFO][Sync] Stopped: Collection
2025-01-03 21:51:39.535: [INFO][Sync] Stopped: Edge E Drop
2025-01-03 21:51:39.535: [INFO][Sync] Stopped: Edge Hub App Usage
2025-01-03 21:51:39.535: [INFO][Sync] Stopped: Edge Tab Group
2025-01-03 21:51:39.535: [INFO][Sync] Stopped: Edge Wallet
2025-01-03 21:51:39.535: [INFO][Sync] SyncState after authenticated was: NotSignedIn
2025-01-03 21:51:39.790: [INFO][Sync] Reset engine, reason: 8
2025-01-03 21:51:39.790: [INFO][Sync] Stopped: Bookmarks
2025-01-03 21:51:39.790: [INFO][Sync] Stopped: Preferences
2025-01-03 21:51:39.790: [INFO][Sync] Stopped: Passwords
2025-01-03 21:51:39.790: [INFO][Sync] Stopped: Autofill Profiles
2025-01-03 21:51:39.790: [INFO][Sync] Stopped: Autofill
2025-01-03 21:51:39.790: [INFO][Sync] Stopped: Typed URLs
2025-01-03 21:51:39.790: [INFO][Sync] Stopped: Extensions
2025-01-03 21:51:39.790: [INFO][Sync] Stopped: Sessions
2025-01-03 21:51:39.790: [INFO][Sync] Stopped: Extension settings
2025-01-03 21:51:39.790: [INFO][Sync] Stopped: History Delete Directives
2025-01-03 21:51:39.790: [INFO][Sync] Stopped: Device Info
2025-01-03 21:51:39.790: [INFO][Sync] Stopped: User Consents
2025-01-03 21:51:39.790: [INFO][Sync] Stopped: Send Tab To Self
2025-01-03 21:51:39.790: [INFO][Sync] Stopped: Web Apps
2025-01-03 21:51:39.790: [INFO][Sync] Stopped: History
2025-01-03 21:51:39.790: [INFO][Sync] Stopped: Collection
2025-01-03 21:51:39.790: [INFO][Sync] Stopped: Edge E Drop
2025-01-03 21:51:39.790: [INFO][Sync] Stopped: Edge Hub App Usage
2025-01-03 21:51:39.790: [INFO][Sync] Stopped: Edge Tab Group
2025-01-03 21:51:39.790: [INFO][Sync] Stopped: Edge Wallet
2025-01-04 08:08:21.498: [INFO][Sync] Reset engine, reason: 0
2025-01-05 16:40:14.774: [INFO][Sync] Reset engine, reason: 8
2025-01-05 16:40:14.774: [INFO][Sync] Stopped: Bookmarks
2025-01-05 16:40:14.774: [INFO][Sync] Stopped: Preferences
2025-01-05 16:40:14.774: [INFO][Sync] Stopped: Passwords
2025-01-05 16:40:14.774: [INFO][Sync] Stopped: Autofill Profiles
2025-01-05 16:40:14.774: [INFO][Sync] Stopped: Autofill
2025-01-05 16:40:14.774: [INFO][Sync] Stopped: Typed URLs
2025-01-05 16:40:14.774: [INFO][Sync] Stopped: Extensions
2025-01-05 16:40:14.774: [INFO][Sync] Stopped: Sessions
2025-01-05 16:40:14.774: [INFO][Sync] Stopped: Extension settings
2025-01-05 16:40:14.774: [INFO][Sync] Stopped: History Delete Directives
2025-01-05 16:40:14.774: [INFO][Sync] Stopped: Device Info
2025-01-05 16:40:14.774: [INFO][Sync] Stopped: User Consents
2025-01-05 16:40:14.774: [INFO][Sync] Stopped: Send Tab To Self
2025-01-05 16:40:14.774: [INFO][Sync] Stopped: Web Apps
2025-01-05 16:40:14.774: [INFO][Sync] Stopped: History
2025-01-05 16:40:14.774: [INFO][Sync] Stopped: Saved Tab Group
2025-01-05 16:40:14.774: [INFO][Sync] Stopped: Collection
2025-01-05 16:40:14.774: [INFO][Sync] Stopped: Edge E Drop
2025-01-05 16:40:14.774: [INFO][Sync] Stopped: Edge Hub App Usage
2025-01-05 16:40:14.774: [INFO][Sync] Stopped: Edge Tab Group
2025-01-05 16:40:14.774: [INFO][Sync] Stopped: Edge Wallet
2025-01-05 16:40:14.775: [INFO][Sync] SyncState after authenticated was: NotSignedIn
2025-01-05 16:40:14.961: [INFO][Sync] Reset engine, reason: 8
2025-01-05 16:40:14.961: [INFO][Sync] Stopped: Bookmarks
2025-01-05 16:40:14.961: [INFO][Sync] Stopped: Preferences
2025-01-05 16:40:14.961: [INFO][Sync] Stopped: Passwords
2025-01-05 16:40:14.961: [INFO][Sync] Stopped: Autofill Profiles
2025-01-05 16:40:14.961: [INFO][Sync] Stopped: Autofill
2025-01-05 16:40:14.961: [INFO][Sync] Stopped: Typed URLs
2025-01-05 16:40:14.961: [INFO][Sync] Stopped: Extensions
2025-01-05 16:40:14.961: [INFO][Sync] Stopped: Sessions
2025-01-05 16:40:14.961: [INFO][Sync] Stopped: Extension settings
2025-01-05 16:40:14.961: [INFO][Sync] Stopped: History Delete Directives
2025-01-05 16:40:14.961: [INFO][Sync] Stopped: Device Info
2025-01-05 16:40:14.961: [INFO][Sync] Stopped: User Consents
2025-01-05 16:40:14.961: [INFO][Sync] Stopped: Send Tab To Self
2025-01-05 16:40:14.961: [INFO][Sync] Stopped: Web Apps
2025-01-05 16:40:14.961: [INFO][Sync] Stopped: History
2025-01-05 16:40:14.961: [INFO][Sync] Stopped: Saved Tab Group
2025-01-05 16:40:14.961: [INFO][Sync] Stopped: Collection
2025-01-05 16:40:14.961: [INFO][Sync] Stopped: Edge E Drop
2025-01-05 16:40:14.961: [INFO][Sync] Stopped: Edge Hub App Usage
2025-01-05 16:40:14.961: [INFO][Sync] Stopped: Edge Tab Group
2025-01-05 16:40:14.961: [INFO][Sync] Stopped: Edge Wallet
2025-01-05 16:50:11.331: [INFO][Sync] Reset engine, reason: 8
2025-01-05 16:50:11.331: [INFO][Sync] Stopped: Bookmarks
2025-01-05 16:50:11.331: [INFO][Sync] Stopped: Preferences
2025-01-05 16:50:11.331: [INFO][Sync] Stopped: Passwords
2025-01-05 16:50:11.331: [INFO][Sync] Stopped: Autofill Profiles
2025-01-05 16:50:11.331: [INFO][Sync] Stopped: Autofill
2025-01-05 16:50:11.331: [INFO][Sync] Stopped: Typed URLs
2025-01-05 16:50:11.331: [INFO][Sync] Stopped: Extensions
2025-01-05 16:50:11.331: [INFO][Sync] Stopped: Sessions
2025-01-05 16:50:11.331: [INFO][Sync] Stopped: Extension settings
2025-01-05 16:50:11.331: [INFO][Sync] Stopped: History Delete Directives
2025-01-05 16:50:11.331: [INFO][Sync] Stopped: Device Info
2025-01-05 16:50:11.331: [INFO][Sync] Stopped: User Consents
2025-01-05 16:50:11.331: [INFO][Sync] Stopped: Send Tab To Self
2025-01-05 16:50:11.331: [INFO][Sync] Stopped: Web Apps
2025-01-05 16:50:11.331: [INFO][Sync] Stopped: History
2025-01-05 16:50:11.331: [INFO][Sync] Stopped: Saved Tab Group
2025-01-05 16:50:11.331: [INFO][Sync] Stopped: Collection
2025-01-05 16:50:11.331: [INFO][Sync] Stopped: Edge E Drop
2025-01-05 16:50:11.331: [INFO][Sync] Stopped: Edge Hub App Usage
2025-01-05 16:50:11.331: [INFO][Sync] Stopped: Edge Tab Group
2025-01-05 16:50:11.331: [INFO][Sync] Stopped: Edge Wallet
2025-01-05 16:50:11.332: [INFO][Sync] SyncState after authenticated was: NotSignedIn
2025-01-05 16:50:11.507: [INFO][Sync] Reset engine, reason: 8
2025-01-05 16:50:11.507: [INFO][Sync] Stopped: Bookmarks
2025-01-05 16:50:11.507: [INFO][Sync] Stopped: Preferences
2025-01-05 16:50:11.507: [INFO][Sync] Stopped: Passwords
2025-01-05 16:50:11.507: [INFO][Sync] Stopped: Autofill Profiles
2025-01-05 16:50:11.507: [INFO][Sync] Stopped: Autofill
2025-01-05 16:50:11.507: [INFO][Sync] Stopped: Typed URLs
2025-01-05 16:50:11.507: [INFO][Sync] Stopped: Extensions
2025-01-05 16:50:11.507: [INFO][Sync] Stopped: Sessions
2025-01-05 16:50:11.507: [INFO][Sync] Stopped: Extension settings
2025-01-05 16:50:11.507: [INFO][Sync] Stopped: History Delete Directives
2025-01-05 16:50:11.507: [INFO][Sync] Stopped: Device Info
2025-01-05 16:50:11.507: [INFO][Sync] Stopped: User Consents
2025-01-05 16:50:11.507: [INFO][Sync] Stopped: Send Tab To Self
2025-01-05 16:50:11.507: [INFO][Sync] Stopped: Web Apps
2025-01-05 16:50:11.507: [INFO][Sync] Stopped: History
2025-01-05 16:50:11.507: [INFO][Sync] Stopped: Saved Tab Group
2025-01-05 16:50:11.507: [INFO][Sync] Stopped: Collection
2025-01-05 16:50:11.507: [INFO][Sync] Stopped: Edge E Drop
2025-01-05 16:50:11.507: [INFO][Sync] Stopped: Edge Hub App Usage
2025-01-05 16:50:11.507: [INFO][Sync] Stopped: Edge Tab Group
2025-01-05 16:50:11.507: [INFO][Sync] Stopped: Edge Wallet
2025-01-05 16:52:03.422: [INFO][Sync] Reset engine, reason: 0
2025-01-05 17:44:21.488: [INFO][Sync] Reset engine, reason: 8
2025-01-05 17:44:21.488: [INFO][Sync] Stopped: Bookmarks
2025-01-05 17:44:21.488: [INFO][Sync] Stopped: Preferences
2025-01-05 17:44:21.488: [INFO][Sync] Stopped: Passwords
2025-01-05 17:44:21.488: [INFO][Sync] Stopped: Autofill Profiles
2025-01-05 17:44:21.488: [INFO][Sync] Stopped: Autofill
2025-01-05 17:44:21.488: [INFO][Sync] Stopped: Typed URLs
2025-01-05 17:44:21.488: [INFO][Sync] Stopped: Extensions
2025-01-05 17:44:21.488: [INFO][Sync] Stopped: Sessions
2025-01-05 17:44:21.488: [INFO][Sync] Stopped: Extension settings
2025-01-05 17:44:21.488: [INFO][Sync] Stopped: History Delete Directives
2025-01-05 17:44:21.488: [INFO][Sync] Stopped: Device Info
2025-01-05 17:44:21.488: [INFO][Sync] Stopped: User Consents
2025-01-05 17:44:21.488: [INFO][Sync] Stopped: Send Tab To Self
2025-01-05 17:44:21.488: [INFO][Sync] Stopped: Web Apps
2025-01-05 17:44:21.488: [INFO][Sync] Stopped: History
2025-01-05 17:44:21.488: [INFO][Sync] Stopped: Saved Tab Group
2025-01-05 17:44:21.488: [INFO][Sync] Stopped: Collection
2025-01-05 17:44:21.488: [INFO][Sync] Stopped: Edge E Drop
2025-01-05 17:44:21.488: [INFO][Sync] Stopped: Edge Hub App Usage
2025-01-05 17:44:21.488: [INFO][Sync] Stopped: Edge Tab Group
2025-01-05 17:44:21.488: [INFO][Sync] Stopped: Edge Wallet
2025-01-05 17:44:21.488: [INFO][Sync] SyncState after authenticated was: NotSignedIn
2025-01-05 17:44:21.565: [INFO][Sync] Reset engine, reason: 8
2025-01-05 17:44:21.565: [INFO][Sync] Stopped: Bookmarks
2025-01-05 17:44:21.565: [INFO][Sync] Stopped: Preferences
2025-01-05 17:44:21.565: [INFO][Sync] Stopped: Passwords
2025-01-05 17:44:21.565: [INFO][Sync] Stopped: Autofill Profiles
2025-01-05 17:44:21.565: [INFO][Sync] Stopped: Autofill
2025-01-05 17:44:21.565: [INFO][Sync] Stopped: Typed URLs
2025-01-05 17:44:21.565: [INFO][Sync] Stopped: Extensions
2025-01-05 17:44:21.565: [INFO][Sync] Stopped: Sessions
2025-01-05 17:44:21.565: [INFO][Sync] Stopped: Extension settings
2025-01-05 17:44:21.565: [INFO][Sync] Stopped: History Delete Directives
2025-01-05 17:44:21.565: [INFO][Sync] Stopped: Device Info
2025-01-05 17:44:21.565: [INFO][Sync] Stopped: User Consents
2025-01-05 17:44:21.565: [INFO][Sync] Stopped: Send Tab To Self
2025-01-05 17:44:21.565: [INFO][Sync] Stopped: Web Apps
2025-01-05 17:44:21.565: [INFO][Sync] Stopped: History
2025-01-05 17:44:21.565: [INFO][Sync] Stopped: Saved Tab Group
2025-01-05 17:44:21.565: [INFO][Sync] Stopped: Collection
2025-01-05 17:44:21.565: [INFO][Sync] Stopped: Edge E Drop
2025-01-05 17:44:21.565: [INFO][Sync] Stopped: Edge Hub App Usage
2025-01-05 17:44:21.565: [INFO][Sync] Stopped: Edge Tab Group
2025-01-05 17:44:21.565: [INFO][Sync] Stopped: Edge Wallet
2025-01-05 17:44:27.630: [INFO][Sync] Reset engine, reason: 0
