2025-01-06 04:27:18.897 [info] Configuration changed
2025-01-06 04:27:19.440 [info] Configuration changed
2025-01-06 04:29:05.328 [info] Active editor: vscode-remote://codespaces%2Breimagined-guide-r44jgjgpvr472xp9x/workspaces/158309813/lecture/sorry.c
2025-01-06 04:29:05.337 [info] /workspaces/158309813/credit/credit.c.git closed
2025-01-06 04:29:27.955 [info] /workspaces/158309813/.vscode/settings.json closed
2025-01-06 04:30:04.986 [info] Active editor: vscode-remote://codespaces%2Breimagined-guide-r44jgjgpvr472xp9x/workspaces/158309813/lecture/mario.c
2025-01-06 04:30:04.993 [info] /workspaces/158309813/lecture/sorry.c.git closed
2025-01-06 04:30:21.206 [info] Active editor: vscode-remote://codespaces%2Breimagined-guide-r44jgjgpvr472xp9x/workspaces/158309813/lecture/meow.c
2025-01-06 04:30:21.210 [info] /workspaces/158309813/lecture/mario.c.git closed
2025-01-06 04:34:02.689 [info] Active editor: vscode-remote://codespaces%2Breimagined-guide-r44jgjgpvr472xp9x/workspaces/158309813/credit/credit.c
2025-01-06 04:34:02.696 [info] /workspaces/158309813/lecture/meow.c.git closed
2025-01-06 04:36:50.082 [info] Active editor: vscode-remote://codespaces%2Breimagined-guide-r44jgjgpvr472xp9x/workspaces/158309813/plurality/plurality.c
2025-01-06 04:36:50.094 [info] /workspaces/158309813/credit/credit.c.git closed
2025-01-06 04:36:54.996 [info] Active editor: vscode-remote://codespaces%2Breimagined-guide-r44jgjgpvr472xp9x/workspaces/158309813/plurality/sample.c
2025-01-06 04:36:55.002 [info] /workspaces/158309813/plurality/plurality.c.git closed
2025-01-06 04:36:57.864 [info] Active editor: vscode-remote://codespaces%2Breimagined-guide-r44jgjgpvr472xp9x/workspaces/158309813/credit/credit.c
2025-01-06 04:36:57.866 [info] /workspaces/158309813/plurality/sample.c.git closed
2025-01-06 04:37:58.243 [info] Active editor: vscode-remote://codespaces%2Breimagined-guide-r44jgjgpvr472xp9x/workspaces/158309813/plurality/plurality.c
2025-01-06 04:37:58.248 [info] /workspaces/158309813/credit/credit.c.git closed
2025-01-06 04:38:02.719 [info] Active editor: vscode-remote://codespaces%2Breimagined-guide-r44jgjgpvr472xp9x/workspaces/158309813/credit/credit.c
2025-01-06 04:38:02.724 [info] /workspaces/158309813/plurality/plurality.c.git closed
2025-01-06 04:38:06.990 [info] Active editor: vscode-remote://codespaces%2Breimagined-guide-r44jgjgpvr472xp9x/workspaces/158309813/plurality/plurality.c
2025-01-06 04:38:06.994 [info] /workspaces/158309813/credit/credit.c.git closed
2025-01-06 04:38:11.657 [info] Active editor: vscode-remote://codespaces%2Breimagined-guide-r44jgjgpvr472xp9x/workspaces/158309813/credit/credit.c
2025-01-06 04:38:11.664 [info] /workspaces/158309813/plurality/plurality.c.git closed
2025-01-06 04:38:20.114 [info] Active editor: vscode-remote://codespaces%2Breimagined-guide-r44jgjgpvr472xp9x/workspaces/158309813/plurality/plurality.c
2025-01-06 04:38:20.120 [info] /workspaces/158309813/credit/credit.c.git closed
2025-01-06 04:38:25.938 [info] Active editor: vscode-remote://codespaces%2Breimagined-guide-r44jgjgpvr472xp9x/workspaces/158309813/credit/credit.c
2025-01-06 04:38:25.943 [info] /workspaces/158309813/plurality/plurality.c.git closed
2025-01-06 04:42:41.426 [info] Active editor: vscode-remote://codespaces%2Breimagined-guide-r44jgjgpvr472xp9x/workspaces/158309813/lecture/meow.c
2025-01-06 04:42:41.432 [info] /workspaces/158309813/credit/credit.c.git closed
2025-01-06 04:44:23.662 [info] Active editor: vscode-remote://codespaces%2Breimagined-guide-r44jgjgpvr472xp9x/workspaces/158309813/plurality/sample.c
2025-01-06 04:44:23.667 [info] /workspaces/158309813/lecture/meow.c.git closed
2025-01-06 04:46:23.873 [info] /workspaces/158309813/plurality/sample.c closed
2025-01-06 04:46:23.876 [info] Active editor: vscode-remote://codespaces%2Breimagined-guide-r44jgjgpvr472xp9x/workspaces/158309813/lecture/meow.c
2025-01-06 04:46:23.882 [info] /workspaces/158309813/plurality/sample.c.git closed
2025-01-06 04:46:59.102 [info] Configuration changed
2025-01-06 04:47:07.838 [info] /workspaces/158309813/lecture/meow.c closed
2025-01-06 04:47:07.841 [info] Active editor: vscode-remote://codespaces%2Breimagined-guide-r44jgjgpvr472xp9x/workspaces/158309813/credit/credit.c
2025-01-06 04:47:07.851 [info] /workspaces/158309813/lecture/meow.c.git closed
2025-01-06 04:49:52.324 [info] git/scm0/input closed
