2025-01-06 04:26:53.475 [info] Reading sessions from keychain...
2025-01-06 04:26:53.475 [info] Getting sessions for all scopes...
2025-01-06 04:26:53.475 [info] Getting sessions for all scopes...
2025-01-06 04:26:53.475 [info] Getting sessions for all scopes...
2025-01-06 04:26:53.475 [info] Got stored sessions!
2025-01-06 04:26:53.475 [info] Got 2 verified sessions.
2025-01-06 04:26:53.475 [info] Got 2 sessions for ...
2025-01-06 04:26:53.475 [info] Got 2 sessions for ...
2025-01-06 04:26:53.475 [info] Got 2 sessions for ...
2025-01-06 04:26:53.475 [info] Getting sessions for codespace,read:user,repo,user:email...
2025-01-06 04:26:53.475 [info] Got 1 sessions for codespace,read:user,repo,user:email...
2025-01-06 04:26:54.824 [info] Getting sessions for all scopes...
2025-01-06 04:26:54.824 [info] Got 2 sessions for ...
2025-01-06 04:26:57.362 [info] Getting sessions for all scopes...
2025-01-06 04:26:57.362 [info] Got 2 sessions for ...
2025-01-06 04:27:18.241 [info] Getting sessions for all scopes...
2025-01-06 04:27:18.241 [info] Got 2 sessions for ...
2025-01-06 04:27:18.241 [info] Getting sessions for all scopes...
2025-01-06 04:27:18.241 [info] Got 2 sessions for ...
2025-01-06 04:27:18.241 [info] Getting sessions for all scopes...
2025-01-06 04:27:18.241 [info] Got 2 sessions for ...
2025-01-06 04:27:18.241 [info] Getting sessions for all scopes...
2025-01-06 04:27:18.241 [info] Got 2 sessions for ...
2025-01-06 04:27:19.284 [info] Getting sessions for all scopes...
2025-01-06 04:27:19.284 [info] Got 2 sessions for ...
2025-01-06 04:27:19.289 [info] Getting sessions for user:email...
2025-01-06 04:27:19.289 [info] Got 1 sessions for user:email...
2025-01-06 04:27:26.849 [info] Getting sessions for read:user,repo,user:email,workflow...
2025-01-06 04:27:26.849 [info] Got 0 sessions for read:user,repo,user:email,workflow...
2025-01-06 04:27:28.031 [info] Getting sessions for project,read:org,read:user,repo,user:email,workflow...
2025-01-06 04:27:28.031 [info] Got 0 sessions for project,read:org,read:user,repo,user:email,workflow...
2025-01-06 04:27:28.111 [info] Getting sessions for read:user,repo,user:email,workflow...
2025-01-06 04:27:28.111 [info] Got 0 sessions for read:user,repo,user:email,workflow...
2025-01-06 04:27:28.179 [info] Getting sessions for read:user,repo,user:email...
2025-01-06 04:27:28.179 [info] Got 0 sessions for read:user,repo,user:email...
2025-01-06 04:27:28.712 [info] Getting sessions for read:user,repo,user:email,workflow...
2025-01-06 04:27:28.712 [info] Got 0 sessions for read:user,repo,user:email,workflow...
2025-01-06 04:27:30.860 [info] Getting sessions for read:user,repo,user:email,workflow...
2025-01-06 04:27:30.860 [info] Got 0 sessions for read:user,repo,user:email,workflow...
