1750179562.810543 client started (1458565): version 3.5a, socket /tmp/tmux-1000/default, protocol 8
1750179562.810798 on Linux 6.15.1-zen1-2-zen #1 ZEN SMP PREEMPT_DYNAMIC Sat, 07 Jun 2025 14:36:09 +0000
1750179562.810836 using libevent 2.1.12-stable poll
1750179562.810901 using ncurses 6.5 20240427
1750179562.811081 flags are 0x18010000
1750179562.811104 socket is /tmp/tmux-1000/default
1750179562.811139 trying connect
1750179562.811271 add peer 0x55d4e4758980: 6 ((nil))
1750179562.815352 sending message 111 to peer 0x55d4e4758980 (8 bytes)
1750179562.815379 sending message 111 to peer 0x55d4e4758980 (8 bytes)
1750179562.815395 sending message 101 to peer 0x55d4e4758980 (15 bytes)
1750179562.815426 sending message 109 to peer 0x55d4e4758980 (4 bytes)
1750179562.815444 sending message 102 to peer 0x55d4e4758980 (1 bytes)
1750179562.815458 sending message 108 to peer 0x55d4e4758980 (23 bytes)
1750179562.815473 sending message 112 to peer 0x55d4e4758980 (58 bytes)
1750179562.815487 sending message 112 to peer 0x55d4e4758980 (5 bytes)
1750179562.815501 sending message 112 to peer 0x55d4e4758980 (5 bytes)
1750179562.815513 sending message 112 to peer 0x55d4e4758980 (6 bytes)
1750179562.815526 sending message 112 to peer 0x55d4e4758980 (6 bytes)
1750179562.815538 sending message 112 to peer 0x55d4e4758980 (11 bytes)
1750179562.815551 sending message 112 to peer 0x55d4e4758980 (10 bytes)
1750179562.815564 sending message 112 to peer 0x55d4e4758980 (13 bytes)
1750179562.815578 sending message 112 to peer 0x55d4e4758980 (14 bytes)
1750179562.815591 sending message 112 to peer 0x55d4e4758980 (19 bytes)
1750179562.815657 sending message 112 to peer 0x55d4e4758980 (11 bytes)
1750179562.815717 sending message 112 to peer 0x55d4e4758980 (10 bytes)
1750179562.815734 sending message 112 to peer 0x55d4e4758980 (15 bytes)
1750179562.815750 sending message 112 to peer 0x55d4e4758980 (21 bytes)
1750179562.815765 sending message 112 to peer 0x55d4e4758980 (13 bytes)
1750179562.815780 sending message 112 to peer 0x55d4e4758980 (7 bytes)
1750179562.815794 sending message 112 to peer 0x55d4e4758980 (13 bytes)
1750179562.815944 sending message 112 to peer 0x55d4e4758980 (7 bytes)
1750179562.815965 sending message 112 to peer 0x55d4e4758980 (13 bytes)
1750179562.815981 sending message 112 to peer 0x55d4e4758980 (9 bytes)
1750179562.815997 sending message 112 to peer 0x55d4e4758980 (21 bytes)
1750179562.816011 sending message 112 to peer 0x55d4e4758980 (13 bytes)
1750179562.816025 sending message 112 to peer 0x55d4e4758980 (9 bytes)
1750179562.816038 sending message 112 to peer 0x55d4e4758980 (16 bytes)
1750179562.816051 sending message 112 to peer 0x55d4e4758980 (13 bytes)
1750179562.816065 sending message 112 to peer 0x55d4e4758980 (9 bytes)
1750179562.816078 sending message 112 to peer 0x55d4e4758980 (9 bytes)
1750179562.816091 sending message 112 to peer 0x55d4e4758980 (12 bytes)
1750179562.816104 sending message 112 to peer 0x55d4e4758980 (8 bytes)
1750179562.816118 sending message 112 to peer 0x55d4e4758980 (8 bytes)
1750179562.816131 sending message 112 to peer 0x55d4e4758980 (13 bytes)
1750179562.816253 sending message 112 to peer 0x55d4e4758980 (7 bytes)
1750179562.816268 sending message 112 to peer 0x55d4e4758980 (7 bytes)
1750179562.816283 sending message 112 to peer 0x55d4e4758980 (9 bytes)
1750179562.816298 sending message 112 to peer 0x55d4e4758980 (9 bytes)
1750179562.816312 sending message 112 to peer 0x55d4e4758980 (15 bytes)
1750179562.816325 sending message 112 to peer 0x55d4e4758980 (13 bytes)
1750179562.816339 sending message 112 to peer 0x55d4e4758980 (12 bytes)
1750179562.816352 sending message 112 to peer 0x55d4e4758980 (8 bytes)
1750179562.816365 sending message 112 to peer 0x55d4e4758980 (14 bytes)
1750179562.816379 sending message 112 to peer 0x55d4e4758980 (11 bytes)
1750179562.816392 sending message 112 to peer 0x55d4e4758980 (9 bytes)
1750179562.816405 sending message 112 to peer 0x55d4e4758980 (10 bytes)
1750179562.816432 sending message 112 to peer 0x55d4e4758980 (10 bytes)
1750179562.816446 sending message 112 to peer 0x55d4e4758980 (10 bytes)
1750179562.816473 sending message 112 to peer 0x55d4e4758980 (10 bytes)
1750179562.816488 sending message 112 to peer 0x55d4e4758980 (11 bytes)
1750179562.816503 sending message 112 to peer 0x55d4e4758980 (12 bytes)
1750179562.816522 sending message 112 to peer 0x55d4e4758980 (12 bytes)
1750179562.816539 sending message 112 to peer 0x55d4e4758980 (12 bytes)
1750179562.816568 sending message 112 to peer 0x55d4e4758980 (12 bytes)
1750179562.816645 sending message 112 to peer 0x55d4e4758980 (12 bytes)
1750179562.816661 sending message 112 to peer 0x55d4e4758980 (11 bytes)
1750179562.816675 sending message 112 to peer 0x55d4e4758980 (11 bytes)
1750179562.816690 sending message 112 to peer 0x55d4e4758980 (12 bytes)
1750179562.816704 sending message 112 to peer 0x55d4e4758980 (12 bytes)
1750179562.816717 sending message 112 to peer 0x55d4e4758980 (12 bytes)
1750179562.816730 sending message 112 to peer 0x55d4e4758980 (12 bytes)
1750179562.816743 sending message 112 to peer 0x55d4e4758980 (12 bytes)
1750179562.816755 sending message 112 to peer 0x55d4e4758980 (9 bytes)
1750179562.816768 sending message 112 to peer 0x55d4e4758980 (12 bytes)
1750179562.816781 sending message 112 to peer 0x55d4e4758980 (13 bytes)
1750179562.816794 sending message 112 to peer 0x55d4e4758980 (13 bytes)
1750179562.816807 sending message 112 to peer 0x55d4e4758980 (13 bytes)
1750179562.816820 sending message 112 to peer 0x55d4e4758980 (13 bytes)
1750179562.816833 sending message 112 to peer 0x55d4e4758980 (13 bytes)
1750179562.816846 sending message 112 to peer 0x55d4e4758980 (8 bytes)
1750179562.816859 sending message 112 to peer 0x55d4e4758980 (11 bytes)
1750179562.816873 sending message 112 to peer 0x55d4e4758980 (11 bytes)
1750179562.816886 sending message 112 to peer 0x55d4e4758980 (11 bytes)
1750179562.816899 sending message 112 to peer 0x55d4e4758980 (12 bytes)
1750179562.816912 sending message 112 to peer 0x55d4e4758980 (12 bytes)
1750179562.816925 sending message 112 to peer 0x55d4e4758980 (12 bytes)
1750179562.816940 sending message 112 to peer 0x55d4e4758980 (12 bytes)
1750179562.816953 sending message 112 to peer 0x55d4e4758980 (13 bytes)
1750179562.816967 sending message 112 to peer 0x55d4e4758980 (13 bytes)
1750179562.816980 sending message 112 to peer 0x55d4e4758980 (13 bytes)
1750179562.816993 sending message 112 to peer 0x55d4e4758980 (8 bytes)
1750179562.817007 sending message 112 to peer 0x55d4e4758980 (13 bytes)
1750179562.817020 sending message 112 to peer 0x55d4e4758980 (13 bytes)
1750179562.817033 sending message 112 to peer 0x55d4e4758980 (13 bytes)
1750179562.817046 sending message 112 to peer 0x55d4e4758980 (13 bytes)
1750179562.817060 sending message 112 to peer 0x55d4e4758980 (13 bytes)
1750179562.817076 sending message 112 to peer 0x55d4e4758980 (12 bytes)
1750179562.817089 sending message 112 to peer 0x55d4e4758980 (12 bytes)
1750179562.817104 sending message 112 to peer 0x55d4e4758980 (12 bytes)
1750179562.817117 sending message 112 to peer 0x55d4e4758980 (12 bytes)
1750179562.817130 sending message 112 to peer 0x55d4e4758980 (13 bytes)
1750179562.817143 sending message 112 to peer 0x55d4e4758980 (8 bytes)
1750179562.817156 sending message 112 to peer 0x55d4e4758980 (13 bytes)
1750179562.817169 sending message 112 to peer 0x55d4e4758980 (13 bytes)
1750179562.817182 sending message 112 to peer 0x55d4e4758980 (13 bytes)
1750179562.817195 sending message 112 to peer 0x55d4e4758980 (13 bytes)
1750179562.817208 sending message 112 to peer 0x55d4e4758980 (13 bytes)
1750179562.817221 sending message 112 to peer 0x55d4e4758980 (13 bytes)
1750179562.817234 sending message 112 to peer 0x55d4e4758980 (13 bytes)
1750179562.817247 sending message 112 to peer 0x55d4e4758980 (12 bytes)
1750179562.817260 sending message 112 to peer 0x55d4e4758980 (12 bytes)
1750179562.817273 sending message 112 to peer 0x55d4e4758980 (12 bytes)
1750179562.817286 sending message 112 to peer 0x55d4e4758980 (8 bytes)
1750179562.817298 sending message 112 to peer 0x55d4e4758980 (12 bytes)
1750179562.817311 sending message 112 to peer 0x55d4e4758980 (13 bytes)
1750179562.817327 sending message 112 to peer 0x55d4e4758980 (13 bytes)
1750179562.817340 sending message 112 to peer 0x55d4e4758980 (13 bytes)
1750179562.817353 sending message 112 to peer 0x55d4e4758980 (13 bytes)
1750179562.817366 sending message 112 to peer 0x55d4e4758980 (13 bytes)
1750179562.817379 sending message 112 to peer 0x55d4e4758980 (13 bytes)
1750179562.817392 sending message 112 to peer 0x55d4e4758980 (13 bytes)
1750179562.817405 sending message 112 to peer 0x55d4e4758980 (13 bytes)
1750179562.817425 sending message 112 to peer 0x55d4e4758980 (12 bytes)
1750179562.817440 sending message 112 to peer 0x55d4e4758980 (10 bytes)
1750179562.817454 sending message 112 to peer 0x55d4e4758980 (12 bytes)
1750179562.817467 sending message 112 to peer 0x55d4e4758980 (12 bytes)
1750179562.817481 sending message 112 to peer 0x55d4e4758980 (12 bytes)
1750179562.817494 sending message 112 to peer 0x55d4e4758980 (13 bytes)
1750179562.817507 sending message 112 to peer 0x55d4e4758980 (13 bytes)
1750179562.817521 sending message 112 to peer 0x55d4e4758980 (13 bytes)
1750179562.817534 sending message 112 to peer 0x55d4e4758980 (13 bytes)
1750179562.817548 sending message 112 to peer 0x55d4e4758980 (13 bytes)
1750179562.817560 sending message 112 to peer 0x55d4e4758980 (13 bytes)
1750179562.817573 sending message 112 to peer 0x55d4e4758980 (13 bytes)
1750179562.817586 sending message 112 to peer 0x55d4e4758980 (10 bytes)
1750179562.817599 sending message 112 to peer 0x55d4e4758980 (13 bytes)
1750179562.817612 sending message 112 to peer 0x55d4e4758980 (12 bytes)
1750179562.817625 sending message 112 to peer 0x55d4e4758980 (12 bytes)
1750179562.817638 sending message 112 to peer 0x55d4e4758980 (12 bytes)
1750179562.817651 sending message 112 to peer 0x55d4e4758980 (10 bytes)
1750179562.817664 sending message 112 to peer 0x55d4e4758980 (10 bytes)
1750179562.817677 sending message 112 to peer 0x55d4e4758980 (10 bytes)
1750179562.817690 sending message 112 to peer 0x55d4e4758980 (12 bytes)
1750179562.817703 sending message 112 to peer 0x55d4e4758980 (13 bytes)
1750179562.817717 sending message 112 to peer 0x55d4e4758980 (13 bytes)
1750179562.817731 sending message 112 to peer 0x55d4e4758980 (13 bytes)
1750179562.817744 sending message 112 to peer 0x55d4e4758980 (13 bytes)
1750179562.817757 sending message 112 to peer 0x55d4e4758980 (13 bytes)
1750179562.817770 sending message 112 to peer 0x55d4e4758980 (10 bytes)
1750179562.817784 sending message 112 to peer 0x55d4e4758980 (11 bytes)
1750179562.817797 sending message 112 to peer 0x55d4e4758980 (12 bytes)
1750179562.817810 sending message 112 to peer 0x55d4e4758980 (12 bytes)
1750179562.817823 sending message 112 to peer 0x55d4e4758980 (12 bytes)
1750179562.817836 sending message 112 to peer 0x55d4e4758980 (12 bytes)
1750179562.817849 sending message 112 to peer 0x55d4e4758980 (12 bytes)
1750179562.817863 sending message 112 to peer 0x55d4e4758980 (11 bytes)
1750179562.817876 sending message 112 to peer 0x55d4e4758980 (12 bytes)
1750179562.817889 sending message 112 to peer 0x55d4e4758980 (12 bytes)
1750179562.817902 sending message 112 to peer 0x55d4e4758980 (13 bytes)
1750179562.817916 sending message 112 to peer 0x55d4e4758980 (13 bytes)
1750179562.817929 sending message 112 to peer 0x55d4e4758980 (13 bytes)
1750179562.817943 sending message 112 to peer 0x55d4e4758980 (13 bytes)
1750179562.817956 sending message 112 to peer 0x55d4e4758980 (13 bytes)
1750179562.817969 sending message 112 to peer 0x55d4e4758980 (10 bytes)
1750179562.817982 sending message 112 to peer 0x55d4e4758980 (9 bytes)
1750179562.817996 sending message 112 to peer 0x55d4e4758980 (12 bytes)
1750179562.818009 sending message 112 to peer 0x55d4e4758980 (13 bytes)
1750179562.818022 sending message 112 to peer 0x55d4e4758980 (13 bytes)
1750179562.818035 sending message 112 to peer 0x55d4e4758980 (13 bytes)
1750179562.818049 sending message 112 to peer 0x55d4e4758980 (13 bytes)
1750179562.818062 sending message 112 to peer 0x55d4e4758980 (13 bytes)
1750179562.818075 sending message 112 to peer 0x55d4e4758980 (9 bytes)
1750179562.818091 sending message 112 to peer 0x55d4e4758980 (12 bytes)
1750179562.818104 sending message 112 to peer 0x55d4e4758980 (13 bytes)
1750179562.818117 sending message 112 to peer 0x55d4e4758980 (13 bytes)
1750179562.818131 sending message 112 to peer 0x55d4e4758980 (13 bytes)
1750179562.818144 sending message 112 to peer 0x55d4e4758980 (13 bytes)
1750179562.818157 sending message 112 to peer 0x55d4e4758980 (13 bytes)
1750179562.818170 sending message 112 to peer 0x55d4e4758980 (11 bytes)
1750179562.818184 sending message 112 to peer 0x55d4e4758980 (12 bytes)
1750179562.818197 sending message 112 to peer 0x55d4e4758980 (13 bytes)
1750179562.818210 sending message 112 to peer 0x55d4e4758980 (13 bytes)
1750179562.818223 sending message 112 to peer 0x55d4e4758980 (13 bytes)
1750179562.818236 sending message 112 to peer 0x55d4e4758980 (13 bytes)
1750179562.818250 sending message 112 to peer 0x55d4e4758980 (13 bytes)
1750179562.818263 sending message 112 to peer 0x55d4e4758980 (11 bytes)
1750179562.818276 sending message 112 to peer 0x55d4e4758980 (12 bytes)
1750179562.818289 sending message 112 to peer 0x55d4e4758980 (12 bytes)
1750179562.818303 sending message 112 to peer 0x55d4e4758980 (12 bytes)
1750179562.818316 sending message 112 to peer 0x55d4e4758980 (12 bytes)
1750179562.818329 sending message 112 to peer 0x55d4e4758980 (12 bytes)
1750179562.818342 sending message 112 to peer 0x55d4e4758980 (21 bytes)
1750179562.818355 sending message 112 to peer 0x55d4e4758980 (12 bytes)
1750179562.818369 sending message 112 to peer 0x55d4e4758980 (9 bytes)
1750179562.818382 sending message 112 to peer 0x55d4e4758980 (6 bytes)
1750179562.818395 sending message 112 to peer 0x55d4e4758980 (13 bytes)
1750179562.818408 sending message 112 to peer 0x55d4e4758980 (10 bytes)
1750179562.818433 sending message 112 to peer 0x55d4e4758980 (24 bytes)
1750179562.818447 sending message 112 to peer 0x55d4e4758980 (13 bytes)
1750179562.818460 sending message 112 to peer 0x55d4e4758980 (9 bytes)
1750179562.818475 sending message 112 to peer 0x55d4e4758980 (70 bytes)
1750179562.818490 sending message 112 to peer 0x55d4e4758980 (69 bytes)
1750179562.818507 sending message 112 to peer 0x55d4e4758980 (12 bytes)
1750179562.818521 sending message 112 to peer 0x55d4e4758980 (10 bytes)
1750179562.818541 sending message 112 to peer 0x55d4e4758980 (10 bytes)
1750179562.818554 sending message 112 to peer 0x55d4e4758980 (24 bytes)
1750179562.818567 sending message 112 to peer 0x55d4e4758980 (13 bytes)
1750179562.818580 sending message 112 to peer 0x55d4e4758980 (10 bytes)
1750179562.818593 sending message 112 to peer 0x55d4e4758980 (10 bytes)
1750179562.818606 sending message 112 to peer 0x55d4e4758980 (10 bytes)
1750179562.818619 sending message 112 to peer 0x55d4e4758980 (13 bytes)
1750179562.818632 sending message 112 to peer 0x55d4e4758980 (15 bytes)
1750179562.818645 sending message 112 to peer 0x55d4e4758980 (5 bytes)
1750179562.818669 sending message 104 to peer 0x55d4e4758980 (0 bytes)
1750179562.818693 sending message 110 to peer 0x55d4e4758980 (0 bytes)
1750179562.818716 sending message 107 to peer 0x55d4e4758980 (4 bytes)
1750179562.818730 sending message 105 to peer 0x55d4e4758980 (20 bytes)
1750179562.818743 sending message 105 to peer 0x55d4e4758980 (18 bytes)
1750179562.818756 sending message 105 to peer 0x55d4e4758980 (20 bytes)
1750179562.818769 sending message 105 to peer 0x55d4e4758980 (22 bytes)
1750179562.818782 sending message 105 to peer 0x55d4e4758980 (58 bytes)
1750179562.818795 sending message 105 to peer 0x55d4e4758980 (24 bytes)
1750179562.818808 sending message 105 to peer 0x55d4e4758980 (28 bytes)
1750179562.818821 sending message 105 to peer 0x55d4e4758980 (47 bytes)
1750179562.818834 sending message 105 to peer 0x55d4e4758980 (22 bytes)
1750179562.818847 sending message 105 to peer 0x55d4e4758980 (24 bytes)
1750179562.818860 sending message 105 to peer 0x55d4e4758980 (18 bytes)
1750179562.818873 sending message 105 to peer 0x55d4e4758980 (16 bytes)
1750179562.818886 sending message 105 to peer 0x55d4e4758980 (50 bytes)
1750179562.818901 sending message 105 to peer 0x55d4e4758980 (12 bytes)
1750179562.818915 sending message 105 to peer 0x55d4e4758980 (32 bytes)
1750179562.818927 sending message 105 to peer 0x55d4e4758980 (15 bytes)
1750179562.818940 sending message 105 to peer 0x55d4e4758980 (27 bytes)
1750179562.818953 sending message 105 to peer 0x55d4e4758980 (11 bytes)
1750179562.818967 sending message 105 to peer 0x55d4e4758980 (21 bytes)
1750179562.818980 sending message 105 to peer 0x55d4e4758980 (27 bytes)
1750179562.818993 sending message 105 to peer 0x55d4e4758980 (21 bytes)
1750179562.819006 sending message 105 to peer 0x55d4e4758980 (29 bytes)
1750179562.819019 sending message 105 to peer 0x55d4e4758980 (68 bytes)
1750179562.819032 sending message 105 to peer 0x55d4e4758980 (60 bytes)
1750179562.819045 sending message 105 to peer 0x55d4e4758980 (15 bytes)
1750179562.819058 sending message 105 to peer 0x55d4e4758980 (14 bytes)
1750179562.819071 sending message 105 to peer 0x55d4e4758980 (17 bytes)
1750179562.819084 sending message 105 to peer 0x55d4e4758980 (24 bytes)
1750179562.819097 sending message 105 to peer 0x55d4e4758980 (20 bytes)
1750179562.819110 sending message 105 to peer 0x55d4e4758980 (18 bytes)
1750179562.819123 sending message 105 to peer 0x55d4e4758980 (52 bytes)
1750179562.819136 sending message 105 to peer 0x55d4e4758980 (38 bytes)
1750179562.819149 sending message 105 to peer 0x55d4e4758980 (38 bytes)
1750179562.819162 sending message 105 to peer 0x55d4e4758980 (20 bytes)
1750179562.819174 sending message 105 to peer 0x55d4e4758980 (23 bytes)
1750179562.819187 sending message 105 to peer 0x55d4e4758980 (20 bytes)
1750179562.819200 sending message 105 to peer 0x55d4e4758980 (33 bytes)
1750179562.819213 sending message 105 to peer 0x55d4e4758980 (8 bytes)
1750179562.819226 sending message 105 to peer 0x55d4e4758980 (24 bytes)
1750179562.819239 sending message 105 to peer 0x55d4e4758980 (50 bytes)
1750179562.819252 sending message 105 to peer 0x55d4e4758980 (20 bytes)
1750179562.819265 sending message 105 to peer 0x55d4e4758980 (12 bytes)
1750179562.819278 sending message 105 to peer 0x55d4e4758980 (11 bytes)
1750179562.819293 sending message 105 to peer 0x55d4e4758980 (8 bytes)
1750179562.819306 sending message 105 to peer 0x55d4e4758980 (11 bytes)
1750179562.819319 sending message 105 to peer 0x55d4e4758980 (17 bytes)
1750179562.819332 sending message 105 to peer 0x55d4e4758980 (31 bytes)
1750179562.819345 sending message 105 to peer 0x55d4e4758980 (50 bytes)
1750179562.819358 sending message 105 to peer 0x55d4e4758980 (36 bytes)
1750179562.819371 sending message 105 to peer 0x55d4e4758980 (30 bytes)
1750179562.819384 sending message 105 to peer 0x55d4e4758980 (117 bytes)
1750179562.819398 sending message 105 to peer 0x55d4e4758980 (22 bytes)
1750179562.819413 sending message 105 to peer 0x55d4e4758980 (480 bytes)
1750179562.819431 sending message 105 to peer 0x55d4e4758980 (54 bytes)
1750179562.819444 sending message 105 to peer 0x55d4e4758980 (15 bytes)
1750179562.819457 sending message 105 to peer 0x55d4e4758980 (24 bytes)
1750179562.819473 sending message 105 to peer 0x55d4e4758980 (19 bytes)
1750179562.819485 sending message 105 to peer 0x55d4e4758980 (38 bytes)
1750179562.819498 sending message 105 to peer 0x55d4e4758980 (18 bytes)
1750179562.819514 sending message 106 to peer 0x55d4e4758980 (0 bytes)
1750179562.819568 cmd_pack_argv: argv[0]=new
1750179562.819583 cmd_pack_argv: argv[1]=-s
1750179562.819599 cmd_pack_argv: argv[2]=debug
1750179562.819614 sending message 200 to peer 0x55d4e4758980 (17 bytes)
1750179562.819628 client loop enter
1750179562.821734 client loop exit
