1750179442.859983 client started (1456775): version 3.5a, socket /tmp/tmux-1000/default, protocol 8
1750179442.860016 on Linux 6.15.1-zen1-2-zen #1 ZEN SMP PREEMPT_DYNAMIC Sat, 07 Jun 2025 14:36:09 +0000
1750179442.860026 using libevent 2.1.12-stable poll
1750179442.860035 using ncurses 6.5 20240427
1750179442.860165 flags are 0x18010000
1750179442.860179 socket is /tmp/tmux-1000/default
1750179442.860201 trying connect
1750179442.860423 add peer 0x560fc055f900: 6 ((nil))
1750179442.865989 sending message 111 to peer 0x560fc055f900 (8 bytes)
1750179442.866031 sending message 111 to peer 0x560fc055f900 (8 bytes)
1750179442.866052 sending message 101 to peer 0x560fc055f900 (15 bytes)
1750179442.866073 sending message 109 to peer 0x560fc055f900 (4 bytes)
1750179442.866092 sending message 102 to peer 0x560fc055f900 (1 bytes)
1750179442.866112 sending message 108 to peer 0x560fc055f900 (23 bytes)
1750179442.866132 sending message 112 to peer 0x560fc055f900 (58 bytes)
1750179442.866151 sending message 112 to peer 0x560fc055f900 (5 bytes)
1750179442.866171 sending message 112 to peer 0x560fc055f900 (5 bytes)
1750179442.866190 sending message 112 to peer 0x560fc055f900 (6 bytes)
1750179442.866209 sending message 112 to peer 0x560fc055f900 (6 bytes)
1750179442.866228 sending message 112 to peer 0x560fc055f900 (11 bytes)
1750179442.866246 sending message 112 to peer 0x560fc055f900 (10 bytes)
1750179442.866265 sending message 112 to peer 0x560fc055f900 (13 bytes)
1750179442.866283 sending message 112 to peer 0x560fc055f900 (14 bytes)
1750179442.866305 sending message 112 to peer 0x560fc055f900 (19 bytes)
1750179442.866325 sending message 112 to peer 0x560fc055f900 (11 bytes)
1750179442.866346 sending message 112 to peer 0x560fc055f900 (10 bytes)
1750179442.866365 sending message 112 to peer 0x560fc055f900 (15 bytes)
1750179442.866384 sending message 112 to peer 0x560fc055f900 (21 bytes)
1750179442.866403 sending message 112 to peer 0x560fc055f900 (13 bytes)
1750179442.866434 sending message 112 to peer 0x560fc055f900 (7 bytes)
1750179442.866453 sending message 112 to peer 0x560fc055f900 (13 bytes)
1750179442.866475 sending message 112 to peer 0x560fc055f900 (7 bytes)
1750179442.866496 sending message 112 to peer 0x560fc055f900 (13 bytes)
1750179442.866516 sending message 112 to peer 0x560fc055f900 (9 bytes)
1750179442.866536 sending message 112 to peer 0x560fc055f900 (21 bytes)
1750179442.866557 sending message 112 to peer 0x560fc055f900 (13 bytes)
1750179442.866579 sending message 112 to peer 0x560fc055f900 (9 bytes)
1750179442.866599 sending message 112 to peer 0x560fc055f900 (16 bytes)
1750179442.866618 sending message 112 to peer 0x560fc055f900 (13 bytes)
1750179442.866636 sending message 112 to peer 0x560fc055f900 (9 bytes)
1750179442.866654 sending message 112 to peer 0x560fc055f900 (9 bytes)
1750179442.866672 sending message 112 to peer 0x560fc055f900 (12 bytes)
1750179442.866690 sending message 112 to peer 0x560fc055f900 (8 bytes)
1750179442.866712 sending message 112 to peer 0x560fc055f900 (8 bytes)
1750179442.866730 sending message 112 to peer 0x560fc055f900 (13 bytes)
1750179442.866748 sending message 112 to peer 0x560fc055f900 (7 bytes)
1750179442.866766 sending message 112 to peer 0x560fc055f900 (7 bytes)
1750179442.866784 sending message 112 to peer 0x560fc055f900 (9 bytes)
1750179442.866803 sending message 112 to peer 0x560fc055f900 (9 bytes)
1750179442.866821 sending message 112 to peer 0x560fc055f900 (15 bytes)
1750179442.866839 sending message 112 to peer 0x560fc055f900 (13 bytes)
1750179442.866857 sending message 112 to peer 0x560fc055f900 (12 bytes)
1750179442.866875 sending message 112 to peer 0x560fc055f900 (8 bytes)
1750179442.866894 sending message 112 to peer 0x560fc055f900 (14 bytes)
1750179442.866912 sending message 112 to peer 0x560fc055f900 (11 bytes)
1750179442.866930 sending message 112 to peer 0x560fc055f900 (9 bytes)
1750179442.866948 sending message 112 to peer 0x560fc055f900 (10 bytes)
1750179442.866966 sending message 112 to peer 0x560fc055f900 (10 bytes)
1750179442.866984 sending message 112 to peer 0x560fc055f900 (10 bytes)
1750179442.867011 sending message 112 to peer 0x560fc055f900 (10 bytes)
1750179442.867030 sending message 112 to peer 0x560fc055f900 (11 bytes)
1750179442.867049 sending message 112 to peer 0x560fc055f900 (12 bytes)
1750179442.867068 sending message 112 to peer 0x560fc055f900 (12 bytes)
1750179442.867087 sending message 112 to peer 0x560fc055f900 (12 bytes)
1750179442.867105 sending message 112 to peer 0x560fc055f900 (12 bytes)
1750179442.867123 sending message 112 to peer 0x560fc055f900 (12 bytes)
1750179442.867141 sending message 112 to peer 0x560fc055f900 (11 bytes)
1750179442.867159 sending message 112 to peer 0x560fc055f900 (11 bytes)
1750179442.867177 sending message 112 to peer 0x560fc055f900 (12 bytes)
1750179442.867195 sending message 112 to peer 0x560fc055f900 (12 bytes)
1750179442.867213 sending message 112 to peer 0x560fc055f900 (12 bytes)
1750179442.867231 sending message 112 to peer 0x560fc055f900 (12 bytes)
1750179442.867250 sending message 112 to peer 0x560fc055f900 (12 bytes)
1750179442.867268 sending message 112 to peer 0x560fc055f900 (9 bytes)
1750179442.867286 sending message 112 to peer 0x560fc055f900 (12 bytes)
1750179442.867304 sending message 112 to peer 0x560fc055f900 (13 bytes)
1750179442.867322 sending message 112 to peer 0x560fc055f900 (13 bytes)
1750179442.867340 sending message 112 to peer 0x560fc055f900 (13 bytes)
1750179442.867358 sending message 112 to peer 0x560fc055f900 (13 bytes)
1750179442.867376 sending message 112 to peer 0x560fc055f900 (13 bytes)
1750179442.867394 sending message 112 to peer 0x560fc055f900 (8 bytes)
1750179442.867419 sending message 112 to peer 0x560fc055f900 (11 bytes)
1750179442.867440 sending message 112 to peer 0x560fc055f900 (11 bytes)
1750179442.867460 sending message 112 to peer 0x560fc055f900 (11 bytes)
1750179442.867480 sending message 112 to peer 0x560fc055f900 (12 bytes)
1750179442.867499 sending message 112 to peer 0x560fc055f900 (12 bytes)
1750179442.867518 sending message 112 to peer 0x560fc055f900 (12 bytes)
1750179442.867537 sending message 112 to peer 0x560fc055f900 (12 bytes)
1750179442.867556 sending message 112 to peer 0x560fc055f900 (13 bytes)
1750179442.867575 sending message 112 to peer 0x560fc055f900 (13 bytes)
1750179442.867595 sending message 112 to peer 0x560fc055f900 (13 bytes)
1750179442.867614 sending message 112 to peer 0x560fc055f900 (8 bytes)
1750179442.867633 sending message 112 to peer 0x560fc055f900 (13 bytes)
1750179442.867653 sending message 112 to peer 0x560fc055f900 (13 bytes)
1750179442.867672 sending message 112 to peer 0x560fc055f900 (13 bytes)
1750179442.867691 sending message 112 to peer 0x560fc055f900 (13 bytes)
1750179442.867710 sending message 112 to peer 0x560fc055f900 (13 bytes)
1750179442.867728 sending message 112 to peer 0x560fc055f900 (12 bytes)
1750179442.867746 sending message 112 to peer 0x560fc055f900 (12 bytes)
1750179442.867764 sending message 112 to peer 0x560fc055f900 (12 bytes)
1750179442.867782 sending message 112 to peer 0x560fc055f900 (12 bytes)
1750179442.867800 sending message 112 to peer 0x560fc055f900 (13 bytes)
1750179442.867818 sending message 112 to peer 0x560fc055f900 (8 bytes)
1750179442.867836 sending message 112 to peer 0x560fc055f900 (13 bytes)
1750179442.867854 sending message 112 to peer 0x560fc055f900 (13 bytes)
1750179442.867872 sending message 112 to peer 0x560fc055f900 (13 bytes)
1750179442.867898 sending message 112 to peer 0x560fc055f900 (13 bytes)
1750179442.867916 sending message 112 to peer 0x560fc055f900 (13 bytes)
1750179442.867935 sending message 112 to peer 0x560fc055f900 (13 bytes)
1750179442.867953 sending message 112 to peer 0x560fc055f900 (13 bytes)
1750179442.867971 sending message 112 to peer 0x560fc055f900 (12 bytes)
1750179442.867989 sending message 112 to peer 0x560fc055f900 (12 bytes)
1750179442.868007 sending message 112 to peer 0x560fc055f900 (12 bytes)
1750179442.868025 sending message 112 to peer 0x560fc055f900 (8 bytes)
1750179442.868043 sending message 112 to peer 0x560fc055f900 (12 bytes)
1750179442.868061 sending message 112 to peer 0x560fc055f900 (13 bytes)
1750179442.868082 sending message 112 to peer 0x560fc055f900 (13 bytes)
1750179442.868100 sending message 112 to peer 0x560fc055f900 (13 bytes)
1750179442.868119 sending message 112 to peer 0x560fc055f900 (13 bytes)
1750179442.868137 sending message 112 to peer 0x560fc055f900 (13 bytes)
1750179442.868155 sending message 112 to peer 0x560fc055f900 (13 bytes)
1750179442.868173 sending message 112 to peer 0x560fc055f900 (13 bytes)
1750179442.868191 sending message 112 to peer 0x560fc055f900 (13 bytes)
1750179442.868208 sending message 112 to peer 0x560fc055f900 (12 bytes)
1750179442.868227 sending message 112 to peer 0x560fc055f900 (10 bytes)
1750179442.868245 sending message 112 to peer 0x560fc055f900 (12 bytes)
1750179442.868263 sending message 112 to peer 0x560fc055f900 (12 bytes)
1750179442.868281 sending message 112 to peer 0x560fc055f900 (12 bytes)
1750179442.868299 sending message 112 to peer 0x560fc055f900 (13 bytes)
1750179442.868317 sending message 112 to peer 0x560fc055f900 (13 bytes)
1750179442.868335 sending message 112 to peer 0x560fc055f900 (13 bytes)
1750179442.868353 sending message 112 to peer 0x560fc055f900 (13 bytes)
1750179442.868370 sending message 112 to peer 0x560fc055f900 (13 bytes)
1750179442.868388 sending message 112 to peer 0x560fc055f900 (13 bytes)
1750179442.868406 sending message 112 to peer 0x560fc055f900 (13 bytes)
1750179442.868443 sending message 112 to peer 0x560fc055f900 (10 bytes)
1750179442.868465 sending message 112 to peer 0x560fc055f900 (13 bytes)
1750179442.868489 sending message 112 to peer 0x560fc055f900 (12 bytes)
1750179442.868508 sending message 112 to peer 0x560fc055f900 (12 bytes)
1750179442.868526 sending message 112 to peer 0x560fc055f900 (12 bytes)
1750179442.868544 sending message 112 to peer 0x560fc055f900 (10 bytes)
1750179442.868562 sending message 112 to peer 0x560fc055f900 (10 bytes)
1750179442.868580 sending message 112 to peer 0x560fc055f900 (10 bytes)
1750179442.868598 sending message 112 to peer 0x560fc055f900 (12 bytes)
1750179442.868617 sending message 112 to peer 0x560fc055f900 (13 bytes)
1750179442.868635 sending message 112 to peer 0x560fc055f900 (13 bytes)
1750179442.868653 sending message 112 to peer 0x560fc055f900 (13 bytes)
1750179442.868671 sending message 112 to peer 0x560fc055f900 (13 bytes)
1750179442.868690 sending message 112 to peer 0x560fc055f900 (13 bytes)
1750179442.868709 sending message 112 to peer 0x560fc055f900 (10 bytes)
1750179442.868727 sending message 112 to peer 0x560fc055f900 (11 bytes)
1750179442.868745 sending message 112 to peer 0x560fc055f900 (12 bytes)
1750179442.868763 sending message 112 to peer 0x560fc055f900 (12 bytes)
1750179442.868781 sending message 112 to peer 0x560fc055f900 (12 bytes)
1750179442.868800 sending message 112 to peer 0x560fc055f900 (12 bytes)
1750179442.868818 sending message 112 to peer 0x560fc055f900 (12 bytes)
1750179442.868836 sending message 112 to peer 0x560fc055f900 (11 bytes)
1750179442.868854 sending message 112 to peer 0x560fc055f900 (12 bytes)
1750179442.868872 sending message 112 to peer 0x560fc055f900 (12 bytes)
1750179442.868891 sending message 112 to peer 0x560fc055f900 (13 bytes)
1750179442.868909 sending message 112 to peer 0x560fc055f900 (13 bytes)
1750179442.868927 sending message 112 to peer 0x560fc055f900 (13 bytes)
1750179442.868946 sending message 112 to peer 0x560fc055f900 (13 bytes)
1750179442.868964 sending message 112 to peer 0x560fc055f900 (13 bytes)
1750179442.868982 sending message 112 to peer 0x560fc055f900 (10 bytes)
1750179442.869000 sending message 112 to peer 0x560fc055f900 (9 bytes)
1750179442.869019 sending message 112 to peer 0x560fc055f900 (12 bytes)
1750179442.869037 sending message 112 to peer 0x560fc055f900 (13 bytes)
1750179442.869055 sending message 112 to peer 0x560fc055f900 (13 bytes)
1750179442.869076 sending message 112 to peer 0x560fc055f900 (13 bytes)
1750179442.869094 sending message 112 to peer 0x560fc055f900 (13 bytes)
1750179442.869112 sending message 112 to peer 0x560fc055f900 (13 bytes)
1750179442.869130 sending message 112 to peer 0x560fc055f900 (9 bytes)
1750179442.869151 sending message 112 to peer 0x560fc055f900 (12 bytes)
1750179442.869169 sending message 112 to peer 0x560fc055f900 (13 bytes)
1750179442.869188 sending message 112 to peer 0x560fc055f900 (13 bytes)
1750179442.869206 sending message 112 to peer 0x560fc055f900 (13 bytes)
1750179442.869224 sending message 112 to peer 0x560fc055f900 (13 bytes)
1750179442.869242 sending message 112 to peer 0x560fc055f900 (13 bytes)
1750179442.869260 sending message 112 to peer 0x560fc055f900 (11 bytes)
1750179442.869278 sending message 112 to peer 0x560fc055f900 (12 bytes)
1750179442.869296 sending message 112 to peer 0x560fc055f900 (13 bytes)
1750179442.869314 sending message 112 to peer 0x560fc055f900 (13 bytes)
1750179442.869332 sending message 112 to peer 0x560fc055f900 (13 bytes)
1750179442.869350 sending message 112 to peer 0x560fc055f900 (13 bytes)
1750179442.869368 sending message 112 to peer 0x560fc055f900 (13 bytes)
1750179442.869386 sending message 112 to peer 0x560fc055f900 (11 bytes)
1750179442.869404 sending message 112 to peer 0x560fc055f900 (12 bytes)
1750179442.869440 sending message 112 to peer 0x560fc055f900 (12 bytes)
1750179442.869461 sending message 112 to peer 0x560fc055f900 (12 bytes)
1750179442.869480 sending message 112 to peer 0x560fc055f900 (12 bytes)
1750179442.869500 sending message 112 to peer 0x560fc055f900 (12 bytes)
1750179442.869520 sending message 112 to peer 0x560fc055f900 (21 bytes)
1750179442.869540 sending message 112 to peer 0x560fc055f900 (12 bytes)
1750179442.869559 sending message 112 to peer 0x560fc055f900 (9 bytes)
1750179442.869578 sending message 112 to peer 0x560fc055f900 (6 bytes)
1750179442.869597 sending message 112 to peer 0x560fc055f900 (13 bytes)
1750179442.869615 sending message 112 to peer 0x560fc055f900 (10 bytes)
1750179442.869634 sending message 112 to peer 0x560fc055f900 (24 bytes)
1750179442.869652 sending message 112 to peer 0x560fc055f900 (13 bytes)
1750179442.869670 sending message 112 to peer 0x560fc055f900 (9 bytes)
1750179442.869689 sending message 112 to peer 0x560fc055f900 (70 bytes)
1750179442.869707 sending message 112 to peer 0x560fc055f900 (69 bytes)
1750179442.869725 sending message 112 to peer 0x560fc055f900 (12 bytes)
1750179442.869743 sending message 112 to peer 0x560fc055f900 (10 bytes)
1750179442.869762 sending message 112 to peer 0x560fc055f900 (10 bytes)
1750179442.869780 sending message 112 to peer 0x560fc055f900 (24 bytes)
1750179442.869798 sending message 112 to peer 0x560fc055f900 (13 bytes)
1750179442.869816 sending message 112 to peer 0x560fc055f900 (10 bytes)
1750179442.869835 sending message 112 to peer 0x560fc055f900 (10 bytes)
1750179442.869853 sending message 112 to peer 0x560fc055f900 (10 bytes)
1750179442.869871 sending message 112 to peer 0x560fc055f900 (13 bytes)
1750179442.869888 sending message 112 to peer 0x560fc055f900 (15 bytes)
1750179442.869907 sending message 112 to peer 0x560fc055f900 (5 bytes)
1750179442.869940 sending message 104 to peer 0x560fc055f900 (0 bytes)
1750179442.869972 sending message 110 to peer 0x560fc055f900 (0 bytes)
1750179442.870006 sending message 107 to peer 0x560fc055f900 (4 bytes)
1750179442.870024 sending message 105 to peer 0x560fc055f900 (54 bytes)
1750179442.870043 sending message 105 to peer 0x560fc055f900 (11 bytes)
1750179442.870061 sending message 105 to peer 0x560fc055f900 (68 bytes)
1750179442.870080 sending message 105 to peer 0x560fc055f900 (21 bytes)
1750179442.870098 sending message 105 to peer 0x560fc055f900 (58 bytes)
1750179442.870116 sending message 105 to peer 0x560fc055f900 (31 bytes)
1750179442.870135 sending message 105 to peer 0x560fc055f900 (11 bytes)
1750179442.870153 sending message 105 to peer 0x560fc055f900 (28 bytes)
1750179442.870171 sending message 105 to peer 0x560fc055f900 (22 bytes)
1750179442.870189 sending message 105 to peer 0x560fc055f900 (17 bytes)
1750179442.870207 sending message 105 to peer 0x560fc055f900 (30 bytes)
1750179442.870226 sending message 105 to peer 0x560fc055f900 (60 bytes)
1750179442.870244 sending message 105 to peer 0x560fc055f900 (24 bytes)
1750179442.870267 sending message 105 to peer 0x560fc055f900 (23 bytes)
1750179442.870285 sending message 105 to peer 0x560fc055f900 (18 bytes)
1750179442.870303 sending message 105 to peer 0x560fc055f900 (15 bytes)
1750179442.870322 sending message 105 to peer 0x560fc055f900 (38 bytes)
1750179442.870340 sending message 105 to peer 0x560fc055f900 (19 bytes)
1750179442.870358 sending message 105 to peer 0x560fc055f900 (27 bytes)
1750179442.870377 sending message 105 to peer 0x560fc055f900 (12 bytes)
1750179442.870395 sending message 105 to peer 0x560fc055f900 (20 bytes)
1750179442.870418 sending message 105 to peer 0x560fc055f900 (20 bytes)
1750179442.870438 sending message 105 to peer 0x560fc055f900 (21 bytes)
1750179442.870456 sending message 105 to peer 0x560fc055f900 (24 bytes)
1750179442.870475 sending message 105 to peer 0x560fc055f900 (14 bytes)
1750179442.870493 sending message 105 to peer 0x560fc055f900 (27 bytes)
1750179442.870512 sending message 105 to peer 0x560fc055f900 (18 bytes)
1750179442.870530 sending message 105 to peer 0x560fc055f900 (50 bytes)
1750179442.870548 sending message 105 to peer 0x560fc055f900 (50 bytes)
1750179442.870567 sending message 105 to peer 0x560fc055f900 (38 bytes)
1750179442.870585 sending message 105 to peer 0x560fc055f900 (8 bytes)
1750179442.870603 sending message 105 to peer 0x560fc055f900 (24 bytes)
1750179442.870622 sending message 105 to peer 0x560fc055f900 (17 bytes)
1750179442.870640 sending message 105 to peer 0x560fc055f900 (52 bytes)
1750179442.870658 sending message 105 to peer 0x560fc055f900 (32 bytes)
1750179442.870676 sending message 105 to peer 0x560fc055f900 (50 bytes)
1750179442.870694 sending message 105 to peer 0x560fc055f900 (29 bytes)
1750179442.870712 sending message 105 to peer 0x560fc055f900 (20 bytes)
1750179442.870731 sending message 105 to peer 0x560fc055f900 (480 bytes)
1750179442.870749 sending message 105 to peer 0x560fc055f900 (20 bytes)
1750179442.870768 sending message 105 to peer 0x560fc055f900 (15 bytes)
1750179442.870786 sending message 105 to peer 0x560fc055f900 (8 bytes)
1750179442.870805 sending message 105 to peer 0x560fc055f900 (24 bytes)
1750179442.870824 sending message 105 to peer 0x560fc055f900 (15 bytes)
1750179442.870842 sending message 105 to peer 0x560fc055f900 (47 bytes)
1750179442.870860 sending message 105 to peer 0x560fc055f900 (38 bytes)
1750179442.870879 sending message 105 to peer 0x560fc055f900 (18 bytes)
1750179442.870897 sending message 105 to peer 0x560fc055f900 (16 bytes)
1750179442.870915 sending message 105 to peer 0x560fc055f900 (33 bytes)
1750179442.870933 sending message 105 to peer 0x560fc055f900 (24 bytes)
1750179442.870952 sending message 105 to peer 0x560fc055f900 (11 bytes)
1750179442.870970 sending message 105 to peer 0x560fc055f900 (20 bytes)
1750179442.870988 sending message 105 to peer 0x560fc055f900 (36 bytes)
1750179442.871007 sending message 105 to peer 0x560fc055f900 (117 bytes)
1750179442.871025 sending message 105 to peer 0x560fc055f900 (20 bytes)
1750179442.871043 sending message 105 to peer 0x560fc055f900 (22 bytes)
1750179442.871061 sending message 105 to peer 0x560fc055f900 (12 bytes)
1750179442.871079 sending message 105 to peer 0x560fc055f900 (22 bytes)
1750179442.871098 sending message 106 to peer 0x560fc055f900 (0 bytes)
1750179442.871216 cmd_pack_argv: argv[0]=new
1750179442.871236 cmd_pack_argv: argv[1]=-s
1750179442.871255 cmd_pack_argv: argv[2]=debug
1750179442.871275 sending message 200 to peer 0x560fc055f900 (17 bytes)
1750179442.871292 client loop enter
1750179442.873559 client loop exit
