1750179212.987634 client started (1451141): version 3.5a, socket /tmp/tmux-1000/default, protocol 8
1750179212.987656 on Linux 6.15.1-zen1-2-zen #1 ZEN SMP PREEMPT_DYNAMIC Sat, 07 Jun 2025 14:36:09 +0000
1750179212.987660 using libevent 2.1.12-stable poll
1750179212.987662 using ncurses 6.5 20240427
1750179212.987672 flags are 0x18010000
1750179212.987683 socket is /tmp/tmux-1000/default
1750179212.987691 trying connect
1750179212.987739 add peer 0x5586dc8928f0: 6 ((nil))
1750179212.987965 sending message 111 to peer 0x5586dc8928f0 (8 bytes)
1750179212.987970 sending message 111 to peer 0x5586dc8928f0 (8 bytes)
1750179212.987972 sending message 101 to peer 0x5586dc8928f0 (15 bytes)
1750179212.987974 sending message 109 to peer 0x5586dc8928f0 (4 bytes)
1750179212.987975 sending message 102 to peer 0x5586dc8928f0 (11 bytes)
1750179212.987977 sending message 108 to peer 0x5586dc8928f0 (23 bytes)
1750179212.987979 sending message 112 to peer 0x5586dc8928f0 (58 bytes)
1750179212.987981 sending message 112 to peer 0x5586dc8928f0 (5 bytes)
1750179212.987982 sending message 112 to peer 0x5586dc8928f0 (5 bytes)
1750179212.987984 sending message 112 to peer 0x5586dc8928f0 (6 bytes)
1750179212.987985 sending message 112 to peer 0x5586dc8928f0 (6 bytes)
1750179212.987987 sending message 112 to peer 0x5586dc8928f0 (11 bytes)
1750179212.987989 sending message 112 to peer 0x5586dc8928f0 (10 bytes)
1750179212.987990 sending message 112 to peer 0x5586dc8928f0 (13 bytes)
1750179212.987992 sending message 112 to peer 0x5586dc8928f0 (14 bytes)
1750179212.987994 sending message 112 to peer 0x5586dc8928f0 (19 bytes)
1750179212.987995 sending message 112 to peer 0x5586dc8928f0 (11 bytes)
1750179212.987997 sending message 112 to peer 0x5586dc8928f0 (10 bytes)
1750179212.987999 sending message 112 to peer 0x5586dc8928f0 (15 bytes)
1750179212.988000 sending message 112 to peer 0x5586dc8928f0 (21 bytes)
1750179212.988002 sending message 112 to peer 0x5586dc8928f0 (13 bytes)
1750179212.988003 sending message 112 to peer 0x5586dc8928f0 (7 bytes)
1750179212.988005 sending message 112 to peer 0x5586dc8928f0 (13 bytes)
1750179212.988007 sending message 112 to peer 0x5586dc8928f0 (7 bytes)
1750179212.988008 sending message 112 to peer 0x5586dc8928f0 (13 bytes)
1750179212.988010 sending message 112 to peer 0x5586dc8928f0 (9 bytes)
1750179212.988011 sending message 112 to peer 0x5586dc8928f0 (21 bytes)
1750179212.988013 sending message 112 to peer 0x5586dc8928f0 (13 bytes)
1750179212.988015 sending message 112 to peer 0x5586dc8928f0 (9 bytes)
1750179212.988016 sending message 112 to peer 0x5586dc8928f0 (16 bytes)
1750179212.988018 sending message 112 to peer 0x5586dc8928f0 (13 bytes)
1750179212.988019 sending message 112 to peer 0x5586dc8928f0 (9 bytes)
1750179212.988021 sending message 112 to peer 0x5586dc8928f0 (9 bytes)
1750179212.988022 sending message 112 to peer 0x5586dc8928f0 (12 bytes)
1750179212.988024 sending message 112 to peer 0x5586dc8928f0 (8 bytes)
1750179212.988026 sending message 112 to peer 0x5586dc8928f0 (8 bytes)
1750179212.988027 sending message 112 to peer 0x5586dc8928f0 (13 bytes)
1750179212.988029 sending message 112 to peer 0x5586dc8928f0 (7 bytes)
1750179212.988030 sending message 112 to peer 0x5586dc8928f0 (7 bytes)
1750179212.988032 sending message 112 to peer 0x5586dc8928f0 (9 bytes)
1750179212.988034 sending message 112 to peer 0x5586dc8928f0 (9 bytes)
1750179212.988035 sending message 112 to peer 0x5586dc8928f0 (15 bytes)
1750179212.988037 sending message 112 to peer 0x5586dc8928f0 (13 bytes)
1750179212.988038 sending message 112 to peer 0x5586dc8928f0 (12 bytes)
1750179212.988040 sending message 112 to peer 0x5586dc8928f0 (8 bytes)
1750179212.988042 sending message 112 to peer 0x5586dc8928f0 (14 bytes)
1750179212.988043 sending message 112 to peer 0x5586dc8928f0 (11 bytes)
1750179212.988045 sending message 112 to peer 0x5586dc8928f0 (9 bytes)
1750179212.988047 sending message 112 to peer 0x5586dc8928f0 (10 bytes)
1750179212.988049 sending message 112 to peer 0x5586dc8928f0 (10 bytes)
1750179212.988050 sending message 112 to peer 0x5586dc8928f0 (10 bytes)
1750179212.988058 sending message 112 to peer 0x5586dc8928f0 (10 bytes)
1750179212.988060 sending message 112 to peer 0x5586dc8928f0 (11 bytes)
1750179212.988062 sending message 112 to peer 0x5586dc8928f0 (12 bytes)
1750179212.988064 sending message 112 to peer 0x5586dc8928f0 (12 bytes)
1750179212.988065 sending message 112 to peer 0x5586dc8928f0 (12 bytes)
1750179212.988067 sending message 112 to peer 0x5586dc8928f0 (12 bytes)
1750179212.988068 sending message 112 to peer 0x5586dc8928f0 (12 bytes)
1750179212.988070 sending message 112 to peer 0x5586dc8928f0 (11 bytes)
1750179212.988072 sending message 112 to peer 0x5586dc8928f0 (11 bytes)
1750179212.988073 sending message 112 to peer 0x5586dc8928f0 (12 bytes)
1750179212.988075 sending message 112 to peer 0x5586dc8928f0 (12 bytes)
1750179212.988077 sending message 112 to peer 0x5586dc8928f0 (12 bytes)
1750179212.988078 sending message 112 to peer 0x5586dc8928f0 (12 bytes)
1750179212.988080 sending message 112 to peer 0x5586dc8928f0 (12 bytes)
1750179212.988082 sending message 112 to peer 0x5586dc8928f0 (9 bytes)
1750179212.988083 sending message 112 to peer 0x5586dc8928f0 (12 bytes)
1750179212.988085 sending message 112 to peer 0x5586dc8928f0 (13 bytes)
1750179212.988087 sending message 112 to peer 0x5586dc8928f0 (13 bytes)
1750179212.988088 sending message 112 to peer 0x5586dc8928f0 (13 bytes)
1750179212.988090 sending message 112 to peer 0x5586dc8928f0 (13 bytes)
1750179212.988092 sending message 112 to peer 0x5586dc8928f0 (13 bytes)
1750179212.988093 sending message 112 to peer 0x5586dc8928f0 (8 bytes)
1750179212.988095 sending message 112 to peer 0x5586dc8928f0 (11 bytes)
1750179212.988097 sending message 112 to peer 0x5586dc8928f0 (11 bytes)
1750179212.988098 sending message 112 to peer 0x5586dc8928f0 (11 bytes)
1750179212.988100 sending message 112 to peer 0x5586dc8928f0 (12 bytes)
1750179212.988101 sending message 112 to peer 0x5586dc8928f0 (12 bytes)
1750179212.988103 sending message 112 to peer 0x5586dc8928f0 (12 bytes)
1750179212.988105 sending message 112 to peer 0x5586dc8928f0 (12 bytes)
1750179212.988106 sending message 112 to peer 0x5586dc8928f0 (13 bytes)
1750179212.988108 sending message 112 to peer 0x5586dc8928f0 (13 bytes)
1750179212.988110 sending message 112 to peer 0x5586dc8928f0 (13 bytes)
1750179212.988111 sending message 112 to peer 0x5586dc8928f0 (8 bytes)
1750179212.988113 sending message 112 to peer 0x5586dc8928f0 (13 bytes)
1750179212.988115 sending message 112 to peer 0x5586dc8928f0 (13 bytes)
1750179212.988117 sending message 112 to peer 0x5586dc8928f0 (13 bytes)
1750179212.988118 sending message 112 to peer 0x5586dc8928f0 (13 bytes)
1750179212.988120 sending message 112 to peer 0x5586dc8928f0 (13 bytes)
1750179212.988122 sending message 112 to peer 0x5586dc8928f0 (12 bytes)
1750179212.988123 sending message 112 to peer 0x5586dc8928f0 (12 bytes)
1750179212.988125 sending message 112 to peer 0x5586dc8928f0 (12 bytes)
1750179212.988127 sending message 112 to peer 0x5586dc8928f0 (12 bytes)
1750179212.988128 sending message 112 to peer 0x5586dc8928f0 (13 bytes)
1750179212.988130 sending message 112 to peer 0x5586dc8928f0 (8 bytes)
1750179212.988131 sending message 112 to peer 0x5586dc8928f0 (13 bytes)
1750179212.988133 sending message 112 to peer 0x5586dc8928f0 (13 bytes)
1750179212.988135 sending message 112 to peer 0x5586dc8928f0 (13 bytes)
1750179212.988137 sending message 112 to peer 0x5586dc8928f0 (13 bytes)
1750179212.988138 sending message 112 to peer 0x5586dc8928f0 (13 bytes)
1750179212.988140 sending message 112 to peer 0x5586dc8928f0 (13 bytes)
1750179212.988142 sending message 112 to peer 0x5586dc8928f0 (13 bytes)
1750179212.988143 sending message 112 to peer 0x5586dc8928f0 (12 bytes)
1750179212.988145 sending message 112 to peer 0x5586dc8928f0 (12 bytes)
1750179212.988146 sending message 112 to peer 0x5586dc8928f0 (12 bytes)
1750179212.988148 sending message 112 to peer 0x5586dc8928f0 (8 bytes)
1750179212.988150 sending message 112 to peer 0x5586dc8928f0 (12 bytes)
1750179212.988151 sending message 112 to peer 0x5586dc8928f0 (13 bytes)
1750179212.988156 sending message 112 to peer 0x5586dc8928f0 (13 bytes)
1750179212.988157 sending message 112 to peer 0x5586dc8928f0 (13 bytes)
1750179212.988159 sending message 112 to peer 0x5586dc8928f0 (13 bytes)
1750179212.988161 sending message 112 to peer 0x5586dc8928f0 (13 bytes)
1750179212.988162 sending message 112 to peer 0x5586dc8928f0 (13 bytes)
1750179212.988164 sending message 112 to peer 0x5586dc8928f0 (13 bytes)
1750179212.988166 sending message 112 to peer 0x5586dc8928f0 (13 bytes)
1750179212.988168 sending message 112 to peer 0x5586dc8928f0 (12 bytes)
1750179212.988169 sending message 112 to peer 0x5586dc8928f0 (10 bytes)
1750179212.988171 sending message 112 to peer 0x5586dc8928f0 (12 bytes)
1750179212.988173 sending message 112 to peer 0x5586dc8928f0 (12 bytes)
1750179212.988174 sending message 112 to peer 0x5586dc8928f0 (12 bytes)
1750179212.988176 sending message 112 to peer 0x5586dc8928f0 (13 bytes)
1750179212.988178 sending message 112 to peer 0x5586dc8928f0 (13 bytes)
1750179212.988180 sending message 112 to peer 0x5586dc8928f0 (13 bytes)
1750179212.988181 sending message 112 to peer 0x5586dc8928f0 (13 bytes)
1750179212.988183 sending message 112 to peer 0x5586dc8928f0 (13 bytes)
1750179212.988185 sending message 112 to peer 0x5586dc8928f0 (13 bytes)
1750179212.988186 sending message 112 to peer 0x5586dc8928f0 (13 bytes)
1750179212.988188 sending message 112 to peer 0x5586dc8928f0 (10 bytes)
1750179212.988190 sending message 112 to peer 0x5586dc8928f0 (13 bytes)
1750179212.988191 sending message 112 to peer 0x5586dc8928f0 (12 bytes)
1750179212.988193 sending message 112 to peer 0x5586dc8928f0 (12 bytes)
1750179212.988195 sending message 112 to peer 0x5586dc8928f0 (12 bytes)
1750179212.988196 sending message 112 to peer 0x5586dc8928f0 (10 bytes)
1750179212.988198 sending message 112 to peer 0x5586dc8928f0 (10 bytes)
1750179212.988200 sending message 112 to peer 0x5586dc8928f0 (10 bytes)
1750179212.988201 sending message 112 to peer 0x5586dc8928f0 (12 bytes)
1750179212.988203 sending message 112 to peer 0x5586dc8928f0 (13 bytes)
1750179212.988205 sending message 112 to peer 0x5586dc8928f0 (13 bytes)
1750179212.988206 sending message 112 to peer 0x5586dc8928f0 (13 bytes)
1750179212.988208 sending message 112 to peer 0x5586dc8928f0 (13 bytes)
1750179212.988209 sending message 112 to peer 0x5586dc8928f0 (13 bytes)
1750179212.988211 sending message 112 to peer 0x5586dc8928f0 (10 bytes)
1750179212.988213 sending message 112 to peer 0x5586dc8928f0 (11 bytes)
1750179212.988214 sending message 112 to peer 0x5586dc8928f0 (12 bytes)
1750179212.988216 sending message 112 to peer 0x5586dc8928f0 (12 bytes)
1750179212.988218 sending message 112 to peer 0x5586dc8928f0 (12 bytes)
1750179212.988219 sending message 112 to peer 0x5586dc8928f0 (12 bytes)
1750179212.988221 sending message 112 to peer 0x5586dc8928f0 (12 bytes)
1750179212.988223 sending message 112 to peer 0x5586dc8928f0 (11 bytes)
1750179212.988224 sending message 112 to peer 0x5586dc8928f0 (12 bytes)
1750179212.988226 sending message 112 to peer 0x5586dc8928f0 (12 bytes)
1750179212.988228 sending message 112 to peer 0x5586dc8928f0 (13 bytes)
1750179212.988229 sending message 112 to peer 0x5586dc8928f0 (13 bytes)
1750179212.988231 sending message 112 to peer 0x5586dc8928f0 (13 bytes)
1750179212.988232 sending message 112 to peer 0x5586dc8928f0 (13 bytes)
1750179212.988234 sending message 112 to peer 0x5586dc8928f0 (13 bytes)
1750179212.988236 sending message 112 to peer 0x5586dc8928f0 (10 bytes)
1750179212.988237 sending message 112 to peer 0x5586dc8928f0 (9 bytes)
1750179212.988239 sending message 112 to peer 0x5586dc8928f0 (12 bytes)
1750179212.988241 sending message 112 to peer 0x5586dc8928f0 (13 bytes)
1750179212.988242 sending message 112 to peer 0x5586dc8928f0 (13 bytes)
1750179212.988244 sending message 112 to peer 0x5586dc8928f0 (13 bytes)
1750179212.988246 sending message 112 to peer 0x5586dc8928f0 (13 bytes)
1750179212.988247 sending message 112 to peer 0x5586dc8928f0 (13 bytes)
1750179212.988249 sending message 112 to peer 0x5586dc8928f0 (9 bytes)
1750179212.988253 sending message 112 to peer 0x5586dc8928f0 (12 bytes)
1750179212.988255 sending message 112 to peer 0x5586dc8928f0 (13 bytes)
1750179212.988257 sending message 112 to peer 0x5586dc8928f0 (13 bytes)
1750179212.988258 sending message 112 to peer 0x5586dc8928f0 (13 bytes)
1750179212.988260 sending message 112 to peer 0x5586dc8928f0 (13 bytes)
1750179212.988261 sending message 112 to peer 0x5586dc8928f0 (13 bytes)
1750179212.988263 sending message 112 to peer 0x5586dc8928f0 (11 bytes)
1750179212.988265 sending message 112 to peer 0x5586dc8928f0 (12 bytes)
1750179212.988266 sending message 112 to peer 0x5586dc8928f0 (13 bytes)
1750179212.988268 sending message 112 to peer 0x5586dc8928f0 (13 bytes)
1750179212.988270 sending message 112 to peer 0x5586dc8928f0 (13 bytes)
1750179212.988271 sending message 112 to peer 0x5586dc8928f0 (13 bytes)
1750179212.988273 sending message 112 to peer 0x5586dc8928f0 (13 bytes)
1750179212.988275 sending message 112 to peer 0x5586dc8928f0 (11 bytes)
1750179212.988276 sending message 112 to peer 0x5586dc8928f0 (12 bytes)
1750179212.988278 sending message 112 to peer 0x5586dc8928f0 (12 bytes)
1750179212.988280 sending message 112 to peer 0x5586dc8928f0 (12 bytes)
1750179212.988282 sending message 112 to peer 0x5586dc8928f0 (12 bytes)
1750179212.988284 sending message 112 to peer 0x5586dc8928f0 (12 bytes)
1750179212.988285 sending message 112 to peer 0x5586dc8928f0 (21 bytes)
1750179212.988287 sending message 112 to peer 0x5586dc8928f0 (12 bytes)
1750179212.988289 sending message 112 to peer 0x5586dc8928f0 (9 bytes)
1750179212.988291 sending message 112 to peer 0x5586dc8928f0 (6 bytes)
1750179212.988293 sending message 112 to peer 0x5586dc8928f0 (13 bytes)
1750179212.988295 sending message 112 to peer 0x5586dc8928f0 (10 bytes)
1750179212.988296 sending message 112 to peer 0x5586dc8928f0 (24 bytes)
1750179212.988298 sending message 112 to peer 0x5586dc8928f0 (13 bytes)
1750179212.988300 sending message 112 to peer 0x5586dc8928f0 (9 bytes)
1750179212.988302 sending message 112 to peer 0x5586dc8928f0 (70 bytes)
1750179212.988304 sending message 112 to peer 0x5586dc8928f0 (69 bytes)
1750179212.988306 sending message 112 to peer 0x5586dc8928f0 (12 bytes)
1750179212.988308 sending message 112 to peer 0x5586dc8928f0 (10 bytes)
1750179212.988310 sending message 112 to peer 0x5586dc8928f0 (10 bytes)
1750179212.988311 sending message 112 to peer 0x5586dc8928f0 (24 bytes)
1750179212.988313 sending message 112 to peer 0x5586dc8928f0 (13 bytes)
1750179212.988315 sending message 112 to peer 0x5586dc8928f0 (10 bytes)
1750179212.988317 sending message 112 to peer 0x5586dc8928f0 (10 bytes)
1750179212.988319 sending message 112 to peer 0x5586dc8928f0 (10 bytes)
1750179212.988321 sending message 112 to peer 0x5586dc8928f0 (13 bytes)
1750179212.988323 sending message 112 to peer 0x5586dc8928f0 (15 bytes)
1750179212.988325 sending message 112 to peer 0x5586dc8928f0 (5 bytes)
1750179212.988327 sending message 104 to peer 0x5586dc8928f0 (0 bytes)
1750179212.988329 sending message 110 to peer 0x5586dc8928f0 (0 bytes)
1750179212.988332 sending message 107 to peer 0x5586dc8928f0 (4 bytes)
1750179212.988334 sending message 105 to peer 0x5586dc8928f0 (22 bytes)
1750179212.988336 sending message 105 to peer 0x5586dc8928f0 (60 bytes)
1750179212.988338 sending message 105 to peer 0x5586dc8928f0 (24 bytes)
1750179212.988340 sending message 105 to peer 0x5586dc8928f0 (17 bytes)
1750179212.988342 sending message 105 to peer 0x5586dc8928f0 (27 bytes)
1750179212.988344 sending message 105 to peer 0x5586dc8928f0 (480 bytes)
1750179212.988345 sending message 105 to peer 0x5586dc8928f0 (18 bytes)
1750179212.988347 sending message 105 to peer 0x5586dc8928f0 (20 bytes)
1750179212.988349 sending message 105 to peer 0x5586dc8928f0 (18 bytes)
1750179212.988351 sending message 105 to peer 0x5586dc8928f0 (32 bytes)
1750179212.988353 sending message 105 to peer 0x5586dc8928f0 (12 bytes)
1750179212.988355 sending message 105 to peer 0x5586dc8928f0 (15 bytes)
1750179212.988357 sending message 105 to peer 0x5586dc8928f0 (20 bytes)
1750179212.988362 sending message 105 to peer 0x5586dc8928f0 (19 bytes)
1750179212.988364 sending message 105 to peer 0x5586dc8928f0 (15 bytes)
1750179212.988365 sending message 105 to peer 0x5586dc8928f0 (50 bytes)
1750179212.988367 sending message 105 to peer 0x5586dc8928f0 (14 bytes)
1750179212.988369 sending message 105 to peer 0x5586dc8928f0 (22 bytes)
1750179212.988371 sending message 105 to peer 0x5586dc8928f0 (117 bytes)
1750179212.988373 sending message 105 to peer 0x5586dc8928f0 (22 bytes)
1750179212.988375 sending message 105 to peer 0x5586dc8928f0 (31 bytes)
1750179212.988377 sending message 105 to peer 0x5586dc8928f0 (38 bytes)
1750179212.988379 sending message 105 to peer 0x5586dc8928f0 (23 bytes)
1750179212.988380 sending message 105 to peer 0x5586dc8928f0 (21 bytes)
1750179212.988382 sending message 105 to peer 0x5586dc8928f0 (50 bytes)
1750179212.988384 sending message 105 to peer 0x5586dc8928f0 (20 bytes)
1750179212.988386 sending message 105 to peer 0x5586dc8928f0 (36 bytes)
1750179212.988388 sending message 105 to peer 0x5586dc8928f0 (18 bytes)
1750179212.988389 sending message 105 to peer 0x5586dc8928f0 (30 bytes)
1750179212.988391 sending message 105 to peer 0x5586dc8928f0 (28 bytes)
1750179212.988393 sending message 105 to peer 0x5586dc8928f0 (16 bytes)
1750179212.988395 sending message 105 to peer 0x5586dc8928f0 (52 bytes)
1750179212.988397 sending message 105 to peer 0x5586dc8928f0 (8 bytes)
1750179212.988399 sending message 105 to peer 0x5586dc8928f0 (21 bytes)
1750179212.988401 sending message 105 to peer 0x5586dc8928f0 (24 bytes)
1750179212.988403 sending message 105 to peer 0x5586dc8928f0 (24 bytes)
1750179212.988404 sending message 105 to peer 0x5586dc8928f0 (11 bytes)
1750179212.988406 sending message 105 to peer 0x5586dc8928f0 (50 bytes)
1750179212.988408 sending message 105 to peer 0x5586dc8928f0 (15 bytes)
1750179212.988417 sending message 105 to peer 0x5586dc8928f0 (17 bytes)
1750179212.988423 sending message 105 to peer 0x5586dc8928f0 (27 bytes)
1750179212.988425 sending message 105 to peer 0x5586dc8928f0 (8 bytes)
1750179212.988427 sending message 105 to peer 0x5586dc8928f0 (68 bytes)
1750179212.988428 sending message 105 to peer 0x5586dc8928f0 (24 bytes)
1750179212.988430 sending message 105 to peer 0x5586dc8928f0 (20 bytes)
1750179212.988432 sending message 105 to peer 0x5586dc8928f0 (12 bytes)
1750179212.988434 sending message 105 to peer 0x5586dc8928f0 (54 bytes)
1750179212.988436 sending message 105 to peer 0x5586dc8928f0 (29 bytes)
1750179212.988437 sending message 105 to peer 0x5586dc8928f0 (33 bytes)
1750179212.988439 sending message 105 to peer 0x5586dc8928f0 (58 bytes)
1750179212.988441 sending message 105 to peer 0x5586dc8928f0 (47 bytes)
1750179212.988442 sending message 105 to peer 0x5586dc8928f0 (20 bytes)
1750179212.988444 sending message 105 to peer 0x5586dc8928f0 (38 bytes)
1750179212.988446 sending message 105 to peer 0x5586dc8928f0 (24 bytes)
1750179212.988448 sending message 105 to peer 0x5586dc8928f0 (11 bytes)
1750179212.988449 sending message 105 to peer 0x5586dc8928f0 (11 bytes)
1750179212.988451 sending message 105 to peer 0x5586dc8928f0 (20 bytes)
1750179212.988453 sending message 105 to peer 0x5586dc8928f0 (38 bytes)
1750179212.988455 sending message 106 to peer 0x5586dc8928f0 (0 bytes)
1750179212.988465 cmd_pack_argv: argv[0]=new
1750179212.988467 cmd_pack_argv: argv[1]=-s
1750179212.988469 cmd_pack_argv: argv[2]=debug
1750179212.988471 sending message 200 to peer 0x5586dc8928f0 (17 bytes)
1750179212.988472 client loop enter
1750179212.989582 client loop exit
