{"logTime": "1130/202919", "correlationVector":"Ac4K4dX30LpnpjreoepLnW.1","action":"SyncServerConnectionManagerRequest", "result":"SYNC_SERVER_OK", "context":{"environment":"Prod_southindia_prod-s01-004-apac-southindia", "migrationStage":"NotStarted", "server":"akswtt0070000aj"}}
{"logTime": "1130/202919", "correlationVector":"Ac4K4dX30LpnpjreoepLnW.3","action":"Commit.Sessions", "result":"Success", "context":{"id":"cdb1fc0c-f47c-4baa-b1de-0c3be14e0749", "isDeleted":"true", "size":"0", "version":"1732995214375"}}
{"logTime": "1130/202919", "correlationVector":"Ac4K4dX30LpnpjreoepLnW.4","action":"Commit.Sessions", "result":"Success", "context":{"id":"e6ba614b-9a30-449b-acc8-750379cd747a", "isDeleted":"true", "size":"0", "version":"1732974318197"}}
{"logTime": "1130/202919", "correlationVector":"Ac4K4dX30LpnpjreoepLnW.2","action":"Commit Response", "result":"Success", "context":Result: Success. cV=Ac4K4dX30LpnpjreoepLnW.0;server=akswtt0070000aj;cloudType=Consumer;environment=Prod_southindia_prod-s01-004-apac-southindia;migrationStage=NotStarted}
{"logTime": "1130/202919", "correlationVector":"Ac4K4dX30LpnpjreoepLnW.5","action":"Commit.Sessions", "result":"Success", "context":{"id":"2b3f280a-2460-4b6a-a370-54f39b644581", "isDeleted":"true", "size":"0", "version":"1732975692190"}}
{"logTime": "1130/202919", "correlationVector":"Ac4K4dX30LpnpjreoepLnW.6","action":"Commit.Sessions", "result":"Success", "context":{"id":"46383e1c-8d52-4b2a-ac7f-d5d78b4b6592", "isDeleted":"true", "size":"0", "version":"1732968802104"}}
{"logTime": "1130/202919", "correlationVector":"Ac4K4dX30LpnpjreoepLnW.7","action":"Commit.Sessions", "result":"Success", "context":{"id":"bb7b377d-9f13-4a17-83b7-d0353af45bdc", "isDeleted":"true", "size":"0", "version":"1732995525458"}}
{"logTime": "1130/202919", "correlationVector":"Ac4K4dX30LpnpjreoepLnW.8","action":"Commit.Sessions", "result":"Success", "context":{"id":"7ea417be-6ae4-444e-a904-64ff202e71cb", "isDeleted":"true", "size":"0", "version":"1732968771684"}}
{"logTime": "1130/202919", "correlationVector":"Ac4K4dX30LpnpjreoepLnW.9","action":"Commit.Sessions", "result":"Success", "context":{"id":"b00ae8b5-30b3-4b50-b203-722198ac4376", "isDeleted":"true", "size":"0", "version":"1732993792308"}}
{"logTime": "1130/202919", "correlationVector":"Ac4K4dX30LpnpjreoepLnW.10","action":"Commit.Sessions", "result":"Success", "context":{"id":"bea58c76-b8db-4000-bcd6-8484e03c0927", "isDeleted":"true", "size":"0", "version":"1732981541090"}}
{"logTime": "1130/202919", "correlationVector":"Ac4K4dX30LpnpjreoepLnW.11","action":"Commit.Sessions", "result":"Success", "context":{"id":"fae6b6ba-78ba-4d04-82d5-fb8b35d44aa9", "isDeleted":"true", "size":"0", "version":"1732980723975"}}
{"logTime": "1130/202919", "correlationVector":"Ac4K4dX30LpnpjreoepLnW.12","action":"Commit.Sessions", "result":"Success", "context":{"id":"4bbf1673-2ff7-4aa7-ae4c-3c5b0b21ec18", "isDeleted":"true", "size":"0", "version":"1732981865576"}}
{"logTime": "1130/202919", "correlationVector":"RhhMP7EIpk7i+bwI8hiQSA","action":"Poll GetUpdate request", "result":"", "context":cV=RhhMP7EIpk7i+bwI8hiQSA}
{"logTime": "1130/202919", "correlationVector":"RhhMP7EIpk7i+bwI8hiQSA.1","action":"SyncServerConnectionManagerRequest", "result":"SYNC_SERVER_OK", "context":{"environment":"Prod_southindia_prod-s01-004-apac-southindia", "migrationStage":"NotStarted", "server":"akswtt0070000aj"}}
{"logTime": "1130/202919", "correlationVector":"RhhMP7EIpk7i+bwI8hiQSA.2","action":"GetUpdates", "result":"DeleteReceived", "context":{"id":"cdb1fc0c-f47c-4baa-b1de-0c3be14e0749", "isDeleted:":"true", "version":"1732998557968"}}
{"logTime": "1130/202919", "correlationVector":"RhhMP7EIpk7i+bwI8hiQSA.3","action":"GetUpdates", "result":"DeleteReceived", "context":{"id":"e6ba614b-9a30-449b-acc8-750379cd747a", "isDeleted:":"true", "version":"1732998557969"}}
{"logTime": "1130/202919", "correlationVector":"RhhMP7EIpk7i+bwI8hiQSA.4","action":"GetUpdates", "result":"DeleteReceived", "context":{"id":"2b3f280a-2460-4b6a-a370-54f39b644581", "isDeleted:":"true", "version":"1732998557970"}}
{"logTime": "1130/202919", "correlationVector":"RhhMP7EIpk7i+bwI8hiQSA.5","action":"GetUpdates", "result":"DeleteReceived", "context":{"id":"46383e1c-8d52-4b2a-ac7f-d5d78b4b6592", "isDeleted:":"true", "version":"1732998557971"}}
{"logTime": "1130/202919", "correlationVector":"RhhMP7EIpk7i+bwI8hiQSA.6","action":"GetUpdates", "result":"DeleteReceived", "context":{"id":"bb7b377d-9f13-4a17-83b7-d0353af45bdc", "isDeleted:":"true", "version":"1732998557972"}}
{"logTime": "1130/202919", "correlationVector":"RhhMP7EIpk7i+bwI8hiQSA.7","action":"GetUpdates", "result":"DeleteReceived", "context":{"id":"7ea417be-6ae4-444e-a904-64ff202e71cb", "isDeleted:":"true", "version":"1732998557973"}}
{"logTime": "1130/202919", "correlationVector":"RhhMP7EIpk7i+bwI8hiQSA.8","action":"GetUpdates", "result":"DeleteReceived", "context":{"id":"b00ae8b5-30b3-4b50-b203-722198ac4376", "isDeleted:":"true", "version":"1732998557975"}}
{"logTime": "1130/202919", "correlationVector":"RhhMP7EIpk7i+bwI8hiQSA.9","action":"GetUpdates", "result":"DeleteReceived", "context":{"id":"bea58c76-b8db-4000-bcd6-8484e03c0927", "isDeleted:":"true", "version":"1732998557976"}}
{"logTime": "1130/202919", "correlationVector":"RhhMP7EIpk7i+bwI8hiQSA.10","action":"GetUpdates", "result":"DeleteReceived", "context":{"id":"fae6b6ba-78ba-4d04-82d5-fb8b35d44aa9", "isDeleted:":"true", "version":"1732998557977"}}
{"logTime": "1130/202919", "correlationVector":"RhhMP7EIpk7i+bwI8hiQSA.11","action":"GetUpdates", "result":"DeleteReceived", "context":{"id":"4bbf1673-2ff7-4aa7-ae4c-3c5b0b21ec18", "isDeleted:":"true", "version":"1732998557978"}}
{"logTime": "1130/202919", "correlationVector":"RhhMP7EIpk7i+bwI8hiQSA.12","action":"GetUpdates Response", "result":"Success", "context":Received 12 update(s). cV=RhhMP7EIpk7i+bwI8hiQSA.0;server=akswtt0070000aj;cloudType=Consumer;environment=Prod_southindia_prod-s01-004-apac-southindia;migrationStage=NotStarted}
{"logTime": "1130/202959", "correlationVector":"LE6dBr7hqAQPG7WrHB5BgO","action":"Commit Request", "result":"", "context":Item count: 5
Contributing types: Sessions}
{"logTime": "1130/203000", "correlationVector":"LE6dBr7hqAQPG7WrHB5BgO.1","action":"SyncServerConnectionManagerRequest", "result":"SYNC_SERVER_OK", "context":{"environment":"Prod_southindia_prod-s01-004-apac-southindia", "migrationStage":"NotStarted", "server":"akswtt0070000aj"}}
{"logTime": "1130/203000", "correlationVector":"LE6dBr7hqAQPG7WrHB5BgO.2","action":"Commit Response", "result":"Success", "context":Result: Success. cV=LE6dBr7hqAQPG7WrHB5BgO.0;server=akswtt0070000aj;cloudType=Consumer;environment=Prod_southindia_prod-s01-004-apac-southindia;migrationStage=NotStarted}
{"logTime": "1130/203415", "correlationVector":"xVPwiNPq4b22X1Kcq/zFGI","action":"Normal GetUpdate request", "result":"", "context":cV=xVPwiNPq4b22X1Kcq/zFGI
Refresh requested types: Bookmarks, Preferences, Passwords, Autofill Profiles, Autofill, Typed URLs, Extensions, Sessions, Extension settings, History Delete Directives, Device Info, User Consents, Send Tab To Self, Web Apps, Saved Tab Group, Collection, Edge E Drop, Edge Hub App Usage, Edge Tab Group, Edge Wallet, Encryption Keys}
{"logTime": "1130/203416", "correlationVector":"xVPwiNPq4b22X1Kcq/zFGI.1","action":"SyncServerConnectionManagerRequest", "result":"SYNC_SERVER_OK", "context":{"environment":"Prod_southindia_prod-s01-004-apac-southindia", "migrationStage":"NotStarted", "server":"akswtt0070000ac"}}
{"logTime": "1130/203416", "correlationVector":"xVPwiNPq4b22X1Kcq/zFGI.2","action":"GetUpdates Response", "result":"Success", "context":Received 5 update(s). cV=xVPwiNPq4b22X1Kcq/zFGI.0;server=akswtt0070000ac;cloudType=Consumer;environment=Prod_southindia_prod-s01-004-apac-southindia;migrationStage=NotStarted}
{"logTime": "1130/203449", "correlationVector":"dnTI+WNyjXbkAWTTl2LR/F","action":"Commit Request", "result":"", "context":Item count: 2
Contributing types: Sessions}
{"logTime": "1130/203449", "correlationVector":"dnTI+WNyjXbkAWTTl2LR/F.1","action":"SyncServerConnectionManagerRequest", "result":"SYNC_SERVER_OK", "context":{"environment":"Prod_southindia_prod-s01-004-apac-southindia", "migrationStage":"NotStarted", "server":"akswtt0070000ac"}}
{"logTime": "1130/203449", "correlationVector":"dnTI+WNyjXbkAWTTl2LR/F.3","action":"Commit.Sessions", "result":"Success", "context":{"id":"b5dd0956-0add-4f67-9f91-a6938b9a0ae2", "isDeleted":"true", "size":"0", "version":"1732998599795"}}
{"logTime": "1130/203449", "correlationVector":"dnTI+WNyjXbkAWTTl2LR/F.2","action":"Commit Response", "result":"Success", "context":Result: Success. cV=dnTI+WNyjXbkAWTTl2LR/F.0;server=akswtt0070000ac;cloudType=Consumer;environment=Prod_southindia_prod-s01-004-apac-southindia;migrationStage=NotStarted}
{"logTime": "1130/203536", "correlationVector":"OrCwag324qimcHzgD1vzRa","action":"Commit Request", "result":"", "context":Item count: 1
Contributing types: Sessions}
{"logTime": "1130/203536", "correlationVector":"OrCwag324qimcHzgD1vzRa.1","action":"SyncServerConnectionManagerRequest", "result":"SYNC_SERVER_OK", "context":{"environment":"Prod_southindia_prod-s01-004-apac-southindia", "migrationStage":"NotStarted", "server":"akswtt0070000ac"}}
{"logTime": "1130/203536", "correlationVector":"OrCwag324qimcHzgD1vzRa.2","action":"Commit Response", "result":"Success", "context":Result: Success. cV=OrCwag324qimcHzgD1vzRa.0;server=akswtt0070000ac;cloudType=Consumer;environment=Prod_southindia_prod-s01-004-apac-southindia;migrationStage=NotStarted}
{"logTime": "1130/204020", "correlationVector":"nXHfkMSxGjfOlziZgpaI1F","action":"Commit Request", "result":"", "context":Item count: 3
Contributing types: Sessions}
{"logTime": "1130/204020", "correlationVector":"nXHfkMSxGjfOlziZgpaI1F.1","action":"SyncServerConnectionManagerRequest", "result":"SYNC_SERVER_OK", "context":{"environment":"Prod_southindia_prod-s01-004-apac-southindia", "migrationStage":"NotStarted", "server":"akswtt0070000aj"}}
{"logTime": "1130/204020", "correlationVector":"nXHfkMSxGjfOlziZgpaI1F.2","action":"Commit Response", "result":"Success", "context":Result: Success. cV=nXHfkMSxGjfOlziZgpaI1F.0;server=akswtt0070000aj;cloudType=Consumer;environment=Prod_southindia_prod-s01-004-apac-southindia;migrationStage=NotStarted}
{"logTime": "1130/204141", "correlationVector":"gAmj6MgcFkw7AD9sFXkcps","action":"Commit Request", "result":"", "context":Item count: 3
Contributing types: Sessions}
{"logTime": "1130/204141", "correlationVector":"gAmj6MgcFkw7AD9sFXkcps.1","action":"SyncServerConnectionManagerRequest", "result":"SYNC_SERVER_OK", "context":{"environment":"Prod_southindia_prod-s01-004-apac-southindia", "migrationStage":"NotStarted", "server":"akswtt0070000aj"}}
{"logTime": "1130/204141", "correlationVector":"gAmj6MgcFkw7AD9sFXkcps.2","action":"Commit Response", "result":"Success", "context":Result: Success. cV=gAmj6MgcFkw7AD9sFXkcps.0;server=akswtt0070000aj;cloudType=Consumer;environment=Prod_southindia_prod-s01-004-apac-southindia;migrationStage=NotStarted}
{"logTime": "1130/204214", "correlationVector":"8zPNeM/48BSWpPANf4vEPX","action":"Commit Request", "result":"", "context":Item count: 1
Contributing types: Sessions}
{"logTime": "1130/204214", "correlationVector":"8zPNeM/48BSWpPANf4vEPX.1","action":"SyncServerConnectionManagerRequest", "result":"SYNC_SERVER_OK", "context":{"environment":"Prod_southindia_prod-s01-004-apac-southindia", "migrationStage":"NotStarted", "server":"akswtt0070000aj"}}
{"logTime": "1130/204214", "correlationVector":"8zPNeM/48BSWpPANf4vEPX.2","action":"Commit Response", "result":"Success", "context":Result: Success. cV=8zPNeM/48BSWpPANf4vEPX.0;server=akswtt0070000aj;cloudType=Consumer;environment=Prod_southindia_prod-s01-004-apac-southindia;migrationStage=NotStarted}
{"logTime": "1130/204305", "correlationVector":"0cYNXbBoCd8PX6VSOXUk5E","action":"Commit Request", "result":"", "context":Item count: 1
Contributing types: Sessions}
{"logTime": "1130/204306", "correlationVector":"0cYNXbBoCd8PX6VSOXUk5E.1","action":"SyncServerConnectionManagerRequest", "result":"SYNC_SERVER_OK", "context":{"environment":"Prod_southindia_prod-s01-004-apac-southindia", "migrationStage":"NotStarted", "server":"akswtt0070000aj"}}
{"logTime": "1130/204306", "correlationVector":"0cYNXbBoCd8PX6VSOXUk5E.2","action":"Commit Response", "result":"Success", "context":Result: Success. cV=0cYNXbBoCd8PX6VSOXUk5E.0;server=akswtt0070000aj;cloudType=Consumer;environment=Prod_southindia_prod-s01-004-apac-southindia;migrationStage=NotStarted}
{"logTime": "1130/204524", "correlationVector":"fEcuoy3RennSCTKVNHGkfe","action":"Commit Request", "result":"", "context":Item count: 3
Contributing types: Typed URLs, Sessions}
{"logTime": "1130/204526", "correlationVector":"fEcuoy3RennSCTKVNHGkfe.1","action":"SyncServerConnectionManagerRequest", "result":"SYNC_SERVER_OK", "context":{"environment":"Prod_southindia_prod-s01-004-apac-southindia", "migrationStage":"NotStarted", "server":"akswtt00700006r"}}
{"logTime": "1130/204526", "correlationVector":"fEcuoy3RennSCTKVNHGkfe.2","action":"Commit Response", "result":"Success", "context":Result: Success. cV=fEcuoy3RennSCTKVNHGkfe.0;server=akswtt00700006r;cloudType=Consumer;environment=Prod_southindia_prod-s01-004-apac-southindia;migrationStage=NotStarted}
{"logTime": "1130/204559", "correlationVector":"7pvbHwi/137yMYUInIm1rA","action":"Commit Request", "result":"", "context":Item count: 1
Contributing types: Sessions}
{"logTime": "1130/204600", "correlationVector":"7pvbHwi/137yMYUInIm1rA.1","action":"SyncServerConnectionManagerRequest", "result":"SYNC_SERVER_OK", "context":{"environment":"Prod_southindia_prod-s01-004-apac-southindia", "migrationStage":"NotStarted", "server":"akswtt00700006r"}}
{"logTime": "1130/204600", "correlationVector":"7pvbHwi/137yMYUInIm1rA.2","action":"Commit Response", "result":"Success", "context":Result: Success. cV=7pvbHwi/137yMYUInIm1rA.0;server=akswtt00700006r;cloudType=Consumer;environment=Prod_southindia_prod-s01-004-apac-southindia;migrationStage=NotStarted}
{"logTime": "1130/204640", "correlationVector":"rzKAp/62vo89IandJcINvB","action":"Commit Request", "result":"", "context":Item count: 1
Contributing types: Sessions}
{"logTime": "1130/204641", "correlationVector":"rzKAp/62vo89IandJcINvB.1","action":"SyncServerConnectionManagerRequest", "result":"SYNC_SERVER_OK", "context":{"environment":"Prod_southindia_prod-s01-004-apac-southindia", "migrationStage":"NotStarted", "server":"akswtt00700006r"}}
{"logTime": "1130/204641", "correlationVector":"rzKAp/62vo89IandJcINvB.2","action":"Commit Response", "result":"Success", "context":Result: Success. cV=rzKAp/62vo89IandJcINvB.0;server=akswtt00700006r;cloudType=Consumer;environment=Prod_southindia_prod-s01-004-apac-southindia;migrationStage=NotStarted}
{"logTime": "1130/204712", "correlationVector":"hd6zUqvCc8l8Pcwg6eqvqf","action":"Commit Request", "result":"", "context":Item count: 1
Contributing types: Sessions}
{"logTime": "1130/204713", "correlationVector":"hd6zUqvCc8l8Pcwg6eqvqf.1","action":"SyncServerConnectionManagerRequest", "result":"SYNC_SERVER_OK", "context":{"environment":"Prod_southindia_prod-s01-004-apac-southindia", "migrationStage":"NotStarted", "server":"akswtt00700006r"}}
{"logTime": "1130/204713", "correlationVector":"hd6zUqvCc8l8Pcwg6eqvqf.2","action":"Commit Response", "result":"Success", "context":Result: Success. cV=hd6zUqvCc8l8Pcwg6eqvqf.0;server=akswtt00700006r;cloudType=Consumer;environment=Prod_southindia_prod-s01-004-apac-southindia;migrationStage=NotStarted}
{"logTime": "1130/215105", "correlationVector":"d0hnxcPNJDjLDJkXjWZpri","action":"Normal GetUpdate request", "result":"", "context":cV=d0hnxcPNJDjLDJkXjWZpri
Nudged types: Device Info
Refresh requested types: Bookmarks, Preferences, Passwords, Autofill Profiles, Autofill, Typed URLs, Extensions, Sessions, Extension settings, History Delete Directives, Device Info, User Consents, Send Tab To Self, Web Apps, Saved Tab Group, Collection, Edge E Drop, Edge Hub App Usage, Edge Tab Group, Edge Wallet, Encryption Keys}
{"logTime": "1130/215106", "correlationVector":"d0hnxcPNJDjLDJkXjWZpri.1","action":"SyncServerConnectionManagerRequest", "result":"SYNC_SERVER_OK", "context":{"environment":"Prod_southindia_prod-s01-004-apac-southindia", "migrationStage":"NotStarted", "server":"akswtt00700006b"}}
{"logTime": "1130/215106", "correlationVector":"d0hnxcPNJDjLDJkXjWZpri.2","action":"GetUpdates", "result":"DeleteReceived", "context":{"id":"b5dd0956-0add-4f67-9f91-a6938b9a0ae2", "isDeleted:":"true", "version":"1732998889559"}}
{"logTime": "1130/215106", "correlationVector":"d0hnxcPNJDjLDJkXjWZpri.3","action":"GetUpdates Response", "result":"Success", "context":Received 6 update(s). cV=d0hnxcPNJDjLDJkXjWZpri.0;server=akswtt00700006b;cloudType=Consumer;environment=Prod_southindia_prod-s01-004-apac-southindia;migrationStage=NotStarted}
{"logTime": "1130/215106", "correlationVector":"717hv81NbKPuIQve6lvqIf","action":"Commit Request", "result":"", "context":Item count: 1
Contributing types: Device Info}
{"logTime": "1130/215107", "correlationVector":"717hv81NbKPuIQve6lvqIf.1","action":"SyncServerConnectionManagerRequest", "result":"SYNC_SERVER_OK", "context":{"environment":"Prod_southindia_prod-s01-004-apac-southindia", "migrationStage":"NotStarted", "server":"akswtt00700006b"}}
{"logTime": "1130/215107", "correlationVector":"717hv81NbKPuIQve6lvqIf.2","action":"Commit Response", "result":"Success", "context":Result: Success. cV=717hv81NbKPuIQve6lvqIf.0;server=akswtt00700006b;cloudType=Consumer;environment=Prod_southindia_prod-s01-004-apac-southindia;migrationStage=NotStarted}
{"logTime": "1201/190023", "correlationVector":"8hrbBqc0E72/OVBTxuQJkC","action":"Normal GetUpdate request", "result":"", "context":cV=8hrbBqc0E72/OVBTxuQJkC
Nudged types: Sessions
Refresh requested types: Bookmarks, Preferences, Passwords, Autofill Profiles, Autofill, Typed URLs, Extensions, Sessions, Extension settings, History Delete Directives, Device Info, User Consents, Send Tab To Self, Web Apps, Saved Tab Group, Collection, Edge E Drop, Edge Hub App Usage, Edge Tab Group, Edge Wallet, Encryption Keys}
{"logTime": "1201/190024", "correlationVector":"8hrbBqc0E72/OVBTxuQJkC.1","action":"SyncServerConnectionManagerRequest", "result":"SYNC_SERVER_OK", "context":{"environment":"Prod_southindia_prod-s01-004-apac-southindia", "migrationStage":"NotStarted", "server":"akswtt00700009o"}}
{"logTime": "1201/190024", "correlationVector":"8hrbBqc0E72/OVBTxuQJkC.2","action":"GetUpdates Response", "result":"Success", "context":Received 1 update(s). cV=8hrbBqc0E72/OVBTxuQJkC.0;server=akswtt00700009o;cloudType=Consumer;environment=Prod_southindia_prod-s01-004-apac-southindia;migrationStage=NotStarted}
{"logTime": "1201/190024", "correlationVector":"ra0Hff/hT/qFb6SuQlrOn5","action":"Commit Request", "result":"", "context":Item count: 11
Contributing types: Sessions, Device Info}
{"logTime": "1201/190025", "correlationVector":"ra0Hff/hT/qFb6SuQlrOn5.1","action":"SyncServerConnectionManagerRequest", "result":"SYNC_SERVER_OK", "context":{"environment":"Prod_southindia_prod-s01-004-apac-southindia", "migrationStage":"NotStarted", "server":"akswtt00700009o"}}
{"logTime": "1201/190025", "correlationVector":"ra0Hff/hT/qFb6SuQlrOn5.3","action":"Commit.Sessions", "result":"Success", "context":{"id":"afde3c0c-42a5-4bce-b1c5-4b7f181bdce8", "isDeleted":"true", "size":"0", "version":"1732999632988"}}
{"logTime": "1201/190025", "correlationVector":"ra0Hff/hT/qFb6SuQlrOn5.4","action":"Commit.Sessions", "result":"Success", "context":{"id":"53935c6f-7882-4d68-bb6f-e857f62eae8e", "isDeleted":"true", "size":"0", "version":"1731816777404"}}
{"logTime": "1201/190025", "correlationVector":"ra0Hff/hT/qFb6SuQlrOn5.5","action":"Commit.Sessions", "result":"Success", "context":{"id":"46db5177-83ed-44c4-9737-2191772db54e", "isDeleted":"true", "size":"0", "version":"1731816808743"}}
{"logTime": "1201/190025", "correlationVector":"ra0Hff/hT/qFb6SuQlrOn5.6","action":"Commit.Sessions", "result":"Success", "context":{"id":"207b08b3-e55d-4f50-987b-d7f1c92562e4", "isDeleted":"true", "size":"0", "version":"1731814656760"}}
{"logTime": "1201/190025", "correlationVector":"ra0Hff/hT/qFb6SuQlrOn5.7","action":"Commit.Sessions", "result":"Success", "context":{"id":"5a3b180f-d2c6-4527-93e8-5971460622d5", "isDeleted":"true", "size":"0", "version":"1731814062457"}}
{"logTime": "1201/190025", "correlationVector":"ra0Hff/hT/qFb6SuQlrOn5.8","action":"Commit.Sessions", "result":"Success", "context":{"id":"abdba433-e727-4452-ae47-d5a505fea7b6", "isDeleted":"true", "size":"0", "version":"1731817294618"}}
{"logTime": "1201/190025", "correlationVector":"ra0Hff/hT/qFb6SuQlrOn5.9","action":"Commit.Sessions", "result":"Success", "context":{"id":"bac5e1de-c298-4863-9eab-aa3a5227b278", "isDeleted":"true", "size":"0", "version":"1732999301556"}}
{"logTime": "1201/190025", "correlationVector":"ra0Hff/hT/qFb6SuQlrOn5.10","action":"Commit.Sessions", "result":"Success", "context":{"id":"3118a7df-5e14-450a-8fc6-ea6af1ea97c4", "isDeleted":"true", "size":"0", "version":"1732999385840"}}
{"logTime": "1201/190025", "correlationVector":"ra0Hff/hT/qFb6SuQlrOn5.11","action":"Commit.Sessions", "result":"Success", "context":{"id":"ef2d1e5c-96e2-4762-9e51-2e2a268ebfdc", "isDeleted":"true", "size":"0", "version":"1731816673543"}}
{"logTime": "1201/190025", "correlationVector":"ra0Hff/hT/qFb6SuQlrOn5.2","action":"Commit Response", "result":"Success", "context":Result: Success. cV=ra0Hff/hT/qFb6SuQlrOn5.0;server=akswtt00700009o;cloudType=Consumer;environment=Prod_southindia_prod-s01-004-apac-southindia;migrationStage=NotStarted}
{"logTime": "1201/190026", "correlationVector":"PxOgwA+qKl+KTIBK4z2MNJ","action":"SyncServerConnectionManagerRequest", "result":"SYNC_SERVER_OK", "context":{"environment":"", "migrationStage":"", "server":""}}
{"logTime": "1201/190026", "correlationVector":"Uy9CfG1SjoH2zFaYW24AE5","action":"Poll GetUpdate request", "result":"", "context":cV=Uy9CfG1SjoH2zFaYW24AE5}
{"logTime": "1201/190026", "correlationVector":"Uy9CfG1SjoH2zFaYW24AE5.1","action":"SyncServerConnectionManagerRequest", "result":"SYNC_SERVER_OK", "context":{"environment":"Prod_southindia_prod-s01-004-apac-southindia", "migrationStage":"NotStarted", "server":"akswtt00700000a"}}
{"logTime": "1201/190026", "correlationVector":"Uy9CfG1SjoH2zFaYW24AE5.2","action":"GetUpdates", "result":"DeleteReceived", "context":{"id":"afde3c0c-42a5-4bce-b1c5-4b7f181bdce8", "isDeleted:":"true", "version":"1733079624836"}}
{"logTime": "1201/190026", "correlationVector":"Uy9CfG1SjoH2zFaYW24AE5.3","action":"GetUpdates", "result":"DeleteReceived", "context":{"id":"53935c6f-7882-4d68-bb6f-e857f62eae8e", "isDeleted:":"true", "version":"1733079624837"}}
{"logTime": "1201/190026", "correlationVector":"Uy9CfG1SjoH2zFaYW24AE5.4","action":"GetUpdates", "result":"DeleteReceived", "context":{"id":"46db5177-83ed-44c4-9737-2191772db54e", "isDeleted:":"true", "version":"1733079624838"}}
{"logTime": "1201/190026", "correlationVector":"Uy9CfG1SjoH2zFaYW24AE5.5","action":"GetUpdates", "result":"DeleteReceived", "context":{"id":"207b08b3-e55d-4f50-987b-d7f1c92562e4", "isDeleted:":"true", "version":"1733079624839"}}
{"logTime": "1201/190026", "correlationVector":"Uy9CfG1SjoH2zFaYW24AE5.6","action":"GetUpdates", "result":"DeleteReceived", "context":{"id":"5a3b180f-d2c6-4527-93e8-5971460622d5", "isDeleted:":"true", "version":"1733079624840"}}
{"logTime": "1201/190026", "correlationVector":"Uy9CfG1SjoH2zFaYW24AE5.7","action":"GetUpdates", "result":"DeleteReceived", "context":{"id":"abdba433-e727-4452-ae47-d5a505fea7b6", "isDeleted:":"true", "version":"1733079624841"}}
{"logTime": "1201/190026", "correlationVector":"Uy9CfG1SjoH2zFaYW24AE5.8","action":"GetUpdates", "result":"DeleteReceived", "context":{"id":"bac5e1de-c298-4863-9eab-aa3a5227b278", "isDeleted:":"true", "version":"1733079624843"}}
{"logTime": "1201/190026", "correlationVector":"Uy9CfG1SjoH2zFaYW24AE5.9","action":"GetUpdates", "result":"DeleteReceived", "context":{"id":"3118a7df-5e14-450a-8fc6-ea6af1ea97c4", "isDeleted:":"true", "version":"1733079624844"}}
{"logTime": "1201/190026", "correlationVector":"Uy9CfG1SjoH2zFaYW24AE5.10","action":"GetUpdates", "result":"DeleteReceived", "context":{"id":"ef2d1e5c-96e2-4762-9e51-2e2a268ebfdc", "isDeleted:":"true", "version":"1733079624845"}}
{"logTime": "1201/190026", "correlationVector":"Uy9CfG1SjoH2zFaYW24AE5.11","action":"GetUpdates Response", "result":"Success", "context":Received 11 update(s). cV=Uy9CfG1SjoH2zFaYW24AE5.0;server=akswtt00700000a;cloudType=Consumer;environment=Prod_southindia_prod-s01-004-apac-southindia;migrationStage=NotStarted}
{"logTime": "1201/190029", "correlationVector":"haf5iQi/u0SeSDXSKP1wwA","action":"Commit Request", "result":"", "context":Item count: 3
Contributing types: Sessions, Edge Hub App Usage}
{"logTime": "1201/190030", "correlationVector":"haf5iQi/u0SeSDXSKP1wwA.1","action":"SyncServerConnectionManagerRequest", "result":"SYNC_SERVER_OK", "context":{"environment":"Prod_southindia_prod-s01-004-apac-southindia", "migrationStage":"NotStarted", "server":"akswtt00700002u"}}
{"logTime": "1201/190030", "correlationVector":"haf5iQi/u0SeSDXSKP1wwA.2","action":"Commit Response", "result":"Success", "context":Result: Success. cV=haf5iQi/u0SeSDXSKP1wwA.0;server=akswtt00700002u;cloudType=Consumer;environment=Prod_southindia_prod-s01-004-apac-southindia;migrationStage=NotStarted}
{"logTime": "1201/190101", "correlationVector":"P4hz00wHQjLHm7aqBRyrXw","action":"Commit Request", "result":"", "context":Item count: 3
Contributing types: Sessions}
{"logTime": "1201/190102", "correlationVector":"P4hz00wHQjLHm7aqBRyrXw.1","action":"SyncServerConnectionManagerRequest", "result":"SYNC_SERVER_OK", "context":{"environment":"Prod_southindia_prod-s01-004-apac-southindia", "migrationStage":"NotStarted", "server":"akswtt00700002u"}}
{"logTime": "1201/190102", "correlationVector":"P4hz00wHQjLHm7aqBRyrXw.2","action":"Commit Response", "result":"Success", "context":Result: Success. cV=P4hz00wHQjLHm7aqBRyrXw.0;server=akswtt00700002u;cloudType=Consumer;environment=Prod_southindia_prod-s01-004-apac-southindia;migrationStage=NotStarted}
{"logTime": "1201/190150", "correlationVector":"yi3d8hCNtXlGLg2F63+oUZ","action":"Commit Request", "result":"", "context":Item count: 1
Contributing types: Sessions}
{"logTime": "1201/190151", "correlationVector":"yi3d8hCNtXlGLg2F63+oUZ.1","action":"SyncServerConnectionManagerRequest", "result":"SYNC_SERVER_OK", "context":{"environment":"Prod_southeastasia_prod-s01-064-apac-southeastasia", "migrationStage":"NotStarted", "server":"akswtt002000016"}}
{"logTime": "1201/190151", "correlationVector":"yi3d8hCNtXlGLg2F63+oUZ.2","action":"Commit Response", "result":"Success", "context":Result: Success. cV=yi3d8hCNtXlGLg2F63+oUZ.0;server=akswtt002000016;cloudType=Consumer;environment=Prod_southeastasia_prod-s01-064-apac-southeastasia;migrationStage=NotStarted}
{"logTime": "1201/190246", "correlationVector":"4gNT7BI4PT6IMKVUWIp/X3","action":"Commit Request", "result":"", "context":Item count: 1
Contributing types: Sessions}
{"logTime": "1201/190246", "correlationVector":"4gNT7BI4PT6IMKVUWIp/X3.1","action":"SyncServerConnectionManagerRequest", "result":"SYNC_SERVER_OK", "context":{"environment":"Prod_southindia_prod-s01-004-apac-southindia", "migrationStage":"NotStarted", "server":"akswtt00700000a"}}
{"logTime": "1201/190246", "correlationVector":"4gNT7BI4PT6IMKVUWIp/X3.2","action":"Commit Response", "result":"Success", "context":Result: Success. cV=4gNT7BI4PT6IMKVUWIp/X3.0;server=akswtt00700000a;cloudType=Consumer;environment=Prod_southindia_prod-s01-004-apac-southindia;migrationStage=NotStarted}
{"logTime": "1201/190505", "correlationVector":"xagJlcTIrvDjgzibTRWL4A","action":"Commit Request", "result":"", "context":Item count: 1
Contributing types: Sessions}
{"logTime": "1201/190505", "correlationVector":"xagJlcTIrvDjgzibTRWL4A.1","action":"SyncServerConnectionManagerRequest", "result":"SYNC_SERVER_OK", "context":{"environment":"Prod_southindia_prod-s01-004-apac-southindia", "migrationStage":"NotStarted", "server":"akswtt00700003v"}}
{"logTime": "1201/190505", "correlationVector":"xagJlcTIrvDjgzibTRWL4A.2","action":"Commit Response", "result":"Success", "context":Result: Success. cV=xagJlcTIrvDjgzibTRWL4A.0;server=akswtt00700003v;cloudType=Consumer;environment=Prod_southindia_prod-s01-004-apac-southindia;migrationStage=NotStarted}
{"logTime": "1201/190523", "correlationVector":"66ivz0SUfOglyEz1ccx1An","action":"Normal GetUpdate request", "result":"", "context":cV=66ivz0SUfOglyEz1ccx1An
Refresh requested types: Bookmarks, Preferences, Passwords, Autofill Profiles, Autofill, Typed URLs, Extensions, Sessions, Extension settings, History Delete Directives, Device Info, User Consents, Send Tab To Self, Web Apps, Saved Tab Group, Collection, Edge E Drop, Edge Hub App Usage, Edge Tab Group, Edge Wallet, Encryption Keys}
{"logTime": "1201/190524", "correlationVector":"66ivz0SUfOglyEz1ccx1An.1","action":"SyncServerConnectionManagerRequest", "result":"SYNC_SERVER_OK", "context":{"environment":"Prod_southindia_prod-s01-004-apac-southindia", "migrationStage":"NotStarted", "server":"akswtt00700003v"}}
{"logTime": "1201/190524", "correlationVector":"66ivz0SUfOglyEz1ccx1An.2","action":"GetUpdates Response", "result":"Success", "context":Received 5 update(s). cV=66ivz0SUfOglyEz1ccx1An.0;server=akswtt00700003v;cloudType=Consumer;environment=Prod_southindia_prod-s01-004-apac-southindia;migrationStage=NotStarted}
{"logTime": "1201/192028", "correlationVector":"M6R4VLvqBL1TDQAdsXHcu+","action":"Commit Request", "result":"", "context":Item count: 1
Contributing types: Sessions}
{"logTime": "1201/192029", "correlationVector":"M6R4VLvqBL1TDQAdsXHcu+.1","action":"SyncServerConnectionManagerRequest", "result":"SYNC_SERVER_OK", "context":{"environment":"Prod_southindia_prod-s01-004-apac-southindia", "migrationStage":"NotStarted", "server":"akswtt0070000ak"}}
{"logTime": "1201/192029", "correlationVector":"M6R4VLvqBL1TDQAdsXHcu+.2","action":"Commit Response", "result":"Success", "context":Result: Success. cV=M6R4VLvqBL1TDQAdsXHcu+.0;server=akswtt0070000ak;cloudType=Consumer;environment=Prod_southindia_prod-s01-004-apac-southindia;migrationStage=NotStarted}
{"logTime": "1201/192211", "correlationVector":"evqYwYn7f2VqoP+dCuMKMs","action":"Commit Request", "result":"", "context":Item count: 1
Contributing types: Sessions}
{"logTime": "1201/192212", "correlationVector":"evqYwYn7f2VqoP+dCuMKMs.1","action":"SyncServerConnectionManagerRequest", "result":"SYNC_SERVER_OK", "context":{"environment":"Prod_southindia_prod-s01-004-apac-southindia", "migrationStage":"NotStarted", "server":"akswtt0070000ak"}}
{"logTime": "1201/192212", "correlationVector":"evqYwYn7f2VqoP+dCuMKMs.2","action":"Commit Response", "result":"Success", "context":Result: Success. cV=evqYwYn7f2VqoP+dCuMKMs.0;server=akswtt0070000ak;cloudType=Consumer;environment=Prod_southindia_prod-s01-004-apac-southindia;migrationStage=NotStarted}
{"logTime": "1201/192314", "correlationVector":"Fh2/uZUZN7zAF9gfT/+nKS","action":"Commit Request", "result":"", "context":Item count: 1
Contributing types: Sessions}
{"logTime": "1201/192314", "correlationVector":"Fh2/uZUZN7zAF9gfT/+nKS.1","action":"SyncServerConnectionManagerRequest", "result":"SYNC_SERVER_OK", "context":{"environment":"Prod_southindia_prod-s01-004-apac-southindia", "migrationStage":"NotStarted", "server":"akswtt0070000ak"}}
{"logTime": "1201/192314", "correlationVector":"Fh2/uZUZN7zAF9gfT/+nKS.2","action":"Commit Response", "result":"Success", "context":Result: Success. cV=Fh2/uZUZN7zAF9gfT/+nKS.0;server=akswtt0070000ak;cloudType=Consumer;environment=Prod_southindia_prod-s01-004-apac-southindia;migrationStage=NotStarted}
{"logTime": "1201/192346", "correlationVector":"vIFCjUdm6rNLBiCSxK2dia","action":"Commit Request", "result":"", "context":Item count: 1
Contributing types: Sessions}
{"logTime": "1201/192346", "correlationVector":"vIFCjUdm6rNLBiCSxK2dia.1","action":"SyncServerConnectionManagerRequest", "result":"SYNC_SERVER_OK", "context":{"environment":"Prod_southindia_prod-s01-004-apac-southindia", "migrationStage":"NotStarted", "server":"akswtt0070000ak"}}
{"logTime": "1201/192346", "correlationVector":"vIFCjUdm6rNLBiCSxK2dia.2","action":"Commit Response", "result":"Success", "context":Result: Success. cV=vIFCjUdm6rNLBiCSxK2dia.0;server=akswtt0070000ak;cloudType=Consumer;environment=Prod_southindia_prod-s01-004-apac-southindia;migrationStage=NotStarted}
{"logTime": "1201/192929", "correlationVector":"E+PJXO7tgyfXEaGU2YCJHA","action":"Commit Request", "result":"", "context":Item count: 1
Contributing types: Sessions}
{"logTime": "1201/192929", "correlationVector":"E+PJXO7tgyfXEaGU2YCJHA.1","action":"SyncServerConnectionManagerRequest", "result":"SYNC_SERVER_OK", "context":{"environment":"Prod_southindia_prod-s01-004-apac-southindia", "migrationStage":"NotStarted", "server":"akswtt00700006s"}}
{"logTime": "1201/192929", "correlationVector":"E+PJXO7tgyfXEaGU2YCJHA.2","action":"Commit Response", "result":"Success", "context":Result: Success. cV=E+PJXO7tgyfXEaGU2YCJHA.0;server=akswtt00700006s;cloudType=Consumer;environment=Prod_southindia_prod-s01-004-apac-southindia;migrationStage=NotStarted}
{"logTime": "1201/193006", "correlationVector":"DlclIDv3iso6pKyTAfOtW/","action":"Commit Request", "result":"", "context":Item count: 1
Contributing types: Sessions}
{"logTime": "1201/193006", "correlationVector":"DlclIDv3iso6pKyTAfOtW/.1","action":"SyncServerConnectionManagerRequest", "result":"SYNC_SERVER_OK", "context":{"environment":"Prod_southindia_prod-s01-004-apac-southindia", "migrationStage":"NotStarted", "server":"akswtt00700006s"}}
{"logTime": "1201/193006", "correlationVector":"DlclIDv3iso6pKyTAfOtW/.2","action":"Commit Response", "result":"Success", "context":Result: Success. cV=DlclIDv3iso6pKyTAfOtW/.0;server=akswtt00700006s;cloudType=Consumer;environment=Prod_southindia_prod-s01-004-apac-southindia;migrationStage=NotStarted}
{"logTime": "1201/193303", "correlationVector":"qGVbUpxsqqv33wG5LTLuyJ","action":"Commit Request", "result":"", "context":Item count: 1
Contributing types: Sessions}
{"logTime": "1201/193303", "correlationVector":"qGVbUpxsqqv33wG5LTLuyJ.1","action":"SyncServerConnectionManagerRequest", "result":"SYNC_SERVER_OK", "context":{"environment":"Prod_southindia_prod-s01-004-apac-southindia", "migrationStage":"NotStarted", "server":"akswtt00700003s"}}
{"logTime": "1201/193303", "correlationVector":"qGVbUpxsqqv33wG5LTLuyJ.2","action":"Commit Response", "result":"Success", "context":Result: Success. cV=qGVbUpxsqqv33wG5LTLuyJ.0;server=akswtt00700003s;cloudType=Consumer;environment=Prod_southindia_prod-s01-004-apac-southindia;migrationStage=NotStarted}
{"logTime": "1201/193615", "correlationVector":"LmOqx4waNhP/aMiL+clDwA","action":"Commit Request", "result":"", "context":Item count: 1
Contributing types: Sessions}
{"logTime": "1201/193616", "correlationVector":"LmOqx4waNhP/aMiL+clDwA.1","action":"SyncServerConnectionManagerRequest", "result":"SYNC_SERVER_OK", "context":{"environment":"Prod_southindia_prod-s01-004-apac-southindia", "migrationStage":"NotStarted", "server":"akswtt00700006e"}}
{"logTime": "1201/193616", "correlationVector":"LmOqx4waNhP/aMiL+clDwA.2","action":"Commit Response", "result":"Success", "context":Result: Success. cV=LmOqx4waNhP/aMiL+clDwA.0;server=akswtt00700006e;cloudType=Consumer;environment=Prod_southindia_prod-s01-004-apac-southindia;migrationStage=NotStarted}
{"logTime": "1201/193923", "correlationVector":"16k14VWtPZboM2LhkNV/eM","action":"Commit Request", "result":"", "context":Item count: 1
Contributing types: Sessions}
{"logTime": "1201/193923", "correlationVector":"16k14VWtPZboM2LhkNV/eM.1","action":"SyncServerConnectionManagerRequest", "result":"SYNC_SERVER_OK", "context":{"environment":"Prod_southindia_prod-s01-004-apac-southindia", "migrationStage":"NotStarted", "server":"akswtt00700006f"}}
{"logTime": "1201/193923", "correlationVector":"16k14VWtPZboM2LhkNV/eM.2","action":"Commit Response", "result":"Success", "context":Result: Success. cV=16k14VWtPZboM2LhkNV/eM.0;server=akswtt00700006f;cloudType=Consumer;environment=Prod_southindia_prod-s01-004-apac-southindia;migrationStage=NotStarted}
{"logTime": "1201/194024", "correlationVector":"UP9KA+vp5Ee5p0XXxGd4+/","action":"Commit Request", "result":"", "context":Item count: 4
Contributing types: Sessions}
{"logTime": "1201/194026", "correlationVector":"UP9KA+vp5Ee5p0XXxGd4+/.1","action":"SyncServerConnectionManagerRequest", "result":"SYNC_SERVER_OK", "context":{"environment":"Prod_southeastasia_prod-s01-064-apac-southeastasia", "migrationStage":"NotStarted", "server":"akswtt00200006m"}}
{"logTime": "1201/194026", "correlationVector":"UP9KA+vp5Ee5p0XXxGd4+/.2","action":"Commit Response", "result":"Success", "context":Result: Success. cV=UP9KA+vp5Ee5p0XXxGd4+/.0;server=akswtt00200006m;cloudType=Consumer;environment=Prod_southeastasia_prod-s01-064-apac-southeastasia;migrationStage=NotStarted}
{"logTime": "1201/194118", "correlationVector":"UrGt8HXverAwhOyQrmAlZ7","action":"Commit Request", "result":"", "context":Item count: 1
Contributing types: Sessions}
{"logTime": "1201/194118", "correlationVector":"UrGt8HXverAwhOyQrmAlZ7.1","action":"SyncServerConnectionManagerRequest", "result":"SYNC_SERVER_OK", "context":{"environment":"Prod_southindia_prod-s01-004-apac-southindia", "migrationStage":"NotStarted", "server":"akswtt00700006f"}}
{"logTime": "1201/194118", "correlationVector":"UrGt8HXverAwhOyQrmAlZ7.2","action":"Commit Response", "result":"Success", "context":Result: Success. cV=UrGt8HXverAwhOyQrmAlZ7.0;server=akswtt00700006f;cloudType=Consumer;environment=Prod_southindia_prod-s01-004-apac-southindia;migrationStage=NotStarted}
{"logTime": "1201/194206", "correlationVector":"REjUtxtnwYDUnU0PZ8gMul","action":"Commit Request", "result":"", "context":Item count: 2
Contributing types: Sessions}
{"logTime": "1201/194206", "correlationVector":"REjUtxtnwYDUnU0PZ8gMul.1","action":"SyncServerConnectionManagerRequest", "result":"SYNC_SERVER_OK", "context":{"environment":"Prod_southindia_prod-s01-004-apac-southindia", "migrationStage":"NotStarted", "server":"akswtt00700006f"}}
{"logTime": "1201/194206", "correlationVector":"REjUtxtnwYDUnU0PZ8gMul.2","action":"Commit Response", "result":"Success", "context":Result: Success. cV=REjUtxtnwYDUnU0PZ8gMul.0;server=akswtt00700006f;cloudType=Consumer;environment=Prod_southindia_prod-s01-004-apac-southindia;migrationStage=NotStarted}
{"logTime": "1201/194241", "correlationVector":"zyRHaEIJiVmFArXM0SLKKC","action":"Commit Request", "result":"", "context":Item count: 1
Contributing types: Sessions}
{"logTime": "1201/194241", "correlationVector":"zyRHaEIJiVmFArXM0SLKKC.1","action":"SyncServerConnectionManagerRequest", "result":"SYNC_SERVER_OK", "context":{"environment":"Prod_southindia_prod-s01-004-apac-southindia", "migrationStage":"NotStarted", "server":"akswtt00700006f"}}
{"logTime": "1201/194241", "correlationVector":"zyRHaEIJiVmFArXM0SLKKC.2","action":"Commit Response", "result":"Success", "context":Result: Success. cV=zyRHaEIJiVmFArXM0SLKKC.0;server=akswtt00700006f;cloudType=Consumer;environment=Prod_southindia_prod-s01-004-apac-southindia;migrationStage=NotStarted}
{"logTime": "1201/194453", "correlationVector":"AqjpZsXOjGAdbEtQgly7FV","action":"Commit Request", "result":"", "context":Item count: 1
Contributing types: Sessions}
{"logTime": "1201/194454", "correlationVector":"AqjpZsXOjGAdbEtQgly7FV.1","action":"SyncServerConnectionManagerRequest", "result":"SYNC_SERVER_OK", "context":{"environment":"Prod_southindia_prod-s01-004-apac-southindia", "migrationStage":"NotStarted", "server":"akswtt00700003v"}}
{"logTime": "1201/194454", "correlationVector":"AqjpZsXOjGAdbEtQgly7FV.2","action":"Commit Response", "result":"Success", "context":Result: Success. cV=AqjpZsXOjGAdbEtQgly7FV.0;server=akswtt00700003v;cloudType=Consumer;environment=Prod_southindia_prod-s01-004-apac-southindia;migrationStage=NotStarted}
{"logTime": "1201/194607", "correlationVector":"h5KEGJ/IDpi+9WsekCRMik","action":"Commit Request", "result":"", "context":Item count: 1
Contributing types: Sessions}
{"logTime": "1201/194607", "correlationVector":"h5KEGJ/IDpi+9WsekCRMik.1","action":"SyncServerConnectionManagerRequest", "result":"SYNC_SERVER_OK", "context":{"environment":"Prod_southindia_prod-s01-004-apac-southindia", "migrationStage":"NotStarted", "server":"akswtt00700003v"}}
{"logTime": "1201/194607", "correlationVector":"h5KEGJ/IDpi+9WsekCRMik.2","action":"Commit Response", "result":"Success", "context":Result: Success. cV=h5KEGJ/IDpi+9WsekCRMik.0;server=akswtt00700003v;cloudType=Consumer;environment=Prod_southindia_prod-s01-004-apac-southindia;migrationStage=NotStarted}
{"logTime": "1201/194757", "correlationVector":"VR131Cmr+QbnQ6bXlhMT8k","action":"Commit Request", "result":"", "context":Item count: 1
Contributing types: Sessions}
{"logTime": "1201/194757", "correlationVector":"VR131Cmr+QbnQ6bXlhMT8k.1","action":"SyncServerConnectionManagerRequest", "result":"SYNC_SERVER_OK", "context":{"environment":"Prod_southindia_prod-s01-004-apac-southindia", "migrationStage":"NotStarted", "server":"akswtt00700003v"}}
{"logTime": "1201/194757", "correlationVector":"VR131Cmr+QbnQ6bXlhMT8k.2","action":"Commit Response", "result":"Success", "context":Result: Success. cV=VR131Cmr+QbnQ6bXlhMT8k.0;server=akswtt00700003v;cloudType=Consumer;environment=Prod_southindia_prod-s01-004-apac-southindia;migrationStage=NotStarted}
{"logTime": "1201/194814", "correlationVector":"nVUcFqx0gn9RfK90J7lVoY","action":"Commit Request", "result":"", "context":Item count: 2
Contributing types: Autofill, Sessions}
{"logTime": "1201/194814", "correlationVector":"nVUcFqx0gn9RfK90J7lVoY.1","action":"SyncServerConnectionManagerRequest", "result":"SYNC_SERVER_OK", "context":{"environment":"Prod_southindia_prod-s01-004-apac-southindia", "migrationStage":"NotStarted", "server":"akswtt00700003v"}}
{"logTime": "1201/194814", "correlationVector":"nVUcFqx0gn9RfK90J7lVoY.2","action":"Commit Response", "result":"Success", "context":Result: Success. cV=nVUcFqx0gn9RfK90J7lVoY.0;server=akswtt00700003v;cloudType=Consumer;environment=Prod_southindia_prod-s01-004-apac-southindia;migrationStage=NotStarted}
{"logTime": "1201/194847", "correlationVector":"1BWHmvMZfZk13qkowe5tjL","action":"Commit Request", "result":"", "context":Item count: 1
Contributing types: Sessions}
{"logTime": "1201/194847", "correlationVector":"1BWHmvMZfZk13qkowe5tjL.1","action":"SyncServerConnectionManagerRequest", "result":"SYNC_SERVER_OK", "context":{"environment":"Prod_southindia_prod-s01-004-apac-southindia", "migrationStage":"NotStarted", "server":"akswtt00700003v"}}
{"logTime": "1201/194847", "correlationVector":"1BWHmvMZfZk13qkowe5tjL.2","action":"Commit Response", "result":"Success", "context":Result: Success. cV=1BWHmvMZfZk13qkowe5tjL.0;server=akswtt00700003v;cloudType=Consumer;environment=Prod_southindia_prod-s01-004-apac-southindia;migrationStage=NotStarted}
{"logTime": "1201/194853", "correlationVector":"b6rmoomvrRcHxxqx+94s5c","action":"Commit Request", "result":"", "context":Item count: 2
Contributing types: Autofill, Sessions}
{"logTime": "1201/194854", "correlationVector":"b6rmoomvrRcHxxqx+94s5c.1","action":"SyncServerConnectionManagerRequest", "result":"SYNC_SERVER_OK", "context":{"environment":"Prod_southindia_prod-s01-004-apac-southindia", "migrationStage":"NotStarted", "server":"akswtt00700003v"}}
{"logTime": "1201/194854", "correlationVector":"b6rmoomvrRcHxxqx+94s5c.2","action":"Commit Response", "result":"Success", "context":Result: Success. cV=b6rmoomvrRcHxxqx+94s5c.0;server=akswtt00700003v;cloudType=Consumer;environment=Prod_southindia_prod-s01-004-apac-southindia;migrationStage=NotStarted}
{"logTime": "1201/194922", "correlationVector":"zQXB//ebMJ2korsatGKq+r","action":"Commit Request", "result":"", "context":Item count: 2
Contributing types: Autofill, Sessions}
{"logTime": "1201/194923", "correlationVector":"zQXB//ebMJ2korsatGKq+r.1","action":"SyncServerConnectionManagerRequest", "result":"SYNC_SERVER_OK", "context":{"environment":"Prod_southindia_prod-s01-004-apac-southindia", "migrationStage":"NotStarted", "server":"akswtt00700003v"}}
{"logTime": "1201/194923", "correlationVector":"zQXB//ebMJ2korsatGKq+r.2","action":"Commit Response", "result":"Success", "context":Result: Success. cV=zQXB//ebMJ2korsatGKq+r.0;server=akswtt00700003v;cloudType=Consumer;environment=Prod_southindia_prod-s01-004-apac-southindia;migrationStage=NotStarted}
{"logTime": "1201/195021", "correlationVector":"T3jny0IensQhUNTaDFm+Vh","action":"Commit Request", "result":"", "context":Item count: 1
Contributing types: Autofill}
{"logTime": "1201/195022", "correlationVector":"T3jny0IensQhUNTaDFm+Vh.1","action":"SyncServerConnectionManagerRequest", "result":"SYNC_SERVER_OK", "context":{"environment":"Prod_southindia_prod-s01-004-apac-southindia", "migrationStage":"NotStarted", "server":"akswtt00700003v"}}
{"logTime": "1201/195022", "correlationVector":"T3jny0IensQhUNTaDFm+Vh.2","action":"Commit Response", "result":"Success", "context":Result: Success. cV=T3jny0IensQhUNTaDFm+Vh.0;server=akswtt00700003v;cloudType=Consumer;environment=Prod_southindia_prod-s01-004-apac-southindia;migrationStage=NotStarted}
{"logTime": "1201/195052", "correlationVector":"q863SLW7CWEpfGG4IUgmHq","action":"Commit Request", "result":"", "context":Item count: 1
Contributing types: Sessions}
{"logTime": "1201/195052", "correlationVector":"q863SLW7CWEpfGG4IUgmHq.1","action":"SyncServerConnectionManagerRequest", "result":"SYNC_SERVER_OK", "context":{"environment":"Prod_southindia_prod-s01-004-apac-southindia", "migrationStage":"NotStarted", "server":"akswtt0070000ac"}}
{"logTime": "1201/195052", "correlationVector":"q863SLW7CWEpfGG4IUgmHq.2","action":"Commit Response", "result":"Success", "context":Result: Success. cV=q863SLW7CWEpfGG4IUgmHq.0;server=akswtt0070000ac;cloudType=Consumer;environment=Prod_southindia_prod-s01-004-apac-southindia;migrationStage=NotStarted}
{"logTime": "1201/195105", "correlationVector":"CdTAd04De7ajIjVwpheWd6","action":"Normal GetUpdate request", "result":"", "context":cV=CdTAd04De7ajIjVwpheWd6
Nudged types: Device Info
Refresh requested types: Bookmarks, Preferences, Passwords, Autofill Profiles, Autofill, Typed URLs, Extensions, Sessions, Extension settings, History Delete Directives, Device Info, User Consents, Send Tab To Self, Web Apps, Saved Tab Group, Collection, Edge E Drop, Edge Hub App Usage, Edge Tab Group, Edge Wallet, Encryption Keys}
{"logTime": "1201/195106", "correlationVector":"CdTAd04De7ajIjVwpheWd6.1","action":"SyncServerConnectionManagerRequest", "result":"SYNC_SERVER_OK", "context":{"environment":"Prod_southindia_prod-s01-004-apac-southindia", "migrationStage":"NotStarted", "server":"akswtt0070000ac"}}
{"logTime": "1201/195106", "correlationVector":"CdTAd04De7ajIjVwpheWd6.2","action":"GetUpdates Response", "result":"Success", "context":Received 6 update(s). cV=CdTAd04De7ajIjVwpheWd6.0;server=akswtt0070000ac;cloudType=Consumer;environment=Prod_southindia_prod-s01-004-apac-southindia;migrationStage=NotStarted}
{"logTime": "1201/195106", "correlationVector":"9gb08iASqkCU9PvnnkWj9k","action":"Commit Request", "result":"", "context":Item count: 1
Contributing types: Device Info}
{"logTime": "1201/195107", "correlationVector":"9gb08iASqkCU9PvnnkWj9k.1","action":"SyncServerConnectionManagerRequest", "result":"SYNC_SERVER_OK", "context":{"environment":"Prod_southindia_prod-s01-004-apac-southindia", "migrationStage":"NotStarted", "server":"akswtt00700003v"}}
{"logTime": "1201/195107", "correlationVector":"9gb08iASqkCU9PvnnkWj9k.2","action":"Commit Response", "result":"Success", "context":Result: Success. cV=9gb08iASqkCU9PvnnkWj9k.0;server=akswtt00700003v;cloudType=Consumer;environment=Prod_southindia_prod-s01-004-apac-southindia;migrationStage=NotStarted}
{"logTime": "1201/195310", "correlationVector":"GcVdIdD1EU9tOVllCTOduL","action":"Commit Request", "result":"", "context":Item count: 4
Contributing types: Sessions}
{"logTime": "1201/195311", "correlationVector":"GcVdIdD1EU9tOVllCTOduL.1","action":"SyncServerConnectionManagerRequest", "result":"SYNC_SERVER_OK", "context":{"environment":"Prod_southindia_prod-s01-004-apac-southindia", "migrationStage":"NotStarted", "server":"akswtt00700003v"}}
{"logTime": "1201/195311", "correlationVector":"GcVdIdD1EU9tOVllCTOduL.2","action":"Commit Response", "result":"Success", "context":Result: Success. cV=GcVdIdD1EU9tOVllCTOduL.0;server=akswtt00700003v;cloudType=Consumer;environment=Prod_southindia_prod-s01-004-apac-southindia;migrationStage=NotStarted}
{"logTime": "1201/195423", "correlationVector":"4DGc5oCcjEC3Dd005QyIOW","action":"Commit Request", "result":"", "context":Item count: 1
Contributing types: Sessions}
{"logTime": "1201/195423", "correlationVector":"4DGc5oCcjEC3Dd005QyIOW.1","action":"SyncServerConnectionManagerRequest", "result":"SYNC_SERVER_OK", "context":{"environment":"Prod_southindia_prod-s01-004-apac-southindia", "migrationStage":"NotStarted", "server":"akswtt0070000ac"}}
{"logTime": "1201/195423", "correlationVector":"4DGc5oCcjEC3Dd005QyIOW.2","action":"Commit Response", "result":"Success", "context":Result: Success. cV=4DGc5oCcjEC3Dd005QyIOW.0;server=akswtt0070000ac;cloudType=Consumer;environment=Prod_southindia_prod-s01-004-apac-southindia;migrationStage=NotStarted}
{"logTime": "1201/195541", "correlationVector":"NE0CGuAzMbaySPyRxpo8v7","action":"Commit Request", "result":"", "context":Item count: 1
Contributing types: Sessions}
{"logTime": "1201/195541", "correlationVector":"NE0CGuAzMbaySPyRxpo8v7.1","action":"SyncServerConnectionManagerRequest", "result":"SYNC_SERVER_OK", "context":{"environment":"Prod_southindia_prod-s01-004-apac-southindia", "migrationStage":"NotStarted", "server":"akswtt00700003v"}}
{"logTime": "1201/195541", "correlationVector":"NE0CGuAzMbaySPyRxpo8v7.2","action":"Commit Response", "result":"Success", "context":Result: Success. cV=NE0CGuAzMbaySPyRxpo8v7.0;server=akswtt00700003v;cloudType=Consumer;environment=Prod_southindia_prod-s01-004-apac-southindia;migrationStage=NotStarted}
{"logTime": "1201/195656", "correlationVector":"FVI9UlGSBWlyWh7A0y4wst","action":"Commit Request", "result":"", "context":Item count: 1
Contributing types: Sessions}
{"logTime": "1201/195656", "correlationVector":"FVI9UlGSBWlyWh7A0y4wst.1","action":"SyncServerConnectionManagerRequest", "result":"SYNC_SERVER_OK", "context":{"environment":"Prod_southindia_prod-s01-004-apac-southindia", "migrationStage":"NotStarted", "server":"akswtt00700003v"}}
{"logTime": "1201/195656", "correlationVector":"FVI9UlGSBWlyWh7A0y4wst.2","action":"Commit Response", "result":"Success", "context":Result: Success. cV=FVI9UlGSBWlyWh7A0y4wst.0;server=akswtt00700003v;cloudType=Consumer;environment=Prod_southindia_prod-s01-004-apac-southindia;migrationStage=NotStarted}
{"logTime": "1201/195741", "correlationVector":"CLBlZKq1QQQKm53958lecH","action":"Commit Request", "result":"", "context":Item count: 1
Contributing types: Sessions}
{"logTime": "1201/195742", "correlationVector":"CLBlZKq1QQQKm53958lecH.1","action":"SyncServerConnectionManagerRequest", "result":"SYNC_SERVER_OK", "context":{"environment":"Prod_southindia_prod-s01-004-apac-southindia", "migrationStage":"NotStarted", "server":"akswtt00700003v"}}
{"logTime": "1201/195742", "correlationVector":"CLBlZKq1QQQKm53958lecH.2","action":"Commit Response", "result":"Success", "context":Result: Success. cV=CLBlZKq1QQQKm53958lecH.0;server=akswtt00700003v;cloudType=Consumer;environment=Prod_southindia_prod-s01-004-apac-southindia;migrationStage=NotStarted}
{"logTime": "1201/200026", "correlationVector":"vaevJWstT7vB7fgATUBzZ8","action":"Normal GetUpdate request", "result":"", "context":cV=vaevJWstT7vB7fgATUBzZ8
Nudged types: Device Info
Refresh requested types: Bookmarks, Preferences, Passwords, Autofill Profiles, Autofill, Typed URLs, Extensions, Sessions, Extension settings, History Delete Directives, Device Info, User Consents, Send Tab To Self, Web Apps, Saved Tab Group, Collection, Edge E Drop, Edge Hub App Usage, Edge Tab Group, Edge Wallet, Encryption Keys}
{"logTime": "1201/200026", "correlationVector":"vaevJWstT7vB7fgATUBzZ8.1","action":"SyncServerConnectionManagerRequest", "result":"SYNC_SERVER_OK", "context":{"environment":"Prod_southindia_prod-s01-004-apac-southindia", "migrationStage":"NotStarted", "server":"akswtt00700000q"}}
{"logTime": "1201/200026", "correlationVector":"vaevJWstT7vB7fgATUBzZ8.2","action":"GetUpdates Response", "result":"Success", "context":Received 5 update(s). cV=vaevJWstT7vB7fgATUBzZ8.0;server=akswtt00700000q;cloudType=Consumer;environment=Prod_southindia_prod-s01-004-apac-southindia;migrationStage=NotStarted}
{"logTime": "1201/200026", "correlationVector":"ejYGLHguYKRMmAFkI28cFt","action":"Commit Request", "result":"", "context":Item count: 1
Contributing types: Device Info}
{"logTime": "1201/200027", "correlationVector":"ejYGLHguYKRMmAFkI28cFt.1","action":"SyncServerConnectionManagerRequest", "result":"SYNC_SERVER_OK", "context":{"environment":"Prod_southindia_prod-s01-004-apac-southindia", "migrationStage":"NotStarted", "server":"akswtt00700000q"}}
{"logTime": "1201/200027", "correlationVector":"ejYGLHguYKRMmAFkI28cFt.2","action":"Commit Response", "result":"Success", "context":Result: Success. cV=ejYGLHguYKRMmAFkI28cFt.0;server=akswtt00700000q;cloudType=Consumer;environment=Prod_southindia_prod-s01-004-apac-southindia;migrationStage=NotStarted}
{"logTime": "1201/204727", "correlationVector":"pLBQ0WWPIrOfUi1K6x8omg","action":"Normal GetUpdate request", "result":"", "context":cV=pLBQ0WWPIrOfUi1K6x8omg
Nudged types: Device Info
Refresh requested types: Bookmarks, Preferences, Passwords, Autofill Profiles, Autofill, Typed URLs, Extensions, Sessions, Extension settings, History Delete Directives, Device Info, User Consents, Send Tab To Self, Web Apps, Saved Tab Group, Collection, Edge E Drop, Edge Hub App Usage, Edge Tab Group, Edge Wallet, Encryption Keys}
{"logTime": "1201/204728", "correlationVector":"pLBQ0WWPIrOfUi1K6x8omg.1","action":"SyncServerConnectionManagerRequest", "result":"SYNC_SERVER_OK", "context":{"environment":"Prod_southindia_prod-s01-004-apac-southindia", "migrationStage":"NotStarted", "server":"akswtt00700007f"}}
{"logTime": "1201/204728", "correlationVector":"pLBQ0WWPIrOfUi1K6x8omg.2","action":"GetUpdates Response", "result":"Success", "context":Received 1 update(s). cV=pLBQ0WWPIrOfUi1K6x8omg.0;server=akswtt00700007f;cloudType=Consumer;environment=Prod_southindia_prod-s01-004-apac-southindia;migrationStage=NotStarted}
{"logTime": "1201/204728", "correlationVector":"1jGbW9/EKqLSYZ/R5rfrLA","action":"Commit Request", "result":"", "context":Item count: 1
Contributing types: Device Info}
{"logTime": "1201/204729", "correlationVector":"1jGbW9/EKqLSYZ/R5rfrLA.1","action":"SyncServerConnectionManagerRequest", "result":"SYNC_SERVER_OK", "context":{"environment":"Prod_southindia_prod-s01-004-apac-southindia", "migrationStage":"NotStarted", "server":"akswtt00700007f"}}
{"logTime": "1201/204729", "correlationVector":"1jGbW9/EKqLSYZ/R5rfrLA.2","action":"Commit Response", "result":"Success", "context":Result: Success. cV=1jGbW9/EKqLSYZ/R5rfrLA.0;server=akswtt00700007f;cloudType=Consumer;environment=Prod_southindia_prod-s01-004-apac-southindia;migrationStage=NotStarted}
{"logTime": "1202/022110", "correlationVector":"Y8nfhs7l2t/3Ih61aIyhen","action":"Normal GetUpdate request", "result":"", "context":cV=Y8nfhs7l2t/3Ih61aIyhen
Nudged types: Sessions, Device Info
Refresh requested types: Bookmarks, Preferences, Passwords, Autofill Profiles, Autofill, Typed URLs, Extensions, Sessions, Extension settings, History Delete Directives, Device Info, User Consents, Send Tab To Self, Web Apps, Saved Tab Group, Collection, Edge E Drop, Edge Hub App Usage, Edge Tab Group, Edge Wallet, Encryption Keys}
{"logTime": "1202/022111", "correlationVector":"Y8nfhs7l2t/3Ih61aIyhen.1","action":"SyncServerConnectionManagerRequest", "result":"SYNC_SERVER_OK", "context":{"environment":"Prod_southindia_prod-s01-004-apac-southindia", "migrationStage":"NotStarted", "server":"akswtt00700007l"}}
{"logTime": "1202/022111", "correlationVector":"Y8nfhs7l2t/3Ih61aIyhen.2","action":"GetUpdates Response", "result":"Success", "context":Received 1 update(s). cV=Y8nfhs7l2t/3Ih61aIyhen.0;server=akswtt00700007l;cloudType=Consumer;environment=Prod_southindia_prod-s01-004-apac-southindia;migrationStage=NotStarted}
{"logTime": "1202/022111", "correlationVector":"1AAJtAQnCGbvTdFPyapKK8","action":"Commit Request", "result":"", "context":Item count: 3
Contributing types: Sessions, Device Info}
{"logTime": "1202/022113", "correlationVector":"1AAJtAQnCGbvTdFPyapKK8.1","action":"SyncServerConnectionManagerRequest", "result":"SYNC_SERVER_OK", "context":{"environment":"Prod_southindia_prod-s01-004-apac-southindia", "migrationStage":"NotStarted", "server":"akswtt00700007l"}}
{"logTime": "1202/022113", "correlationVector":"1AAJtAQnCGbvTdFPyapKK8.2","action":"Commit Response", "result":"Success", "context":Result: Success. cV=1AAJtAQnCGbvTdFPyapKK8.0;server=akswtt00700007l;cloudType=Consumer;environment=Prod_southindia_prod-s01-004-apac-southindia;migrationStage=NotStarted}
{"logTime": "1202/022113", "correlationVector":"lZIkl5zE1rQsTauqD3BF7a","action":"Commit Request", "result":"", "context":Item count: 1
Contributing types: Sessions}
{"logTime": "1202/022113", "correlationVector":"lZIkl5zE1rQsTauqD3BF7a.1","action":"SyncServerConnectionManagerRequest", "result":"SYNC_SERVER_OK", "context":{"environment":"Prod_southindia_prod-s01-004-apac-southindia", "migrationStage":"NotStarted", "server":"akswtt00700007w"}}
{"logTime": "1202/022113", "correlationVector":"lZIkl5zE1rQsTauqD3BF7a.2","action":"Commit Response", "result":"Success", "context":Result: Success. cV=lZIkl5zE1rQsTauqD3BF7a.0;server=akswtt00700007w;cloudType=Consumer;environment=Prod_southindia_prod-s01-004-apac-southindia;migrationStage=NotStarted}
{"logTime": "1202/122832", "correlationVector":"FU/97HDdRnW4rCCU9wdu8n","action":"Initial GetUpdates", "result":"", "context":Reason: NEWLY_SUPPORTED_DATATYPE. cV=FU/97HDdRnW4rCCU9wdu8n}
{"logTime": "1202/122834", "correlationVector":"FU/97HDdRnW4rCCU9wdu8n.1","action":"SyncServerConnectionManagerRequest", "result":"SYNC_SERVER_OK", "context":{"environment":"Prod_southindia_prod-s01-004-apac-southindia", "migrationStage":"NotStarted", "server":"akswtt00700002q"}}
{"logTime": "1202/122834", "correlationVector":"FU/97HDdRnW4rCCU9wdu8n.2","action":"GetUpdates", "result":"DeleteReceived", "context":{"id":"a543727d-857c-4528-b02e-0901de9e012c", "isDeleted:":"true", "version":"1714050042667"}}
{"logTime": "1202/122834", "correlationVector":"FU/97HDdRnW4rCCU9wdu8n.3","action":"GetUpdates", "result":"DeleteReceived", "context":{"id":"beab3c33-8381-472b-b0d7-c946ba71835d", "isDeleted:":"true", "version":"1731816745443"}}
{"logTime": "1202/122834", "correlationVector":"FU/97HDdRnW4rCCU9wdu8n.4","action":"GetUpdates Response", "result":"Success", "context":Received 21 update(s). cV=FU/97HDdRnW4rCCU9wdu8n.0;server=akswtt00700002q;cloudType=Consumer;environment=Prod_southindia_prod-s01-004-apac-southindia;migrationStage=NotStarted}
{"logTime": "1202/122834", "correlationVector":"zw8I8kf0DQbkFK4Km2QftC","action":"Normal GetUpdate request", "result":"", "context":cV=zw8I8kf0DQbkFK4Km2QftC
Nudged types: Typed URLs, Sessions, Device Info
Refresh requested types: Bookmarks, Preferences, Passwords, Autofill Profiles, Autofill, Typed URLs, Extensions, Sessions, Extension settings, History Delete Directives, Device Info, User Consents, Send Tab To Self, Web Apps, Saved Tab Group, Collection, Edge E Drop, Edge Hub App Usage, Edge Tab Group, Edge Wallet, Encryption Keys}
{"logTime": "1202/122834", "correlationVector":"zw8I8kf0DQbkFK4Km2QftC.1","action":"SyncServerConnectionManagerRequest", "result":"SYNC_SERVER_OK", "context":{"environment":"Prod_southindia_prod-s01-004-apac-southindia", "migrationStage":"NotStarted", "server":"akswtt0070000a9"}}
{"logTime": "1202/122834", "correlationVector":"zw8I8kf0DQbkFK4Km2QftC.2","action":"GetUpdates Response", "result":"Success", "context":Received 3 update(s). cV=zw8I8kf0DQbkFK4Km2QftC.0;server=akswtt0070000a9;cloudType=Consumer;environment=Prod_southindia_prod-s01-004-apac-southindia;migrationStage=NotStarted}
{"logTime": "1202/122834", "correlationVector":"GnHFyyAqyUQdwJZ7sNnqoh","action":"Commit Request", "result":"", "context":Item count: 8
Contributing types: Typed URLs, Sessions, Device Info}
{"logTime": "1202/122836", "correlationVector":"GnHFyyAqyUQdwJZ7sNnqoh.1","action":"SyncServerConnectionManagerRequest", "result":"SYNC_SERVER_OK", "context":{"environment":"Prod_southindia_prod-s01-004-apac-southindia", "migrationStage":"NotStarted", "server":"akswtt00700003v"}}
{"logTime": "1202/122836", "correlationVector":"GnHFyyAqyUQdwJZ7sNnqoh.3","action":"Commit.Sessions", "result":"Success", "context":{"id":"95873a9c-0ecf-4fc3-9d9f-a161fa613b0c", "isDeleted":"true", "size":"0", "version":"1733081583253"}}
{"logTime": "1202/122836", "correlationVector":"GnHFyyAqyUQdwJZ7sNnqoh.4","action":"Commit.Sessions", "result":"Success", "context":{"id":"a9b63b1e-2433-4d80-b139-ec918719f76d", "isDeleted":"true", "size":"0", "version":"1733083061836"}}
{"logTime": "1202/122836", "correlationVector":"GnHFyyAqyUQdwJZ7sNnqoh.5","action":"Commit.Sessions", "result":"Success", "context":{"id":"726de03f-d22b-4a38-bd31-d3510e14e9ac", "isDeleted":"true", "size":"0", "version":"1733082791090"}}
{"logTime": "1202/122836", "correlationVector":"GnHFyyAqyUQdwJZ7sNnqoh.2","action":"Commit Response", "result":"Success", "context":Result: Success. cV=GnHFyyAqyUQdwJZ7sNnqoh.0;server=akswtt00700003v;cloudType=Consumer;environment=Prod_southindia_prod-s01-004-apac-southindia;migrationStage=NotStarted}
{"logTime": "1202/122836", "correlationVector":"W0zlxUL9sy0sxR9X3ldnMw","action":"Commit Request", "result":"", "context":Item count: 1
Contributing types: Sessions}
{"logTime": "1202/122836", "correlationVector":"W0zlxUL9sy0sxR9X3ldnMw.1","action":"SyncServerConnectionManagerRequest", "result":"SYNC_SERVER_OK", "context":{"environment":"Prod_southindia_prod-s01-004-apac-southindia", "migrationStage":"NotStarted", "server":"akswtt0070000a9"}}
{"logTime": "1202/122836", "correlationVector":"W0zlxUL9sy0sxR9X3ldnMw.2","action":"Commit Response", "result":"Success", "context":Result: Success. cV=W0zlxUL9sy0sxR9X3ldnMw.0;server=akswtt0070000a9;cloudType=Consumer;environment=Prod_southindia_prod-s01-004-apac-southindia;migrationStage=NotStarted}
{"logTime": "1202/122836", "correlationVector":"aMMcWNevY+ncqdJoI7TBj4","action":"Poll GetUpdate request", "result":"", "context":cV=aMMcWNevY+ncqdJoI7TBj4}
{"logTime": "1202/122837", "correlationVector":"aMMcWNevY+ncqdJoI7TBj4.1","action":"SyncServerConnectionManagerRequest", "result":"SYNC_SERVER_OK", "context":{"environment":"Prod_southindia_prod-s01-004-apac-southindia", "migrationStage":"NotStarted", "server":"akswtt00700006z"}}
{"logTime": "1202/122837", "correlationVector":"aMMcWNevY+ncqdJoI7TBj4.2","action":"GetUpdates", "result":"DeleteReceived", "context":{"id":"95873a9c-0ecf-4fc3-9d9f-a161fa613b0c", "isDeleted:":"true", "version":"1733142515822"}}
{"logTime": "1202/122837", "correlationVector":"aMMcWNevY+ncqdJoI7TBj4.3","action":"GetUpdates", "result":"DeleteReceived", "context":{"id":"a9b63b1e-2433-4d80-b139-ec918719f76d", "isDeleted:":"true", "version":"1733142515823"}}
{"logTime": "1202/122837", "correlationVector":"aMMcWNevY+ncqdJoI7TBj4.4","action":"GetUpdates", "result":"DeleteReceived", "context":{"id":"726de03f-d22b-4a38-bd31-d3510e14e9ac", "isDeleted:":"true", "version":"1733142515827"}}
{"logTime": "1202/122837", "correlationVector":"aMMcWNevY+ncqdJoI7TBj4.5","action":"GetUpdates Response", "result":"Success", "context":Received 8 update(s). cV=aMMcWNevY+ncqdJoI7TBj4.0;server=akswtt00700006z;cloudType=Consumer;environment=Prod_southindia_prod-s01-004-apac-southindia;migrationStage=NotStarted}
{"logTime": "1202/123332", "correlationVector":"V32SBPl70AKJKr7nBpi6E4","action":"Normal GetUpdate request", "result":"", "context":cV=V32SBPl70AKJKr7nBpi6E4
Refresh requested types: Bookmarks, Preferences, Passwords, Autofill Profiles, Autofill, Typed URLs, Extensions, Sessions, Extension settings, History Delete Directives, Device Info, User Consents, Send Tab To Self, Web Apps, Saved Tab Group, Collection, Edge E Drop, Edge Hub App Usage, Edge Tab Group, Edge Wallet, Encryption Keys}
{"logTime": "1202/123333", "correlationVector":"V32SBPl70AKJKr7nBpi6E4.1","action":"SyncServerConnectionManagerRequest", "result":"SYNC_SERVER_OK", "context":{"environment":"Prod_southindia_prod-s01-004-apac-southindia", "migrationStage":"NotStarted", "server":"akswtt007000077"}}
{"logTime": "1202/123333", "correlationVector":"V32SBPl70AKJKr7nBpi6E4.2","action":"GetUpdates Response", "result":"Success", "context":Received 0 update(s). cV=V32SBPl70AKJKr7nBpi6E4.0;server=akswtt007000077;cloudType=Consumer;environment=Prod_southindia_prod-s01-004-apac-southindia;migrationStage=NotStarted}
{"logTime": "1202/133840", "correlationVector":"izsrfs/Hy/qeSSQEjdFGWj","action":"Normal GetUpdate request", "result":"", "context":cV=izsrfs/Hy/qeSSQEjdFGWj
Nudged types: Device Info
Refresh requested types: Bookmarks, Preferences, Passwords, Autofill Profiles, Autofill, Typed URLs, Extensions, Sessions, Extension settings, History Delete Directives, Device Info, User Consents, Send Tab To Self, Web Apps, Saved Tab Group, Collection, Edge E Drop, Edge Hub App Usage, Edge Tab Group, Edge Wallet, Encryption Keys}
{"logTime": "1202/133841", "correlationVector":"izsrfs/Hy/qeSSQEjdFGWj.1","action":"SyncServerConnectionManagerRequest", "result":"SYNC_SERVER_OK", "context":{"environment":"Prod_southindia_prod-s01-004-apac-southindia", "migrationStage":"NotStarted", "server":"akswtt00700006g"}}
{"logTime": "1202/133841", "correlationVector":"izsrfs/Hy/qeSSQEjdFGWj.2","action":"GetUpdates Response", "result":"Success", "context":Received 0 update(s). cV=izsrfs/Hy/qeSSQEjdFGWj.0;server=akswtt00700006g;cloudType=Consumer;environment=Prod_southindia_prod-s01-004-apac-southindia;migrationStage=NotStarted}
{"logTime": "1202/133841", "correlationVector":"0b9y9eGrj/rTo4Wdjtf6FW","action":"Commit Request", "result":"", "context":Item count: 1
Contributing types: Device Info}
{"logTime": "1202/133841", "correlationVector":"0b9y9eGrj/rTo4Wdjtf6FW","action":"SyncServerConnectionManagerRequest", "result":"CONNECTION_UNAVAILABLE", "context":{"error_type":"net_error_code", "error_value":"-21"}}
{"logTime": "1202/133841", "correlationVector":"mnPjE0gADotebCjBcRvkKz.0","action":"Commit Response", "result":"Network error (ERR_NETWORK_CHANGED)", "context":Result: Network error (ERR_NETWORK_CHANGED). }
{"logTime": "1202/133843", "correlationVector":"bsOUcPDHmPCbqmsbBhHLSJ","action":"Normal GetUpdate request", "result":"", "context":cV=bsOUcPDHmPCbqmsbBhHLSJ
Nudged types: Device Info
Refresh requested types: Bookmarks, Preferences, Passwords, Autofill Profiles, Autofill, Typed URLs, Extensions, Sessions, Extension settings, History Delete Directives, Device Info, User Consents, Send Tab To Self, Web Apps, Saved Tab Group, Collection, Edge E Drop, Edge Hub App Usage, Edge Tab Group, Edge Wallet, Encryption Keys}
{"logTime": "1202/133844", "correlationVector":"bsOUcPDHmPCbqmsbBhHLSJ.1","action":"SyncServerConnectionManagerRequest", "result":"SYNC_SERVER_OK", "context":{"environment":"Prod_southindia_prod-s01-004-apac-southindia", "migrationStage":"NotStarted", "server":"akswtt00700007p"}}
{"logTime": "1202/133844", "correlationVector":"bsOUcPDHmPCbqmsbBhHLSJ.2","action":"GetUpdates Response", "result":"Success", "context":Received 1 update(s). cV=bsOUcPDHmPCbqmsbBhHLSJ.0;server=akswtt00700007p;cloudType=Consumer;environment=Prod_southindia_prod-s01-004-apac-southindia;migrationStage=NotStarted}
{"logTime": "1202/134340", "correlationVector":"tB9dHL8fapBiMaSkVFQqIt","action":"Normal GetUpdate request", "result":"", "context":cV=tB9dHL8fapBiMaSkVFQqIt
Refresh requested types: Bookmarks, Preferences, Passwords, Autofill Profiles, Autofill, Typed URLs, Extensions, Sessions, Extension settings, History Delete Directives, Device Info, User Consents, Send Tab To Self, Web Apps, Saved Tab Group, Collection, Edge E Drop, Edge Hub App Usage, Edge Tab Group, Edge Wallet, Encryption Keys}
{"logTime": "1202/134340", "correlationVector":"tB9dHL8fapBiMaSkVFQqIt.1","action":"SyncServerConnectionManagerRequest", "result":"SYNC_SERVER_OK", "context":{"environment":"Prod_southindia_prod-s01-004-apac-southindia", "migrationStage":"NotStarted", "server":"akswtt00700009e"}}
{"logTime": "1202/134340", "correlationVector":"tB9dHL8fapBiMaSkVFQqIt.2","action":"GetUpdates Response", "result":"Success", "context":Received 0 update(s). cV=tB9dHL8fapBiMaSkVFQqIt.0;server=akswtt00700009e;cloudType=Consumer;environment=Prod_southindia_prod-s01-004-apac-southindia;migrationStage=NotStarted}
{"logTime": "1202/135106", "correlationVector":"HdAPBtm7RFv0wHjbzbS3c2","action":"Normal GetUpdate request", "result":"", "context":cV=HdAPBtm7RFv0wHjbzbS3c2
Nudged types: Device Info
Refresh requested types: Bookmarks, Preferences, Passwords, Autofill Profiles, Autofill, Typed URLs, Extensions, Sessions, Extension settings, History Delete Directives, Device Info, User Consents, Send Tab To Self, Web Apps, Saved Tab Group, Collection, Edge E Drop, Edge Hub App Usage, Edge Tab Group, Edge Wallet, Encryption Keys}
{"logTime": "1202/135107", "correlationVector":"HdAPBtm7RFv0wHjbzbS3c2.1","action":"SyncServerConnectionManagerRequest", "result":"SYNC_SERVER_OK", "context":{"environment":"Prod_southindia_prod-s01-004-apac-southindia", "migrationStage":"NotStarted", "server":"akswtt007000089"}}
{"logTime": "1202/135107", "correlationVector":"HdAPBtm7RFv0wHjbzbS3c2.2","action":"GetUpdates Response", "result":"Success", "context":Received 0 update(s). cV=HdAPBtm7RFv0wHjbzbS3c2.0;server=akswtt007000089;cloudType=Consumer;environment=Prod_southindia_prod-s01-004-apac-southindia;migrationStage=NotStarted}
{"logTime": "1202/135107", "correlationVector":"ssRp9rvQSOiLnrws52IkIx","action":"Commit Request", "result":"", "context":Item count: 1
Contributing types: Device Info}
{"logTime": "1202/135108", "correlationVector":"ssRp9rvQSOiLnrws52IkIx.1","action":"SyncServerConnectionManagerRequest", "result":"SYNC_SERVER_OK", "context":{"environment":"Prod_southindia_prod-s01-004-apac-southindia", "migrationStage":"NotStarted", "server":"akswtt00700007q"}}
{"logTime": "1202/135108", "correlationVector":"ssRp9rvQSOiLnrws52IkIx.2","action":"Commit Response", "result":"Success", "context":Result: Success. cV=ssRp9rvQSOiLnrws52IkIx.0;server=akswtt00700007q;cloudType=Consumer;environment=Prod_southindia_prod-s01-004-apac-southindia;migrationStage=NotStarted}
{"logTime": "1202/140028", "correlationVector":"gYEOrTQlOeLmaZxa1bH/zc","action":"Normal GetUpdate request", "result":"", "context":cV=gYEOrTQlOeLmaZxa1bH/zc
Nudged types: Device Info
Refresh requested types: Bookmarks, Preferences, Passwords, Autofill Profiles, Autofill, Typed URLs, Extensions, Sessions, Extension settings, History Delete Directives, Device Info, User Consents, Send Tab To Self, Web Apps, Saved Tab Group, Collection, Edge E Drop, Edge Hub App Usage, Edge Tab Group, Edge Wallet, Encryption Keys}
{"logTime": "1202/140029", "correlationVector":"gYEOrTQlOeLmaZxa1bH/zc.1","action":"SyncServerConnectionManagerRequest", "result":"SYNC_SERVER_OK", "context":{"environment":"Prod_southindia_prod-s01-004-apac-southindia", "migrationStage":"NotStarted", "server":"akswtt00700002u"}}
{"logTime": "1202/140029", "correlationVector":"gYEOrTQlOeLmaZxa1bH/zc.2","action":"GetUpdates Response", "result":"Success", "context":Received 1 update(s). cV=gYEOrTQlOeLmaZxa1bH/zc.0;server=akswtt00700002u;cloudType=Consumer;environment=Prod_southindia_prod-s01-004-apac-southindia;migrationStage=NotStarted}
{"logTime": "1202/140029", "correlationVector":"5yaOv5XzMWW+flyjzRuuOL","action":"Commit Request", "result":"", "context":Item count: 1
Contributing types: Device Info}
{"logTime": "1202/140031", "correlationVector":"5yaOv5XzMWW+flyjzRuuOL.1","action":"SyncServerConnectionManagerRequest", "result":"SYNC_SERVER_OK", "context":{"environment":"Prod_southindia_prod-s01-004-apac-southindia", "migrationStage":"NotStarted", "server":"akswtt007000084"}}
{"logTime": "1202/140031", "correlationVector":"5yaOv5XzMWW+flyjzRuuOL.2","action":"Commit Response", "result":"Success", "context":Result: Success. cV=5yaOv5XzMWW+flyjzRuuOL.0;server=akswtt007000084;cloudType=Consumer;environment=Prod_southindia_prod-s01-004-apac-southindia;migrationStage=NotStarted}
{"logTime": "1202/150042", "correlationVector":"lHxRInuWDYqbxx7Wfh1M2M","action":"Normal GetUpdate request", "result":"", "context":cV=lHxRInuWDYqbxx7Wfh1M2M
Nudged types: Device Info
Refresh requested types: Bookmarks, Preferences, Passwords, Autofill Profiles, Autofill, Typed URLs, Extensions, Sessions, Extension settings, History Delete Directives, Device Info, User Consents, Send Tab To Self, Web Apps, Saved Tab Group, Collection, Edge E Drop, Edge Hub App Usage, Edge Tab Group, Edge Wallet, Encryption Keys}
{"logTime": "1202/150043", "correlationVector":"lHxRInuWDYqbxx7Wfh1M2M.1","action":"SyncServerConnectionManagerRequest", "result":"SYNC_SERVER_OK", "context":{"environment":"Prod_southindia_prod-s01-004-apac-southindia", "migrationStage":"NotStarted", "server":"akswtt00700006g"}}
{"logTime": "1202/150043", "correlationVector":"lHxRInuWDYqbxx7Wfh1M2M.2","action":"GetUpdates Response", "result":"Success", "context":Received 1 update(s). cV=lHxRInuWDYqbxx7Wfh1M2M.0;server=akswtt00700006g;cloudType=Consumer;environment=Prod_southindia_prod-s01-004-apac-southindia;migrationStage=NotStarted}
{"logTime": "1202/150043", "correlationVector":"syKqxL2RczRmjdKU1kZO6o","action":"Commit Request", "result":"", "context":Item count: 1
Contributing types: Device Info}
{"logTime": "1202/150044", "correlationVector":"syKqxL2RczRmjdKU1kZO6o.1","action":"SyncServerConnectionManagerRequest", "result":"SYNC_SERVER_OK", "context":{"environment":"Prod_southindia_prod-s01-004-apac-southindia", "migrationStage":"NotStarted", "server":"akswtt00700006s"}}
{"logTime": "1202/150044", "correlationVector":"syKqxL2RczRmjdKU1kZO6o.2","action":"Commit Response", "result":"Success", "context":Result: Success. cV=syKqxL2RczRmjdKU1kZO6o.0;server=akswtt00700006s;cloudType=Consumer;environment=Prod_southindia_prod-s01-004-apac-southindia;migrationStage=NotStarted}
{"logTime": "1202/160027", "correlationVector":"6S30FCtSYfXdLYjTT4X/bp","action":"Normal GetUpdate request", "result":"", "context":cV=6S30FCtSYfXdLYjTT4X/bp
Nudged types: Device Info
Refresh requested types: Bookmarks, Preferences, Passwords, Autofill Profiles, Autofill, Typed URLs, Extensions, Sessions, Extension settings, History Delete Directives, Device Info, User Consents, Send Tab To Self, Web Apps, Saved Tab Group, Collection, Edge E Drop, Edge Hub App Usage, Edge Tab Group, Edge Wallet, Encryption Keys}
{"logTime": "1202/160028", "correlationVector":"6S30FCtSYfXdLYjTT4X/bp.1","action":"SyncServerConnectionManagerRequest", "result":"SYNC_SERVER_OK", "context":{"environment":"Prod_southindia_prod-s01-004-apac-southindia", "migrationStage":"NotStarted", "server":"akswtt00700009f"}}
{"logTime": "1202/160028", "correlationVector":"6S30FCtSYfXdLYjTT4X/bp.2","action":"GetUpdates Response", "result":"Success", "context":Received 1 update(s). cV=6S30FCtSYfXdLYjTT4X/bp.0;server=akswtt00700009f;cloudType=Consumer;environment=Prod_southindia_prod-s01-004-apac-southindia;migrationStage=NotStarted}
{"logTime": "1202/160028", "correlationVector":"7gn6m6xP2UBNKGxSqJv/pY","action":"Commit Request", "result":"", "context":Item count: 1
Contributing types: Device Info}
{"logTime": "1202/160029", "correlationVector":"7gn6m6xP2UBNKGxSqJv/pY.1","action":"SyncServerConnectionManagerRequest", "result":"SYNC_SERVER_OK", "context":{"environment":"Prod_southindia_prod-s01-004-apac-southindia", "migrationStage":"NotStarted", "server":"akswtt007000070"}}
{"logTime": "1202/160029", "correlationVector":"7gn6m6xP2UBNKGxSqJv/pY.2","action":"Commit Response", "result":"Success", "context":Result: Success. cV=7gn6m6xP2UBNKGxSqJv/pY.0;server=akswtt007000070;cloudType=Consumer;environment=Prod_southindia_prod-s01-004-apac-southindia;migrationStage=NotStarted}
{"logTime": "1202/162454", "correlationVector":"t0E9s1dGz2T9mokJp5fMCu","action":"Commit Request", "result":"", "context":Item count: 1
Contributing types: Sessions}
{"logTime": "1202/162454", "correlationVector":"t0E9s1dGz2T9mokJp5fMCu.1","action":"SyncServerConnectionManagerRequest", "result":"SYNC_SERVER_OK", "context":{"environment":"Prod_southindia_prod-s01-004-apac-southindia", "migrationStage":"NotStarted", "server":"akswtt00700009p"}}
{"logTime": "1202/162454", "correlationVector":"t0E9s1dGz2T9mokJp5fMCu.2","action":"Commit Response", "result":"Success", "context":Result: Success. cV=t0E9s1dGz2T9mokJp5fMCu.0;server=akswtt00700009p;cloudType=Consumer;environment=Prod_southindia_prod-s01-004-apac-southindia;migrationStage=NotStarted}
{"logTime": "1202/170110", "correlationVector":"gQishmdgQovhxzq7QVxwSS","action":"Normal GetUpdate request", "result":"", "context":cV=gQishmdgQovhxzq7QVxwSS
Nudged types: Device Info
Refresh requested types: Bookmarks, Preferences, Passwords, Autofill Profiles, Autofill, Typed URLs, Extensions, Sessions, Extension settings, History Delete Directives, Device Info, User Consents, Send Tab To Self, Web Apps, Saved Tab Group, Collection, Edge E Drop, Edge Hub App Usage, Edge Tab Group, Edge Wallet, Encryption Keys}
{"logTime": "1202/170111", "correlationVector":"gQishmdgQovhxzq7QVxwSS.1","action":"SyncServerConnectionManagerRequest", "result":"SYNC_SERVER_OK", "context":{"environment":"Prod_southindia_prod-s01-004-apac-southindia", "migrationStage":"NotStarted", "server":"akswtt0070000ad"}}
{"logTime": "1202/170111", "correlationVector":"gQishmdgQovhxzq7QVxwSS.2","action":"GetUpdates Response", "result":"Success", "context":Received 2 update(s). cV=gQishmdgQovhxzq7QVxwSS.0;server=akswtt0070000ad;cloudType=Consumer;environment=Prod_southindia_prod-s01-004-apac-southindia;migrationStage=NotStarted}
{"logTime": "1202/170111", "correlationVector":"mdYRHHlY1aXFCFXf8Y8NBn","action":"Commit Request", "result":"", "context":Item count: 1
Contributing types: Device Info}
{"logTime": "1202/170112", "correlationVector":"mdYRHHlY1aXFCFXf8Y8NBn.1","action":"SyncServerConnectionManagerRequest", "result":"SYNC_SERVER_OK", "context":{"environment":"Prod_southindia_prod-s01-004-apac-southindia", "migrationStage":"NotStarted", "server":"akswtt0070000ad"}}
{"logTime": "1202/170112", "correlationVector":"mdYRHHlY1aXFCFXf8Y8NBn.2","action":"Commit Response", "result":"Success", "context":Result: Success. cV=mdYRHHlY1aXFCFXf8Y8NBn.0;server=akswtt0070000ad;cloudType=Consumer;environment=Prod_southindia_prod-s01-004-apac-southindia;migrationStage=NotStarted}
{"logTime": "1203/165829", "correlationVector":"0zpwnI+mO8CBnPhi7AKgKL","action":"Normal GetUpdate request", "result":"", "context":cV=0zpwnI+mO8CBnPhi7AKgKL
Nudged types: Sessions
Refresh requested types: Bookmarks, Preferences, Passwords, Autofill Profiles, Autofill, Typed URLs, Extensions, Sessions, Extension settings, History Delete Directives, Device Info, User Consents, Send Tab To Self, Web Apps, Saved Tab Group, Collection, Edge E Drop, Edge Hub App Usage, Edge Tab Group, Edge Wallet, Encryption Keys}
{"logTime": "1203/165830", "correlationVector":"0zpwnI+mO8CBnPhi7AKgKL.1","action":"SyncServerConnectionManagerRequest", "result":"SYNC_SERVER_OK", "context":{"environment":"Prod_southindia_prod-s01-004-apac-southindia", "migrationStage":"NotStarted", "server":"akswtt007000070"}}
{"logTime": "1203/165830", "correlationVector":"0zpwnI+mO8CBnPhi7AKgKL.2","action":"GetUpdates Response", "result":"Success", "context":Received 1 update(s). cV=0zpwnI+mO8CBnPhi7AKgKL.0;server=akswtt007000070;cloudType=Consumer;environment=Prod_southindia_prod-s01-004-apac-southindia;migrationStage=NotStarted}
{"logTime": "1203/165830", "correlationVector":"n3Ul45fTY0hK+aLOFFqS2a","action":"Commit Request", "result":"", "context":Item count: 2
Contributing types: Sessions, Device Info}
{"logTime": "1203/165831", "correlationVector":"n3Ul45fTY0hK+aLOFFqS2a.1","action":"SyncServerConnectionManagerRequest", "result":"SYNC_SERVER_OK", "context":{"environment":"Prod_southindia_prod-s01-004-apac-southindia", "migrationStage":"NotStarted", "server":"akswtt007000069"}}
{"logTime": "1203/165831", "correlationVector":"n3Ul45fTY0hK+aLOFFqS2a.2","action":"Commit Response", "result":"Success", "context":Result: Success. cV=n3Ul45fTY0hK+aLOFFqS2a.0;server=akswtt007000069;cloudType=Consumer;environment=Prod_southindia_prod-s01-004-apac-southindia;migrationStage=NotStarted}
{"logTime": "1203/165831", "correlationVector":"Chya4yo+OM8lzBEiARa/Kf","action":"SyncServerConnectionManagerRequest", "result":"SYNC_SERVER_OK", "context":{"environment":"", "migrationStage":"", "server":""}}
{"logTime": "1203/165831", "correlationVector":"BozDlCsg3Lw7CREi/mFXKu","action":"Poll GetUpdate request", "result":"", "context":cV=BozDlCsg3Lw7CREi/mFXKu}
{"logTime": "1203/165832", "correlationVector":"BozDlCsg3Lw7CREi/mFXKu.1","action":"SyncServerConnectionManagerRequest", "result":"SYNC_SERVER_OK", "context":{"environment":"Prod_southindia_prod-s01-004-apac-southindia", "migrationStage":"NotStarted", "server":"akswtt00700006e"}}
{"logTime": "1203/165832", "correlationVector":"BozDlCsg3Lw7CREi/mFXKu.2","action":"GetUpdates Response", "result":"Success", "context":Received 2 update(s). cV=BozDlCsg3Lw7CREi/mFXKu.0;server=akswtt00700006e;cloudType=Consumer;environment=Prod_southindia_prod-s01-004-apac-southindia;migrationStage=NotStarted}
{"logTime": "1203/165934", "correlationVector":"c+K+KNyCAaupzK2hEFfKdh","action":"Commit Request", "result":"", "context":Item count: 2
Contributing types: Preferences}
{"logTime": "1203/165935", "correlationVector":"c+K+KNyCAaupzK2hEFfKdh.1","action":"SyncServerConnectionManagerRequest", "result":"SYNC_SERVER_OK", "context":{"environment":"Prod_southindia_prod-s01-004-apac-southindia", "migrationStage":"NotStarted", "server":"akswtt00700000g"}}
{"logTime": "1203/165935", "correlationVector":"c+K+KNyCAaupzK2hEFfKdh.2","action":"Commit Response", "result":"Success", "context":Result: Success. cV=c+K+KNyCAaupzK2hEFfKdh.0;server=akswtt00700000g;cloudType=Consumer;environment=Prod_southindia_prod-s01-004-apac-southindia;migrationStage=NotStarted}
{"logTime": "1203/172540", "correlationVector":"NyN8qGZJzYJ5zyJtjdJL/1","action":"Normal GetUpdate request", "result":"", "context":cV=NyN8qGZJzYJ5zyJtjdJL/1
Nudged types: Sessions, Device Info
Refresh requested types: Bookmarks, Preferences, Passwords, Autofill Profiles, Autofill, Typed URLs, Extensions, Sessions, Extension settings, History Delete Directives, Device Info, User Consents, Send Tab To Self, Web Apps, Saved Tab Group, Collection, Edge E Drop, Edge Hub App Usage, Edge Tab Group, Edge Wallet, Encryption Keys}
{"logTime": "1203/172541", "correlationVector":"NyN8qGZJzYJ5zyJtjdJL/1.1","action":"SyncServerConnectionManagerRequest", "result":"SYNC_SERVER_OK", "context":{"environment":"Prod_southindia_prod-s01-004-apac-southindia", "migrationStage":"NotStarted", "server":"akswtt00700006d"}}
{"logTime": "1203/172541", "correlationVector":"NyN8qGZJzYJ5zyJtjdJL/1.2","action":"GetUpdates Response", "result":"Success", "context":Received 2 update(s). cV=NyN8qGZJzYJ5zyJtjdJL/1.0;server=akswtt00700006d;cloudType=Consumer;environment=Prod_southindia_prod-s01-004-apac-southindia;migrationStage=NotStarted}
{"logTime": "1203/172541", "correlationVector":"WlBxSoLIj47UbGcBWR8z5e","action":"Commit Request", "result":"", "context":Item count: 3
Contributing types: Sessions, Device Info}
{"logTime": "1203/172542", "correlationVector":"WlBxSoLIj47UbGcBWR8z5e.1","action":"SyncServerConnectionManagerRequest", "result":"SYNC_SERVER_OK", "context":{"environment":"Prod_southindia_prod-s01-004-apac-southindia", "migrationStage":"NotStarted", "server":"akswtt00700006d"}}
{"logTime": "1203/172542", "correlationVector":"WlBxSoLIj47UbGcBWR8z5e.2","action":"Commit Response", "result":"Success", "context":Result: Success. cV=WlBxSoLIj47UbGcBWR8z5e.0;server=akswtt00700006d;cloudType=Consumer;environment=Prod_southindia_prod-s01-004-apac-southindia;migrationStage=NotStarted}
{"logTime": "1204/130752", "correlationVector":"q3SJuditaMtN9FWxPMddob","action":"Normal GetUpdate request", "result":"", "context":cV=q3SJuditaMtN9FWxPMddob
Nudged types: Sessions
Refresh requested types: Bookmarks, Preferences, Passwords, Autofill Profiles, Autofill, Typed URLs, Extensions, Sessions, Extension settings, History Delete Directives, Device Info, User Consents, Send Tab To Self, Web Apps, Saved Tab Group, Collection, Edge E Drop, Edge Hub App Usage, Edge Tab Group, Edge Wallet, Encryption Keys}
{"logTime": "1204/130753", "correlationVector":"q3SJuditaMtN9FWxPMddob.1","action":"SyncServerConnectionManagerRequest", "result":"SYNC_SERVER_OK", "context":{"environment":"Prod_southindia_prod-s01-004-apac-southindia", "migrationStage":"NotStarted", "server":"akswtt007000078"}}
{"logTime": "1204/130753", "correlationVector":"q3SJuditaMtN9FWxPMddob.2","action":"GetUpdates Response", "result":"Success", "context":Received 3 update(s). cV=q3SJuditaMtN9FWxPMddob.0;server=akswtt007000078;cloudType=Consumer;environment=Prod_southindia_prod-s01-004-apac-southindia;migrationStage=NotStarted}
{"logTime": "1204/130753", "correlationVector":"qjAQRvi4B8lCsrP7hOlHBX","action":"Commit Request", "result":"", "context":Item count: 4
Contributing types: Sessions, Device Info, Edge Hub App Usage}
{"logTime": "1204/130754", "correlationVector":"qjAQRvi4B8lCsrP7hOlHBX.1","action":"SyncServerConnectionManagerRequest", "result":"SYNC_SERVER_OK", "context":{"environment":"Prod_southindia_prod-s01-004-apac-southindia", "migrationStage":"NotStarted", "server":"akswtt00700007l"}}
{"logTime": "1204/130754", "correlationVector":"qjAQRvi4B8lCsrP7hOlHBX.2","action":"Commit Response", "result":"Success", "context":Result: Success. cV=qjAQRvi4B8lCsrP7hOlHBX.0;server=akswtt00700007l;cloudType=Consumer;environment=Prod_southindia_prod-s01-004-apac-southindia;migrationStage=NotStarted}
{"logTime": "1204/130754", "correlationVector":"qjAQRvi4B8lCsrP7hOlHBX.3","action":"Commit.Edge Hub App Usage", "result":"Success", "context":{"id":"bd234e8e-75ac-45bd-84c7-57c12212c169", "isDeleted":"true", "size":"0", "version":"1725540426843"}}
{"logTime": "1204/130754", "correlationVector":"+5Eu4VxEs9oTqGrfcOgvca","action":"Poll GetUpdate request", "result":"", "context":cV=+5Eu4VxEs9oTqGrfcOgvca}
{"logTime": "1204/130755", "correlationVector":"+5Eu4VxEs9oTqGrfcOgvca.1","action":"SyncServerConnectionManagerRequest", "result":"SYNC_SERVER_OK", "context":{"environment":"Prod_southindia_prod-s01-004-apac-southindia", "migrationStage":"NotStarted", "server":"akswtt007000081"}}
{"logTime": "1204/130755", "correlationVector":"+5Eu4VxEs9oTqGrfcOgvca.2","action":"GetUpdates", "result":"DeleteReceived", "context":{"id":"bd234e8e-75ac-45bd-84c7-57c12212c169", "isDeleted:":"true", "version":"1733317674615"}}
{"logTime": "1204/130755", "correlationVector":"+5Eu4VxEs9oTqGrfcOgvca.3","action":"GetUpdates Response", "result":"Success", "context":Received 4 update(s). cV=+5Eu4VxEs9oTqGrfcOgvca.0;server=akswtt007000081;cloudType=Consumer;environment=Prod_southindia_prod-s01-004-apac-southindia;migrationStage=NotStarted}
{"logTime": "1204/130846", "correlationVector":"utGWv0MFxDvX6Rmahwv8qh","action":"Commit Request", "result":"", "context":Item count: 1
Contributing types: Sessions}
{"logTime": "1204/130847", "correlationVector":"utGWv0MFxDvX6Rmahwv8qh.1","action":"SyncServerConnectionManagerRequest", "result":"SYNC_SERVER_OK", "context":{"environment":"Prod_southindia_prod-s01-004-apac-southindia", "migrationStage":"NotStarted", "server":"akswtt0070000ab"}}
{"logTime": "1204/130847", "correlationVector":"utGWv0MFxDvX6Rmahwv8qh.2","action":"Commit Response", "result":"Success", "context":Result: Success. cV=utGWv0MFxDvX6Rmahwv8qh.0;server=akswtt0070000ab;cloudType=Consumer;environment=Prod_southindia_prod-s01-004-apac-southindia;migrationStage=NotStarted}
