2025-01-06 04:26:52.637 [warning] Via 'product.json#extensionEnabledApiProposals' extension 'ms-vscode.vscode-selfhost-test-provider' wants API proposal 'attributableCoverage' but that proposal DOES NOT EXIST. Likely, the proposal has been finalized (check 'vscode.d.ts') or was abandoned.
2025-01-06 04:26:52.637 [warning] Via 'product.json#extensionEnabledApiProposals' extension 'ms-python.python' wants API proposal 'contribIssueReporter' but that proposal DOES NOT EXIST. Likely, the proposal has been finalized (check 'vscode.d.ts') or was abandoned.
2025-01-06 04:26:52.638 [warning] Via 'product.json#extensionEnabledApiProposals' extension 'ms-python.debugpy' wants API proposal 'contribIssueReporter' but that proposal DOES NOT EXIST. Likely, the proposal has been finalized (check 'vscode.d.ts') or was abandoned.
2025-01-06 04:26:52.860 [info] Started local extension host with pid 565103.
2025-01-06 04:26:53.461 [warning] Authentication provider github was not declared in the Extension Manifest.
2025-01-06 04:26:54.000 [info] Invoking resolveAuthority(codespaces)...
2025-01-06 04:26:54.000 [info] [LocalProcess0][resolveAuthority(codespaces,1)][0ms] obtaining proxy...
2025-01-06 04:26:54.000 [info] [LocalProcess0][resolveAuthority(codespaces,1)][0ms] invoking...
2025-01-06 04:26:55.005 [info] [LocalProcess0][resolveAuthority(codespaces,1)][1005ms] waiting...
2025-01-06 04:26:56.000 [info] [LocalProcess0][resolveAuthority(codespaces,1)][2000ms] waiting...
2025-01-06 04:26:57.000 [info] [LocalProcess0][resolveAuthority(codespaces,1)][3000ms] waiting...
2025-01-06 04:26:58.000 [info] [LocalProcess0][resolveAuthority(codespaces,1)][4000ms] waiting...
2025-01-06 04:26:59.001 [info] [LocalProcess0][resolveAuthority(codespaces,1)][5000ms] waiting...
2025-01-06 04:27:00.001 [info] [LocalProcess0][resolveAuthority(codespaces,1)][6000ms] waiting...
2025-01-06 04:27:01.001 [info] [LocalProcess0][resolveAuthority(codespaces,1)][7000ms] waiting...
2025-01-06 04:27:02.000 [info] [LocalProcess0][resolveAuthority(codespaces,1)][8000ms] waiting...
2025-01-06 04:27:03.000 [info] [LocalProcess0][resolveAuthority(codespaces,1)][9000ms] waiting...
2025-01-06 04:27:04.001 [info] [LocalProcess0][resolveAuthority(codespaces,1)][10000ms] waiting...
2025-01-06 04:27:05.000 [info] [LocalProcess0][resolveAuthority(codespaces,1)][11000ms] waiting...
2025-01-06 04:27:06.000 [info] [LocalProcess0][resolveAuthority(codespaces,1)][12000ms] waiting...
2025-01-06 04:27:07.001 [info] [LocalProcess0][resolveAuthority(codespaces,1)][13000ms] waiting...
2025-01-06 04:27:08.000 [info] [LocalProcess0][resolveAuthority(codespaces,1)][14000ms] waiting...
2025-01-06 04:27:09.000 [info] [LocalProcess0][resolveAuthority(codespaces,1)][15000ms] waiting...
2025-01-06 04:27:10.001 [info] [LocalProcess0][resolveAuthority(codespaces,1)][16000ms] waiting...
2025-01-06 04:27:11.000 [info] [LocalProcess0][resolveAuthority(codespaces,1)][17000ms] waiting...
2025-01-06 04:27:12.000 [info] [LocalProcess0][resolveAuthority(codespaces,1)][18000ms] waiting...
2025-01-06 04:27:13.000 [info] [LocalProcess0][resolveAuthority(codespaces,1)][19000ms] waiting...
2025-01-06 04:27:14.001 [info] [LocalProcess0][resolveAuthority(codespaces,1)][20000ms] waiting...
2025-01-06 04:27:15.001 [info] [LocalProcess0][resolveAuthority(codespaces,1)][21000ms] waiting...
2025-01-06 04:27:15.664 [info] [LocalProcess0][resolveAuthority(codespaces,1)][21663ms] returned WebSocket(127.0.0.1:41045)
2025-01-06 04:27:15.664 [info] resolveAuthority(codespaces) returned 'WebSocket(127.0.0.1:41045)' after 21664 ms
2025-01-06 04:27:15.665 [info] Creating a socket (renderer-Management-24feda35-0858-4953-97f8-4d1d25173877)...
2025-01-06 04:27:15.669 [info] Creating a socket (renderer-ExtensionHost-1a9f350c-1769-41eb-8fc0-4514bddbc962)...
2025-01-06 04:27:15.770 [info] Creating a socket (renderer-Management-24feda35-0858-4953-97f8-4d1d25173877) was successful after 106 ms.
2025-01-06 04:27:15.856 [info] Creating a socket (renderer-ExtensionHost-1a9f350c-1769-41eb-8fc0-4514bddbc962) was successful after 187 ms.
2025-01-06 04:27:17.995 [error] [text file model] handleSaveError(0) - exit - resulted in a save error: Error: Unable to write file 'vscode-remote://codespaces+reimagined-guide-r44jgjgpvr472xp9x/workspaces/158309813/credit/credit.c' (Error: File Modified Since) vscode-remote://codespaces%2Breimagined-guide-r44jgjgpvr472xp9x/workspaces/158309813/credit/credit.c
2025-01-06 04:27:18.224 [error] Extension 'ms-vscode.cpptools' wants API proposal 'lmTools' but that proposal DOES NOT EXIST. Likely, the proposal has been finalized (check 'vscode.d.ts') or was abandoned.
2025-01-06 04:27:18.465 [info] Settings Sync: Account status changed from uninitialized to unavailable
2025-01-06 04:27:18.917 [info] [perf] Render performance baseline is 18ms
2025-01-06 04:27:19.205 [warning] Error getting latest version of the extension cs50.explain50 404
2025-01-06 04:27:19.206 [warning] Error getting latest version of the extension cs50.style50 404
2025-01-06 04:27:19.207 [warning] Error getting latest version of the extension cs50.design50 404
2025-01-06 04:27:19.207 [warning] Error getting latest version of the extension cs50.phpliteadmin 404
2025-01-06 04:27:19.380 [warning] Error getting latest version of the extension cs50.cs50 404
2025-01-06 04:27:19.609 [error] ENOENT: no such file or directory, open '/home/shri/.config/Code/User/globalStorage/vscodevim.vim/.registers': Error: ENOENT: no such file or directory, open '/home/shri/.config/Code/User/globalStorage/vscodevim.vim/.registers'
2025-01-06 04:27:24.709 [info] Extension host (Remote) is unresponsive.
2025-01-06 04:27:24.737 [info] Extension host (Remote) is responsive.
2025-01-06 04:27:29.877 [error] [Extension Host] (node:322) [DEP0005] DeprecationWarning: Buffer() is deprecated due to security and usability issues. Please use the Buffer.alloc(), Buffer.allocUnsafe(), or Buffer.from() methods instead.
(Use `node --trace-deprecation ...` to show where the warning was created)
