2025-01-06 04:26:52.818 [info] Added views:outline in workbench.view.explorer
2025-01-06 04:26:52.818 [info] Added views:workbench.view.search in workbench.view.search
2025-01-06 04:26:52.818 [info] Added views:workbench.scm in workbench.view.scm
2025-01-06 04:26:52.818 [info] Added views:workbench.panel.markers.view in workbench.panel.markers
2025-01-06 04:26:52.818 [info] Added views:workbench.panel.output in workbench.panel.output
2025-01-06 04:26:52.818 [info] Added views:terminal in terminal
2025-01-06 04:26:52.818 [info] Added views:timeline in workbench.view.explorer
2025-01-06 04:26:52.818 [info] Added views:workbench.explorer.fileView in workbench.view.explorer
2025-01-06 04:26:52.994 [info] Added views:workbench.debug.welcome in workbench.view.debug
2025-01-06 04:27:15.663 [info] Added views:~remote.forwardedPorts in ~remote.forwardedPortsContainer
2025-01-06 04:27:18.295 [info] Added views:cs50-menu in workbench.view.extension.cs50-menu
2025-01-06 04:27:18.296 [info] Added views:ddb50.chatWindow in workbench.view.extension.ddb50
2025-01-06 04:27:18.296 [info] Added views:github.codespaces.explorer in workbench.view.remote
2025-01-06 04:27:18.297 [info] Added views:pr:github,issues:github in workbench.view.extension.github-pull-requests
2025-01-06 04:27:18.298 [info] Added views:dockerContainers,dockerImages,dockerRegistries,dockerNetworks,dockerVolumes,vscode-docker.views.dockerContexts,vscode-docker.views.help in workbench.view.extension.dockerView
2025-01-06 04:27:18.301 [info] Added views:liveshare.session in workbench.view.extension.liveshare
2025-01-06 04:27:20.261 [info] Added views:workbench.panel.repl.view in workbench.panel.repl
2025-01-06 04:27:24.659 [info] Added views:workbench.scm.history in workbench.view.scm
2025-01-06 04:27:30.005 [info] Removed views:issues:github,pr:github from workbench.view.extension.github-pull-requests
2025-01-06 04:27:30.005 [info] Added views:github:login in workbench.view.extension.github-pull-requests
2025-01-06 04:35:05.633 [info] Removed views:outline from workbench.view.explorer
2025-01-06 04:46:55.379 [info] Added views:workbench.views.extensions.local.installed,workbench.views.extensions.remote.installed,workbench.views.extensions.popular,extensions.recommendedList in workbench.view.extensions
2025-01-06 04:46:55.391 [info] Removed views:workbench.views.extensions.popular from workbench.view.extensions
2025-01-06 04:46:56.733 [info] Added views:~remote.helpPanel in workbench.view.remote
2025-01-06 04:49:52.313 [info] Removed views:workbench.scm.history from workbench.view.scm
